<?xml version="1.0" encoding="UTF-8"?>
<testsuite name="com.excilys.formation.persistence.computerdao.computerdaoimpl.ComputerRepositoryTest" time="0.065" tests="1" errors="1" skipped="0" failures="0">
  <properties>
    <property name="java.runtime.name" value="Java(TM) SE Runtime Environment"/>
    <property name="sun.boot.library.path" value="/opt/jdk1.8.0_111/jre/lib/amd64"/>
    <property name="java.vm.version" value="25.111-b14"/>
    <property name="java.vm.vendor" value="Oracle Corporation"/>
    <property name="maven.multiModuleProjectDirectory" value="/home/excilys/workspace/computer-database"/>
    <property name="java.vendor.url" value="http://java.oracle.com/"/>
    <property name="path.separator" value=":"/>
    <property name="guice.disable.misplaced.annotation.check" value="true"/>
    <property name="java.vm.name" value="Java HotSpot(TM) 64-Bit Server VM"/>
    <property name="file.encoding.pkg" value="sun.io"/>
    <property name="user.country" value="FR"/>
    <property name="sun.java.launcher" value="SUN_STANDARD"/>
    <property name="sun.os.patch.level" value="unknown"/>
    <property name="java.vm.specification.name" value="Java Virtual Machine Specification"/>
    <property name="user.dir" value="/home/excilys/workspace/computer-database"/>
    <property name="java.runtime.version" value="1.8.0_111-b14"/>
    <property name="java.awt.graphicsenv" value="sun.awt.X11GraphicsEnvironment"/>
    <property name="java.endorsed.dirs" value="/opt/jdk1.8.0_111/jre/lib/endorsed"/>
    <property name="os.arch" value="amd64"/>
    <property name="java.io.tmpdir" value="/tmp"/>
    <property name="line.separator" value="&#10;"/>
    <property name="java.vm.specification.vendor" value="Oracle Corporation"/>
    <property name="os.name" value="Linux"/>
    <property name="classworlds.conf" value="/usr/share/maven/bin/m2.conf"/>
    <property name="sun.jnu.encoding" value="UTF-8"/>
    <property name="java.library.path" value="/usr/java/packages/lib/amd64:/usr/lib64:/lib64:/lib:/usr/lib"/>
    <property name="java.specification.name" value="Java Platform API Specification"/>
    <property name="java.class.version" value="52.0"/>
    <property name="sun.management.compiler" value="HotSpot 64-Bit Tiered Compilers"/>
    <property name="os.version" value="4.4.0-57-generic"/>
    <property name="user.home" value="/home/excilys"/>
    <property name="user.timezone" value="Europe/Paris"/>
    <property name="java.awt.printerjob" value="sun.print.PSPrinterJob"/>
    <property name="file.encoding" value="UTF-8"/>
    <property name="java.specification.version" value="1.8"/>
    <property name="user.name" value="excilys"/>
    <property name="java.class.path" value="/usr/share/maven/boot/plexus-classworlds-2.x.jar"/>
    <property name="java.vm.specification.version" value="1.8"/>
    <property name="sun.arch.data.model" value="64"/>
    <property name="java.home" value="/opt/jdk1.8.0_111/jre"/>
    <property name="sun.java.command" value="org.codehaus.plexus.classworlds.launcher.Launcher test"/>
    <property name="java.specification.vendor" value="Oracle Corporation"/>
    <property name="user.language" value="fr"/>
    <property name="awt.toolkit" value="sun.awt.X11.XToolkit"/>
    <property name="java.vm.info" value="mixed mode"/>
    <property name="java.version" value="1.8.0_111"/>
    <property name="java.ext.dirs" value="/opt/jdk1.8.0_111/jre/lib/ext:/usr/java/packages/lib/ext"/>
    <property name="securerandom.source" value="file:/dev/./urandom"/>
    <property name="sun.boot.class.path" value="/opt/jdk1.8.0_111/jre/lib/resources.jar:/opt/jdk1.8.0_111/jre/lib/rt.jar:/opt/jdk1.8.0_111/jre/lib/sunrsasign.jar:/opt/jdk1.8.0_111/jre/lib/jsse.jar:/opt/jdk1.8.0_111/jre/lib/jce.jar:/opt/jdk1.8.0_111/jre/lib/charsets.jar:/opt/jdk1.8.0_111/jre/lib/jfr.jar:/opt/jdk1.8.0_111/jre/classes"/>
    <property name="java.vendor" value="Oracle Corporation"/>
    <property name="maven.home" value="/usr/share/maven"/>
    <property name="file.separator" value="/"/>
    <property name="java.vendor.url.bug" value="http://bugreport.sun.com/bugreport/"/>
    <property name="sun.cpu.endian" value="little"/>
    <property name="sun.io.unicode.encoding" value="UnicodeLittle"/>
    <property name="sun.cpu.isalist" value=""/>
  </properties>
  <testcase name="findById_ShouldReturnOneComputerEntry" classname="com.excilys.formation.persistence.computerdao.computerdaoimpl.ComputerRepositoryTest" time="0.065">
    <error message="computer.COMPANYID -  (Non-uppercase input column: companyId) in ColumnNameToIndexes cache map. Note that the map&apos;s column names are NOT case sensitive." type="org.dbunit.dataset.NoSuchColumnException">org.dbunit.dataset.NoSuchColumnException: computer.COMPANYID -  (Non-uppercase input column: companyId) in ColumnNameToIndexes cache map. Note that the map's column names are NOT case sensitive.
	at org.dbunit.dataset.AbstractTableMetaData.getColumnIndex(AbstractTableMetaData.java:117)
	at org.dbunit.operation.AbstractOperation.getOperationMetaData(AbstractOperation.java:89)
	at org.dbunit.operation.AbstractBatchOperation.execute(AbstractBatchOperation.java:144)
	at org.dbunit.operation.CompositeOperation.execute(CompositeOperation.java:79)
	at com.github.springtestdbunit.DbUnitRunner.setupOrTeardown(DbUnitRunner.java:194)
	at com.github.springtestdbunit.DbUnitRunner.beforeTestMethod(DbUnitRunner.java:66)
	at com.github.springtestdbunit.DbUnitTestExecutionListener.beforeTestMethod(DbUnitTestExecutionListener.java:186)
	at org.springframework.test.context.TestContextManager.beforeTestMethod(TestContextManager.java:269)
	at org.springframework.test.context.junit4.statements.RunBeforeTestMethodCallbacks.evaluate(RunBeforeTestMethodCallbacks.java:74)
	at org.springframework.test.context.junit4.statements.RunAfterTestMethodCallbacks.evaluate(RunAfterTestMethodCallbacks.java:86)
	at org.springframework.test.context.junit4.statements.SpringRepeat.evaluate(SpringRepeat.java:84)
	at org.junit.runners.ParentRunner.runLeaf(ParentRunner.java:325)
	at org.springframework.test.context.junit4.SpringJUnit4ClassRunner.runChild(SpringJUnit4ClassRunner.java:252)
	at org.springframework.test.context.junit4.SpringJUnit4ClassRunner.runChild(SpringJUnit4ClassRunner.java:94)
	at org.junit.runners.ParentRunner$3.run(ParentRunner.java:290)
	at org.junit.runners.ParentRunner$1.schedule(ParentRunner.java:71)
	at org.junit.runners.ParentRunner.runChildren(ParentRunner.java:288)
	at org.junit.runners.ParentRunner.access$000(ParentRunner.java:58)
	at org.junit.runners.ParentRunner$2.evaluate(ParentRunner.java:268)
	at org.springframework.test.context.junit4.statements.RunBeforeTestClassCallbacks.evaluate(RunBeforeTestClassCallbacks.java:61)
	at org.springframework.test.context.junit4.statements.RunAfterTestClassCallbacks.evaluate(RunAfterTestClassCallbacks.java:70)
	at org.junit.runners.ParentRunner.run(ParentRunner.java:363)
	at org.springframework.test.context.junit4.SpringJUnit4ClassRunner.run(SpringJUnit4ClassRunner.java:191)
	at org.apache.maven.surefire.junit4.JUnit4Provider.execute(JUnit4Provider.java:264)
	at org.apache.maven.surefire.junit4.JUnit4Provider.executeTestSet(JUnit4Provider.java:153)
	at org.apache.maven.surefire.junit4.JUnit4Provider.invoke(JUnit4Provider.java:124)
	at org.apache.maven.surefire.booter.ForkedBooter.invokeProviderInSameClassLoader(ForkedBooter.java:200)
	at org.apache.maven.surefire.booter.ForkedBooter.runSuitesInProcess(ForkedBooter.java:153)
	at org.apache.maven.surefire.booter.ForkedBooter.main(ForkedBooter.java:103)
</error>
    <system-out><![CDATA[15:32:22.548 [main] DEBUG o.s.t.c.j.SpringJUnit4ClassRunner - SpringJUnit4ClassRunner constructor called with [class com.excilys.formation.persistence.computerdao.computerdaoimpl.ComputerRepositoryTest]
15:32:22.554 [main] DEBUG o.s.test.context.BootstrapUtils - Instantiating CacheAwareContextLoaderDelegate from class [org.springframework.test.context.cache.DefaultCacheAwareContextLoaderDelegate]
15:32:22.560 [main] DEBUG o.s.test.context.BootstrapUtils - Instantiating BootstrapContext using constructor [public org.springframework.test.context.support.DefaultBootstrapContext(java.lang.Class,org.springframework.test.context.CacheAwareContextLoaderDelegate)]
15:32:22.565 [main] DEBUG o.s.test.context.BootstrapUtils - Instantiating TestContextBootstrapper for test class [com.excilys.formation.persistence.computerdao.computerdaoimpl.ComputerRepositoryTest] from class [org.springframework.test.context.support.DefaultTestContextBootstrapper]
15:32:22.583 [main] DEBUG o.s.t.c.s.AbstractDelegatingSmartContextLoader - Delegating to AnnotationConfigContextLoader to process context configuration [ContextConfigurationAttributes@1a1d6a08 declaringClass = 'com.excilys.formation.persistence.computerdao.computerdaoimpl.ComputerRepositoryTest', classes = '{class com.excilys.formation.config.SpringPersistenceConfig}', locations = '{}', inheritLocations = true, initializers = '{}', inheritInitializers = true, name = [null], contextLoaderClass = 'org.springframework.test.context.ContextLoader'].
15:32:22.593 [main] DEBUG o.s.t.c.support.ActiveProfilesUtils - Could not find an 'annotation declaring class' for annotation type [org.springframework.test.context.ActiveProfiles] and class [com.excilys.formation.persistence.computerdao.computerdaoimpl.ComputerRepositoryTest]
15:32:22.604 [main] INFO  o.s.t.c.s.DefaultTestContextBootstrapper - Using TestExecutionListeners: [org.springframework.test.context.support.DependencyInjectionTestExecutionListener@75881071, org.springframework.test.context.transaction.TransactionalTestExecutionListener@2a70a3d8, com.github.springtestdbunit.DbUnitTestExecutionListener@289d1c02]
15:32:22.606 [main] DEBUG o.s.t.annotation.ProfileValueUtils - Retrieved @ProfileValueSourceConfiguration [null] for test class [com.excilys.formation.persistence.computerdao.computerdaoimpl.ComputerRepositoryTest]
15:32:22.606 [main] DEBUG o.s.t.annotation.ProfileValueUtils - Retrieved ProfileValueSource type [class org.springframework.test.annotation.SystemProfileValueSource] for class [com.excilys.formation.persistence.computerdao.computerdaoimpl.ComputerRepositoryTest]
15:32:22.607 [main] DEBUG o.s.t.annotation.ProfileValueUtils - Retrieved @ProfileValueSourceConfiguration [null] for test class [com.excilys.formation.persistence.computerdao.computerdaoimpl.ComputerRepositoryTest]
15:32:22.607 [main] DEBUG o.s.t.annotation.ProfileValueUtils - Retrieved ProfileValueSource type [class org.springframework.test.annotation.SystemProfileValueSource] for class [com.excilys.formation.persistence.computerdao.computerdaoimpl.ComputerRepositoryTest]
15:32:22.609 [main] DEBUG o.s.t.annotation.ProfileValueUtils - Retrieved @ProfileValueSourceConfiguration [null] for test class [com.excilys.formation.persistence.computerdao.computerdaoimpl.ComputerRepositoryTest]
15:32:22.609 [main] DEBUG o.s.t.annotation.ProfileValueUtils - Retrieved ProfileValueSource type [class org.springframework.test.annotation.SystemProfileValueSource] for class [com.excilys.formation.persistence.computerdao.computerdaoimpl.ComputerRepositoryTest]
15:32:22.610 [main] DEBUG o.s.t.c.s.DependencyInjectionTestExecutionListener - Performing dependency injection for test context [[DefaultTestContext@eb21112 testClass = ComputerRepositoryTest, testInstance = com.excilys.formation.persistence.computerdao.computerdaoimpl.ComputerRepositoryTest@2eda0940, testMethod = [null], testException = [null], mergedContextConfiguration = [MergedContextConfiguration@3578436e testClass = ComputerRepositoryTest, locations = '{}', classes = '{class com.excilys.formation.config.SpringPersistenceConfig}', contextInitializerClasses = '[]', activeProfiles = '{}', propertySourceLocations = '{}', propertySourceProperties = '{}', contextCustomizers = set[[empty]], contextLoader = 'org.springframework.test.context.support.DelegatingSmartContextLoader', parent = [null]]]].
15:32:22.610 [main] DEBUG o.s.t.c.s.AbstractDelegatingSmartContextLoader - Delegating to AnnotationConfigContextLoader to load context from [MergedContextConfiguration@3578436e testClass = ComputerRepositoryTest, locations = '{}', classes = '{class com.excilys.formation.config.SpringPersistenceConfig}', contextInitializerClasses = '[]', activeProfiles = '{}', propertySourceLocations = '{}', propertySourceProperties = '{}', contextCustomizers = set[[empty]], contextLoader = 'org.springframework.test.context.support.DelegatingSmartContextLoader', parent = [null]].
15:32:22.610 [main] DEBUG o.s.t.c.s.AbstractGenericContextLoader - Loading ApplicationContext for merged context configuration [[MergedContextConfiguration@3578436e testClass = ComputerRepositoryTest, locations = '{}', classes = '{class com.excilys.formation.config.SpringPersistenceConfig}', contextInitializerClasses = '[]', activeProfiles = '{}', propertySourceLocations = '{}', propertySourceProperties = '{}', contextCustomizers = set[[empty]], contextLoader = 'org.springframework.test.context.support.DelegatingSmartContextLoader', parent = [null]]].
15:32:22.642 [main] DEBUG o.s.core.env.StandardEnvironment - Adding [systemProperties] PropertySource with lowest search precedence
15:32:22.643 [main] DEBUG o.s.core.env.StandardEnvironment - Adding [systemEnvironment] PropertySource with lowest search precedence
15:32:22.643 [main] DEBUG o.s.core.env.StandardEnvironment - Initialized StandardEnvironment with PropertySources [systemProperties,systemEnvironment]
15:32:22.643 [main] DEBUG o.s.t.c.s.AnnotationConfigContextLoader - Registering annotated classes: {class com.excilys.formation.config.SpringPersistenceConfig}
15:32:22.689 [main] INFO  o.s.c.s.GenericApplicationContext - Refreshing org.springframework.context.support.GenericApplicationContext@16022d9d: startup date [Fri Jan 06 15:32:22 CET 2017]; root of context hierarchy
15:32:22.689 [main] DEBUG o.s.c.s.GenericApplicationContext - Bean factory for org.springframework.context.support.GenericApplicationContext@16022d9d: org.springframework.beans.factory.support.DefaultListableBeanFactory@60611244: defining beans [org.springframework.context.annotation.internalConfigurationAnnotationProcessor,org.springframework.context.annotation.internalAutowiredAnnotationProcessor,org.springframework.context.annotation.internalRequiredAnnotationProcessor,org.springframework.context.annotation.internalCommonAnnotationProcessor,org.springframework.context.annotation.internalPersistenceAnnotationProcessor,org.springframework.context.event.internalEventListenerProcessor,org.springframework.context.event.internalEventListenerFactory,springPersistenceConfig]; root of factory hierarchy
15:32:22.699 [main] DEBUG o.s.b.f.s.DefaultListableBeanFactory - Creating shared instance of singleton bean 'org.springframework.context.annotation.internalConfigurationAnnotationProcessor'
15:32:22.699 [main] DEBUG o.s.b.f.s.DefaultListableBeanFactory - Creating instance of bean 'org.springframework.context.annotation.internalConfigurationAnnotationProcessor'
15:32:22.712 [main] DEBUG o.s.b.f.s.DefaultListableBeanFactory - Eagerly caching bean 'org.springframework.context.annotation.internalConfigurationAnnotationProcessor' to allow for resolving potential circular references
15:32:22.714 [main] DEBUG o.s.b.f.s.DefaultListableBeanFactory - Finished creating instance of bean 'org.springframework.context.annotation.internalConfigurationAnnotationProcessor'
15:32:22.729 [main] DEBUG o.s.core.env.StandardEnvironment - Adding [class path resource [defaultConnection.properties]] PropertySource with lowest search precedence
15:32:22.731 [main] DEBUG o.s.core.env.StandardEnvironment - Adding [systemProperties] PropertySource with lowest search precedence
15:32:22.731 [main] DEBUG o.s.core.env.StandardEnvironment - Adding [systemEnvironment] PropertySource with lowest search precedence
15:32:22.732 [main] DEBUG o.s.core.env.StandardEnvironment - Initialized StandardEnvironment with PropertySources [systemProperties,systemEnvironment]
15:32:22.734 [main] DEBUG o.s.c.a.ClassPathBeanDefinitionScanner - JSR-330 'javax.inject.Named' annotation found and supported for component scanning
15:32:22.735 [main] DEBUG o.s.c.i.s.PathMatchingResourcePatternResolver - Resolved classpath location [com/excilys/formation/] to resources [URL [file:/home/excilys/workspace/computer-database/persistence/target/test-classes/com/excilys/formation/], URL [file:/home/excilys/workspace/computer-database/persistence/target/classes/com/excilys/formation/], URL [file:/home/excilys/workspace/computer-database/core/target/classes/com/excilys/formation/]]
15:32:22.735 [main] DEBUG o.s.c.i.s.PathMatchingResourcePatternResolver - Looking for matching resources in directory tree [/home/excilys/workspace/computer-database/persistence/target/test-classes/com/excilys/formation]
15:32:22.735 [main] DEBUG o.s.c.i.s.PathMatchingResourcePatternResolver - Searching directory [/home/excilys/workspace/computer-database/persistence/target/test-classes/com/excilys/formation] for files matching pattern [/home/excilys/workspace/computer-database/persistence/target/test-classes/com/excilys/formation/**/*.class]
15:32:22.737 [main] DEBUG o.s.c.i.s.PathMatchingResourcePatternResolver - Searching directory [/home/excilys/workspace/computer-database/persistence/target/test-classes/com/excilys/formation/persistence] for files matching pattern [/home/excilys/workspace/computer-database/persistence/target/test-classes/com/excilys/formation/**/*.class]
15:32:22.737 [main] DEBUG o.s.c.i.s.PathMatchingResourcePatternResolver - Searching directory [/home/excilys/workspace/computer-database/persistence/target/test-classes/com/excilys/formation/persistence/computerdao] for files matching pattern [/home/excilys/workspace/computer-database/persistence/target/test-classes/com/excilys/formation/**/*.class]
15:32:22.737 [main] DEBUG o.s.c.i.s.PathMatchingResourcePatternResolver - Searching directory [/home/excilys/workspace/computer-database/persistence/target/test-classes/com/excilys/formation/persistence/computerdao/computerdaoimpl] for files matching pattern [/home/excilys/workspace/computer-database/persistence/target/test-classes/com/excilys/formation/**/*.class]
15:32:22.738 [main] DEBUG o.s.c.i.s.PathMatchingResourcePatternResolver - Looking for matching resources in directory tree [/home/excilys/workspace/computer-database/persistence/target/classes/com/excilys/formation]
15:32:22.738 [main] DEBUG o.s.c.i.s.PathMatchingResourcePatternResolver - Searching directory [/home/excilys/workspace/computer-database/persistence/target/classes/com/excilys/formation] for files matching pattern [/home/excilys/workspace/computer-database/persistence/target/classes/com/excilys/formation/**/*.class]
15:32:22.738 [main] DEBUG o.s.c.i.s.PathMatchingResourcePatternResolver - Searching directory [/home/excilys/workspace/computer-database/persistence/target/classes/com/excilys/formation/config] for files matching pattern [/home/excilys/workspace/computer-database/persistence/target/classes/com/excilys/formation/**/*.class]
15:32:22.739 [main] DEBUG o.s.c.i.s.PathMatchingResourcePatternResolver - Searching directory [/home/excilys/workspace/computer-database/persistence/target/classes/com/excilys/formation/exception] for files matching pattern [/home/excilys/workspace/computer-database/persistence/target/classes/com/excilys/formation/**/*.class]
15:32:22.739 [main] DEBUG o.s.c.i.s.PathMatchingResourcePatternResolver - Searching directory [/home/excilys/workspace/computer-database/persistence/target/classes/com/excilys/formation/mapper] for files matching pattern [/home/excilys/workspace/computer-database/persistence/target/classes/com/excilys/formation/**/*.class]
15:32:22.739 [main] DEBUG o.s.c.i.s.PathMatchingResourcePatternResolver - Searching directory [/home/excilys/workspace/computer-database/persistence/target/classes/com/excilys/formation/persistence] for files matching pattern [/home/excilys/workspace/computer-database/persistence/target/classes/com/excilys/formation/**/*.class]
15:32:22.740 [main] DEBUG o.s.c.i.s.PathMatchingResourcePatternResolver - Searching directory [/home/excilys/workspace/computer-database/persistence/target/classes/com/excilys/formation/persistence/companydao] for files matching pattern [/home/excilys/workspace/computer-database/persistence/target/classes/com/excilys/formation/**/*.class]
15:32:22.740 [main] DEBUG o.s.c.i.s.PathMatchingResourcePatternResolver - Searching directory [/home/excilys/workspace/computer-database/persistence/target/classes/com/excilys/formation/persistence/companydao/companydaoimpl] for files matching pattern [/home/excilys/workspace/computer-database/persistence/target/classes/com/excilys/formation/**/*.class]
15:32:22.740 [main] DEBUG o.s.c.i.s.PathMatchingResourcePatternResolver - Searching directory [/home/excilys/workspace/computer-database/persistence/target/classes/com/excilys/formation/persistence/computerdao] for files matching pattern [/home/excilys/workspace/computer-database/persistence/target/classes/com/excilys/formation/**/*.class]
15:32:22.740 [main] DEBUG o.s.c.i.s.PathMatchingResourcePatternResolver - Searching directory [/home/excilys/workspace/computer-database/persistence/target/classes/com/excilys/formation/persistence/computerdao/computerdaoimpl] for files matching pattern [/home/excilys/workspace/computer-database/persistence/target/classes/com/excilys/formation/**/*.class]
15:32:22.741 [main] DEBUG o.s.c.i.s.PathMatchingResourcePatternResolver - Searching directory [/home/excilys/workspace/computer-database/persistence/target/classes/com/excilys/formation/persistence/userdao] for files matching pattern [/home/excilys/workspace/computer-database/persistence/target/classes/com/excilys/formation/**/*.class]
15:32:22.741 [main] DEBUG o.s.c.i.s.PathMatchingResourcePatternResolver - Searching directory [/home/excilys/workspace/computer-database/persistence/target/classes/com/excilys/formation/persistence/userdao/userdaoimpl] for files matching pattern [/home/excilys/workspace/computer-database/persistence/target/classes/com/excilys/formation/**/*.class]
15:32:22.742 [main] DEBUG o.s.c.i.s.PathMatchingResourcePatternResolver - Looking for matching resources in directory tree [/home/excilys/workspace/computer-database/core/target/classes/com/excilys/formation]
15:32:22.742 [main] DEBUG o.s.c.i.s.PathMatchingResourcePatternResolver - Searching directory [/home/excilys/workspace/computer-database/core/target/classes/com/excilys/formation] for files matching pattern [/home/excilys/workspace/computer-database/core/target/classes/com/excilys/formation/**/*.class]
15:32:22.742 [main] DEBUG o.s.c.i.s.PathMatchingResourcePatternResolver - Searching directory [/home/excilys/workspace/computer-database/core/target/classes/com/excilys/formation/entity] for files matching pattern [/home/excilys/workspace/computer-database/core/target/classes/com/excilys/formation/**/*.class]
15:32:22.742 [main] DEBUG o.s.c.i.s.PathMatchingResourcePatternResolver - Searching directory [/home/excilys/workspace/computer-database/core/target/classes/com/excilys/formation/pagination] for files matching pattern [/home/excilys/workspace/computer-database/core/target/classes/com/excilys/formation/**/*.class]
15:32:22.742 [main] DEBUG o.s.c.i.s.PathMatchingResourcePatternResolver - Searching directory [/home/excilys/workspace/computer-database/core/target/classes/com/excilys/formation/util] for files matching pattern [/home/excilys/workspace/computer-database/core/target/classes/com/excilys/formation/**/*.class]
15:32:22.743 [main] DEBUG o.s.c.i.s.PathMatchingResourcePatternResolver - Resolved location pattern [classpath*:com/excilys/formation/**/*.class] to resources [file [/home/excilys/workspace/computer-database/persistence/target/test-classes/com/excilys/formation/persistence/computerdao/computerdaoimpl/ComputerRepositoryTest.class], file [/home/excilys/workspace/computer-database/persistence/target/classes/com/excilys/formation/config/SpringPersistenceConfig.class], file [/home/excilys/workspace/computer-database/persistence/target/classes/com/excilys/formation/exception/PersistenceException.class], file [/home/excilys/workspace/computer-database/persistence/target/classes/com/excilys/formation/mapper/CustomResultSetExtractor.class], file [/home/excilys/workspace/computer-database/persistence/target/classes/com/excilys/formation/mapper/CustomRowMapper.class], file [/home/excilys/workspace/computer-database/persistence/target/classes/com/excilys/formation/mapper/PersistenceMapper.class], file [/home/excilys/workspace/computer-database/persistence/target/classes/com/excilys/formation/persistence/BaseDao.class], file [/home/excilys/workspace/computer-database/persistence/target/classes/com/excilys/formation/persistence/companydao/CompanyDao.class], file [/home/excilys/workspace/computer-database/persistence/target/classes/com/excilys/formation/persistence/companydao/companydaoimpl/CompanyRepository.class], file [/home/excilys/workspace/computer-database/persistence/target/classes/com/excilys/formation/persistence/computerdao/ComputerDao.class], file [/home/excilys/workspace/computer-database/persistence/target/classes/com/excilys/formation/persistence/computerdao/computerdaoimpl/ComputerRepository.class], file [/home/excilys/workspace/computer-database/persistence/target/classes/com/excilys/formation/persistence/userdao/UserDao.class], file [/home/excilys/workspace/computer-database/persistence/target/classes/com/excilys/formation/persistence/userdao/userdaoimpl/UserRepository.class], file [/home/excilys/workspace/computer-database/core/target/classes/com/excilys/formation/entity/Company.class], file [/home/excilys/workspace/computer-database/core/target/classes/com/excilys/formation/entity/Computer$1.class], file [/home/excilys/workspace/computer-database/core/target/classes/com/excilys/formation/entity/Computer$Builder.class], file [/home/excilys/workspace/computer-database/core/target/classes/com/excilys/formation/entity/Computer.class], file [/home/excilys/workspace/computer-database/core/target/classes/com/excilys/formation/entity/Role.class], file [/home/excilys/workspace/computer-database/core/target/classes/com/excilys/formation/entity/User$UserBuilder.class], file [/home/excilys/workspace/computer-database/core/target/classes/com/excilys/formation/entity/User.class], file [/home/excilys/workspace/computer-database/core/target/classes/com/excilys/formation/pagination/Page.class], file [/home/excilys/workspace/computer-database/core/target/classes/com/excilys/formation/pagination/PageConstraints.class], file [/home/excilys/workspace/computer-database/core/target/classes/com/excilys/formation/util/DateConverter.class], file [/home/excilys/workspace/computer-database/core/target/classes/com/excilys/formation/util/PropertyReader.class]]
15:32:22.798 [main] DEBUG o.s.c.a.ConfigurationClassBeanDefinitionReader - Registered bean definition for imported class 'org.springframework.transaction.annotation.ProxyTransactionManagementConfiguration'
15:32:22.800 [main] DEBUG o.s.c.a.ConfigurationClassBeanDefinitionReader - Registering bean definition for @Bean method org.springframework.transaction.annotation.ProxyTransactionManagementConfiguration.org.springframework.transaction.config.internalTransactionAdvisor()
15:32:22.800 [main] DEBUG o.s.c.a.ConfigurationClassBeanDefinitionReader - Registering bean definition for @Bean method org.springframework.transaction.annotation.ProxyTransactionManagementConfiguration.transactionAttributeSource()
15:32:22.801 [main] DEBUG o.s.c.a.ConfigurationClassBeanDefinitionReader - Registering bean definition for @Bean method org.springframework.transaction.annotation.ProxyTransactionManagementConfiguration.transactionInterceptor()
15:32:22.801 [main] DEBUG o.s.c.a.ConfigurationClassBeanDefinitionReader - Registering bean definition for @Bean method org.springframework.transaction.annotation.ProxyTransactionManagementConfiguration.org.springframework.transaction.config.internalTransactionalEventListenerFactory()
15:32:22.802 [main] DEBUG o.s.c.a.ConfigurationClassBeanDefinitionReader - Registering bean definition for @Bean method com.excilys.formation.config.SpringPersistenceConfig.entityManagerFactory()
15:32:22.802 [main] DEBUG o.s.c.a.ConfigurationClassBeanDefinitionReader - Registering bean definition for @Bean method com.excilys.formation.config.SpringPersistenceConfig.transactionManager()
15:32:22.803 [main] DEBUG o.s.c.a.ConfigurationClassBeanDefinitionReader - Registering bean definition for @Bean method com.excilys.formation.config.SpringPersistenceConfig.dataSource()
15:32:22.804 [main] DEBUG o.s.c.a.ConfigurationClassBeanDefinitionReader - Registering bean definition for @Bean method com.excilys.formation.config.SpringPersistenceConfig.jpaVendorAdapter()
15:32:22.813 [main] DEBUG o.s.core.env.StandardEnvironment - Adding [systemProperties] PropertySource with lowest search precedence
15:32:22.813 [main] DEBUG o.s.core.env.StandardEnvironment - Adding [systemEnvironment] PropertySource with lowest search precedence
15:32:22.814 [main] DEBUG o.s.core.env.StandardEnvironment - Initialized StandardEnvironment with PropertySources [systemProperties,systemEnvironment]
15:32:22.815 [main] DEBUG o.s.c.i.s.PathMatchingResourcePatternResolver - Resolved classpath location [org/springframework/data/] to resources [URL [jar:file:/home/excilys/.m2/repository/org/springframework/data/spring-data-jpa/1.10.6.RELEASE/spring-data-jpa-1.10.6.RELEASE.jar!/org/springframework/data/], URL [jar:file:/home/excilys/.m2/repository/org/springframework/data/spring-data-commons/1.12.6.RELEASE/spring-data-commons-1.12.6.RELEASE.jar!/org/springframework/data/], URL [jar:file:/home/excilys/.m2/repository/org/springframework/data/spring-data-rest-webmvc/2.5.6.RELEASE/spring-data-rest-webmvc-2.5.6.RELEASE.jar!/org/springframework/data/], URL [jar:file:/home/excilys/.m2/repository/org/springframework/data/spring-data-rest-core/2.5.6.RELEASE/spring-data-rest-core-2.5.6.RELEASE.jar!/org/springframework/data/]]
15:32:22.815 [main] DEBUG o.s.c.i.s.PathMatchingResourcePatternResolver - Looking for matching resources in jar file [file:/home/excilys/.m2/repository/org/springframework/data/spring-data-jpa/1.10.6.RELEASE/spring-data-jpa-1.10.6.RELEASE.jar]
15:32:22.820 [main] DEBUG o.s.c.i.s.PathMatchingResourcePatternResolver - Looking for matching resources in jar file [file:/home/excilys/.m2/repository/org/springframework/data/spring-data-commons/1.12.6.RELEASE/spring-data-commons-1.12.6.RELEASE.jar]
15:32:22.828 [main] DEBUG o.s.c.i.s.PathMatchingResourcePatternResolver - Looking for matching resources in jar file [file:/home/excilys/.m2/repository/org/springframework/data/spring-data-rest-webmvc/2.5.6.RELEASE/spring-data-rest-webmvc-2.5.6.RELEASE.jar]
15:32:22.830 [main] DEBUG o.s.c.i.s.PathMatchingResourcePatternResolver - Looking for matching resources in jar file [file:/home/excilys/.m2/repository/org/springframework/data/spring-data-rest-core/2.5.6.RELEASE/spring-data-rest-core-2.5.6.RELEASE.jar]
15:32:22.832 [main] DEBUG o.s.c.i.s.PathMatchingResourcePatternResolver - Resolved location pattern [classpath*:org/springframework/data/**/repository/support/**/*.class] to resources [URL [jar:file:/home/excilys/.m2/repository/org/springframework/data/spring-data-jpa/1.10.6.RELEASE/spring-data-jpa-1.10.6.RELEASE.jar!/org/springframework/data/jpa/repository/support/CrudMethodMetadata.class], URL [jar:file:/home/excilys/.m2/repository/org/springframework/data/spring-data-jpa/1.10.6.RELEASE/spring-data-jpa-1.10.6.RELEASE.jar!/org/springframework/data/jpa/repository/support/CrudMethodMetadataPostProcessor$1.class], URL [jar:file:/home/excilys/.m2/repository/org/springframework/data/spring-data-jpa/1.10.6.RELEASE/spring-data-jpa-1.10.6.RELEASE.jar!/org/springframework/data/jpa/repository/support/CrudMethodMetadataPostProcessor$CrudMethodMetadataPopulatingMethodInterceptor.class], URL [jar:file:/home/excilys/.m2/repository/org/springframework/data/spring-data-jpa/1.10.6.RELEASE/spring-data-jpa-1.10.6.RELEASE.jar!/org/springframework/data/jpa/repository/support/CrudMethodMetadataPostProcessor$DefaultCrudMethodMetadata.class], URL [jar:file:/home/excilys/.m2/repository/org/springframework/data/spring-data-jpa/1.10.6.RELEASE/spring-data-jpa-1.10.6.RELEASE.jar!/org/springframework/data/jpa/repository/support/CrudMethodMetadataPostProcessor$ThreadBoundTargetSource.class], URL [jar:file:/home/excilys/.m2/repository/org/springframework/data/spring-data-jpa/1.10.6.RELEASE/spring-data-jpa-1.10.6.RELEASE.jar!/org/springframework/data/jpa/repository/support/CrudMethodMetadataPostProcessor.class], URL [jar:file:/home/excilys/.m2/repository/org/springframework/data/spring-data-jpa/1.10.6.RELEASE/spring-data-jpa-1.10.6.RELEASE.jar!/org/springframework/data/jpa/repository/support/DefaultJpaContext.class], URL [jar:file:/home/excilys/.m2/repository/org/springframework/data/spring-data-jpa/1.10.6.RELEASE/spring-data-jpa-1.10.6.RELEASE.jar!/org/springframework/data/jpa/repository/support/EntityManagerBeanDefinitionRegistrarPostProcessor.class], URL [jar:file:/home/excilys/.m2/repository/org/springframework/data/spring-data-jpa/1.10.6.RELEASE/spring-data-jpa-1.10.6.RELEASE.jar!/org/springframework/data/jpa/repository/support/JpaEntityInformation.class], URL [jar:file:/home/excilys/.m2/repository/org/springframework/data/spring-data-jpa/1.10.6.RELEASE/spring-data-jpa-1.10.6.RELEASE.jar!/org/springframework/data/jpa/repository/support/JpaEntityInformationSupport.class], URL [jar:file:/home/excilys/.m2/repository/org/springframework/data/spring-data-jpa/1.10.6.RELEASE/spring-data-jpa-1.10.6.RELEASE.jar!/org/springframework/data/jpa/repository/support/JpaMetamodelEntityInformation$IdentifierDerivingDirectFieldAccessFallbackBeanWrapper.class], URL [jar:file:/home/excilys/.m2/repository/org/springframework/data/spring-data-jpa/1.10.6.RELEASE/spring-data-jpa-1.10.6.RELEASE.jar!/org/springframework/data/jpa/repository/support/JpaMetamodelEntityInformation$IdMetadata.class], URL [jar:file:/home/excilys/.m2/repository/org/springframework/data/spring-data-jpa/1.10.6.RELEASE/spring-data-jpa-1.10.6.RELEASE.jar!/org/springframework/data/jpa/repository/support/JpaMetamodelEntityInformation.class], URL [jar:file:/home/excilys/.m2/repository/org/springframework/data/spring-data-jpa/1.10.6.RELEASE/spring-data-jpa-1.10.6.RELEASE.jar!/org/springframework/data/jpa/repository/support/JpaPersistableEntityInformation.class], URL [jar:file:/home/excilys/.m2/repository/org/springframework/data/spring-data-jpa/1.10.6.RELEASE/spring-data-jpa-1.10.6.RELEASE.jar!/org/springframework/data/jpa/repository/support/JpaRepositoryFactory.class], URL [jar:file:/home/excilys/.m2/repository/org/springframework/data/spring-data-jpa/1.10.6.RELEASE/spring-data-jpa-1.10.6.RELEASE.jar!/org/springframework/data/jpa/repository/support/JpaRepositoryFactoryBean.class], URL [jar:file:/home/excilys/.m2/repository/org/springframework/data/spring-data-jpa/1.10.6.RELEASE/spring-data-jpa-1.10.6.RELEASE.jar!/org/springframework/data/jpa/repository/support/Querydsl$1.class], URL [jar:file:/home/excilys/.m2/repository/org/springframework/data/spring-data-jpa/1.10.6.RELEASE/spring-data-jpa-1.10.6.RELEASE.jar!/org/springframework/data/jpa/repository/support/Querydsl.class], URL [jar:file:/home/excilys/.m2/repository/org/springframework/data/spring-data-jpa/1.10.6.RELEASE/spring-data-jpa-1.10.6.RELEASE.jar!/org/springframework/data/jpa/repository/support/QueryDslJpaRepository.class], URL [jar:file:/home/excilys/.m2/repository/org/springframework/data/spring-data-jpa/1.10.6.RELEASE/spring-data-jpa-1.10.6.RELEASE.jar!/org/springframework/data/jpa/repository/support/QueryDslRepositorySupport.class], URL [jar:file:/home/excilys/.m2/repository/org/springframework/data/spring-data-jpa/1.10.6.RELEASE/spring-data-jpa-1.10.6.RELEASE.jar!/org/springframework/data/jpa/repository/support/SimpleJpaRepository$ByIdsSpecification.class], URL [jar:file:/home/excilys/.m2/repository/org/springframework/data/spring-data-jpa/1.10.6.RELEASE/spring-data-jpa-1.10.6.RELEASE.jar!/org/springframework/data/jpa/repository/support/SimpleJpaRepository$ExampleSpecification.class], URL [jar:file:/home/excilys/.m2/repository/org/springframework/data/spring-data-jpa/1.10.6.RELEASE/spring-data-jpa-1.10.6.RELEASE.jar!/org/springframework/data/jpa/repository/support/SimpleJpaRepository.class], URL [jar:file:/home/excilys/.m2/repository/org/springframework/data/spring-data-commons/1.12.6.RELEASE/spring-data-commons-1.12.6.RELEASE.jar!/org/springframework/data/repository/support/AnnotationAttribute.class], URL [jar:file:/home/excilys/.m2/repository/org/springframework/data/spring-data-commons/1.12.6.RELEASE/spring-data-commons-1.12.6.RELEASE.jar!/org/springframework/data/repository/support/CrudRepositoryInvoker.class], URL [jar:file:/home/excilys/.m2/repository/org/springframework/data/spring-data-commons/1.12.6.RELEASE/spring-data-commons-1.12.6.RELEASE.jar!/org/springframework/data/repository/support/DefaultRepositoryInvokerFactory.class], URL [jar:file:/home/excilys/.m2/repository/org/springframework/data/spring-data-commons/1.12.6.RELEASE/spring-data-commons-1.12.6.RELEASE.jar!/org/springframework/data/repository/support/DomainClassConverter$ToEntityConverter.class], URL [jar:file:/home/excilys/.m2/repository/org/springframework/data/spring-data-commons/1.12.6.RELEASE/spring-data-commons-1.12.6.RELEASE.jar!/org/springframework/data/repository/support/DomainClassConverter$ToIdConverter.class], URL [jar:file:/home/excilys/.m2/repository/org/springframework/data/spring-data-commons/1.12.6.RELEASE/spring-data-commons-1.12.6.RELEASE.jar!/org/springframework/data/repository/support/DomainClassConverter.class], URL [jar:file:/home/excilys/.m2/repository/org/springframework/data/spring-data-commons/1.12.6.RELEASE/spring-data-commons-1.12.6.RELEASE.jar!/org/springframework/data/repository/support/DomainClassPropertyEditor.class], URL [jar:file:/home/excilys/.m2/repository/org/springframework/data/spring-data-commons/1.12.6.RELEASE/spring-data-commons-1.12.6.RELEASE.jar!/org/springframework/data/repository/support/DomainClassPropertyEditorRegistrar.class], URL [jar:file:/home/excilys/.m2/repository/org/springframework/data/spring-data-commons/1.12.6.RELEASE/spring-data-commons-1.12.6.RELEASE.jar!/org/springframework/data/repository/support/MethodParameters$AnnotationNamingMethodParameter.class], URL [jar:file:/home/excilys/.m2/repository/org/springframework/data/spring-data-commons/1.12.6.RELEASE/spring-data-commons-1.12.6.RELEASE.jar!/org/springframework/data/repository/support/MethodParameters.class], URL [jar:file:/home/excilys/.m2/repository/org/springframework/data/spring-data-commons/1.12.6.RELEASE/spring-data-commons-1.12.6.RELEASE.jar!/org/springframework/data/repository/support/PagingAndSortingRepositoryInvoker.class], URL [jar:file:/home/excilys/.m2/repository/org/springframework/data/spring-data-commons/1.12.6.RELEASE/spring-data-commons-1.12.6.RELEASE.jar!/org/springframework/data/repository/support/QueryMethodParameterConversionException.class], URL [jar:file:/home/excilys/.m2/repository/org/springframework/data/spring-data-commons/1.12.6.RELEASE/spring-data-commons-1.12.6.RELEASE.jar!/org/springframework/data/repository/support/ReflectionRepositoryInvoker.class], URL [jar:file:/home/excilys/.m2/repository/org/springframework/data/spring-data-commons/1.12.6.RELEASE/spring-data-commons-1.12.6.RELEASE.jar!/org/springframework/data/repository/support/Repositories$EmptyRepositoryFactoryInformation.class], URL [jar:file:/home/excilys/.m2/repository/org/springframework/data/spring-data-commons/1.12.6.RELEASE/spring-data-commons-1.12.6.RELEASE.jar!/org/springframework/data/repository/support/Repositories.class], URL [jar:file:/home/excilys/.m2/repository/org/springframework/data/spring-data-commons/1.12.6.RELEASE/spring-data-commons-1.12.6.RELEASE.jar!/org/springframework/data/repository/support/RepositoryInvocationInformation.class], URL [jar:file:/home/excilys/.m2/repository/org/springframework/data/spring-data-commons/1.12.6.RELEASE/spring-data-commons-1.12.6.RELEASE.jar!/org/springframework/data/repository/support/RepositoryInvoker.class], URL [jar:file:/home/excilys/.m2/repository/org/springframework/data/spring-data-commons/1.12.6.RELEASE/spring-data-commons-1.12.6.RELEASE.jar!/org/springframework/data/repository/support/RepositoryInvokerFactory.class]]
15:32:22.856 [main] DEBUG o.s.c.a.ClassPathScanningCandidateComponentProvider - Identified candidate component class: URL [jar:file:/home/excilys/.m2/repository/org/springframework/data/spring-data-jpa/1.10.6.RELEASE/spring-data-jpa-1.10.6.RELEASE.jar!/org/springframework/data/jpa/repository/support/JpaRepositoryFactory.class]
15:32:22.891 [main] DEBUG o.s.core.env.StandardEnvironment - Adding [systemProperties] PropertySource with lowest search precedence
15:32:22.892 [main] DEBUG o.s.core.env.StandardEnvironment - Adding [systemEnvironment] PropertySource with lowest search precedence
15:32:22.892 [main] DEBUG o.s.core.env.StandardEnvironment - Initialized StandardEnvironment with PropertySources [systemProperties,systemEnvironment]
15:32:22.893 [main] DEBUG o.s.c.i.s.PathMatchingResourcePatternResolver - Resolved classpath location [com/excilys/formation/persistence/] to resources [URL [file:/home/excilys/workspace/computer-database/persistence/target/test-classes/com/excilys/formation/persistence/], URL [file:/home/excilys/workspace/computer-database/persistence/target/classes/com/excilys/formation/persistence/]]
15:32:22.893 [main] DEBUG o.s.c.i.s.PathMatchingResourcePatternResolver - Looking for matching resources in directory tree [/home/excilys/workspace/computer-database/persistence/target/test-classes/com/excilys/formation/persistence]
15:32:22.893 [main] DEBUG o.s.c.i.s.PathMatchingResourcePatternResolver - Searching directory [/home/excilys/workspace/computer-database/persistence/target/test-classes/com/excilys/formation/persistence] for files matching pattern [/home/excilys/workspace/computer-database/persistence/target/test-classes/com/excilys/formation/persistence/**/*.class]
15:32:22.893 [main] DEBUG o.s.c.i.s.PathMatchingResourcePatternResolver - Searching directory [/home/excilys/workspace/computer-database/persistence/target/test-classes/com/excilys/formation/persistence/computerdao] for files matching pattern [/home/excilys/workspace/computer-database/persistence/target/test-classes/com/excilys/formation/persistence/**/*.class]
15:32:22.893 [main] DEBUG o.s.c.i.s.PathMatchingResourcePatternResolver - Searching directory [/home/excilys/workspace/computer-database/persistence/target/test-classes/com/excilys/formation/persistence/computerdao/computerdaoimpl] for files matching pattern [/home/excilys/workspace/computer-database/persistence/target/test-classes/com/excilys/formation/persistence/**/*.class]
15:32:22.894 [main] DEBUG o.s.c.i.s.PathMatchingResourcePatternResolver - Looking for matching resources in directory tree [/home/excilys/workspace/computer-database/persistence/target/classes/com/excilys/formation/persistence]
15:32:22.894 [main] DEBUG o.s.c.i.s.PathMatchingResourcePatternResolver - Searching directory [/home/excilys/workspace/computer-database/persistence/target/classes/com/excilys/formation/persistence] for files matching pattern [/home/excilys/workspace/computer-database/persistence/target/classes/com/excilys/formation/persistence/**/*.class]
15:32:22.894 [main] DEBUG o.s.c.i.s.PathMatchingResourcePatternResolver - Searching directory [/home/excilys/workspace/computer-database/persistence/target/classes/com/excilys/formation/persistence/companydao] for files matching pattern [/home/excilys/workspace/computer-database/persistence/target/classes/com/excilys/formation/persistence/**/*.class]
15:32:22.894 [main] DEBUG o.s.c.i.s.PathMatchingResourcePatternResolver - Searching directory [/home/excilys/workspace/computer-database/persistence/target/classes/com/excilys/formation/persistence/companydao/companydaoimpl] for files matching pattern [/home/excilys/workspace/computer-database/persistence/target/classes/com/excilys/formation/persistence/**/*.class]
15:32:22.894 [main] DEBUG o.s.c.i.s.PathMatchingResourcePatternResolver - Searching directory [/home/excilys/workspace/computer-database/persistence/target/classes/com/excilys/formation/persistence/computerdao] for files matching pattern [/home/excilys/workspace/computer-database/persistence/target/classes/com/excilys/formation/persistence/**/*.class]
15:32:22.894 [main] DEBUG o.s.c.i.s.PathMatchingResourcePatternResolver - Searching directory [/home/excilys/workspace/computer-database/persistence/target/classes/com/excilys/formation/persistence/computerdao/computerdaoimpl] for files matching pattern [/home/excilys/workspace/computer-database/persistence/target/classes/com/excilys/formation/persistence/**/*.class]
15:32:22.894 [main] DEBUG o.s.c.i.s.PathMatchingResourcePatternResolver - Searching directory [/home/excilys/workspace/computer-database/persistence/target/classes/com/excilys/formation/persistence/userdao] for files matching pattern [/home/excilys/workspace/computer-database/persistence/target/classes/com/excilys/formation/persistence/**/*.class]
15:32:22.895 [main] DEBUG o.s.c.i.s.PathMatchingResourcePatternResolver - Searching directory [/home/excilys/workspace/computer-database/persistence/target/classes/com/excilys/formation/persistence/userdao/userdaoimpl] for files matching pattern [/home/excilys/workspace/computer-database/persistence/target/classes/com/excilys/formation/persistence/**/*.class]
15:32:22.895 [main] DEBUG o.s.c.i.s.PathMatchingResourcePatternResolver - Resolved location pattern [classpath*:com/excilys/formation/persistence/**/*.class] to resources [file [/home/excilys/workspace/computer-database/persistence/target/test-classes/com/excilys/formation/persistence/computerdao/computerdaoimpl/ComputerRepositoryTest.class], file [/home/excilys/workspace/computer-database/persistence/target/classes/com/excilys/formation/persistence/BaseDao.class], file [/home/excilys/workspace/computer-database/persistence/target/classes/com/excilys/formation/persistence/companydao/CompanyDao.class], file [/home/excilys/workspace/computer-database/persistence/target/classes/com/excilys/formation/persistence/companydao/companydaoimpl/CompanyRepository.class], file [/home/excilys/workspace/computer-database/persistence/target/classes/com/excilys/formation/persistence/computerdao/ComputerDao.class], file [/home/excilys/workspace/computer-database/persistence/target/classes/com/excilys/formation/persistence/computerdao/computerdaoimpl/ComputerRepository.class], file [/home/excilys/workspace/computer-database/persistence/target/classes/com/excilys/formation/persistence/userdao/UserDao.class], file [/home/excilys/workspace/computer-database/persistence/target/classes/com/excilys/formation/persistence/userdao/userdaoimpl/UserRepository.class]]
15:32:22.897 [main] DEBUG o.s.d.r.c.RepositoryComponentProvider - Identified candidate component class: file [/home/excilys/workspace/computer-database/persistence/target/classes/com/excilys/formation/persistence/companydao/companydaoimpl/CompanyRepository.class]
15:32:22.898 [main] DEBUG o.s.d.r.c.RepositoryComponentProvider - Identified candidate component class: file [/home/excilys/workspace/computer-database/persistence/target/classes/com/excilys/formation/persistence/computerdao/computerdaoimpl/ComputerRepository.class]
15:32:22.899 [main] DEBUG o.s.d.r.c.RepositoryComponentProvider - Identified candidate component class: file [/home/excilys/workspace/computer-database/persistence/target/classes/com/excilys/formation/persistence/userdao/userdaoimpl/UserRepository.class]
15:32:22.901 [main] DEBUG o.s.core.env.StandardEnvironment - Adding [systemProperties] PropertySource with lowest search precedence
15:32:22.901 [main] DEBUG o.s.core.env.StandardEnvironment - Adding [systemEnvironment] PropertySource with lowest search precedence
15:32:22.901 [main] DEBUG o.s.core.env.StandardEnvironment - Initialized StandardEnvironment with PropertySources [systemProperties,systemEnvironment]
15:32:22.902 [main] DEBUG o.s.c.i.s.PathMatchingResourcePatternResolver - Resolved classpath location [com/excilys/formation/persistence/] to resources [URL [file:/home/excilys/workspace/computer-database/persistence/target/test-classes/com/excilys/formation/persistence/], URL [file:/home/excilys/workspace/computer-database/persistence/target/classes/com/excilys/formation/persistence/]]
15:32:22.902 [main] DEBUG o.s.c.i.s.PathMatchingResourcePatternResolver - Looking for matching resources in directory tree [/home/excilys/workspace/computer-database/persistence/target/test-classes/com/excilys/formation/persistence]
15:32:22.902 [main] DEBUG o.s.c.i.s.PathMatchingResourcePatternResolver - Searching directory [/home/excilys/workspace/computer-database/persistence/target/test-classes/com/excilys/formation/persistence] for files matching pattern [/home/excilys/workspace/computer-database/persistence/target/test-classes/com/excilys/formation/persistence/**/*UserRepositoryImpl.class]
15:32:22.902 [main] DEBUG o.s.c.i.s.PathMatchingResourcePatternResolver - Searching directory [/home/excilys/workspace/computer-database/persistence/target/test-classes/com/excilys/formation/persistence/computerdao] for files matching pattern [/home/excilys/workspace/computer-database/persistence/target/test-classes/com/excilys/formation/persistence/**/*UserRepositoryImpl.class]
15:32:22.902 [main] DEBUG o.s.c.i.s.PathMatchingResourcePatternResolver - Searching directory [/home/excilys/workspace/computer-database/persistence/target/test-classes/com/excilys/formation/persistence/computerdao/computerdaoimpl] for files matching pattern [/home/excilys/workspace/computer-database/persistence/target/test-classes/com/excilys/formation/persistence/**/*UserRepositoryImpl.class]
15:32:22.902 [main] DEBUG o.s.c.i.s.PathMatchingResourcePatternResolver - Looking for matching resources in directory tree [/home/excilys/workspace/computer-database/persistence/target/classes/com/excilys/formation/persistence]
15:32:22.902 [main] DEBUG o.s.c.i.s.PathMatchingResourcePatternResolver - Searching directory [/home/excilys/workspace/computer-database/persistence/target/classes/com/excilys/formation/persistence] for files matching pattern [/home/excilys/workspace/computer-database/persistence/target/classes/com/excilys/formation/persistence/**/*UserRepositoryImpl.class]
15:32:22.904 [main] DEBUG o.s.c.i.s.PathMatchingResourcePatternResolver - Searching directory [/home/excilys/workspace/computer-database/persistence/target/classes/com/excilys/formation/persistence/companydao] for files matching pattern [/home/excilys/workspace/computer-database/persistence/target/classes/com/excilys/formation/persistence/**/*UserRepositoryImpl.class]
15:32:22.904 [main] DEBUG o.s.c.i.s.PathMatchingResourcePatternResolver - Searching directory [/home/excilys/workspace/computer-database/persistence/target/classes/com/excilys/formation/persistence/companydao/companydaoimpl] for files matching pattern [/home/excilys/workspace/computer-database/persistence/target/classes/com/excilys/formation/persistence/**/*UserRepositoryImpl.class]
15:32:22.904 [main] DEBUG o.s.c.i.s.PathMatchingResourcePatternResolver - Searching directory [/home/excilys/workspace/computer-database/persistence/target/classes/com/excilys/formation/persistence/computerdao] for files matching pattern [/home/excilys/workspace/computer-database/persistence/target/classes/com/excilys/formation/persistence/**/*UserRepositoryImpl.class]
15:32:22.904 [main] DEBUG o.s.c.i.s.PathMatchingResourcePatternResolver - Searching directory [/home/excilys/workspace/computer-database/persistence/target/classes/com/excilys/formation/persistence/computerdao/computerdaoimpl] for files matching pattern [/home/excilys/workspace/computer-database/persistence/target/classes/com/excilys/formation/persistence/**/*UserRepositoryImpl.class]
15:32:22.905 [main] DEBUG o.s.c.i.s.PathMatchingResourcePatternResolver - Searching directory [/home/excilys/workspace/computer-database/persistence/target/classes/com/excilys/formation/persistence/userdao] for files matching pattern [/home/excilys/workspace/computer-database/persistence/target/classes/com/excilys/formation/persistence/**/*UserRepositoryImpl.class]
15:32:22.905 [main] DEBUG o.s.c.i.s.PathMatchingResourcePatternResolver - Searching directory [/home/excilys/workspace/computer-database/persistence/target/classes/com/excilys/formation/persistence/userdao/userdaoimpl] for files matching pattern [/home/excilys/workspace/computer-database/persistence/target/classes/com/excilys/formation/persistence/**/*UserRepositoryImpl.class]
15:32:22.905 [main] DEBUG o.s.c.i.s.PathMatchingResourcePatternResolver - Resolved location pattern [classpath*:com/excilys/formation/persistence/**/*UserRepositoryImpl.class] to resources []
15:32:22.908 [main] DEBUG o.s.d.r.c.RepositoryConfigurationDelegate - Spring Data JPA - Registering repository: userRepository - Interface: com.excilys.formation.persistence.userdao.userdaoimpl.UserRepository - Factory: org.springframework.data.jpa.repository.support.JpaRepositoryFactoryBean
15:32:22.910 [main] DEBUG o.s.core.env.StandardEnvironment - Adding [systemProperties] PropertySource with lowest search precedence
15:32:22.910 [main] DEBUG o.s.core.env.StandardEnvironment - Adding [systemEnvironment] PropertySource with lowest search precedence
15:32:22.910 [main] DEBUG o.s.core.env.StandardEnvironment - Initialized StandardEnvironment with PropertySources [systemProperties,systemEnvironment]
15:32:22.910 [main] DEBUG o.s.c.i.s.PathMatchingResourcePatternResolver - Resolved classpath location [com/excilys/formation/persistence/] to resources [URL [file:/home/excilys/workspace/computer-database/persistence/target/test-classes/com/excilys/formation/persistence/], URL [file:/home/excilys/workspace/computer-database/persistence/target/classes/com/excilys/formation/persistence/]]
15:32:22.910 [main] DEBUG o.s.c.i.s.PathMatchingResourcePatternResolver - Looking for matching resources in directory tree [/home/excilys/workspace/computer-database/persistence/target/test-classes/com/excilys/formation/persistence]
15:32:22.910 [main] DEBUG o.s.c.i.s.PathMatchingResourcePatternResolver - Searching directory [/home/excilys/workspace/computer-database/persistence/target/test-classes/com/excilys/formation/persistence] for files matching pattern [/home/excilys/workspace/computer-database/persistence/target/test-classes/com/excilys/formation/persistence/**/*CompanyRepositoryImpl.class]
15:32:22.911 [main] DEBUG o.s.c.i.s.PathMatchingResourcePatternResolver - Searching directory [/home/excilys/workspace/computer-database/persistence/target/test-classes/com/excilys/formation/persistence/computerdao] for files matching pattern [/home/excilys/workspace/computer-database/persistence/target/test-classes/com/excilys/formation/persistence/**/*CompanyRepositoryImpl.class]
15:32:22.911 [main] DEBUG o.s.c.i.s.PathMatchingResourcePatternResolver - Searching directory [/home/excilys/workspace/computer-database/persistence/target/test-classes/com/excilys/formation/persistence/computerdao/computerdaoimpl] for files matching pattern [/home/excilys/workspace/computer-database/persistence/target/test-classes/com/excilys/formation/persistence/**/*CompanyRepositoryImpl.class]
15:32:22.911 [main] DEBUG o.s.c.i.s.PathMatchingResourcePatternResolver - Looking for matching resources in directory tree [/home/excilys/workspace/computer-database/persistence/target/classes/com/excilys/formation/persistence]
15:32:22.911 [main] DEBUG o.s.c.i.s.PathMatchingResourcePatternResolver - Searching directory [/home/excilys/workspace/computer-database/persistence/target/classes/com/excilys/formation/persistence] for files matching pattern [/home/excilys/workspace/computer-database/persistence/target/classes/com/excilys/formation/persistence/**/*CompanyRepositoryImpl.class]
15:32:22.911 [main] DEBUG o.s.c.i.s.PathMatchingResourcePatternResolver - Searching directory [/home/excilys/workspace/computer-database/persistence/target/classes/com/excilys/formation/persistence/companydao] for files matching pattern [/home/excilys/workspace/computer-database/persistence/target/classes/com/excilys/formation/persistence/**/*CompanyRepositoryImpl.class]
15:32:22.911 [main] DEBUG o.s.c.i.s.PathMatchingResourcePatternResolver - Searching directory [/home/excilys/workspace/computer-database/persistence/target/classes/com/excilys/formation/persistence/companydao/companydaoimpl] for files matching pattern [/home/excilys/workspace/computer-database/persistence/target/classes/com/excilys/formation/persistence/**/*CompanyRepositoryImpl.class]
15:32:22.911 [main] DEBUG o.s.c.i.s.PathMatchingResourcePatternResolver - Searching directory [/home/excilys/workspace/computer-database/persistence/target/classes/com/excilys/formation/persistence/computerdao] for files matching pattern [/home/excilys/workspace/computer-database/persistence/target/classes/com/excilys/formation/persistence/**/*CompanyRepositoryImpl.class]
15:32:22.911 [main] DEBUG o.s.c.i.s.PathMatchingResourcePatternResolver - Searching directory [/home/excilys/workspace/computer-database/persistence/target/classes/com/excilys/formation/persistence/computerdao/computerdaoimpl] for files matching pattern [/home/excilys/workspace/computer-database/persistence/target/classes/com/excilys/formation/persistence/**/*CompanyRepositoryImpl.class]
15:32:22.912 [main] DEBUG o.s.c.i.s.PathMatchingResourcePatternResolver - Searching directory [/home/excilys/workspace/computer-database/persistence/target/classes/com/excilys/formation/persistence/userdao] for files matching pattern [/home/excilys/workspace/computer-database/persistence/target/classes/com/excilys/formation/persistence/**/*CompanyRepositoryImpl.class]
15:32:22.912 [main] DEBUG o.s.c.i.s.PathMatchingResourcePatternResolver - Searching directory [/home/excilys/workspace/computer-database/persistence/target/classes/com/excilys/formation/persistence/userdao/userdaoimpl] for files matching pattern [/home/excilys/workspace/computer-database/persistence/target/classes/com/excilys/formation/persistence/**/*CompanyRepositoryImpl.class]
15:32:22.912 [main] DEBUG o.s.c.i.s.PathMatchingResourcePatternResolver - Resolved location pattern [classpath*:com/excilys/formation/persistence/**/*CompanyRepositoryImpl.class] to resources []
15:32:22.913 [main] DEBUG o.s.d.r.c.RepositoryConfigurationDelegate - Spring Data JPA - Registering repository: companyRepository - Interface: com.excilys.formation.persistence.companydao.companydaoimpl.CompanyRepository - Factory: org.springframework.data.jpa.repository.support.JpaRepositoryFactoryBean
15:32:22.914 [main] DEBUG o.s.core.env.StandardEnvironment - Adding [systemProperties] PropertySource with lowest search precedence
15:32:22.914 [main] DEBUG o.s.core.env.StandardEnvironment - Adding [systemEnvironment] PropertySource with lowest search precedence
15:32:22.914 [main] DEBUG o.s.core.env.StandardEnvironment - Initialized StandardEnvironment with PropertySources [systemProperties,systemEnvironment]
15:32:22.914 [main] DEBUG o.s.c.i.s.PathMatchingResourcePatternResolver - Resolved classpath location [com/excilys/formation/persistence/] to resources [URL [file:/home/excilys/workspace/computer-database/persistence/target/test-classes/com/excilys/formation/persistence/], URL [file:/home/excilys/workspace/computer-database/persistence/target/classes/com/excilys/formation/persistence/]]
15:32:22.914 [main] DEBUG o.s.c.i.s.PathMatchingResourcePatternResolver - Looking for matching resources in directory tree [/home/excilys/workspace/computer-database/persistence/target/test-classes/com/excilys/formation/persistence]
15:32:22.914 [main] DEBUG o.s.c.i.s.PathMatchingResourcePatternResolver - Searching directory [/home/excilys/workspace/computer-database/persistence/target/test-classes/com/excilys/formation/persistence] for files matching pattern [/home/excilys/workspace/computer-database/persistence/target/test-classes/com/excilys/formation/persistence/**/*ComputerRepositoryImpl.class]
15:32:22.914 [main] DEBUG o.s.c.i.s.PathMatchingResourcePatternResolver - Searching directory [/home/excilys/workspace/computer-database/persistence/target/test-classes/com/excilys/formation/persistence/computerdao] for files matching pattern [/home/excilys/workspace/computer-database/persistence/target/test-classes/com/excilys/formation/persistence/**/*ComputerRepositoryImpl.class]
15:32:22.915 [main] DEBUG o.s.c.i.s.PathMatchingResourcePatternResolver - Searching directory [/home/excilys/workspace/computer-database/persistence/target/test-classes/com/excilys/formation/persistence/computerdao/computerdaoimpl] for files matching pattern [/home/excilys/workspace/computer-database/persistence/target/test-classes/com/excilys/formation/persistence/**/*ComputerRepositoryImpl.class]
15:32:22.917 [main] DEBUG o.s.c.i.s.PathMatchingResourcePatternResolver - Looking for matching resources in directory tree [/home/excilys/workspace/computer-database/persistence/target/classes/com/excilys/formation/persistence]
15:32:22.917 [main] DEBUG o.s.c.i.s.PathMatchingResourcePatternResolver - Searching directory [/home/excilys/workspace/computer-database/persistence/target/classes/com/excilys/formation/persistence] for files matching pattern [/home/excilys/workspace/computer-database/persistence/target/classes/com/excilys/formation/persistence/**/*ComputerRepositoryImpl.class]
15:32:22.917 [main] DEBUG o.s.c.i.s.PathMatchingResourcePatternResolver - Searching directory [/home/excilys/workspace/computer-database/persistence/target/classes/com/excilys/formation/persistence/companydao] for files matching pattern [/home/excilys/workspace/computer-database/persistence/target/classes/com/excilys/formation/persistence/**/*ComputerRepositoryImpl.class]
15:32:22.917 [main] DEBUG o.s.c.i.s.PathMatchingResourcePatternResolver - Searching directory [/home/excilys/workspace/computer-database/persistence/target/classes/com/excilys/formation/persistence/companydao/companydaoimpl] for files matching pattern [/home/excilys/workspace/computer-database/persistence/target/classes/com/excilys/formation/persistence/**/*ComputerRepositoryImpl.class]
15:32:22.917 [main] DEBUG o.s.c.i.s.PathMatchingResourcePatternResolver - Searching directory [/home/excilys/workspace/computer-database/persistence/target/classes/com/excilys/formation/persistence/computerdao] for files matching pattern [/home/excilys/workspace/computer-database/persistence/target/classes/com/excilys/formation/persistence/**/*ComputerRepositoryImpl.class]
15:32:22.917 [main] DEBUG o.s.c.i.s.PathMatchingResourcePatternResolver - Searching directory [/home/excilys/workspace/computer-database/persistence/target/classes/com/excilys/formation/persistence/computerdao/computerdaoimpl] for files matching pattern [/home/excilys/workspace/computer-database/persistence/target/classes/com/excilys/formation/persistence/**/*ComputerRepositoryImpl.class]
15:32:22.917 [main] DEBUG o.s.c.i.s.PathMatchingResourcePatternResolver - Searching directory [/home/excilys/workspace/computer-database/persistence/target/classes/com/excilys/formation/persistence/userdao] for files matching pattern [/home/excilys/workspace/computer-database/persistence/target/classes/com/excilys/formation/persistence/**/*ComputerRepositoryImpl.class]
15:32:22.917 [main] DEBUG o.s.c.i.s.PathMatchingResourcePatternResolver - Searching directory [/home/excilys/workspace/computer-database/persistence/target/classes/com/excilys/formation/persistence/userdao/userdaoimpl] for files matching pattern [/home/excilys/workspace/computer-database/persistence/target/classes/com/excilys/formation/persistence/**/*ComputerRepositoryImpl.class]
15:32:22.917 [main] DEBUG o.s.c.i.s.PathMatchingResourcePatternResolver - Resolved location pattern [classpath*:com/excilys/formation/persistence/**/*ComputerRepositoryImpl.class] to resources []
15:32:22.918 [main] DEBUG o.s.d.r.c.RepositoryConfigurationDelegate - Spring Data JPA - Registering repository: computerRepository - Interface: com.excilys.formation.persistence.computerdao.computerdaoimpl.ComputerRepository - Factory: org.springframework.data.jpa.repository.support.JpaRepositoryFactoryBean
15:32:22.979 [main] DEBUG o.s.c.a.ConfigurationClassEnhancer - Successfully enhanced com.excilys.formation.config.SpringPersistenceConfig; enhanced class name is: com.excilys.formation.config.SpringPersistenceConfig$$EnhancerBySpringCGLIB$$75abbcb4
15:32:22.979 [main] DEBUG o.s.c.a.ConfigurationClassPostProcessor - Replacing bean definition 'springPersistenceConfig' existing class 'com.excilys.formation.config.SpringPersistenceConfig' with enhanced class 'com.excilys.formation.config.SpringPersistenceConfig$$EnhancerBySpringCGLIB$$75abbcb4'
15:32:22.982 [main] DEBUG o.s.c.a.ConfigurationClassEnhancer - Successfully enhanced org.springframework.transaction.annotation.ProxyTransactionManagementConfiguration; enhanced class name is: org.springframework.transaction.annotation.ProxyTransactionManagementConfiguration$$EnhancerBySpringCGLIB$$364579c
15:32:22.982 [main] DEBUG o.s.c.a.ConfigurationClassPostProcessor - Replacing bean definition 'org.springframework.transaction.annotation.ProxyTransactionManagementConfiguration' existing class 'org.springframework.transaction.annotation.ProxyTransactionManagementConfiguration' with enhanced class 'org.springframework.transaction.annotation.ProxyTransactionManagementConfiguration$$EnhancerBySpringCGLIB$$364579c'
15:32:22.983 [main] DEBUG o.s.b.f.s.DefaultListableBeanFactory - Creating shared instance of singleton bean 'emBeanDefinitionRegistrarPostProcessor'
15:32:22.983 [main] DEBUG o.s.b.f.s.DefaultListableBeanFactory - Creating instance of bean 'emBeanDefinitionRegistrarPostProcessor'
15:32:22.983 [main] DEBUG o.s.b.f.s.DefaultListableBeanFactory - Eagerly caching bean 'emBeanDefinitionRegistrarPostProcessor' to allow for resolving potential circular references
15:32:22.992 [main] DEBUG o.s.b.f.s.DefaultListableBeanFactory - Finished creating instance of bean 'emBeanDefinitionRegistrarPostProcessor'
15:32:22.997 [main] DEBUG o.s.b.f.s.DefaultListableBeanFactory - Creating shared instance of singleton bean 'org.springframework.context.annotation.internalAutowiredAnnotationProcessor'
15:32:22.997 [main] DEBUG o.s.b.f.s.DefaultListableBeanFactory - Creating instance of bean 'org.springframework.context.annotation.internalAutowiredAnnotationProcessor'
15:32:22.998 [main] INFO  o.s.b.f.a.AutowiredAnnotationBeanPostProcessor - JSR-330 'javax.inject.Inject' annotation found and supported for autowiring
15:32:22.998 [main] DEBUG o.s.b.f.s.DefaultListableBeanFactory - Eagerly caching bean 'org.springframework.context.annotation.internalAutowiredAnnotationProcessor' to allow for resolving potential circular references
15:32:23.002 [main] DEBUG o.s.b.f.s.DefaultListableBeanFactory - Finished creating instance of bean 'org.springframework.context.annotation.internalAutowiredAnnotationProcessor'
15:32:23.002 [main] DEBUG o.s.b.f.s.DefaultListableBeanFactory - Creating shared instance of singleton bean 'org.springframework.context.annotation.internalRequiredAnnotationProcessor'
15:32:23.002 [main] DEBUG o.s.b.f.s.DefaultListableBeanFactory - Creating instance of bean 'org.springframework.context.annotation.internalRequiredAnnotationProcessor'
15:32:23.002 [main] DEBUG o.s.b.f.s.DefaultListableBeanFactory - Eagerly caching bean 'org.springframework.context.annotation.internalRequiredAnnotationProcessor' to allow for resolving potential circular references
15:32:23.005 [main] DEBUG o.s.b.f.s.DefaultListableBeanFactory - Finished creating instance of bean 'org.springframework.context.annotation.internalRequiredAnnotationProcessor'
15:32:23.005 [main] DEBUG o.s.b.f.s.DefaultListableBeanFactory - Creating shared instance of singleton bean 'org.springframework.context.annotation.internalCommonAnnotationProcessor'
15:32:23.005 [main] DEBUG o.s.b.f.s.DefaultListableBeanFactory - Creating instance of bean 'org.springframework.context.annotation.internalCommonAnnotationProcessor'
15:32:23.007 [main] DEBUG o.s.b.f.s.DefaultListableBeanFactory - Eagerly caching bean 'org.springframework.context.annotation.internalCommonAnnotationProcessor' to allow for resolving potential circular references
15:32:23.012 [main] DEBUG o.s.b.f.s.DefaultListableBeanFactory - Finished creating instance of bean 'org.springframework.context.annotation.internalCommonAnnotationProcessor'
15:32:23.012 [main] DEBUG o.s.b.f.s.DefaultListableBeanFactory - Creating shared instance of singleton bean 'org.springframework.context.annotation.internalPersistenceAnnotationProcessor'
15:32:23.012 [main] DEBUG o.s.b.f.s.DefaultListableBeanFactory - Creating instance of bean 'org.springframework.context.annotation.internalPersistenceAnnotationProcessor'
15:32:23.012 [main] DEBUG o.s.b.f.s.DefaultListableBeanFactory - Eagerly caching bean 'org.springframework.context.annotation.internalPersistenceAnnotationProcessor' to allow for resolving potential circular references
15:32:23.015 [main] DEBUG o.s.b.f.s.DefaultListableBeanFactory - Finished creating instance of bean 'org.springframework.context.annotation.internalPersistenceAnnotationProcessor'
15:32:23.015 [main] DEBUG o.s.b.f.s.DefaultListableBeanFactory - Creating shared instance of singleton bean 'org.springframework.data.repository.core.support.RepositoryFactoryBeanSupport_Predictor'
15:32:23.015 [main] DEBUG o.s.b.f.s.DefaultListableBeanFactory - Creating instance of bean 'org.springframework.data.repository.core.support.RepositoryFactoryBeanSupport_Predictor'
15:32:23.028 [main] DEBUG o.s.b.f.s.DefaultListableBeanFactory - Eagerly caching bean 'org.springframework.data.repository.core.support.RepositoryFactoryBeanSupport_Predictor' to allow for resolving potential circular references
15:32:23.030 [main] DEBUG o.s.b.f.s.DefaultListableBeanFactory - Finished creating instance of bean 'org.springframework.data.repository.core.support.RepositoryFactoryBeanSupport_Predictor'
15:32:23.031 [main] DEBUG o.s.b.f.s.DefaultListableBeanFactory - Creating shared instance of singleton bean 'org.springframework.aop.config.internalAutoProxyCreator'
15:32:23.031 [main] DEBUG o.s.b.f.s.DefaultListableBeanFactory - Creating instance of bean 'org.springframework.aop.config.internalAutoProxyCreator'
15:32:23.038 [main] DEBUG o.s.b.f.s.DefaultListableBeanFactory - Eagerly caching bean 'org.springframework.aop.config.internalAutoProxyCreator' to allow for resolving potential circular references
15:32:23.047 [main] DEBUG o.s.b.f.s.DefaultListableBeanFactory - Finished creating instance of bean 'org.springframework.aop.config.internalAutoProxyCreator'
15:32:23.048 [main] DEBUG o.s.c.s.GenericApplicationContext - Unable to locate MessageSource with name 'messageSource': using default [org.springframework.context.support.DelegatingMessageSource@536f2a7e]
15:32:23.050 [main] DEBUG o.s.c.s.GenericApplicationContext - Unable to locate ApplicationEventMulticaster with name 'applicationEventMulticaster': using default [org.springframework.context.event.SimpleApplicationEventMulticaster@4f32a3ad]
15:32:23.051 [main] DEBUG o.s.b.f.s.DefaultListableBeanFactory - Creating shared instance of singleton bean 'entityManagerFactory'
15:32:23.051 [main] DEBUG o.s.b.f.s.DefaultListableBeanFactory - Creating instance of bean 'entityManagerFactory'
15:32:23.051 [main] DEBUG o.s.b.f.s.DefaultListableBeanFactory - Creating shared instance of singleton bean 'springPersistenceConfig'
15:32:23.051 [main] DEBUG o.s.b.f.s.DefaultListableBeanFactory - Creating instance of bean 'springPersistenceConfig'
15:32:23.054 [main] DEBUG o.s.b.f.annotation.InjectionMetadata - Registered injected element on class [com.excilys.formation.config.SpringPersistenceConfig$$EnhancerBySpringCGLIB$$75abbcb4]: AutowiredFieldElement for private java.lang.String com.excilys.formation.config.SpringPersistenceConfig.dataSourceClassName
15:32:23.054 [main] DEBUG o.s.b.f.annotation.InjectionMetadata - Registered injected element on class [com.excilys.formation.config.SpringPersistenceConfig$$EnhancerBySpringCGLIB$$75abbcb4]: AutowiredFieldElement for private java.lang.String com.excilys.formation.config.SpringPersistenceConfig.jdbcUrl
15:32:23.054 [main] DEBUG o.s.b.f.annotation.InjectionMetadata - Registered injected element on class [com.excilys.formation.config.SpringPersistenceConfig$$EnhancerBySpringCGLIB$$75abbcb4]: AutowiredFieldElement for private java.lang.String com.excilys.formation.config.SpringPersistenceConfig.username
15:32:23.054 [main] DEBUG o.s.b.f.annotation.InjectionMetadata - Registered injected element on class [com.excilys.formation.config.SpringPersistenceConfig$$EnhancerBySpringCGLIB$$75abbcb4]: AutowiredFieldElement for private java.lang.String com.excilys.formation.config.SpringPersistenceConfig.password
15:32:23.054 [main] DEBUG o.s.b.f.s.DefaultListableBeanFactory - Eagerly caching bean 'springPersistenceConfig' to allow for resolving potential circular references
15:32:23.056 [main] DEBUG o.s.b.f.annotation.InjectionMetadata - Processing injected element of bean 'springPersistenceConfig': AutowiredFieldElement for private java.lang.String com.excilys.formation.config.SpringPersistenceConfig.dataSourceClassName
15:32:23.058 [main] DEBUG o.s.c.e.PropertySourcesPropertyResolver - Found key 'dataSourceClassName' in [class path resource [defaultConnection.properties]] with type [String]
15:32:23.058 [main] DEBUG o.s.b.f.annotation.InjectionMetadata - Processing injected element of bean 'springPersistenceConfig': AutowiredFieldElement for private java.lang.String com.excilys.formation.config.SpringPersistenceConfig.jdbcUrl
15:32:23.058 [main] DEBUG o.s.c.e.PropertySourcesPropertyResolver - Found key 'dataSource.jdbcUrl' in [class path resource [defaultConnection.properties]] with type [String]
15:32:23.058 [main] DEBUG o.s.b.f.annotation.InjectionMetadata - Processing injected element of bean 'springPersistenceConfig': AutowiredFieldElement for private java.lang.String com.excilys.formation.config.SpringPersistenceConfig.username
15:32:23.059 [main] DEBUG o.s.c.e.PropertySourcesPropertyResolver - Found key 'dataSource.user' in [class path resource [defaultConnection.properties]] with type [String]
15:32:23.059 [main] DEBUG o.s.b.f.annotation.InjectionMetadata - Processing injected element of bean 'springPersistenceConfig': AutowiredFieldElement for private java.lang.String com.excilys.formation.config.SpringPersistenceConfig.password
15:32:23.059 [main] DEBUG o.s.c.e.PropertySourcesPropertyResolver - Found key 'dataSource.password' in [class path resource [defaultConnection.properties]] with type [String]
15:32:23.059 [main] DEBUG o.s.b.f.s.DefaultListableBeanFactory - Creating shared instance of singleton bean 'org.springframework.transaction.config.internalTransactionAdvisor'
15:32:23.059 [main] DEBUG o.s.b.f.s.DefaultListableBeanFactory - Creating instance of bean 'org.springframework.transaction.config.internalTransactionAdvisor'
15:32:23.059 [main] DEBUG o.s.b.f.s.DefaultListableBeanFactory - Creating shared instance of singleton bean 'org.springframework.transaction.annotation.ProxyTransactionManagementConfiguration'
15:32:23.059 [main] DEBUG o.s.b.f.s.DefaultListableBeanFactory - Creating instance of bean 'org.springframework.transaction.annotation.ProxyTransactionManagementConfiguration'
15:32:23.064 [main] DEBUG o.s.b.f.annotation.InjectionMetadata - Registered injected element on class [org.springframework.transaction.annotation.ProxyTransactionManagementConfiguration$$EnhancerBySpringCGLIB$$364579c]: AutowiredMethodElement for void org.springframework.transaction.annotation.AbstractTransactionManagementConfiguration.setConfigurers(java.util.Collection)
15:32:23.064 [main] DEBUG o.s.b.f.s.DefaultListableBeanFactory - Eagerly caching bean 'org.springframework.transaction.annotation.ProxyTransactionManagementConfiguration' to allow for resolving potential circular references
15:32:23.064 [main] DEBUG o.s.b.f.annotation.InjectionMetadata - Processing injected element of bean 'org.springframework.transaction.annotation.ProxyTransactionManagementConfiguration': AutowiredMethodElement for void org.springframework.transaction.annotation.AbstractTransactionManagementConfiguration.setConfigurers(java.util.Collection)
15:32:23.074 [main] DEBUG o.s.b.f.s.DefaultListableBeanFactory - Returning cached instance of singleton bean 'org.springframework.context.annotation.ConfigurationClassPostProcessor.importRegistry'
15:32:23.074 [main] DEBUG o.s.a.f.a.BeanFactoryAdvisorRetrievalHelper - Skipping currently created advisor 'org.springframework.transaction.config.internalTransactionAdvisor'
15:32:23.075 [main] DEBUG o.s.b.f.s.DefaultListableBeanFactory - Finished creating instance of bean 'org.springframework.transaction.annotation.ProxyTransactionManagementConfiguration'
15:32:23.087 [main] DEBUG o.s.b.f.s.DefaultListableBeanFactory - Creating shared instance of singleton bean 'transactionAttributeSource'
15:32:23.087 [main] DEBUG o.s.b.f.s.DefaultListableBeanFactory - Creating instance of bean 'transactionAttributeSource'
15:32:23.088 [main] DEBUG o.s.b.f.s.DefaultListableBeanFactory - Returning cached instance of singleton bean 'org.springframework.transaction.annotation.ProxyTransactionManagementConfiguration'
15:32:23.088 [main] DEBUG o.s.b.f.s.DefaultListableBeanFactory - Eagerly caching bean 'transactionAttributeSource' to allow for resolving potential circular references
15:32:23.090 [main] DEBUG o.s.a.f.a.BeanFactoryAdvisorRetrievalHelper - Skipping currently created advisor 'org.springframework.transaction.config.internalTransactionAdvisor'
15:32:23.090 [main] DEBUG o.s.b.f.s.DefaultListableBeanFactory - Finished creating instance of bean 'transactionAttributeSource'
15:32:23.091 [main] DEBUG o.s.b.f.s.DefaultListableBeanFactory - Creating shared instance of singleton bean 'transactionInterceptor'
15:32:23.091 [main] DEBUG o.s.b.f.s.DefaultListableBeanFactory - Creating instance of bean 'transactionInterceptor'
15:32:23.091 [main] DEBUG o.s.b.f.s.DefaultListableBeanFactory - Returning cached instance of singleton bean 'org.springframework.transaction.annotation.ProxyTransactionManagementConfiguration'
15:32:23.093 [main] DEBUG o.s.b.f.s.DefaultListableBeanFactory - Returning cached instance of singleton bean 'transactionAttributeSource'
15:32:23.094 [main] DEBUG o.s.b.f.s.DefaultListableBeanFactory - Eagerly caching bean 'transactionInterceptor' to allow for resolving potential circular references
15:32:23.097 [main] DEBUG o.s.b.f.s.DefaultListableBeanFactory - Invoking afterPropertiesSet() on bean with name 'transactionInterceptor'
15:32:23.097 [main] DEBUG o.s.b.f.s.DefaultListableBeanFactory - Finished creating instance of bean 'transactionInterceptor'
15:32:23.098 [main] DEBUG o.s.b.f.s.DefaultListableBeanFactory - Eagerly caching bean 'org.springframework.transaction.config.internalTransactionAdvisor' to allow for resolving potential circular references
15:32:23.101 [main] DEBUG o.s.b.f.s.DefaultListableBeanFactory - Finished creating instance of bean 'org.springframework.transaction.config.internalTransactionAdvisor'
15:32:23.104 [main] DEBUG o.s.b.f.s.DefaultListableBeanFactory - Finished creating instance of bean 'springPersistenceConfig'
15:32:23.112 [main] DEBUG o.s.b.f.s.DefaultListableBeanFactory - Creating shared instance of singleton bean 'dataSource'
15:32:23.112 [main] DEBUG o.s.b.f.s.DefaultListableBeanFactory - Creating instance of bean 'dataSource'
15:32:23.112 [main] DEBUG o.s.b.f.s.DefaultListableBeanFactory - Returning cached instance of singleton bean 'springPersistenceConfig'
15:32:23.118 [main] DEBUG o.s.b.f.s.DefaultListableBeanFactory - Eagerly caching bean 'dataSource' to allow for resolving potential circular references
15:32:23.124 [main] DEBUG o.s.b.f.s.DefaultListableBeanFactory - Returning cached instance of singleton bean 'org.springframework.transaction.config.internalTransactionAdvisor'
15:32:23.125 [main] DEBUG o.s.b.f.s.DefaultListableBeanFactory - Finished creating instance of bean 'dataSource'
15:32:23.126 [main] DEBUG o.s.b.f.s.DefaultListableBeanFactory - Creating shared instance of singleton bean 'jpaVendorAdapter'
15:32:23.126 [main] DEBUG o.s.b.f.s.DefaultListableBeanFactory - Creating instance of bean 'jpaVendorAdapter'
15:32:23.126 [main] DEBUG o.s.b.f.s.DefaultListableBeanFactory - Returning cached instance of singleton bean 'springPersistenceConfig'
15:32:23.159 [main] DEBUG org.jboss.logging - Logging Provider: org.jboss.logging.Slf4jLoggerProvider
15:32:23.160 [main] DEBUG o.s.b.f.s.DefaultListableBeanFactory - Eagerly caching bean 'jpaVendorAdapter' to allow for resolving potential circular references
15:32:23.163 [main] DEBUG o.s.b.f.s.DefaultListableBeanFactory - Returning cached instance of singleton bean 'org.springframework.transaction.config.internalTransactionAdvisor'
15:32:23.163 [main] DEBUG o.s.b.f.s.DefaultListableBeanFactory - Finished creating instance of bean 'jpaVendorAdapter'
15:32:23.165 [main] DEBUG o.s.b.f.s.DefaultListableBeanFactory - Eagerly caching bean 'entityManagerFactory' to allow for resolving potential circular references
15:32:23.173 [main] DEBUG o.s.b.f.s.DefaultListableBeanFactory - Invoking afterPropertiesSet() on bean with name 'entityManagerFactory'
15:32:23.177 [main] DEBUG o.s.c.i.s.PathMatchingResourcePatternResolver - Resolved classpath location [META-INF/persistence.xml] to resources []
15:32:23.178 [main] DEBUG o.s.c.i.s.PathMatchingResourcePatternResolver - Resolved classpath location [com/excilys/formation/] to resources [URL [file:/home/excilys/workspace/computer-database/persistence/target/test-classes/com/excilys/formation/], URL [file:/home/excilys/workspace/computer-database/persistence/target/classes/com/excilys/formation/], URL [file:/home/excilys/workspace/computer-database/core/target/classes/com/excilys/formation/]]
15:32:23.178 [main] DEBUG o.s.c.i.s.PathMatchingResourcePatternResolver - Looking for matching resources in directory tree [/home/excilys/workspace/computer-database/persistence/target/test-classes/com/excilys/formation]
15:32:23.178 [main] DEBUG o.s.c.i.s.PathMatchingResourcePatternResolver - Searching directory [/home/excilys/workspace/computer-database/persistence/target/test-classes/com/excilys/formation] for files matching pattern [/home/excilys/workspace/computer-database/persistence/target/test-classes/com/excilys/formation/**/*.class]
15:32:23.178 [main] DEBUG o.s.c.i.s.PathMatchingResourcePatternResolver - Searching directory [/home/excilys/workspace/computer-database/persistence/target/test-classes/com/excilys/formation/persistence] for files matching pattern [/home/excilys/workspace/computer-database/persistence/target/test-classes/com/excilys/formation/**/*.class]
15:32:23.178 [main] DEBUG o.s.c.i.s.PathMatchingResourcePatternResolver - Searching directory [/home/excilys/workspace/computer-database/persistence/target/test-classes/com/excilys/formation/persistence/computerdao] for files matching pattern [/home/excilys/workspace/computer-database/persistence/target/test-classes/com/excilys/formation/**/*.class]
15:32:23.178 [main] DEBUG o.s.c.i.s.PathMatchingResourcePatternResolver - Searching directory [/home/excilys/workspace/computer-database/persistence/target/test-classes/com/excilys/formation/persistence/computerdao/computerdaoimpl] for files matching pattern [/home/excilys/workspace/computer-database/persistence/target/test-classes/com/excilys/formation/**/*.class]
15:32:23.178 [main] DEBUG o.s.c.i.s.PathMatchingResourcePatternResolver - Looking for matching resources in directory tree [/home/excilys/workspace/computer-database/persistence/target/classes/com/excilys/formation]
15:32:23.178 [main] DEBUG o.s.c.i.s.PathMatchingResourcePatternResolver - Searching directory [/home/excilys/workspace/computer-database/persistence/target/classes/com/excilys/formation] for files matching pattern [/home/excilys/workspace/computer-database/persistence/target/classes/com/excilys/formation/**/*.class]
15:32:23.178 [main] DEBUG o.s.c.i.s.PathMatchingResourcePatternResolver - Searching directory [/home/excilys/workspace/computer-database/persistence/target/classes/com/excilys/formation/config] for files matching pattern [/home/excilys/workspace/computer-database/persistence/target/classes/com/excilys/formation/**/*.class]
15:32:23.179 [main] DEBUG o.s.c.i.s.PathMatchingResourcePatternResolver - Searching directory [/home/excilys/workspace/computer-database/persistence/target/classes/com/excilys/formation/exception] for files matching pattern [/home/excilys/workspace/computer-database/persistence/target/classes/com/excilys/formation/**/*.class]
15:32:23.179 [main] DEBUG o.s.c.i.s.PathMatchingResourcePatternResolver - Searching directory [/home/excilys/workspace/computer-database/persistence/target/classes/com/excilys/formation/mapper] for files matching pattern [/home/excilys/workspace/computer-database/persistence/target/classes/com/excilys/formation/**/*.class]
15:32:23.179 [main] DEBUG o.s.c.i.s.PathMatchingResourcePatternResolver - Searching directory [/home/excilys/workspace/computer-database/persistence/target/classes/com/excilys/formation/persistence] for files matching pattern [/home/excilys/workspace/computer-database/persistence/target/classes/com/excilys/formation/**/*.class]
15:32:23.179 [main] DEBUG o.s.c.i.s.PathMatchingResourcePatternResolver - Searching directory [/home/excilys/workspace/computer-database/persistence/target/classes/com/excilys/formation/persistence/companydao] for files matching pattern [/home/excilys/workspace/computer-database/persistence/target/classes/com/excilys/formation/**/*.class]
15:32:23.179 [main] DEBUG o.s.c.i.s.PathMatchingResourcePatternResolver - Searching directory [/home/excilys/workspace/computer-database/persistence/target/classes/com/excilys/formation/persistence/companydao/companydaoimpl] for files matching pattern [/home/excilys/workspace/computer-database/persistence/target/classes/com/excilys/formation/**/*.class]
15:32:23.179 [main] DEBUG o.s.c.i.s.PathMatchingResourcePatternResolver - Searching directory [/home/excilys/workspace/computer-database/persistence/target/classes/com/excilys/formation/persistence/computerdao] for files matching pattern [/home/excilys/workspace/computer-database/persistence/target/classes/com/excilys/formation/**/*.class]
15:32:23.179 [main] DEBUG o.s.c.i.s.PathMatchingResourcePatternResolver - Searching directory [/home/excilys/workspace/computer-database/persistence/target/classes/com/excilys/formation/persistence/computerdao/computerdaoimpl] for files matching pattern [/home/excilys/workspace/computer-database/persistence/target/classes/com/excilys/formation/**/*.class]
15:32:23.179 [main] DEBUG o.s.c.i.s.PathMatchingResourcePatternResolver - Searching directory [/home/excilys/workspace/computer-database/persistence/target/classes/com/excilys/formation/persistence/userdao] for files matching pattern [/home/excilys/workspace/computer-database/persistence/target/classes/com/excilys/formation/**/*.class]
15:32:23.179 [main] DEBUG o.s.c.i.s.PathMatchingResourcePatternResolver - Searching directory [/home/excilys/workspace/computer-database/persistence/target/classes/com/excilys/formation/persistence/userdao/userdaoimpl] for files matching pattern [/home/excilys/workspace/computer-database/persistence/target/classes/com/excilys/formation/**/*.class]
15:32:23.180 [main] DEBUG o.s.c.i.s.PathMatchingResourcePatternResolver - Looking for matching resources in directory tree [/home/excilys/workspace/computer-database/core/target/classes/com/excilys/formation]
15:32:23.180 [main] DEBUG o.s.c.i.s.PathMatchingResourcePatternResolver - Searching directory [/home/excilys/workspace/computer-database/core/target/classes/com/excilys/formation] for files matching pattern [/home/excilys/workspace/computer-database/core/target/classes/com/excilys/formation/**/*.class]
15:32:23.180 [main] DEBUG o.s.c.i.s.PathMatchingResourcePatternResolver - Searching directory [/home/excilys/workspace/computer-database/core/target/classes/com/excilys/formation/entity] for files matching pattern [/home/excilys/workspace/computer-database/core/target/classes/com/excilys/formation/**/*.class]
15:32:23.180 [main] DEBUG o.s.c.i.s.PathMatchingResourcePatternResolver - Searching directory [/home/excilys/workspace/computer-database/core/target/classes/com/excilys/formation/pagination] for files matching pattern [/home/excilys/workspace/computer-database/core/target/classes/com/excilys/formation/**/*.class]
15:32:23.180 [main] DEBUG o.s.c.i.s.PathMatchingResourcePatternResolver - Searching directory [/home/excilys/workspace/computer-database/core/target/classes/com/excilys/formation/util] for files matching pattern [/home/excilys/workspace/computer-database/core/target/classes/com/excilys/formation/**/*.class]
15:32:23.180 [main] DEBUG o.s.c.i.s.PathMatchingResourcePatternResolver - Resolved location pattern [classpath*:com/excilys/formation/**/*.class] to resources [file [/home/excilys/workspace/computer-database/persistence/target/test-classes/com/excilys/formation/persistence/computerdao/computerdaoimpl/ComputerRepositoryTest.class], file [/home/excilys/workspace/computer-database/persistence/target/classes/com/excilys/formation/config/SpringPersistenceConfig.class], file [/home/excilys/workspace/computer-database/persistence/target/classes/com/excilys/formation/exception/PersistenceException.class], file [/home/excilys/workspace/computer-database/persistence/target/classes/com/excilys/formation/mapper/CustomResultSetExtractor.class], file [/home/excilys/workspace/computer-database/persistence/target/classes/com/excilys/formation/mapper/CustomRowMapper.class], file [/home/excilys/workspace/computer-database/persistence/target/classes/com/excilys/formation/mapper/PersistenceMapper.class], file [/home/excilys/workspace/computer-database/persistence/target/classes/com/excilys/formation/persistence/BaseDao.class], file [/home/excilys/workspace/computer-database/persistence/target/classes/com/excilys/formation/persistence/companydao/CompanyDao.class], file [/home/excilys/workspace/computer-database/persistence/target/classes/com/excilys/formation/persistence/companydao/companydaoimpl/CompanyRepository.class], file [/home/excilys/workspace/computer-database/persistence/target/classes/com/excilys/formation/persistence/computerdao/ComputerDao.class], file [/home/excilys/workspace/computer-database/persistence/target/classes/com/excilys/formation/persistence/computerdao/computerdaoimpl/ComputerRepository.class], file [/home/excilys/workspace/computer-database/persistence/target/classes/com/excilys/formation/persistence/userdao/UserDao.class], file [/home/excilys/workspace/computer-database/persistence/target/classes/com/excilys/formation/persistence/userdao/userdaoimpl/UserRepository.class], file [/home/excilys/workspace/computer-database/core/target/classes/com/excilys/formation/entity/Company.class], file [/home/excilys/workspace/computer-database/core/target/classes/com/excilys/formation/entity/Computer$1.class], file [/home/excilys/workspace/computer-database/core/target/classes/com/excilys/formation/entity/Computer$Builder.class], file [/home/excilys/workspace/computer-database/core/target/classes/com/excilys/formation/entity/Computer.class], file [/home/excilys/workspace/computer-database/core/target/classes/com/excilys/formation/entity/Role.class], file [/home/excilys/workspace/computer-database/core/target/classes/com/excilys/formation/entity/User$UserBuilder.class], file [/home/excilys/workspace/computer-database/core/target/classes/com/excilys/formation/entity/User.class], file [/home/excilys/workspace/computer-database/core/target/classes/com/excilys/formation/pagination/Page.class], file [/home/excilys/workspace/computer-database/core/target/classes/com/excilys/formation/pagination/PageConstraints.class], file [/home/excilys/workspace/computer-database/core/target/classes/com/excilys/formation/util/DateConverter.class], file [/home/excilys/workspace/computer-database/core/target/classes/com/excilys/formation/util/PropertyReader.class]]
15:32:23.184 [main] INFO  o.s.o.j.LocalContainerEntityManagerFactoryBean - Building JPA container EntityManagerFactory for persistence unit 'default'
15:32:23.201 [main] DEBUG o.h.jpa.internal.util.LogHelper - PersistenceUnitInfo [
	name: default
	persistence provider classname: null
	classloader: sun.misc.Launcher$AppClassLoader@4aa298b7
	excludeUnlistedClasses: true
	JTA datasource: null
	Non JTA datasource: HikariDataSource (null)
	Transaction type: RESOURCE_LOCAL
	PU root URL: file:/home/excilys/workspace/computer-database/persistence/target/test-classes/
	Shared Cache Mode: UNSPECIFIED
	Validation Mode: AUTO
	Jar files URLs []
	Managed classes names [
		com.excilys.formation.entity.Company
		com.excilys.formation.entity.Computer
		com.excilys.formation.entity.Role
		com.excilys.formation.entity.User]
	Mapping files names []
	Properties []
15:32:23.214 [main] DEBUG o.h.i.internal.IntegratorServiceImpl - Adding Integrator [org.hibernate.cfg.beanvalidation.BeanValidationIntegrator].
15:32:23.215 [main] DEBUG o.h.i.internal.IntegratorServiceImpl - Adding Integrator [org.hibernate.secure.spi.JaccIntegrator].
15:32:23.217 [main] DEBUG o.h.i.internal.IntegratorServiceImpl - Adding Integrator [org.hibernate.cache.internal.CollectionCacheInvalidator].
15:32:23.217 [main] DEBUG o.h.i.internal.IntegratorServiceImpl - Adding Integrator [org.hibernate.jpa.event.spi.JpaIntegrator].
15:32:23.301 [main] INFO  org.hibernate.Version - HHH000412: Hibernate Core {5.2.5.Final}
15:32:23.302 [main] INFO  org.hibernate.cfg.Environment - HHH000206: hibernate.properties not found
15:32:23.310 [main] DEBUG o.h.service.spi.ServiceBinding - Overriding existing service binding [org.hibernate.secure.spi.JaccService]
15:32:23.330 [main] DEBUG o.h.c.i.RegionFactoryInitiator - Cache region factory : org.hibernate.cache.internal.NoCachingRegionFactory
15:32:23.336 [main] INFO  o.h.annotations.common.Version - HCANN000001: Hibernate Commons Annotations {5.0.1.Final}
15:32:23.378 [main] DEBUG org.hibernate.type.BasicTypeRegistry - Adding type registration boolean -> org.hibernate.type.BooleanType@704f1591
15:32:23.378 [main] DEBUG org.hibernate.type.BasicTypeRegistry - Adding type registration boolean -> org.hibernate.type.BooleanType@704f1591
15:32:23.378 [main] DEBUG org.hibernate.type.BasicTypeRegistry - Adding type registration java.lang.Boolean -> org.hibernate.type.BooleanType@704f1591
15:32:23.379 [main] DEBUG org.hibernate.type.BasicTypeRegistry - Adding type registration numeric_boolean -> org.hibernate.type.NumericBooleanType@349c1daf
15:32:23.380 [main] DEBUG org.hibernate.type.BasicTypeRegistry - Adding type registration true_false -> org.hibernate.type.TrueFalseType@2b5f4d54
15:32:23.380 [main] DEBUG org.hibernate.type.BasicTypeRegistry - Adding type registration yes_no -> org.hibernate.type.YesNoType@3a1dd365
15:32:23.381 [main] DEBUG org.hibernate.type.BasicTypeRegistry - Adding type registration byte -> org.hibernate.type.ByteType@6c5945a7
15:32:23.381 [main] DEBUG org.hibernate.type.BasicTypeRegistry - Adding type registration byte -> org.hibernate.type.ByteType@6c5945a7
15:32:23.381 [main] DEBUG org.hibernate.type.BasicTypeRegistry - Adding type registration java.lang.Byte -> org.hibernate.type.ByteType@6c5945a7
15:32:23.382 [main] DEBUG org.hibernate.type.BasicTypeRegistry - Adding type registration character -> org.hibernate.type.CharacterType@78365cfa
15:32:23.382 [main] DEBUG org.hibernate.type.BasicTypeRegistry - Adding type registration char -> org.hibernate.type.CharacterType@78365cfa
15:32:23.382 [main] DEBUG org.hibernate.type.BasicTypeRegistry - Adding type registration java.lang.Character -> org.hibernate.type.CharacterType@78365cfa
15:32:23.383 [main] DEBUG org.hibernate.type.BasicTypeRegistry - Adding type registration short -> org.hibernate.type.ShortType@485e36bc
15:32:23.383 [main] DEBUG org.hibernate.type.BasicTypeRegistry - Adding type registration short -> org.hibernate.type.ShortType@485e36bc
15:32:23.383 [main] DEBUG org.hibernate.type.BasicTypeRegistry - Adding type registration java.lang.Short -> org.hibernate.type.ShortType@485e36bc
15:32:23.384 [main] DEBUG org.hibernate.type.BasicTypeRegistry - Adding type registration integer -> org.hibernate.type.IntegerType@1755e85b
15:32:23.384 [main] DEBUG org.hibernate.type.BasicTypeRegistry - Adding type registration int -> org.hibernate.type.IntegerType@1755e85b
15:32:23.384 [main] DEBUG org.hibernate.type.BasicTypeRegistry - Adding type registration java.lang.Integer -> org.hibernate.type.IntegerType@1755e85b
15:32:23.385 [main] DEBUG org.hibernate.type.BasicTypeRegistry - Adding type registration long -> org.hibernate.type.LongType@1af687fe
15:32:23.385 [main] DEBUG org.hibernate.type.BasicTypeRegistry - Adding type registration long -> org.hibernate.type.LongType@1af687fe
15:32:23.385 [main] DEBUG org.hibernate.type.BasicTypeRegistry - Adding type registration java.lang.Long -> org.hibernate.type.LongType@1af687fe
15:32:23.386 [main] DEBUG org.hibernate.type.BasicTypeRegistry - Adding type registration float -> org.hibernate.type.FloatType@424fd310
15:32:23.386 [main] DEBUG org.hibernate.type.BasicTypeRegistry - Adding type registration float -> org.hibernate.type.FloatType@424fd310
15:32:23.386 [main] DEBUG org.hibernate.type.BasicTypeRegistry - Adding type registration java.lang.Float -> org.hibernate.type.FloatType@424fd310
15:32:23.387 [main] DEBUG org.hibernate.type.BasicTypeRegistry - Adding type registration double -> org.hibernate.type.DoubleType@85e6769
15:32:23.387 [main] DEBUG org.hibernate.type.BasicTypeRegistry - Adding type registration double -> org.hibernate.type.DoubleType@85e6769
15:32:23.387 [main] DEBUG org.hibernate.type.BasicTypeRegistry - Adding type registration java.lang.Double -> org.hibernate.type.DoubleType@85e6769
15:32:23.388 [main] DEBUG org.hibernate.type.BasicTypeRegistry - Adding type registration big_decimal -> org.hibernate.type.BigDecimalType@4e70a728
15:32:23.388 [main] DEBUG org.hibernate.type.BasicTypeRegistry - Adding type registration java.math.BigDecimal -> org.hibernate.type.BigDecimalType@4e70a728
15:32:23.389 [main] DEBUG org.hibernate.type.BasicTypeRegistry - Adding type registration big_integer -> org.hibernate.type.BigIntegerType@56c698e3
15:32:23.389 [main] DEBUG org.hibernate.type.BasicTypeRegistry - Adding type registration java.math.BigInteger -> org.hibernate.type.BigIntegerType@56c698e3
15:32:23.390 [main] DEBUG org.hibernate.type.BasicTypeRegistry - Adding type registration string -> org.hibernate.type.StringType@7fe7c640
15:32:23.390 [main] DEBUG org.hibernate.type.BasicTypeRegistry - Adding type registration java.lang.String -> org.hibernate.type.StringType@7fe7c640
15:32:23.390 [main] DEBUG org.hibernate.type.BasicTypeRegistry - Adding type registration nstring -> org.hibernate.type.StringNVarcharType@5a85c92
15:32:23.391 [main] DEBUG org.hibernate.type.BasicTypeRegistry - Adding type registration ncharacter -> org.hibernate.type.CharacterNCharType@2eced48b
15:32:23.391 [main] DEBUG org.hibernate.type.BasicTypeRegistry - Adding type registration url -> org.hibernate.type.UrlType@6475472c
15:32:23.392 [main] DEBUG org.hibernate.type.BasicTypeRegistry - Adding type registration java.net.URL -> org.hibernate.type.UrlType@6475472c
15:32:23.392 [main] DEBUG org.hibernate.type.BasicTypeRegistry - Adding type registration Duration -> org.hibernate.type.DurationType@3c989952
15:32:23.392 [main] DEBUG org.hibernate.type.BasicTypeRegistry - Adding type registration java.time.Duration -> org.hibernate.type.DurationType@3c989952
15:32:23.403 [main] DEBUG org.hibernate.type.BasicTypeRegistry - Adding type registration Instant -> org.hibernate.type.InstantType@bff34c6
15:32:23.404 [main] DEBUG org.hibernate.type.BasicTypeRegistry - Adding type registration java.time.Instant -> org.hibernate.type.InstantType@bff34c6
15:32:23.405 [main] DEBUG org.hibernate.type.BasicTypeRegistry - Adding type registration LocalDateTime -> org.hibernate.type.LocalDateTimeType@278bb07e
15:32:23.405 [main] DEBUG org.hibernate.type.BasicTypeRegistry - Adding type registration java.time.LocalDateTime -> org.hibernate.type.LocalDateTimeType@278bb07e
15:32:23.406 [main] DEBUG org.hibernate.type.BasicTypeRegistry - Adding type registration LocalDate -> org.hibernate.type.LocalDateType@5b1f29fa
15:32:23.406 [main] DEBUG org.hibernate.type.BasicTypeRegistry - Adding type registration java.time.LocalDate -> org.hibernate.type.LocalDateType@5b1f29fa
15:32:23.407 [main] DEBUG org.hibernate.type.BasicTypeRegistry - Adding type registration LocalTime -> org.hibernate.type.LocalTimeType@31aa3ca5
15:32:23.407 [main] DEBUG org.hibernate.type.BasicTypeRegistry - Adding type registration java.time.LocalTime -> org.hibernate.type.LocalTimeType@31aa3ca5
15:32:23.408 [main] DEBUG org.hibernate.type.BasicTypeRegistry - Adding type registration OffsetDateTime -> org.hibernate.type.OffsetDateTimeType@2ccca26f
15:32:23.408 [main] DEBUG org.hibernate.type.BasicTypeRegistry - Adding type registration java.time.OffsetDateTime -> org.hibernate.type.OffsetDateTimeType@2ccca26f
15:32:23.409 [main] DEBUG org.hibernate.type.BasicTypeRegistry - Adding type registration OffsetTime -> org.hibernate.type.OffsetTimeType@698122b2
15:32:23.409 [main] DEBUG org.hibernate.type.BasicTypeRegistry - Adding type registration java.time.OffsetTime -> org.hibernate.type.OffsetTimeType@698122b2
15:32:23.412 [main] DEBUG org.hibernate.type.BasicTypeRegistry - Adding type registration ZonedDateTime -> org.hibernate.type.ZonedDateTimeType@75b25825
15:32:23.412 [main] DEBUG org.hibernate.type.BasicTypeRegistry - Adding type registration java.time.ZonedDateTime -> org.hibernate.type.ZonedDateTimeType@75b25825
15:32:23.413 [main] DEBUG org.hibernate.type.BasicTypeRegistry - Adding type registration date -> org.hibernate.type.DateType@77a98a6a
15:32:23.414 [main] DEBUG org.hibernate.type.BasicTypeRegistry - Adding type registration java.sql.Date -> org.hibernate.type.DateType@77a98a6a
15:32:23.414 [main] DEBUG org.hibernate.type.BasicTypeRegistry - Adding type registration time -> org.hibernate.type.TimeType@62452cc9
15:32:23.414 [main] DEBUG org.hibernate.type.BasicTypeRegistry - Adding type registration java.sql.Time -> org.hibernate.type.TimeType@62452cc9
15:32:23.415 [main] DEBUG org.hibernate.type.BasicTypeRegistry - Adding type registration timestamp -> org.hibernate.type.TimestampType@7516e4e5
15:32:23.415 [main] DEBUG org.hibernate.type.BasicTypeRegistry - Adding type registration java.sql.Timestamp -> org.hibernate.type.TimestampType@7516e4e5
15:32:23.415 [main] DEBUG org.hibernate.type.BasicTypeRegistry - Adding type registration java.util.Date -> org.hibernate.type.TimestampType@7516e4e5
15:32:23.417 [main] DEBUG org.hibernate.type.BasicTypeRegistry - Adding type registration dbtimestamp -> org.hibernate.type.DbTimestampType@4189d70b
15:32:23.417 [main] DEBUG org.hibernate.type.BasicTypeRegistry - Adding type registration calendar -> org.hibernate.type.CalendarType@320de594
15:32:23.417 [main] DEBUG org.hibernate.type.BasicTypeRegistry - Adding type registration java.util.Calendar -> org.hibernate.type.CalendarType@320de594
15:32:23.417 [main] DEBUG org.hibernate.type.BasicTypeRegistry - Adding type registration java.util.GregorianCalendar -> org.hibernate.type.CalendarType@320de594
15:32:23.418 [main] DEBUG org.hibernate.type.BasicTypeRegistry - Adding type registration calendar_date -> org.hibernate.type.CalendarDateType@478ee483
15:32:23.419 [main] DEBUG org.hibernate.type.BasicTypeRegistry - Adding type registration locale -> org.hibernate.type.LocaleType@665df3c6
15:32:23.419 [main] DEBUG org.hibernate.type.BasicTypeRegistry - Adding type registration java.util.Locale -> org.hibernate.type.LocaleType@665df3c6
15:32:23.419 [main] DEBUG org.hibernate.type.BasicTypeRegistry - Adding type registration currency -> org.hibernate.type.CurrencyType@5c00384f
15:32:23.419 [main] DEBUG org.hibernate.type.BasicTypeRegistry - Adding type registration java.util.Currency -> org.hibernate.type.CurrencyType@5c00384f
15:32:23.420 [main] DEBUG org.hibernate.type.BasicTypeRegistry - Adding type registration timezone -> org.hibernate.type.TimeZoneType@7b8233cd
15:32:23.420 [main] DEBUG org.hibernate.type.BasicTypeRegistry - Adding type registration java.util.TimeZone -> org.hibernate.type.TimeZoneType@7b8233cd
15:32:23.420 [main] DEBUG org.hibernate.type.BasicTypeRegistry - Adding type registration class -> org.hibernate.type.ClassType@4da602fc
15:32:23.421 [main] DEBUG org.hibernate.type.BasicTypeRegistry - Adding type registration java.lang.Class -> org.hibernate.type.ClassType@4da602fc
15:32:23.422 [main] DEBUG org.hibernate.type.BasicTypeRegistry - Adding type registration uuid-binary -> org.hibernate.type.UUIDBinaryType@60a2630a
15:32:23.422 [main] DEBUG org.hibernate.type.BasicTypeRegistry - Adding type registration java.util.UUID -> org.hibernate.type.UUIDBinaryType@60a2630a
15:32:23.422 [main] DEBUG org.hibernate.type.BasicTypeRegistry - Adding type registration uuid-char -> org.hibernate.type.UUIDCharType@40cb698e
15:32:23.423 [main] DEBUG org.hibernate.type.BasicTypeRegistry - Adding type registration binary -> org.hibernate.type.BinaryType@4a891c97
15:32:23.423 [main] DEBUG org.hibernate.type.BasicTypeRegistry - Adding type registration byte[] -> org.hibernate.type.BinaryType@4a891c97
15:32:23.423 [main] DEBUG org.hibernate.type.BasicTypeRegistry - Adding type registration [B -> org.hibernate.type.BinaryType@4a891c97
15:32:23.424 [main] DEBUG org.hibernate.type.BasicTypeRegistry - Adding type registration wrapper-binary -> org.hibernate.type.WrapperBinaryType@2313052e
15:32:23.424 [main] DEBUG org.hibernate.type.BasicTypeRegistry - Adding type registration Byte[] -> org.hibernate.type.WrapperBinaryType@2313052e
15:32:23.424 [main] DEBUG org.hibernate.type.BasicTypeRegistry - Adding type registration [Ljava.lang.Byte; -> org.hibernate.type.WrapperBinaryType@2313052e
15:32:23.425 [main] DEBUG org.hibernate.type.BasicTypeRegistry - Adding type registration row_version -> org.hibernate.type.RowVersionType@52045dbe
15:32:23.425 [main] DEBUG org.hibernate.type.BasicTypeRegistry - Adding type registration image -> org.hibernate.type.ImageType@73163d48
15:32:23.426 [main] DEBUG org.hibernate.type.BasicTypeRegistry - Adding type registration characters -> org.hibernate.type.CharArrayType@62f4ff3b
15:32:23.426 [main] DEBUG org.hibernate.type.BasicTypeRegistry - Adding type registration char[] -> org.hibernate.type.CharArrayType@62f4ff3b
15:32:23.426 [main] DEBUG org.hibernate.type.BasicTypeRegistry - Adding type registration [C -> org.hibernate.type.CharArrayType@62f4ff3b
15:32:23.427 [main] DEBUG org.hibernate.type.BasicTypeRegistry - Adding type registration wrapper-characters -> org.hibernate.type.CharacterArrayType@34997338
15:32:23.427 [main] DEBUG org.hibernate.type.BasicTypeRegistry - Adding type registration [Ljava.lang.Character; -> org.hibernate.type.CharacterArrayType@34997338
15:32:23.427 [main] DEBUG org.hibernate.type.BasicTypeRegistry - Adding type registration Character[] -> org.hibernate.type.CharacterArrayType@34997338
15:32:23.427 [main] DEBUG org.hibernate.type.BasicTypeRegistry - Adding type registration text -> org.hibernate.type.TextType@163d04ff
15:32:23.428 [main] DEBUG org.hibernate.type.BasicTypeRegistry - Adding type registration ntext -> org.hibernate.type.NTextType@788fcafb
15:32:23.431 [main] DEBUG org.hibernate.type.BasicTypeRegistry - Adding type registration blob -> org.hibernate.type.BlobType@6821ea29
15:32:23.431 [main] DEBUG org.hibernate.type.BasicTypeRegistry - Adding type registration java.sql.Blob -> org.hibernate.type.BlobType@6821ea29
15:32:23.431 [main] DEBUG org.hibernate.type.BasicTypeRegistry - Adding type registration materialized_blob -> org.hibernate.type.MaterializedBlobType@758c83d8
15:32:23.434 [main] DEBUG org.hibernate.type.BasicTypeRegistry - Adding type registration clob -> org.hibernate.type.ClobType@726e5805
15:32:23.434 [main] DEBUG org.hibernate.type.BasicTypeRegistry - Adding type registration java.sql.Clob -> org.hibernate.type.ClobType@726e5805
15:32:23.437 [main] DEBUG org.hibernate.type.BasicTypeRegistry - Adding type registration nclob -> org.hibernate.type.NClobType@75c9e76b
15:32:23.437 [main] DEBUG org.hibernate.type.BasicTypeRegistry - Adding type registration java.sql.NClob -> org.hibernate.type.NClobType@75c9e76b
15:32:23.437 [main] DEBUG org.hibernate.type.BasicTypeRegistry - Adding type registration materialized_clob -> org.hibernate.type.MaterializedClobType@4fbda97b
15:32:23.437 [main] DEBUG org.hibernate.type.BasicTypeRegistry - Adding type registration materialized_nclob -> org.hibernate.type.MaterializedNClobType@306851c7
15:32:23.438 [main] DEBUG org.hibernate.type.BasicTypeRegistry - Adding type registration serializable -> org.hibernate.type.SerializableType@5b43fbf6
15:32:23.440 [main] DEBUG org.hibernate.type.BasicTypeRegistry - Adding type registration object -> org.hibernate.type.ObjectType@40f1be1b
15:32:23.440 [main] DEBUG org.hibernate.type.BasicTypeRegistry - Adding type registration java.lang.Object -> org.hibernate.type.ObjectType@40f1be1b
15:32:23.441 [main] DEBUG org.hibernate.type.BasicTypeRegistry - Adding type registration imm_date -> org.hibernate.type.AdaptedImmutableType@14c01636
15:32:23.441 [main] DEBUG org.hibernate.type.BasicTypeRegistry - Adding type registration imm_time -> org.hibernate.type.AdaptedImmutableType@590c73d3
15:32:23.441 [main] DEBUG org.hibernate.type.BasicTypeRegistry - Adding type registration imm_timestamp -> org.hibernate.type.AdaptedImmutableType@6b9ce1bf
15:32:23.441 [main] DEBUG org.hibernate.type.BasicTypeRegistry - Adding type registration imm_dbtimestamp -> org.hibernate.type.AdaptedImmutableType@61884cb1
15:32:23.441 [main] DEBUG org.hibernate.type.BasicTypeRegistry - Adding type registration imm_calendar -> org.hibernate.type.AdaptedImmutableType@75ed9710
15:32:23.441 [main] DEBUG org.hibernate.type.BasicTypeRegistry - Adding type registration imm_calendar_date -> org.hibernate.type.AdaptedImmutableType@4fc5e095
15:32:23.441 [main] DEBUG org.hibernate.type.BasicTypeRegistry - Adding type registration imm_binary -> org.hibernate.type.AdaptedImmutableType@435871cb
15:32:23.441 [main] DEBUG org.hibernate.type.BasicTypeRegistry - Adding type registration imm_serializable -> org.hibernate.type.AdaptedImmutableType@609640d5
15:32:23.450 [main] DEBUG com.zaxxer.hikari.HikariConfig - HikariPool-1 - configuration:
15:32:23.453 [main] DEBUG com.zaxxer.hikari.HikariConfig - allowPoolSuspension.............false
15:32:23.453 [main] DEBUG com.zaxxer.hikari.HikariConfig - autoCommit......................true
15:32:23.453 [main] DEBUG com.zaxxer.hikari.HikariConfig - catalog.........................null
15:32:23.453 [main] DEBUG com.zaxxer.hikari.HikariConfig - connectionInitSql...............null
15:32:23.453 [main] DEBUG com.zaxxer.hikari.HikariConfig - connectionTestQuery.............null
15:32:23.453 [main] DEBUG com.zaxxer.hikari.HikariConfig - connectionTimeout...............30000
15:32:23.453 [main] DEBUG com.zaxxer.hikari.HikariConfig - dataSource......................null
15:32:23.453 [main] DEBUG com.zaxxer.hikari.HikariConfig - dataSourceClassName............."com.mysql.cj.jdbc.MysqlDataSource"
15:32:23.453 [main] DEBUG com.zaxxer.hikari.HikariConfig - dataSourceJNDI..................null
15:32:23.454 [main] DEBUG com.zaxxer.hikari.HikariConfig - dataSourceProperties............{password=<masked>, url=jdbc:mysql://localhost:3306/computer-database-db}
15:32:23.454 [main] DEBUG com.zaxxer.hikari.HikariConfig - driverClassName.................null
15:32:23.454 [main] DEBUG com.zaxxer.hikari.HikariConfig - healthCheckProperties...........{}
15:32:23.454 [main] DEBUG com.zaxxer.hikari.HikariConfig - healthCheckRegistry.............null
15:32:23.454 [main] DEBUG com.zaxxer.hikari.HikariConfig - idleTimeout.....................600000
15:32:23.454 [main] DEBUG com.zaxxer.hikari.HikariConfig - initializationFailFast..........true
15:32:23.454 [main] DEBUG com.zaxxer.hikari.HikariConfig - isolateInternalQueries..........false
15:32:23.455 [main] DEBUG com.zaxxer.hikari.HikariConfig - jdbc4ConnectionTest.............false
15:32:23.455 [main] DEBUG com.zaxxer.hikari.HikariConfig - jdbcUrl.........................null
15:32:23.455 [main] DEBUG com.zaxxer.hikari.HikariConfig - leakDetectionThreshold..........0
15:32:23.455 [main] DEBUG com.zaxxer.hikari.HikariConfig - maxLifetime.....................1800000
15:32:23.455 [main] DEBUG com.zaxxer.hikari.HikariConfig - maximumPoolSize.................10
15:32:23.455 [main] DEBUG com.zaxxer.hikari.HikariConfig - metricRegistry..................null
15:32:23.455 [main] DEBUG com.zaxxer.hikari.HikariConfig - metricsTrackerFactory...........null
15:32:23.455 [main] DEBUG com.zaxxer.hikari.HikariConfig - minimumIdle.....................10
15:32:23.455 [main] DEBUG com.zaxxer.hikari.HikariConfig - password........................<masked>
15:32:23.455 [main] DEBUG com.zaxxer.hikari.HikariConfig - poolName........................"HikariPool-1"
15:32:23.455 [main] DEBUG com.zaxxer.hikari.HikariConfig - readOnly........................false
15:32:23.455 [main] DEBUG com.zaxxer.hikari.HikariConfig - registerMbeans..................false
15:32:23.455 [main] DEBUG com.zaxxer.hikari.HikariConfig - scheduledExecutorService........null
15:32:23.455 [main] DEBUG com.zaxxer.hikari.HikariConfig - threadFactory...................null
15:32:23.455 [main] DEBUG com.zaxxer.hikari.HikariConfig - transactionIsolation............null
15:32:23.455 [main] DEBUG com.zaxxer.hikari.HikariConfig - username........................"admincdb"
15:32:23.455 [main] DEBUG com.zaxxer.hikari.HikariConfig - validationTimeout...............5000
15:32:23.456 [main] INFO  com.zaxxer.hikari.HikariDataSource - HikariPool-1 - Started.
15:32:23.681 [HikariPool-1 connection adder] DEBUG com.zaxxer.hikari.pool.HikariPool - HikariPool-1 - Added connection com.mysql.cj.jdbc.ConnectionImpl@27aeecdd
15:32:23.683 [main] DEBUG o.h.e.j.e.i.JdbcEnvironmentInitiator - Database ->
       name : MySQL
    version : 5.7.16-0ubuntu0.16.04.1
      major : 5
      minor : 7
15:32:23.683 [main] DEBUG o.h.e.j.e.i.JdbcEnvironmentInitiator - Driver ->
       name : MySQL Connector Java
    version : mysql-connector-java-6.0.5 ( Revision: 6e477e32dff18fb4dc102e53f5a68037a9f8762e )
      major : 6
      minor : 0
15:32:23.684 [main] DEBUG o.h.e.j.e.i.JdbcEnvironmentInitiator - JDBC version : 4.1
15:32:23.693 [main] INFO  org.hibernate.dialect.Dialect - HHH000400: Using dialect: org.hibernate.dialect.MySQL5Dialect
15:32:23.718 [main] DEBUG o.h.e.j.e.s.IdentifierHelperBuilder - JDBC driver metadata reported database stores quoted identifiers in more than one case
15:32:23.719 [main] DEBUG o.h.e.j.e.s.IdentifierHelperBuilder - IdentifierCaseStrategy for both quoted and unquoted identifiers was set to the same strategy [MIXED]; that will likely lead to problems in schema update and validation if using quoted identifiers
15:32:23.749 [main] DEBUG o.h.i.f.i.DefaultIdentifierGeneratorFactory - Registering IdentifierGenerator strategy [uuid2] -> [org.hibernate.id.UUIDGenerator]
15:32:23.749 [main] DEBUG o.h.i.f.i.DefaultIdentifierGeneratorFactory - Registering IdentifierGenerator strategy [guid] -> [org.hibernate.id.GUIDGenerator]
15:32:23.749 [main] DEBUG o.h.i.f.i.DefaultIdentifierGeneratorFactory - Registering IdentifierGenerator strategy [uuid] -> [org.hibernate.id.UUIDHexGenerator]
15:32:23.749 [main] DEBUG o.h.i.f.i.DefaultIdentifierGeneratorFactory - Registering IdentifierGenerator strategy [uuid.hex] -> [org.hibernate.id.UUIDHexGenerator]
15:32:23.750 [main] DEBUG o.h.i.f.i.DefaultIdentifierGeneratorFactory - Registering IdentifierGenerator strategy [assigned] -> [org.hibernate.id.Assigned]
15:32:23.750 [main] DEBUG o.h.i.f.i.DefaultIdentifierGeneratorFactory - Registering IdentifierGenerator strategy [identity] -> [org.hibernate.id.IdentityGenerator]
15:32:23.751 [main] DEBUG o.h.i.f.i.DefaultIdentifierGeneratorFactory - Registering IdentifierGenerator strategy [select] -> [org.hibernate.id.SelectGenerator]
15:32:23.751 [main] DEBUG o.h.i.f.i.DefaultIdentifierGeneratorFactory - Registering IdentifierGenerator strategy [sequence] -> [org.hibernate.id.enhanced.SequenceStyleGenerator]
15:32:23.752 [main] DEBUG o.h.i.f.i.DefaultIdentifierGeneratorFactory - Registering IdentifierGenerator strategy [seqhilo] -> [org.hibernate.id.SequenceHiLoGenerator]
15:32:23.752 [main] DEBUG o.h.i.f.i.DefaultIdentifierGeneratorFactory - Registering IdentifierGenerator strategy [increment] -> [org.hibernate.id.IncrementGenerator]
15:32:23.752 [main] DEBUG o.h.i.f.i.DefaultIdentifierGeneratorFactory - Registering IdentifierGenerator strategy [foreign] -> [org.hibernate.id.ForeignGenerator]
15:32:23.753 [main] DEBUG o.h.i.f.i.DefaultIdentifierGeneratorFactory - Registering IdentifierGenerator strategy [sequence-identity] -> [org.hibernate.id.SequenceIdentityGenerator]
15:32:23.753 [main] DEBUG o.h.i.f.i.DefaultIdentifierGeneratorFactory - Registering IdentifierGenerator strategy [enhanced-sequence] -> [org.hibernate.id.enhanced.SequenceStyleGenerator]
15:32:23.753 [main] DEBUG o.h.i.f.i.DefaultIdentifierGeneratorFactory - Registering IdentifierGenerator strategy [enhanced-table] -> [org.hibernate.id.enhanced.TableGenerator]
15:32:23.776 [main] DEBUG o.h.boot.model.relational.Namespace - Created database namespace [logicalName=Name{catalog=null, schema=null}, physicalName=Name{catalog=null, schema=null}]
15:32:23.780 [HikariPool-1 housekeeper] DEBUG com.zaxxer.hikari.pool.HikariPool - HikariPool-1 - Pool stats (total=1, active=0, idle=1, waiting=0)
15:32:23.785 [HikariPool-1 connection adder] DEBUG com.zaxxer.hikari.pool.HikariPool - HikariPool-1 - Added connection com.mysql.cj.jdbc.ConnectionImpl@4c4c240b
15:32:23.789 [HikariPool-1 connection adder] DEBUG com.zaxxer.hikari.pool.HikariPool - HikariPool-1 - Added connection com.mysql.cj.jdbc.ConnectionImpl@76e0db4a
15:32:23.793 [HikariPool-1 connection adder] DEBUG com.zaxxer.hikari.pool.HikariPool - HikariPool-1 - Added connection com.mysql.cj.jdbc.ConnectionImpl@7b2dc807
15:32:23.795 [main] DEBUG org.hibernate.cfg.AnnotationBinder - Binding entity from annotated class: com.excilys.formation.entity.Company
15:32:23.797 [HikariPool-1 connection adder] DEBUG com.zaxxer.hikari.pool.HikariPool - HikariPool-1 - Added connection com.mysql.cj.jdbc.ConnectionImpl@1ff6a542
15:32:23.801 [HikariPool-1 connection adder] DEBUG com.zaxxer.hikari.pool.HikariPool - HikariPool-1 - Added connection com.mysql.cj.jdbc.ConnectionImpl@14c26d5
15:32:23.804 [HikariPool-1 connection adder] DEBUG com.zaxxer.hikari.pool.HikariPool - HikariPool-1 - Added connection com.mysql.cj.jdbc.ConnectionImpl@6a8f6626
15:32:23.808 [HikariPool-1 connection adder] DEBUG com.zaxxer.hikari.pool.HikariPool - HikariPool-1 - Added connection com.mysql.cj.jdbc.ConnectionImpl@4e1ae4c6
15:32:23.811 [HikariPool-1 connection adder] DEBUG com.zaxxer.hikari.pool.HikariPool - HikariPool-1 - Added connection com.mysql.cj.jdbc.ConnectionImpl@5684c9c
15:32:23.812 [main] DEBUG org.hibernate.cfg.Ejb3Column - Binding column: Ejb3DiscriminatorColumn{logicalColumnName'DTYPE', discriminatorTypeName='string'}
15:32:23.814 [HikariPool-1 connection adder] DEBUG com.zaxxer.hikari.pool.HikariPool - HikariPool-1 - Added connection com.mysql.cj.jdbc.ConnectionImpl@7747ad7
15:32:23.814 [HikariPool-1 connection adder] DEBUG com.zaxxer.hikari.pool.HikariPool - HikariPool-1 - After adding stats (total=10, active=0, idle=10, waiting=0)
15:32:23.816 [main] DEBUG o.h.cfg.annotations.EntityBinder - Import with entity name Company
15:32:23.818 [main] DEBUG o.h.cfg.annotations.EntityBinder - Bind entity com.excilys.formation.entity.Company on table company
15:32:23.833 [main] DEBUG org.hibernate.cfg.Ejb3Column - Binding column: Ejb3Column{table=org.hibernate.mapping.Table(company), mappingColumn=id, insertable=true, updatable=true, unique=false}
15:32:23.835 [main] DEBUG o.h.cfg.annotations.PropertyBinder - MetadataSourceProcessor property id with lazy=false
15:32:23.837 [main] DEBUG o.h.cfg.AbstractPropertyHolder - Attempting to locate auto-apply AttributeConverter for property [com.excilys.formation.entity.Company:id]
15:32:23.838 [main] DEBUG o.h.c.annotations.SimpleValueBinder - building SimpleValue for id
15:32:23.839 [main] DEBUG o.h.cfg.annotations.PropertyBinder - Building property id
15:32:23.841 [main] DEBUG org.hibernate.cfg.Ejb3Column - Binding column: Ejb3Column{table=org.hibernate.mapping.Table(company), mappingColumn=name, insertable=true, updatable=true, unique=false}
15:32:23.841 [main] DEBUG o.h.cfg.annotations.PropertyBinder - MetadataSourceProcessor property name with lazy=false
15:32:23.841 [main] DEBUG o.h.cfg.AbstractPropertyHolder - Attempting to locate auto-apply AttributeConverter for property [com.excilys.formation.entity.Company:name]
15:32:23.841 [main] DEBUG o.h.c.annotations.SimpleValueBinder - building SimpleValue for name
15:32:23.841 [main] DEBUG o.h.cfg.annotations.PropertyBinder - Building property name
15:32:23.842 [main] DEBUG org.hibernate.cfg.AnnotationBinder - Binding entity from annotated class: com.excilys.formation.entity.Computer
15:32:23.842 [main] DEBUG org.hibernate.cfg.Ejb3Column - Binding column: Ejb3DiscriminatorColumn{logicalColumnName'DTYPE', discriminatorTypeName='string'}
15:32:23.842 [main] DEBUG o.h.cfg.annotations.EntityBinder - Import with entity name Computer
15:32:23.842 [main] DEBUG o.h.cfg.annotations.EntityBinder - Bind entity com.excilys.formation.entity.Computer on table computer
15:32:23.844 [main] DEBUG org.hibernate.cfg.Ejb3Column - Binding column: Ejb3Column{table=org.hibernate.mapping.Table(computer), mappingColumn=id, insertable=true, updatable=true, unique=false}
15:32:23.845 [main] DEBUG o.h.cfg.annotations.PropertyBinder - MetadataSourceProcessor property id with lazy=false
15:32:23.845 [main] DEBUG o.h.cfg.AbstractPropertyHolder - Attempting to locate auto-apply AttributeConverter for property [com.excilys.formation.entity.Computer:id]
15:32:23.845 [main] DEBUG o.h.c.annotations.SimpleValueBinder - building SimpleValue for id
15:32:23.845 [main] DEBUG o.h.cfg.annotations.PropertyBinder - Building property id
15:32:23.846 [main] DEBUG org.hibernate.cfg.Ejb3Column - Binding column: Ejb3JoinColumn{logicalColumnName='company_id', referencedColumn='', mappedBy=''}
15:32:23.846 [main] DEBUG org.hibernate.cfg.Ejb3Column - Binding column: Ejb3Column{table=org.hibernate.mapping.Table(computer), mappingColumn=company, insertable=true, updatable=true, unique=false}
15:32:23.848 [main] DEBUG o.h.cfg.annotations.PropertyBinder - Building property company
15:32:23.848 [main] DEBUG org.hibernate.cfg.Ejb3Column - Binding column: Ejb3Column{table=org.hibernate.mapping.Table(computer), mappingColumn=discontinued, insertable=true, updatable=true, unique=false}
15:32:23.848 [main] DEBUG o.h.cfg.annotations.PropertyBinder - MetadataSourceProcessor property discontinued with lazy=false
15:32:23.848 [main] DEBUG o.h.cfg.AbstractPropertyHolder - Attempting to locate auto-apply AttributeConverter for property [com.excilys.formation.entity.Computer:discontinued]
15:32:23.848 [main] DEBUG o.h.c.annotations.SimpleValueBinder - building SimpleValue for discontinued
15:32:23.848 [main] DEBUG o.h.cfg.annotations.PropertyBinder - Building property discontinued
15:32:23.849 [main] DEBUG org.hibernate.cfg.Ejb3Column - Binding column: Ejb3Column{table=org.hibernate.mapping.Table(computer), mappingColumn=introduced, insertable=true, updatable=true, unique=false}
15:32:23.849 [main] DEBUG o.h.cfg.annotations.PropertyBinder - MetadataSourceProcessor property introduced with lazy=false
15:32:23.849 [main] DEBUG o.h.cfg.AbstractPropertyHolder - Attempting to locate auto-apply AttributeConverter for property [com.excilys.formation.entity.Computer:introduced]
15:32:23.849 [main] DEBUG o.h.c.annotations.SimpleValueBinder - building SimpleValue for introduced
15:32:23.849 [main] DEBUG o.h.cfg.annotations.PropertyBinder - Building property introduced
15:32:23.849 [main] DEBUG org.hibernate.cfg.Ejb3Column - Binding column: Ejb3Column{table=org.hibernate.mapping.Table(computer), mappingColumn=name, insertable=true, updatable=true, unique=false}
15:32:23.849 [main] DEBUG o.h.cfg.annotations.PropertyBinder - MetadataSourceProcessor property name with lazy=false
15:32:23.849 [main] DEBUG o.h.cfg.AbstractPropertyHolder - Attempting to locate auto-apply AttributeConverter for property [com.excilys.formation.entity.Computer:name]
15:32:23.849 [main] DEBUG o.h.c.annotations.SimpleValueBinder - building SimpleValue for name
15:32:23.849 [main] DEBUG o.h.cfg.annotations.PropertyBinder - Building property name
15:32:23.849 [main] DEBUG org.hibernate.cfg.AnnotationBinder - Binding entity from annotated class: com.excilys.formation.entity.Role
15:32:23.849 [main] DEBUG org.hibernate.cfg.Ejb3Column - Binding column: Ejb3DiscriminatorColumn{logicalColumnName'DTYPE', discriminatorTypeName='string'}
15:32:23.849 [main] DEBUG o.h.cfg.annotations.EntityBinder - Import with entity name Role
15:32:23.849 [main] DEBUG o.h.cfg.annotations.EntityBinder - Bind entity com.excilys.formation.entity.Role on table role
15:32:23.852 [main] DEBUG org.hibernate.cfg.Ejb3Column - Binding column: Ejb3Column{table=org.hibernate.mapping.Table(role), mappingColumn=id, insertable=true, updatable=true, unique=false}
15:32:23.852 [main] DEBUG o.h.cfg.annotations.PropertyBinder - MetadataSourceProcessor property id with lazy=false
15:32:23.852 [main] DEBUG o.h.cfg.AbstractPropertyHolder - Attempting to locate auto-apply AttributeConverter for property [com.excilys.formation.entity.Role:id]
15:32:23.852 [main] DEBUG o.h.c.annotations.SimpleValueBinder - building SimpleValue for id
15:32:23.852 [main] DEBUG o.h.cfg.annotations.PropertyBinder - Building property id
15:32:23.852 [main] DEBUG org.hibernate.cfg.Ejb3Column - Binding column: Ejb3Column{table=org.hibernate.mapping.Table(role), mappingColumn=role, insertable=true, updatable=true, unique=false}
15:32:23.852 [main] DEBUG o.h.cfg.annotations.PropertyBinder - MetadataSourceProcessor property role with lazy=false
15:32:23.852 [main] DEBUG o.h.cfg.AbstractPropertyHolder - Attempting to locate auto-apply AttributeConverter for property [com.excilys.formation.entity.Role:role]
15:32:23.852 [main] DEBUG o.h.c.annotations.SimpleValueBinder - building SimpleValue for role
15:32:23.852 [main] DEBUG o.h.cfg.annotations.PropertyBinder - Building property role
15:32:23.853 [main] DEBUG org.hibernate.cfg.Ejb3Column - Binding column: Ejb3Column{table=org.hibernate.mapping.Table(role), mappingColumn=null, insertable=true, updatable=true, unique=false}
15:32:23.860 [main] DEBUG org.hibernate.cfg.Ejb3Column - Binding column: Ejb3Column{table=org.hibernate.mapping.Table(role), mappingColumn=element, insertable=true, updatable=true, unique=false}
15:32:23.860 [main] DEBUG org.hibernate.cfg.Ejb3Column - Binding column: Ejb3Column{table=org.hibernate.mapping.Table(role), mappingColumn=users_KEY, insertable=true, updatable=true, unique=false}
15:32:23.860 [main] DEBUG org.hibernate.cfg.Ejb3Column - Binding column: Ejb3JoinColumn{logicalColumnName='users_KEY', referencedColumn='null', mappedBy='null'}
15:32:23.861 [main] DEBUG org.hibernate.cfg.Ejb3Column - Binding column: Ejb3JoinColumn{logicalColumnName='null', referencedColumn='null', mappedBy='authorities'}
15:32:23.861 [main] DEBUG org.hibernate.cfg.Ejb3Column - Binding column: Ejb3JoinColumn{logicalColumnName='null', referencedColumn='null', mappedBy='authorities'}
15:32:23.861 [main] DEBUG o.h.cfg.annotations.CollectionBinder - Collection role: com.excilys.formation.entity.Role.users
15:32:23.863 [main] DEBUG o.h.cfg.annotations.PropertyBinder - Building property users
15:32:23.863 [main] DEBUG org.hibernate.cfg.AnnotationBinder - Binding entity from annotated class: com.excilys.formation.entity.User
15:32:23.863 [main] DEBUG org.hibernate.cfg.Ejb3Column - Binding column: Ejb3DiscriminatorColumn{logicalColumnName'DTYPE', discriminatorTypeName='string'}
15:32:23.863 [main] DEBUG o.h.cfg.annotations.EntityBinder - Import with entity name User
15:32:23.863 [main] DEBUG o.h.cfg.annotations.EntityBinder - Bind entity com.excilys.formation.entity.User on table user
15:32:23.866 [main] DEBUG org.hibernate.cfg.Ejb3Column - Binding column: Ejb3Column{table=org.hibernate.mapping.Table(user), mappingColumn=id, insertable=true, updatable=true, unique=false}
15:32:23.866 [main] DEBUG o.h.cfg.annotations.PropertyBinder - MetadataSourceProcessor property id with lazy=false
15:32:23.866 [main] DEBUG o.h.cfg.AbstractPropertyHolder - Attempting to locate auto-apply AttributeConverter for property [com.excilys.formation.entity.User:id]
15:32:23.866 [main] DEBUG o.h.c.annotations.SimpleValueBinder - building SimpleValue for id
15:32:23.866 [main] DEBUG o.h.cfg.annotations.PropertyBinder - Building property id
15:32:23.866 [main] DEBUG org.hibernate.cfg.Ejb3Column - Binding column: Ejb3Column{table=org.hibernate.mapping.Table(user), mappingColumn=authorities, insertable=true, updatable=true, unique=false}
15:32:23.866 [main] DEBUG org.hibernate.cfg.Ejb3Column - Binding column: Ejb3Column{table=org.hibernate.mapping.Table(user), mappingColumn=null, insertable=true, updatable=true, unique=false}
15:32:23.866 [main] DEBUG org.hibernate.cfg.Ejb3Column - Binding column: Ejb3Column{table=org.hibernate.mapping.Table(user), mappingColumn=element, insertable=true, updatable=true, unique=false}
15:32:23.866 [main] DEBUG org.hibernate.cfg.Ejb3Column - Binding column: Ejb3Column{table=org.hibernate.mapping.Table(user), mappingColumn=authorities_KEY, insertable=true, updatable=true, unique=false}
15:32:23.866 [main] DEBUG org.hibernate.cfg.Ejb3Column - Binding column: Ejb3JoinColumn{logicalColumnName='authorities_KEY', referencedColumn='null', mappedBy='null'}
15:32:23.866 [main] DEBUG org.hibernate.cfg.Ejb3Column - Binding column: Ejb3JoinColumn{logicalColumnName='user_id', referencedColumn='id', mappedBy=''}
15:32:23.867 [main] DEBUG org.hibernate.cfg.Ejb3Column - Binding column: Ejb3JoinColumn{logicalColumnName='role_id', referencedColumn='id', mappedBy=''}
15:32:23.867 [main] DEBUG o.h.cfg.annotations.CollectionBinder - Collection role: com.excilys.formation.entity.User.authorities
15:32:23.867 [main] DEBUG o.h.cfg.annotations.PropertyBinder - Building property authorities
15:32:23.867 [main] DEBUG org.hibernate.cfg.Ejb3Column - Binding column: Ejb3Column{table=org.hibernate.mapping.Table(user), mappingColumn=password, insertable=true, updatable=true, unique=false}
15:32:23.867 [main] DEBUG o.h.cfg.annotations.PropertyBinder - MetadataSourceProcessor property password with lazy=false
15:32:23.867 [main] DEBUG o.h.cfg.AbstractPropertyHolder - Attempting to locate auto-apply AttributeConverter for property [com.excilys.formation.entity.User:password]
15:32:23.867 [main] DEBUG o.h.c.annotations.SimpleValueBinder - building SimpleValue for password
15:32:23.867 [main] DEBUG o.h.cfg.annotations.PropertyBinder - Building property password
15:32:23.867 [main] DEBUG org.hibernate.cfg.Ejb3Column - Binding column: Ejb3Column{table=org.hibernate.mapping.Table(user), mappingColumn=status, insertable=true, updatable=true, unique=false}
15:32:23.867 [main] DEBUG o.h.cfg.annotations.PropertyBinder - MetadataSourceProcessor property status with lazy=false
15:32:23.867 [main] DEBUG o.h.cfg.AbstractPropertyHolder - Attempting to locate auto-apply AttributeConverter for property [com.excilys.formation.entity.User:status]
15:32:23.867 [main] DEBUG o.h.c.annotations.SimpleValueBinder - building SimpleValue for status
15:32:23.867 [main] DEBUG o.h.cfg.annotations.PropertyBinder - Building property status
15:32:23.867 [main] DEBUG org.hibernate.cfg.Ejb3Column - Binding column: Ejb3Column{table=org.hibernate.mapping.Table(user), mappingColumn=username, insertable=true, updatable=true, unique=false}
15:32:23.868 [main] DEBUG o.h.cfg.annotations.PropertyBinder - MetadataSourceProcessor property username with lazy=false
15:32:23.868 [main] DEBUG o.h.cfg.AbstractPropertyHolder - Attempting to locate auto-apply AttributeConverter for property [com.excilys.formation.entity.User:username]
15:32:23.868 [main] DEBUG o.h.c.annotations.SimpleValueBinder - building SimpleValue for username
15:32:23.868 [main] DEBUG o.h.cfg.annotations.PropertyBinder - Building property username
15:32:23.868 [main] DEBUG o.h.c.annotations.SimpleValueBinder - Starting fillSimpleValue for id
15:32:23.868 [main] DEBUG o.h.c.annotations.SimpleValueBinder - Starting fillSimpleValue for name
15:32:23.868 [main] DEBUG o.h.c.annotations.SimpleValueBinder - Starting fillSimpleValue for id
15:32:23.869 [main] DEBUG o.h.c.annotations.SimpleValueBinder - Starting fillSimpleValue for discontinued
15:32:23.869 [main] DEBUG o.h.c.annotations.SimpleValueBinder - Starting fillSimpleValue for introduced
15:32:23.869 [main] DEBUG o.h.c.annotations.SimpleValueBinder - Starting fillSimpleValue for name
15:32:23.869 [main] DEBUG o.h.c.annotations.SimpleValueBinder - Starting fillSimpleValue for id
15:32:23.869 [main] DEBUG o.h.c.annotations.SimpleValueBinder - Starting fillSimpleValue for role
15:32:23.869 [main] DEBUG o.h.c.annotations.SimpleValueBinder - Starting fillSimpleValue for id
15:32:23.869 [main] DEBUG o.h.c.annotations.SimpleValueBinder - Starting fillSimpleValue for password
15:32:23.869 [main] DEBUG o.h.c.annotations.SimpleValueBinder - Starting fillSimpleValue for status
15:32:23.869 [main] DEBUG o.h.c.annotations.SimpleValueBinder - Starting fillSimpleValue for username
15:32:23.872 [main] DEBUG org.hibernate.mapping.PrimaryKey - Forcing column [id] to be non-null as it is part of the primary key for table [company]
15:32:23.872 [main] DEBUG org.hibernate.mapping.PrimaryKey - Forcing column [id] to be non-null as it is part of the primary key for table [computer]
15:32:23.872 [main] DEBUG org.hibernate.mapping.PrimaryKey - Forcing column [id] to be non-null as it is part of the primary key for table [role]
15:32:23.872 [main] DEBUG org.hibernate.mapping.PrimaryKey - Forcing column [id] to be non-null as it is part of the primary key for table [user]
15:32:23.872 [main] DEBUG o.hibernate.cfg.CollectionSecondPass - Second pass for collection: com.excilys.formation.entity.User.authorities
15:32:23.872 [main] DEBUG o.h.cfg.annotations.CollectionBinder - Binding as ManyToMany: com.excilys.formation.entity.User.authorities
15:32:23.874 [main] DEBUG o.hibernate.cfg.CollectionSecondPass - Mapped collection key: user_id, element: role_id
15:32:23.874 [main] DEBUG o.hibernate.cfg.CollectionSecondPass - Second pass for collection: com.excilys.formation.entity.Role.users
15:32:23.874 [main] DEBUG o.h.cfg.annotations.CollectionBinder - Binding as ManyToMany: com.excilys.formation.entity.Role.users
15:32:23.874 [main] DEBUG o.h.cfg.annotations.TableBinder - Retrieving property com.excilys.formation.entity.User.authorities
15:32:23.875 [main] DEBUG o.hibernate.cfg.CollectionSecondPass - Mapped collection key: role_id, element: user_id
15:32:23.875 [main] DEBUG o.h.b.i.InFlightMetadataCollectorImpl - Resolving reference to class: com.excilys.formation.entity.Company
15:32:23.876 [main] DEBUG o.h.b.i.InFlightMetadataCollectorImpl - Resolving reference to class: com.excilys.formation.entity.Role
15:32:23.877 [main] DEBUG o.h.b.i.InFlightMetadataCollectorImpl - Resolving reference to class: com.excilys.formation.entity.User
15:32:23.877 [main] DEBUG o.h.b.i.InFlightMetadataCollectorImpl - Resolving reference to class: com.excilys.formation.entity.Company
15:32:23.877 [main] DEBUG o.h.b.i.InFlightMetadataCollectorImpl - Resolving reference to class: com.excilys.formation.entity.Role
15:32:23.877 [main] DEBUG o.h.b.i.InFlightMetadataCollectorImpl - Resolving reference to class: com.excilys.formation.entity.User
15:32:23.900 [main] DEBUG o.h.internal.SessionFactoryImpl - Building session factory
15:32:23.901 [main] DEBUG org.hibernate.cfg.Settings - SessionFactory name : null
15:32:23.901 [main] DEBUG org.hibernate.cfg.Settings - Automatic flush during beforeCompletion(): enabled
15:32:23.901 [main] DEBUG org.hibernate.cfg.Settings - Automatic session close at end of transaction: disabled
15:32:23.901 [main] DEBUG org.hibernate.cfg.Settings - Statistics: disabled
15:32:23.901 [main] DEBUG org.hibernate.cfg.Settings - Deleted entity synthetic identifier rollback: disabled
15:32:23.901 [main] DEBUG org.hibernate.cfg.Settings - Default entity-mode: pojo
15:32:23.901 [main] DEBUG org.hibernate.cfg.Settings - Check Nullability in Core (should be disabled when Bean Validation is on): enabled
15:32:23.901 [main] DEBUG org.hibernate.cfg.Settings - Allow initialization of lazy state outside session : disabled
15:32:23.901 [main] DEBUG org.hibernate.cfg.Settings - Using BatchFetchStyle : LEGACY
15:32:23.901 [main] DEBUG org.hibernate.cfg.Settings - Default batch fetch size: -1
15:32:23.901 [main] DEBUG org.hibernate.cfg.Settings - Maximum outer join fetch depth: 2
15:32:23.901 [main] DEBUG org.hibernate.cfg.Settings - Default null ordering: NONE
15:32:23.901 [main] DEBUG org.hibernate.cfg.Settings - Order SQL updates by primary key: disabled
15:32:23.901 [main] DEBUG org.hibernate.cfg.Settings - Order SQL inserts for batching: disabled
15:32:23.901 [main] DEBUG org.hibernate.cfg.Settings - multi-tenancy strategy : NONE
15:32:23.902 [main] DEBUG org.hibernate.cfg.Settings - JTA Track by Thread: enabled
15:32:23.902 [main] DEBUG org.hibernate.cfg.Settings - Query language substitutions: {}
15:32:23.902 [main] DEBUG org.hibernate.cfg.Settings - JPA query language strict compliance: disabled
15:32:23.902 [main] DEBUG org.hibernate.cfg.Settings - Named query checking : enabled
15:32:23.902 [main] DEBUG org.hibernate.cfg.Settings - Second-level cache: enabled
15:32:23.902 [main] DEBUG org.hibernate.cfg.Settings - Second-level query cache: disabled
15:32:23.902 [main] DEBUG org.hibernate.cfg.Settings - Second-level query cache factory: org.hibernate.cache.internal.StandardQueryCacheFactory@3b0ca5e1
15:32:23.902 [main] DEBUG org.hibernate.cfg.Settings - Second-level cache region prefix: null
15:32:23.902 [main] DEBUG org.hibernate.cfg.Settings - Optimize second-level cache for minimal puts: disabled
15:32:23.902 [main] DEBUG org.hibernate.cfg.Settings - Structured second-level cache entries: disabled
15:32:23.902 [main] DEBUG org.hibernate.cfg.Settings - Second-level cache direct-reference entries: disabled
15:32:23.902 [main] DEBUG org.hibernate.cfg.Settings - Automatic eviction of collection cache: disabled
15:32:23.902 [main] DEBUG org.hibernate.cfg.Settings - JDBC batch size: 15
15:32:23.902 [main] DEBUG org.hibernate.cfg.Settings - JDBC batch updates for versioned data: enabled
15:32:23.902 [main] DEBUG org.hibernate.cfg.Settings - Scrollable result sets: enabled
15:32:23.902 [main] DEBUG org.hibernate.cfg.Settings - Wrap result sets: disabled
15:32:23.902 [main] DEBUG org.hibernate.cfg.Settings - JDBC3 getGeneratedKeys(): enabled
15:32:23.902 [main] DEBUG org.hibernate.cfg.Settings - JDBC result set fetch size: null
15:32:23.902 [main] DEBUG org.hibernate.cfg.Settings - Connection release mode: ON_CLOSE
15:32:23.902 [main] DEBUG org.hibernate.cfg.Settings - Generate SQL with comments: disabled
15:32:23.943 [main] DEBUG o.h.internal.SessionFactoryImpl - Session factory constructed with filter configurations : {}
15:32:23.943 [main] DEBUG o.h.internal.SessionFactoryImpl - Instantiating session factory with properties: {awt.toolkit=sun.awt.X11.XToolkit, file.encoding.pkg=sun.io, java.specification.version=1.8, hibernate.connection.handling_mode=DELAYED_ACQUISITION_AND_HOLD, sun.cpu.isalist=, sun.jnu.encoding=UTF-8, hibernate.dialect=org.hibernate.dialect.MySQL5Dialect, java.class.path=/home/excilys/workspace/computer-database/persistence/target/test-classes:/home/excilys/workspace/computer-database/persistence/target/classes:/home/excilys/workspace/computer-database/core/target/classes:/home/excilys/.m2/repository/org/webjars/jquery/2.1.4/jquery-2.1.4.jar:/home/excilys/.m2/repository/org/slf4j/slf4j-api/1.7.16/slf4j-api-1.7.16.jar:/home/excilys/.m2/repository/ch/qos/logback/logback-classic/1.1.3/logback-classic-1.1.3.jar:/home/excilys/.m2/repository/ch/qos/logback/logback-core/1.1.3/logback-core-1.1.3.jar:/home/excilys/.m2/repository/javax/validation/validation-api/1.1.0.Final/validation-api-1.1.0.Final.jar:/home/excilys/.m2/repository/commons-validator/commons-validator/1.5.1/commons-validator-1.5.1.jar:/home/excilys/.m2/repository/commons-beanutils/commons-beanutils/1.9.2/commons-beanutils-1.9.2.jar:/home/excilys/.m2/repository/commons-digester/commons-digester/1.8.1/commons-digester-1.8.1.jar:/home/excilys/.m2/repository/org/hibernate/hibernate-validator/5.3.4.Final/hibernate-validator-5.3.4.Final.jar:/home/excilys/.m2/repository/com/sun/jersey/jersey-server/1.19.3/jersey-server-1.19.3.jar:/home/excilys/.m2/repository/com/sun/jersey/jersey-core/1.19.3/jersey-core-1.19.3.jar:/home/excilys/.m2/repository/javax/ws/rs/jsr311-api/1.1.1/jsr311-api-1.1.1.jar:/home/excilys/.m2/repository/com/sun/jersey/jersey-servlet/1.19.3/jersey-servlet-1.19.3.jar:/home/excilys/.m2/repository/org/seleniumhq/selenium/selenium-server/3.0.1/selenium-server-3.0.1.jar:/home/excilys/.m2/repository/com/beust/jcommander/1.48/jcommander-1.48.jar:/home/excilys/.m2/repository/net/jcip/jcip-annotations/1.0/jcip-annotations-1.0.jar:/home/excilys/.m2/repository/org/seleniumhq/selenium/jetty-repacked/9.2.13.v20160825/jetty-repacked-9.2.13.v20160825.jar:/home/excilys/.m2/repository/javax/servlet/javax.servlet-api/3.1.0/javax.servlet-api-3.1.0.jar:/home/excilys/.m2/repository/org/seleniumhq/selenium/htmlunit-driver/2.23/htmlunit-driver-2.23.jar:/home/excilys/.m2/repository/org/yaml/snakeyaml/1.15/snakeyaml-1.15.jar:/home/excilys/.m2/repository/org/seleniumhq/selenium/selenium-java/3.0.1/selenium-java-3.0.1.jar:/home/excilys/.m2/repository/org/seleniumhq/selenium/selenium-edge-driver/3.0.1/selenium-edge-driver-3.0.1.jar:/home/excilys/.m2/repository/org/seleniumhq/selenium/selenium-firefox-driver/3.0.1/selenium-firefox-driver-3.0.1.jar:/home/excilys/.m2/repository/org/seleniumhq/selenium/selenium-ie-driver/3.0.1/selenium-ie-driver-3.0.1.jar:/home/excilys/.m2/repository/org/seleniumhq/selenium/selenium-opera-driver/3.0.1/selenium-opera-driver-3.0.1.jar:/home/excilys/.m2/repository/org/seleniumhq/selenium/selenium-safari-driver/3.0.1/selenium-safari-driver-3.0.1.jar:/home/excilys/.m2/repository/io/netty/netty/3.5.7.Final/netty-3.5.7.Final.jar:/home/excilys/.m2/repository/org/seleniumhq/selenium/selenium-support/3.0.1/selenium-support-3.0.1.jar:/home/excilys/.m2/repository/net/sourceforge/htmlunit/htmlunit/2.23/htmlunit-2.23.jar:/home/excilys/.m2/repository/xalan/xalan/2.7.2/xalan-2.7.2.jar:/home/excilys/.m2/repository/xalan/serializer/2.7.2/serializer-2.7.2.jar:/home/excilys/.m2/repository/org/apache/commons/commons-lang3/3.4/commons-lang3-3.4.jar:/home/excilys/.m2/repository/org/apache/httpcomponents/httpclient/4.5.2/httpclient-4.5.2.jar:/home/excilys/.m2/repository/org/apache/httpcomponents/httpcore/4.4.4/httpcore-4.4.4.jar:/home/excilys/.m2/repository/org/apache/httpcomponents/httpmime/4.5.2/httpmime-4.5.2.jar:/home/excilys/.m2/repository/commons-codec/commons-codec/1.10/commons-codec-1.10.jar:/home/excilys/.m2/repository/net/sourceforge/htmlunit/htmlunit-core-js/2.23/htmlunit-core-js-2.23.jar:/home/excilys/.m2/repository/net/sourceforge/htmlunit/neko-htmlunit/2.23/neko-htmlunit-2.23.jar:/home/excilys/.m2/repository/xerces/xercesImpl/2.11.0/xercesImpl-2.11.0.jar:/home/excilys/.m2/repository/xml-apis/xml-apis/1.4.01/xml-apis-1.4.01.jar:/home/excilys/.m2/repository/net/sourceforge/cssparser/cssparser/0.9.20/cssparser-0.9.20.jar:/home/excilys/.m2/repository/org/w3c/css/sac/1.3/sac-1.3.jar:/home/excilys/.m2/repository/commons-io/commons-io/2.5/commons-io-2.5.jar:/home/excilys/.m2/repository/com/codeborne/phantomjsdriver/1.3.0/phantomjsdriver-1.3.0.jar:/home/excilys/.m2/repository/org/eclipse/jetty/websocket/websocket-client/9.2.15.v20160210/websocket-client-9.2.15.v20160210.jar:/home/excilys/.m2/repository/org/eclipse/jetty/jetty-util/9.2.15.v20160210/jetty-util-9.2.15.v20160210.jar:/home/excilys/.m2/repository/org/eclipse/jetty/jetty-io/9.2.15.v20160210/jetty-io-9.2.15.v20160210.jar:/home/excilys/.m2/repository/org/eclipse/jetty/websocket/websocket-common/9.2.15.v20160210/websocket-common-9.2.15.v20160210.jar:/home/excilys/.m2/repository/org/eclipse/jetty/websocket/websocket-api/9.2.15.v20160210/websocket-api-9.2.15.v20160210.jar:/home/excilys/.m2/repository/org/seleniumhq/selenium/selenium-chrome-driver/3.0.1/selenium-chrome-driver-3.0.1.jar:/home/excilys/.m2/repository/org/seleniumhq/selenium/selenium-remote-driver/3.0.1/selenium-remote-driver-3.0.1.jar:/home/excilys/.m2/repository/org/seleniumhq/selenium/selenium-api/3.0.1/selenium-api-3.0.1.jar:/home/excilys/.m2/repository/cglib/cglib-nodep/3.2.4/cglib-nodep-3.2.4.jar:/home/excilys/.m2/repository/org/apache/commons/commons-exec/1.3/commons-exec-1.3.jar:/home/excilys/.m2/repository/com/google/code/gson/gson/2.3.1/gson-2.3.1.jar:/home/excilys/.m2/repository/com/google/guava/guava/19.0/guava-19.0.jar:/home/excilys/.m2/repository/net/java/dev/jna/jna-platform/4.1.0/jna-platform-4.1.0.jar:/home/excilys/.m2/repository/net/java/dev/jna/jna/4.1.0/jna-4.1.0.jar:/home/excilys/.m2/repository/org/springframework/security/spring-security-core/4.2.1.RELEASE/spring-security-core-4.2.1.RELEASE.jar:/home/excilys/.m2/repository/aopalliance/aopalliance/1.0/aopalliance-1.0.jar:/home/excilys/.m2/repository/mysql/mysql-connector-java/6.0.5/mysql-connector-java-6.0.5.jar:/home/excilys/.m2/repository/junit/junit/4.12/junit-4.12.jar:/home/excilys/.m2/repository/org/hamcrest/hamcrest-core/1.3/hamcrest-core-1.3.jar:/home/excilys/.m2/repository/org/assertj/assertj-core/3.2.0/assertj-core-3.2.0.jar:/home/excilys/.m2/repository/org/springframework/spring-test/4.3.5.RELEASE/spring-test-4.3.5.RELEASE.jar:/home/excilys/.m2/repository/org/dbunit/dbunit/2.5.1/dbunit-2.5.1.jar:/home/excilys/.m2/repository/commons-collections/commons-collections/3.2.1/commons-collections-3.2.1.jar:/home/excilys/.m2/repository/org/apache/poi/poi-ooxml/3.11/poi-ooxml-3.11.jar:/home/excilys/.m2/repository/org/apache/poi/poi/3.11/poi-3.11.jar:/home/excilys/.m2/repository/org/apache/poi/poi-ooxml-schemas/3.11/poi-ooxml-schemas-3.11.jar:/home/excilys/.m2/repository/org/apache/xmlbeans/xmlbeans/2.6.0/xmlbeans-2.6.0.jar:/home/excilys/.m2/repository/stax/stax-api/1.0.1/stax-api-1.0.1.jar:/home/excilys/.m2/repository/com/github/springtestdbunit/spring-test-dbunit/1.2.1/spring-test-dbunit-1.2.1.jar:/home/excilys/.m2/repository/com/zaxxer/HikariCP/2.5.1/HikariCP-2.5.1.jar:/home/excilys/.m2/repository/org/hibernate/hibernate-core/5.2.5.Final/hibernate-core-5.2.5.Final.jar:/home/excilys/.m2/repository/org/jboss/logging/jboss-logging/3.3.0.Final/jboss-logging-3.3.0.Final.jar:/home/excilys/.m2/repository/org/hibernate/javax/persistence/hibernate-jpa-2.1-api/1.0.0.Final/hibernate-jpa-2.1-api-1.0.0.Final.jar:/home/excilys/.m2/repository/org/javassist/javassist/3.20.0-GA/javassist-3.20.0-GA.jar:/home/excilys/.m2/repository/antlr/antlr/2.7.7/antlr-2.7.7.jar:/home/excilys/.m2/repository/org/apache/geronimo/specs/geronimo-jta_1.1_spec/1.1.1/geronimo-jta_1.1_spec-1.1.1.jar:/home/excilys/.m2/repository/org/jboss/jandex/2.0.3.Final/jandex-2.0.3.Final.jar:/home/excilys/.m2/repository/com/fasterxml/classmate/1.3.0/classmate-1.3.0.jar:/home/excilys/.m2/repository/dom4j/dom4j/1.6.1/dom4j-1.6.1.jar:/home/excilys/.m2/repository/org/hibernate/common/hibernate-commons-annotations/5.0.1.Final/hibernate-commons-annotations-5.0.1.Final.jar:/home/excilys/.m2/repository/javax/enterprise/cdi-api/1.1/cdi-api-1.1.jar:/home/excilys/.m2/repository/javax/el/el-api/2.2/el-api-2.2.jar:/home/excilys/.m2/repository/org/jboss/spec/javax/interceptor/jboss-interceptors-api_1.1_spec/1.0.0.Beta1/jboss-interceptors-api_1.1_spec-1.0.0.Beta1.jar:/home/excilys/.m2/repository/javax/annotation/jsr250-api/1.0/jsr250-api-1.0.jar:/home/excilys/.m2/repository/javax/inject/javax.inject/1/javax.inject-1.jar:/home/excilys/.m2/repository/org/springframework/spring-core/4.3.5.RELEASE/spring-core-4.3.5.RELEASE.jar:/home/excilys/.m2/repository/commons-logging/commons-logging/1.2/commons-logging-1.2.jar:/home/excilys/.m2/repository/org/springframework/spring-context/4.3.5.RELEASE/spring-context-4.3.5.RELEASE.jar:/home/excilys/.m2/repository/org/springframework/spring-aop/4.3.5.RELEASE/spring-aop-4.3.5.RELEASE.jar:/home/excilys/.m2/repository/org/springframework/spring-expression/4.3.5.RELEASE/spring-expression-4.3.5.RELEASE.jar:/home/excilys/.m2/repository/org/springframework/spring-beans/4.3.5.RELEASE/spring-beans-4.3.5.RELEASE.jar:/home/excilys/.m2/repository/org/springframework/spring-tx/4.3.5.RELEASE/spring-tx-4.3.5.RELEASE.jar:/home/excilys/.m2/repository/org/springframework/spring-aspects/4.3.5.RELEASE/spring-aspects-4.3.5.RELEASE.jar:/home/excilys/.m2/repository/org/aspectj/aspectjweaver/1.8.9/aspectjweaver-1.8.9.jar:/home/excilys/.m2/repository/org/springframework/spring-jdbc/4.3.5.RELEASE/spring-jdbc-4.3.5.RELEASE.jar:/home/excilys/.m2/repository/org/springframework/spring-webmvc/4.3.5.RELEASE/spring-webmvc-4.3.5.RELEASE.jar:/home/excilys/.m2/repository/org/springframework/spring-web/4.3.5.RELEASE/spring-web-4.3.5.RELEASE.jar:/home/excilys/.m2/repository/org/springframework/spring-orm/4.3.5.RELEASE/spring-orm-4.3.5.RELEASE.jar:/home/excilys/.m2/repository/org/springframework/data/spring-data-jpa/1.10.6.RELEASE/spring-data-jpa-1.10.6.RELEASE.jar:/home/excilys/.m2/repository/org/springframework/data/spring-data-commons/1.12.6.RELEASE/spring-data-commons-1.12.6.RELEASE.jar:/home/excilys/.m2/repository/org/aspectj/aspectjrt/1.8.9/aspectjrt-1.8.9.jar:/home/excilys/.m2/repository/org/slf4j/jcl-over-slf4j/1.7.22/jcl-over-slf4j-1.7.22.jar:/home/excilys/.m2/repository/org/springframework/data/spring-data-rest-webmvc/2.5.6.RELEASE/spring-data-rest-webmvc-2.5.6.RELEASE.jar:/home/excilys/.m2/repository/org/springframework/data/spring-data-rest-core/2.5.6.RELEASE/spring-data-rest-core-2.5.6.RELEASE.jar:/home/excilys/.m2/repository/org/springframework/hateoas/spring-hateoas/0.20.0.RELEASE/spring-hateoas-0.20.0.RELEASE.jar:/home/excilys/.m2/repository/org/springframework/plugin/spring-plugin-core/1.2.0.RELEASE/spring-plugin-core-1.2.0.RELEASE.jar:/home/excilys/.m2/repository/org/atteo/evo-inflector/1.2.1/evo-inflector-1.2.1.jar:/home/excilys/.m2/repository/com/fasterxml/jackson/core/jackson-databind/2.6.7/jackson-databind-2.6.7.jar:/home/excilys/.m2/repository/com/fasterxml/jackson/core/jackson-core/2.6.7/jackson-core-2.6.7.jar:/home/excilys/.m2/repository/com/fasterxml/jackson/core/jackson-annotations/2.6.7/jackson-annotations-2.6.7.jar:/home/excilys/.m2/repository/org/eclipse/persistence/javax.persistence/2.1.1/javax.persistence-2.1.1.jar:, java.vm.vendor=Oracle Corporation, sun.arch.data.model=64, java.vendor.url=http://java.oracle.com/, user.timezone=Europe/Paris, os.name=Linux, java.vm.specification.version=1.8, javax.persistence.validation.mode=AUTO, user.country=FR, sun.java.launcher=SUN_STANDARD, sun.boot.library.path=/opt/jdk1.8.0_111/jre/lib/amd64, sun.java.command=/home/excilys/workspace/computer-database/persistence/target/surefire/surefirebooter7227981323345716141.jar /home/excilys/workspace/computer-database/persistence/target/surefire/surefire6888023006864862617tmp /home/excilys/workspace/computer-database/persistence/target/surefire/surefire_01627960282777357349tmp, javax.persistence.sharedCache.mode=UNSPECIFIED, surefire.test.class.path=/home/excilys/workspace/computer-database/persistence/target/test-classes:/home/excilys/workspace/computer-database/persistence/target/classes:/home/excilys/workspace/computer-database/core/target/classes:/home/excilys/.m2/repository/org/webjars/jquery/2.1.4/jquery-2.1.4.jar:/home/excilys/.m2/repository/org/slf4j/slf4j-api/1.7.16/slf4j-api-1.7.16.jar:/home/excilys/.m2/repository/ch/qos/logback/logback-classic/1.1.3/logback-classic-1.1.3.jar:/home/excilys/.m2/repository/ch/qos/logback/logback-core/1.1.3/logback-core-1.1.3.jar:/home/excilys/.m2/repository/javax/validation/validation-api/1.1.0.Final/validation-api-1.1.0.Final.jar:/home/excilys/.m2/repository/commons-validator/commons-validator/1.5.1/commons-validator-1.5.1.jar:/home/excilys/.m2/repository/commons-beanutils/commons-beanutils/1.9.2/commons-beanutils-1.9.2.jar:/home/excilys/.m2/repository/commons-digester/commons-digester/1.8.1/commons-digester-1.8.1.jar:/home/excilys/.m2/repository/org/hibernate/hibernate-validator/5.3.4.Final/hibernate-validator-5.3.4.Final.jar:/home/excilys/.m2/repository/com/sun/jersey/jersey-server/1.19.3/jersey-server-1.19.3.jar:/home/excilys/.m2/repository/com/sun/jersey/jersey-core/1.19.3/jersey-core-1.19.3.jar:/home/excilys/.m2/repository/javax/ws/rs/jsr311-api/1.1.1/jsr311-api-1.1.1.jar:/home/excilys/.m2/repository/com/sun/jersey/jersey-servlet/1.19.3/jersey-servlet-1.19.3.jar:/home/excilys/.m2/repository/org/seleniumhq/selenium/selenium-server/3.0.1/selenium-server-3.0.1.jar:/home/excilys/.m2/repository/com/beust/jcommander/1.48/jcommander-1.48.jar:/home/excilys/.m2/repository/net/jcip/jcip-annotations/1.0/jcip-annotations-1.0.jar:/home/excilys/.m2/repository/org/seleniumhq/selenium/jetty-repacked/9.2.13.v20160825/jetty-repacked-9.2.13.v20160825.jar:/home/excilys/.m2/repository/javax/servlet/javax.servlet-api/3.1.0/javax.servlet-api-3.1.0.jar:/home/excilys/.m2/repository/org/seleniumhq/selenium/htmlunit-driver/2.23/htmlunit-driver-2.23.jar:/home/excilys/.m2/repository/org/yaml/snakeyaml/1.15/snakeyaml-1.15.jar:/home/excilys/.m2/repository/org/seleniumhq/selenium/selenium-java/3.0.1/selenium-java-3.0.1.jar:/home/excilys/.m2/repository/org/seleniumhq/selenium/selenium-edge-driver/3.0.1/selenium-edge-driver-3.0.1.jar:/home/excilys/.m2/repository/org/seleniumhq/selenium/selenium-firefox-driver/3.0.1/selenium-firefox-driver-3.0.1.jar:/home/excilys/.m2/repository/org/seleniumhq/selenium/selenium-ie-driver/3.0.1/selenium-ie-driver-3.0.1.jar:/home/excilys/.m2/repository/org/seleniumhq/selenium/selenium-opera-driver/3.0.1/selenium-opera-driver-3.0.1.jar:/home/excilys/.m2/repository/org/seleniumhq/selenium/selenium-safari-driver/3.0.1/selenium-safari-driver-3.0.1.jar:/home/excilys/.m2/repository/io/netty/netty/3.5.7.Final/netty-3.5.7.Final.jar:/home/excilys/.m2/repository/org/seleniumhq/selenium/selenium-support/3.0.1/selenium-support-3.0.1.jar:/home/excilys/.m2/repository/net/sourceforge/htmlunit/htmlunit/2.23/htmlunit-2.23.jar:/home/excilys/.m2/repository/xalan/xalan/2.7.2/xalan-2.7.2.jar:/home/excilys/.m2/repository/xalan/serializer/2.7.2/serializer-2.7.2.jar:/home/excilys/.m2/repository/org/apache/commons/commons-lang3/3.4/commons-lang3-3.4.jar:/home/excilys/.m2/repository/org/apache/httpcomponents/httpclient/4.5.2/httpclient-4.5.2.jar:/home/excilys/.m2/repository/org/apache/httpcomponents/httpcore/4.4.4/httpcore-4.4.4.jar:/home/excilys/.m2/repository/org/apache/httpcomponents/httpmime/4.5.2/httpmime-4.5.2.jar:/home/excilys/.m2/repository/commons-codec/commons-codec/1.10/commons-codec-1.10.jar:/home/excilys/.m2/repository/net/sourceforge/htmlunit/htmlunit-core-js/2.23/htmlunit-core-js-2.23.jar:/home/excilys/.m2/repository/net/sourceforge/htmlunit/neko-htmlunit/2.23/neko-htmlunit-2.23.jar:/home/excilys/.m2/repository/xerces/xercesImpl/2.11.0/xercesImpl-2.11.0.jar:/home/excilys/.m2/repository/xml-apis/xml-apis/1.4.01/xml-apis-1.4.01.jar:/home/excilys/.m2/repository/net/sourceforge/cssparser/cssparser/0.9.20/cssparser-0.9.20.jar:/home/excilys/.m2/repository/org/w3c/css/sac/1.3/sac-1.3.jar:/home/excilys/.m2/repository/commons-io/commons-io/2.5/commons-io-2.5.jar:/home/excilys/.m2/repository/com/codeborne/phantomjsdriver/1.3.0/phantomjsdriver-1.3.0.jar:/home/excilys/.m2/repository/org/eclipse/jetty/websocket/websocket-client/9.2.15.v20160210/websocket-client-9.2.15.v20160210.jar:/home/excilys/.m2/repository/org/eclipse/jetty/jetty-util/9.2.15.v20160210/jetty-util-9.2.15.v20160210.jar:/home/excilys/.m2/repository/org/eclipse/jetty/jetty-io/9.2.15.v20160210/jetty-io-9.2.15.v20160210.jar:/home/excilys/.m2/repository/org/eclipse/jetty/websocket/websocket-common/9.2.15.v20160210/websocket-common-9.2.15.v20160210.jar:/home/excilys/.m2/repository/org/eclipse/jetty/websocket/websocket-api/9.2.15.v20160210/websocket-api-9.2.15.v20160210.jar:/home/excilys/.m2/repository/org/seleniumhq/selenium/selenium-chrome-driver/3.0.1/selenium-chrome-driver-3.0.1.jar:/home/excilys/.m2/repository/org/seleniumhq/selenium/selenium-remote-driver/3.0.1/selenium-remote-driver-3.0.1.jar:/home/excilys/.m2/repository/org/seleniumhq/selenium/selenium-api/3.0.1/selenium-api-3.0.1.jar:/home/excilys/.m2/repository/cglib/cglib-nodep/3.2.4/cglib-nodep-3.2.4.jar:/home/excilys/.m2/repository/org/apache/commons/commons-exec/1.3/commons-exec-1.3.jar:/home/excilys/.m2/repository/com/google/code/gson/gson/2.3.1/gson-2.3.1.jar:/home/excilys/.m2/repository/com/google/guava/guava/19.0/guava-19.0.jar:/home/excilys/.m2/repository/net/java/dev/jna/jna-platform/4.1.0/jna-platform-4.1.0.jar:/home/excilys/.m2/repository/net/java/dev/jna/jna/4.1.0/jna-4.1.0.jar:/home/excilys/.m2/repository/org/springframework/security/spring-security-core/4.2.1.RELEASE/spring-security-core-4.2.1.RELEASE.jar:/home/excilys/.m2/repository/aopalliance/aopalliance/1.0/aopalliance-1.0.jar:/home/excilys/.m2/repository/mysql/mysql-connector-java/6.0.5/mysql-connector-java-6.0.5.jar:/home/excilys/.m2/repository/junit/junit/4.12/junit-4.12.jar:/home/excilys/.m2/repository/org/hamcrest/hamcrest-core/1.3/hamcrest-core-1.3.jar:/home/excilys/.m2/repository/org/assertj/assertj-core/3.2.0/assertj-core-3.2.0.jar:/home/excilys/.m2/repository/org/springframework/spring-test/4.3.5.RELEASE/spring-test-4.3.5.RELEASE.jar:/home/excilys/.m2/repository/org/dbunit/dbunit/2.5.1/dbunit-2.5.1.jar:/home/excilys/.m2/repository/commons-collections/commons-collections/3.2.1/commons-collections-3.2.1.jar:/home/excilys/.m2/repository/org/apache/poi/poi-ooxml/3.11/poi-ooxml-3.11.jar:/home/excilys/.m2/repository/org/apache/poi/poi/3.11/poi-3.11.jar:/home/excilys/.m2/repository/org/apache/poi/poi-ooxml-schemas/3.11/poi-ooxml-schemas-3.11.jar:/home/excilys/.m2/repository/org/apache/xmlbeans/xmlbeans/2.6.0/xmlbeans-2.6.0.jar:/home/excilys/.m2/repository/stax/stax-api/1.0.1/stax-api-1.0.1.jar:/home/excilys/.m2/repository/com/github/springtestdbunit/spring-test-dbunit/1.2.1/spring-test-dbunit-1.2.1.jar:/home/excilys/.m2/repository/com/zaxxer/HikariCP/2.5.1/HikariCP-2.5.1.jar:/home/excilys/.m2/repository/org/hibernate/hibernate-core/5.2.5.Final/hibernate-core-5.2.5.Final.jar:/home/excilys/.m2/repository/org/jboss/logging/jboss-logging/3.3.0.Final/jboss-logging-3.3.0.Final.jar:/home/excilys/.m2/repository/org/hibernate/javax/persistence/hibernate-jpa-2.1-api/1.0.0.Final/hibernate-jpa-2.1-api-1.0.0.Final.jar:/home/excilys/.m2/repository/org/javassist/javassist/3.20.0-GA/javassist-3.20.0-GA.jar:/home/excilys/.m2/repository/antlr/antlr/2.7.7/antlr-2.7.7.jar:/home/excilys/.m2/repository/org/apache/geronimo/specs/geronimo-jta_1.1_spec/1.1.1/geronimo-jta_1.1_spec-1.1.1.jar:/home/excilys/.m2/repository/org/jboss/jandex/2.0.3.Final/jandex-2.0.3.Final.jar:/home/excilys/.m2/repository/com/fasterxml/classmate/1.3.0/classmate-1.3.0.jar:/home/excilys/.m2/repository/dom4j/dom4j/1.6.1/dom4j-1.6.1.jar:/home/excilys/.m2/repository/org/hibernate/common/hibernate-commons-annotations/5.0.1.Final/hibernate-commons-annotations-5.0.1.Final.jar:/home/excilys/.m2/repository/javax/enterprise/cdi-api/1.1/cdi-api-1.1.jar:/home/excilys/.m2/repository/javax/el/el-api/2.2/el-api-2.2.jar:/home/excilys/.m2/repository/org/jboss/spec/javax/interceptor/jboss-interceptors-api_1.1_spec/1.0.0.Beta1/jboss-interceptors-api_1.1_spec-1.0.0.Beta1.jar:/home/excilys/.m2/repository/javax/annotation/jsr250-api/1.0/jsr250-api-1.0.jar:/home/excilys/.m2/repository/javax/inject/javax.inject/1/javax.inject-1.jar:/home/excilys/.m2/repository/org/springframework/spring-core/4.3.5.RELEASE/spring-core-4.3.5.RELEASE.jar:/home/excilys/.m2/repository/commons-logging/commons-logging/1.2/commons-logging-1.2.jar:/home/excilys/.m2/repository/org/springframework/spring-context/4.3.5.RELEASE/spring-context-4.3.5.RELEASE.jar:/home/excilys/.m2/repository/org/springframework/spring-aop/4.3.5.RELEASE/spring-aop-4.3.5.RELEASE.jar:/home/excilys/.m2/repository/org/springframework/spring-expression/4.3.5.RELEASE/spring-expression-4.3.5.RELEASE.jar:/home/excilys/.m2/repository/org/springframework/spring-beans/4.3.5.RELEASE/spring-beans-4.3.5.RELEASE.jar:/home/excilys/.m2/repository/org/springframework/spring-tx/4.3.5.RELEASE/spring-tx-4.3.5.RELEASE.jar:/home/excilys/.m2/repository/org/springframework/spring-aspects/4.3.5.RELEASE/spring-aspects-4.3.5.RELEASE.jar:/home/excilys/.m2/repository/org/aspectj/aspectjweaver/1.8.9/aspectjweaver-1.8.9.jar:/home/excilys/.m2/repository/org/springframework/spring-jdbc/4.3.5.RELEASE/spring-jdbc-4.3.5.RELEASE.jar:/home/excilys/.m2/repository/org/springframework/spring-webmvc/4.3.5.RELEASE/spring-webmvc-4.3.5.RELEASE.jar:/home/excilys/.m2/repository/org/springframework/spring-web/4.3.5.RELEASE/spring-web-4.3.5.RELEASE.jar:/home/excilys/.m2/repository/org/springframework/spring-orm/4.3.5.RELEASE/spring-orm-4.3.5.RELEASE.jar:/home/excilys/.m2/repository/org/springframework/data/spring-data-jpa/1.10.6.RELEASE/spring-data-jpa-1.10.6.RELEASE.jar:/home/excilys/.m2/repository/org/springframework/data/spring-data-commons/1.12.6.RELEASE/spring-data-commons-1.12.6.RELEASE.jar:/home/excilys/.m2/repository/org/aspectj/aspectjrt/1.8.9/aspectjrt-1.8.9.jar:/home/excilys/.m2/repository/org/slf4j/jcl-over-slf4j/1.7.22/jcl-over-slf4j-1.7.22.jar:/home/excilys/.m2/repository/org/springframework/data/spring-data-rest-webmvc/2.5.6.RELEASE/spring-data-rest-webmvc-2.5.6.RELEASE.jar:/home/excilys/.m2/repository/org/springframework/data/spring-data-rest-core/2.5.6.RELEASE/spring-data-rest-core-2.5.6.RELEASE.jar:/home/excilys/.m2/repository/org/springframework/hateoas/spring-hateoas/0.20.0.RELEASE/spring-hateoas-0.20.0.RELEASE.jar:/home/excilys/.m2/repository/org/springframework/plugin/spring-plugin-core/1.2.0.RELEASE/spring-plugin-core-1.2.0.RELEASE.jar:/home/excilys/.m2/repository/org/atteo/evo-inflector/1.2.1/evo-inflector-1.2.1.jar:/home/excilys/.m2/repository/com/fasterxml/jackson/core/jackson-databind/2.6.7/jackson-databind-2.6.7.jar:/home/excilys/.m2/repository/com/fasterxml/jackson/core/jackson-core/2.6.7/jackson-core-2.6.7.jar:/home/excilys/.m2/repository/com/fasterxml/jackson/core/jackson-annotations/2.6.7/jackson-annotations-2.6.7.jar:/home/excilys/.m2/repository/org/eclipse/persistence/javax.persistence/2.1.1/javax.persistence-2.1.1.jar:, sun.cpu.endian=little, user.home=/home/excilys, user.language=fr, java.specification.vendor=Oracle Corporation, java.home=/opt/jdk1.8.0_111/jre, basedir=/home/excilys/workspace/computer-database/persistence, file.separator=/, line.separator=
, java.vm.specification.vendor=Oracle Corporation, java.specification.name=Java Platform API Specification, hibernate.transaction.coordinator_class=class org.hibernate.resource.transaction.backend.jdbc.internal.JdbcResourceLocalTransactionCoordinatorBuilderImpl, java.awt.graphicsenv=sun.awt.X11GraphicsEnvironment, surefire.real.class.path=/home/excilys/workspace/computer-database/persistence/target/surefire/surefirebooter7227981323345716141.jar, sun.boot.class.path=/opt/jdk1.8.0_111/jre/lib/resources.jar:/opt/jdk1.8.0_111/jre/lib/rt.jar:/opt/jdk1.8.0_111/jre/lib/sunrsasign.jar:/opt/jdk1.8.0_111/jre/lib/jsse.jar:/opt/jdk1.8.0_111/jre/lib/jce.jar:/opt/jdk1.8.0_111/jre/lib/charsets.jar:/opt/jdk1.8.0_111/jre/lib/jfr.jar:/opt/jdk1.8.0_111/jre/classes, hibernate.hbm2ddl.auto=update, sun.management.compiler=HotSpot 64-Bit Tiered Compilers, java.runtime.version=1.8.0_111-b14, user.name=excilys, path.separator=:, os.version=4.4.0-57-generic, java.endorsed.dirs=/opt/jdk1.8.0_111/jre/lib/endorsed, java.runtime.name=Java(TM) SE Runtime Environment, hibernate.ejb.persistenceUnitName=default, file.encoding=UTF-8, java.vm.name=Java HotSpot(TM) 64-Bit Server VM, localRepository=/home/excilys/.m2/repository, java.vendor.url.bug=http://bugreport.sun.com/bugreport/, java.io.tmpdir=/tmp, java.version=1.8.0_111, user.dir=/home/excilys/workspace/computer-database/persistence, os.arch=amd64, java.vm.specification.name=Java Virtual Machine Specification, java.awt.printerjob=sun.print.PSPrinterJob, sun.os.patch.level=unknown, hibernate.boot.CfgXmlAccessService.key=org.hibernate.boot.cfgxml.spi.LoadedConfig@5b5c0057, java.library.path=/usr/java/packages/lib/amd64:/usr/lib64:/lib64:/lib:/usr/lib, java.vm.info=mixed mode, java.vendor=Oracle Corporation, java.vm.version=25.111-b14, hibernate.bytecode.use_reflection_optimizer=false, hibernate.connection.datasource=HikariDataSource (HikariPool-1), java.ext.dirs=/opt/jdk1.8.0_111/jre/lib/ext:/usr/java/packages/lib/ext, sun.io.unicode.encoding=UnicodeLittle, java.class.version=52.0}
15:32:23.962 [main] INFO  o.h.validator.internal.util.Version - HV000001: Hibernate Validator 5.3.4.Final
15:32:23.973 [main] DEBUG o.h.v.i.e.r.DefaultTraversableResolver - Found javax.persistence.Persistence on classpath containing 'getPersistenceUtil'. Assuming JPA 2 environment. Trying to instantiate JPA aware TraversableResolver
15:32:23.973 [main] DEBUG o.h.v.i.e.r.DefaultTraversableResolver - Instantiated JPA aware TraversableResolver of type org.hibernate.validator.internal.engine.resolver.JPATraversableResolver.
15:32:23.975 [main] DEBUG o.h.v.i.xml.ValidationXmlParser - Trying to load META-INF/validation.xml for XML based Validator configuration.
15:32:23.976 [main] DEBUG o.h.v.i.xml.ResourceLoaderHelper - Trying to load META-INF/validation.xml via TCCL
15:32:23.976 [main] DEBUG o.h.v.i.xml.ResourceLoaderHelper - Trying to load META-INF/validation.xml via Hibernate Validator's class loader
15:32:23.976 [main] DEBUG o.h.v.i.xml.ValidationXmlParser - No META-INF/validation.xml found. Using annotation based configuration only.
15:32:23.985 [main] DEBUG o.h.c.b.TypeSafeActivator - Unable to acquire Bean Validation ValidatorFactory, skipping activation
15:32:23.985 [main] DEBUG o.h.secure.spi.JaccIntegrator - Skipping JACC integration as it was not enabled
15:32:23.988 [main] DEBUG o.hibernate.engine.spi.CascadeStyles - External cascade style regsitration [persist : STYLE_PERSIST_SKIPLAZY] overrode base registration [STYLE_PERSIST]
15:32:23.999 [main] DEBUG o.h.internal.SessionFactoryImpl - Instantiated session factory
15:32:24.025 [main] DEBUG o.h.b.internal.ClassLoaderAccessImpl - Not known whether passed class name [com.excilys.formation.entity.Computer] is safe
15:32:24.025 [main] DEBUG o.h.b.internal.ClassLoaderAccessImpl - No temp ClassLoader provided; using live ClassLoader for loading potentially unsafe class : com.excilys.formation.entity.Computer
15:32:24.036 [main] DEBUG o.h.b.internal.ClassLoaderAccessImpl - Not known whether passed class name [com.excilys.formation.entity.Computer] is safe
15:32:24.036 [main] DEBUG o.h.b.internal.ClassLoaderAccessImpl - No temp ClassLoader provided; using live ClassLoader for loading potentially unsafe class : com.excilys.formation.entity.Computer
15:32:24.048 [main] DEBUG o.h.b.internal.ClassLoaderAccessImpl - Not known whether passed class name [com.excilys.formation.entity.User] is safe
15:32:24.049 [main] DEBUG o.h.b.internal.ClassLoaderAccessImpl - No temp ClassLoader provided; using live ClassLoader for loading potentially unsafe class : com.excilys.formation.entity.User
15:32:24.051 [main] DEBUG o.h.b.internal.ClassLoaderAccessImpl - Not known whether passed class name [com.excilys.formation.entity.User] is safe
15:32:24.051 [main] DEBUG o.h.b.internal.ClassLoaderAccessImpl - No temp ClassLoader provided; using live ClassLoader for loading potentially unsafe class : com.excilys.formation.entity.User
15:32:24.065 [main] DEBUG o.h.b.internal.ClassLoaderAccessImpl - Not known whether passed class name [com.excilys.formation.entity.Role] is safe
15:32:24.065 [main] DEBUG o.h.b.internal.ClassLoaderAccessImpl - No temp ClassLoader provided; using live ClassLoader for loading potentially unsafe class : com.excilys.formation.entity.Role
15:32:24.066 [main] DEBUG o.h.b.internal.ClassLoaderAccessImpl - Not known whether passed class name [com.excilys.formation.entity.Role] is safe
15:32:24.066 [main] DEBUG o.h.b.internal.ClassLoaderAccessImpl - No temp ClassLoader provided; using live ClassLoader for loading potentially unsafe class : com.excilys.formation.entity.Role
15:32:24.067 [main] DEBUG o.h.b.internal.ClassLoaderAccessImpl - Not known whether passed class name [com.excilys.formation.entity.Company] is safe
15:32:24.068 [main] DEBUG o.h.b.internal.ClassLoaderAccessImpl - No temp ClassLoader provided; using live ClassLoader for loading potentially unsafe class : com.excilys.formation.entity.Company
15:32:24.068 [main] DEBUG o.h.b.internal.ClassLoaderAccessImpl - Not known whether passed class name [com.excilys.formation.entity.Company] is safe
15:32:24.068 [main] DEBUG o.h.b.internal.ClassLoaderAccessImpl - No temp ClassLoader provided; using live ClassLoader for loading potentially unsafe class : com.excilys.formation.entity.Company
15:32:24.075 [main] DEBUG o.h.p.c.AbstractCollectionPersister - Static SQL for collection: com.excilys.formation.entity.User.authorities
15:32:24.075 [main] DEBUG o.h.p.c.AbstractCollectionPersister -  Row insert: insert into user_roles (user_id, role_id) values (?, ?)
15:32:24.076 [main] DEBUG o.h.p.c.AbstractCollectionPersister -  Row update: update user_roles set role_id=? where user_id=? and role_id=?
15:32:24.076 [main] DEBUG o.h.p.c.AbstractCollectionPersister -  Row delete: delete from user_roles where user_id=? and role_id=?
15:32:24.076 [main] DEBUG o.h.p.c.AbstractCollectionPersister -  One-shot delete: delete from user_roles where user_id=?
15:32:24.076 [main] DEBUG o.h.p.c.AbstractCollectionPersister - Static SQL for collection: com.excilys.formation.entity.Role.users
15:32:24.076 [main] DEBUG o.h.p.c.AbstractCollectionPersister -  Row insert: insert into user_roles (role_id, user_id) values (?, ?)
15:32:24.076 [main] DEBUG o.h.p.c.AbstractCollectionPersister -  Row update: update user_roles set user_id=? where role_id=? and user_id=?
15:32:24.076 [main] DEBUG o.h.p.c.AbstractCollectionPersister -  Row delete: delete from user_roles where role_id=? and user_id=?
15:32:24.076 [main] DEBUG o.h.p.c.AbstractCollectionPersister -  One-shot delete: delete from user_roles where role_id=?
15:32:24.079 [main] DEBUG o.h.p.entity.AbstractEntityPersister - Static SQL for entity: com.excilys.formation.entity.Computer
15:32:24.080 [main] DEBUG o.h.p.entity.AbstractEntityPersister -  Version select: select id from computer where id =?
15:32:24.080 [main] DEBUG o.h.p.entity.AbstractEntityPersister -  Snapshot select: select computer_.id, computer_.company_id as company_5_1_, computer_.discontinued as disconti2_1_, computer_.introduced as introduc3_1_, computer_.name as name4_1_ from computer computer_ where computer_.id=?
15:32:24.080 [main] DEBUG o.h.p.entity.AbstractEntityPersister -  Insert 0: insert into computer (company_id, discontinued, introduced, name, id) values (?, ?, ?, ?, ?)
15:32:24.080 [main] DEBUG o.h.p.entity.AbstractEntityPersister -  Update 0: update computer set company_id=?, discontinued=?, introduced=?, name=? where id=?
15:32:24.080 [main] DEBUG o.h.p.entity.AbstractEntityPersister -  Delete 0: delete from computer where id=?
15:32:24.080 [main] DEBUG o.h.p.entity.AbstractEntityPersister -  Identity insert: insert into computer (company_id, discontinued, introduced, name) values (?, ?, ?, ?)
15:32:24.095 [main] DEBUG o.h.l.p.b.i.spaces.QuerySpacesImpl - Adding QuerySpace : uid = <gen:0> -> org.hibernate.loader.plan.build.internal.spaces.EntityQuerySpaceImpl@45d6ef73]
15:32:24.096 [main] DEBUG o.h.p.w.spi.MetamodelGraphWalker - Visiting attribute path : company
15:32:24.099 [main] DEBUG o.h.l.p.b.i.spaces.QuerySpacesImpl - Adding QuerySpace : uid = <gen:1> -> org.hibernate.loader.plan.build.internal.spaces.EntityQuerySpaceImpl@460510aa]
15:32:24.101 [main] DEBUG o.h.p.w.spi.MetamodelGraphWalker - Visiting attribute path : company.name
15:32:24.101 [main] DEBUG o.h.p.w.spi.MetamodelGraphWalker - Visiting attribute path : discontinued
15:32:24.101 [main] DEBUG o.h.p.w.spi.MetamodelGraphWalker - Visiting attribute path : introduced
15:32:24.101 [main] DEBUG o.h.p.w.spi.MetamodelGraphWalker - Visiting attribute path : name
15:32:24.101 [main] DEBUG o.h.l.p.b.i.FetchStyleLoadPlanBuildingAssociationVisitationStrategy - Building LoadPlan...
15:32:24.111 [main] DEBUG o.h.l.p.e.i.LoadQueryJoinAndFetchProcessor - processing queryspace <gen:0>
15:32:24.114 [main] DEBUG o.h.l.p.b.spi.LoadPlanTreePrinter - LoadPlan(entity=com.excilys.formation.entity.Computer)
    - Returns
       - EntityReturnImpl(entity=com.excilys.formation.entity.Computer, querySpaceUid=<gen:0>, path=com.excilys.formation.entity.Computer)
          - EntityAttributeFetchImpl(entity=com.excilys.formation.entity.Company, querySpaceUid=<gen:1>, path=com.excilys.formation.entity.Computer.company)
    - QuerySpaces
       - EntityQuerySpaceImpl(uid=<gen:0>, entity=com.excilys.formation.entity.Computer)
          - SQL table alias mapping - computer0_
          - alias suffix - 0_
          - suffixed key columns - {id1_1_0_}
          - JOIN (JoinDefinedByMetadata(company)) : <gen:0> -> <gen:1>
             - EntityQuerySpaceImpl(uid=<gen:1>, entity=com.excilys.formation.entity.Company)
                - SQL table alias mapping - company1_
                - alias suffix - 1_
                - suffixed key columns - {id1_0_1_}

15:32:24.116 [main] DEBUG o.h.loader.entity.plan.EntityLoader - Static select for entity com.excilys.formation.entity.Computer [NONE]: select computer0_.id as id1_1_0_, computer0_.company_id as company_5_1_0_, computer0_.discontinued as disconti2_1_0_, computer0_.introduced as introduc3_1_0_, computer0_.name as name4_1_0_, company1_.id as id1_0_1_, company1_.name as name2_0_1_ from computer computer0_ left outer join company company1_ on computer0_.company_id=company1_.id where computer0_.id=?
15:32:24.116 [main] DEBUG o.h.l.p.b.i.spaces.QuerySpacesImpl - Adding QuerySpace : uid = <gen:0> -> org.hibernate.loader.plan.build.internal.spaces.EntityQuerySpaceImpl@23202c31]
15:32:24.116 [main] DEBUG o.h.p.w.spi.MetamodelGraphWalker - Visiting attribute path : company
15:32:24.116 [main] DEBUG o.h.l.p.b.i.spaces.QuerySpacesImpl - Adding QuerySpace : uid = <gen:1> -> org.hibernate.loader.plan.build.internal.spaces.EntityQuerySpaceImpl@4f824872]
15:32:24.117 [main] DEBUG o.h.p.w.spi.MetamodelGraphWalker - Visiting attribute path : company.name
15:32:24.117 [main] DEBUG o.h.p.w.spi.MetamodelGraphWalker - Visiting attribute path : discontinued
15:32:24.117 [main] DEBUG o.h.p.w.spi.MetamodelGraphWalker - Visiting attribute path : introduced
15:32:24.117 [main] DEBUG o.h.p.w.spi.MetamodelGraphWalker - Visiting attribute path : name
15:32:24.117 [main] DEBUG o.h.l.p.b.i.FetchStyleLoadPlanBuildingAssociationVisitationStrategy - Building LoadPlan...
15:32:24.117 [main] DEBUG o.h.l.p.e.i.LoadQueryJoinAndFetchProcessor - processing queryspace <gen:0>
15:32:24.117 [main] DEBUG o.h.l.p.b.spi.LoadPlanTreePrinter - LoadPlan(entity=com.excilys.formation.entity.Computer)
    - Returns
       - EntityReturnImpl(entity=com.excilys.formation.entity.Computer, querySpaceUid=<gen:0>, path=com.excilys.formation.entity.Computer)
          - EntityAttributeFetchImpl(entity=com.excilys.formation.entity.Company, querySpaceUid=<gen:1>, path=com.excilys.formation.entity.Computer.company)
    - QuerySpaces
       - EntityQuerySpaceImpl(uid=<gen:0>, entity=com.excilys.formation.entity.Computer)
          - SQL table alias mapping - computer0_
          - alias suffix - 0_
          - suffixed key columns - {id1_1_0_}
          - JOIN (JoinDefinedByMetadata(company)) : <gen:0> -> <gen:1>
             - EntityQuerySpaceImpl(uid=<gen:1>, entity=com.excilys.formation.entity.Company)
                - SQL table alias mapping - company1_
                - alias suffix - 1_
                - suffixed key columns - {id1_0_1_}

15:32:24.117 [main] DEBUG o.h.loader.entity.plan.EntityLoader - Static select for entity com.excilys.formation.entity.Computer [READ]: select computer0_.id as id1_1_0_, computer0_.company_id as company_5_1_0_, computer0_.discontinued as disconti2_1_0_, computer0_.introduced as introduc3_1_0_, computer0_.name as name4_1_0_, company1_.id as id1_0_1_, company1_.name as name2_0_1_ from computer computer0_ left outer join company company1_ on computer0_.company_id=company1_.id where computer0_.id=?
15:32:24.117 [main] DEBUG o.h.l.p.b.i.spaces.QuerySpacesImpl - Adding QuerySpace : uid = <gen:0> -> org.hibernate.loader.plan.build.internal.spaces.EntityQuerySpaceImpl@29629fbb]
15:32:24.117 [main] DEBUG o.h.p.w.spi.MetamodelGraphWalker - Visiting attribute path : company
15:32:24.117 [main] DEBUG o.h.l.p.b.i.spaces.QuerySpacesImpl - Adding QuerySpace : uid = <gen:1> -> org.hibernate.loader.plan.build.internal.spaces.EntityQuerySpaceImpl@3506d826]
15:32:24.117 [main] DEBUG o.h.p.w.spi.MetamodelGraphWalker - Visiting attribute path : discontinued
15:32:24.117 [main] DEBUG o.h.p.w.spi.MetamodelGraphWalker - Visiting attribute path : introduced
15:32:24.117 [main] DEBUG o.h.p.w.spi.MetamodelGraphWalker - Visiting attribute path : name
15:32:24.118 [main] DEBUG o.h.l.p.b.i.FetchStyleLoadPlanBuildingAssociationVisitationStrategy - Building LoadPlan...
15:32:24.118 [main] DEBUG o.h.l.p.e.i.LoadQueryJoinAndFetchProcessor - processing queryspace <gen:0>
15:32:24.118 [main] DEBUG o.h.l.p.b.spi.LoadPlanTreePrinter - LoadPlan(entity=com.excilys.formation.entity.Computer)
    - Returns
       - EntityReturnImpl(entity=com.excilys.formation.entity.Computer, querySpaceUid=<gen:0>, path=com.excilys.formation.entity.Computer)
          - EntityAttributeFetchImpl(entity=com.excilys.formation.entity.Company, querySpaceUid=<gen:1>, path=com.excilys.formation.entity.Computer.company)
    - QuerySpaces
       - EntityQuerySpaceImpl(uid=<gen:0>, entity=com.excilys.formation.entity.Computer)
          - SQL table alias mapping - computer0_
          - alias suffix - 0_
          - suffixed key columns - {id1_1_0_}

15:32:24.118 [main] DEBUG o.h.loader.entity.plan.EntityLoader - Static select for entity com.excilys.formation.entity.Computer [UPGRADE]: select computer0_.id as id1_1_0_, computer0_.company_id as company_5_1_0_, computer0_.discontinued as disconti2_1_0_, computer0_.introduced as introduc3_1_0_, computer0_.name as name4_1_0_ from computer computer0_ where computer0_.id=? for update
15:32:24.118 [main] DEBUG o.h.l.p.b.i.spaces.QuerySpacesImpl - Adding QuerySpace : uid = <gen:0> -> org.hibernate.loader.plan.build.internal.spaces.EntityQuerySpaceImpl@35dd9ed3]
15:32:24.118 [main] DEBUG o.h.p.w.spi.MetamodelGraphWalker - Visiting attribute path : company
15:32:24.118 [main] DEBUG o.h.l.p.b.i.spaces.QuerySpacesImpl - Adding QuerySpace : uid = <gen:1> -> org.hibernate.loader.plan.build.internal.spaces.EntityQuerySpaceImpl@363f0ba0]
15:32:24.118 [main] DEBUG o.h.p.w.spi.MetamodelGraphWalker - Visiting attribute path : discontinued
15:32:24.118 [main] DEBUG o.h.p.w.spi.MetamodelGraphWalker - Visiting attribute path : introduced
15:32:24.118 [main] DEBUG o.h.p.w.spi.MetamodelGraphWalker - Visiting attribute path : name
15:32:24.118 [main] DEBUG o.h.l.p.b.i.FetchStyleLoadPlanBuildingAssociationVisitationStrategy - Building LoadPlan...
15:32:24.118 [main] DEBUG o.h.l.p.e.i.LoadQueryJoinAndFetchProcessor - processing queryspace <gen:0>
15:32:24.119 [main] DEBUG o.h.l.p.b.spi.LoadPlanTreePrinter - LoadPlan(entity=com.excilys.formation.entity.Computer)
    - Returns
       - EntityReturnImpl(entity=com.excilys.formation.entity.Computer, querySpaceUid=<gen:0>, path=com.excilys.formation.entity.Computer)
          - EntityAttributeFetchImpl(entity=com.excilys.formation.entity.Company, querySpaceUid=<gen:1>, path=com.excilys.formation.entity.Computer.company)
    - QuerySpaces
       - EntityQuerySpaceImpl(uid=<gen:0>, entity=com.excilys.formation.entity.Computer)
          - SQL table alias mapping - computer0_
          - alias suffix - 0_
          - suffixed key columns - {id1_1_0_}

15:32:24.119 [main] DEBUG o.h.loader.entity.plan.EntityLoader - Static select for entity com.excilys.formation.entity.Computer [UPGRADE_NOWAIT]: select computer0_.id as id1_1_0_, computer0_.company_id as company_5_1_0_, computer0_.discontinued as disconti2_1_0_, computer0_.introduced as introduc3_1_0_, computer0_.name as name4_1_0_ from computer computer0_ where computer0_.id=? for update
15:32:24.119 [main] DEBUG o.h.l.p.b.i.spaces.QuerySpacesImpl - Adding QuerySpace : uid = <gen:0> -> org.hibernate.loader.plan.build.internal.spaces.EntityQuerySpaceImpl@35fb22a9]
15:32:24.119 [main] DEBUG o.h.p.w.spi.MetamodelGraphWalker - Visiting attribute path : company
15:32:24.119 [main] DEBUG o.h.l.p.b.i.spaces.QuerySpacesImpl - Adding QuerySpace : uid = <gen:1> -> org.hibernate.loader.plan.build.internal.spaces.EntityQuerySpaceImpl@1e008f36]
15:32:24.119 [main] DEBUG o.h.p.w.spi.MetamodelGraphWalker - Visiting attribute path : discontinued
15:32:24.119 [main] DEBUG o.h.p.w.spi.MetamodelGraphWalker - Visiting attribute path : introduced
15:32:24.119 [main] DEBUG o.h.p.w.spi.MetamodelGraphWalker - Visiting attribute path : name
15:32:24.119 [main] DEBUG o.h.l.p.b.i.FetchStyleLoadPlanBuildingAssociationVisitationStrategy - Building LoadPlan...
15:32:24.119 [main] DEBUG o.h.l.p.e.i.LoadQueryJoinAndFetchProcessor - processing queryspace <gen:0>
15:32:24.119 [main] DEBUG o.h.l.p.b.spi.LoadPlanTreePrinter - LoadPlan(entity=com.excilys.formation.entity.Computer)
    - Returns
       - EntityReturnImpl(entity=com.excilys.formation.entity.Computer, querySpaceUid=<gen:0>, path=com.excilys.formation.entity.Computer)
          - EntityAttributeFetchImpl(entity=com.excilys.formation.entity.Company, querySpaceUid=<gen:1>, path=com.excilys.formation.entity.Computer.company)
    - QuerySpaces
       - EntityQuerySpaceImpl(uid=<gen:0>, entity=com.excilys.formation.entity.Computer)
          - SQL table alias mapping - computer0_
          - alias suffix - 0_
          - suffixed key columns - {id1_1_0_}

15:32:24.119 [main] DEBUG o.h.loader.entity.plan.EntityLoader - Static select for entity com.excilys.formation.entity.Computer [UPGRADE_SKIPLOCKED]: select computer0_.id as id1_1_0_, computer0_.company_id as company_5_1_0_, computer0_.discontinued as disconti2_1_0_, computer0_.introduced as introduc3_1_0_, computer0_.name as name4_1_0_ from computer computer0_ where computer0_.id=? for update
15:32:24.119 [main] DEBUG o.h.l.p.b.i.spaces.QuerySpacesImpl - Adding QuerySpace : uid = <gen:0> -> org.hibernate.loader.plan.build.internal.spaces.EntityQuerySpaceImpl@50acf55d]
15:32:24.119 [main] DEBUG o.h.p.w.spi.MetamodelGraphWalker - Visiting attribute path : company
15:32:24.120 [main] DEBUG o.h.l.p.b.i.spaces.QuerySpacesImpl - Adding QuerySpace : uid = <gen:1> -> org.hibernate.loader.plan.build.internal.spaces.EntityQuerySpaceImpl@184dbacc]
15:32:24.120 [main] DEBUG o.h.p.w.spi.MetamodelGraphWalker - Visiting attribute path : discontinued
15:32:24.120 [main] DEBUG o.h.p.w.spi.MetamodelGraphWalker - Visiting attribute path : introduced
15:32:24.120 [main] DEBUG o.h.p.w.spi.MetamodelGraphWalker - Visiting attribute path : name
15:32:24.120 [main] DEBUG o.h.l.p.b.i.FetchStyleLoadPlanBuildingAssociationVisitationStrategy - Building LoadPlan...
15:32:24.120 [main] DEBUG o.h.l.p.e.i.LoadQueryJoinAndFetchProcessor - processing queryspace <gen:0>
15:32:24.120 [main] DEBUG o.h.l.p.b.spi.LoadPlanTreePrinter - LoadPlan(entity=com.excilys.formation.entity.Computer)
    - Returns
       - EntityReturnImpl(entity=com.excilys.formation.entity.Computer, querySpaceUid=<gen:0>, path=com.excilys.formation.entity.Computer)
          - EntityAttributeFetchImpl(entity=com.excilys.formation.entity.Company, querySpaceUid=<gen:1>, path=com.excilys.formation.entity.Computer.company)
    - QuerySpaces
       - EntityQuerySpaceImpl(uid=<gen:0>, entity=com.excilys.formation.entity.Computer)
          - SQL table alias mapping - computer0_
          - alias suffix - 0_
          - suffixed key columns - {id1_1_0_}

15:32:24.120 [main] DEBUG o.h.loader.entity.plan.EntityLoader - Static select for entity com.excilys.formation.entity.Computer [FORCE]: select computer0_.id as id1_1_0_, computer0_.company_id as company_5_1_0_, computer0_.discontinued as disconti2_1_0_, computer0_.introduced as introduc3_1_0_, computer0_.name as name4_1_0_ from computer computer0_ where computer0_.id=? for update
15:32:24.120 [main] DEBUG o.h.l.p.b.i.spaces.QuerySpacesImpl - Adding QuerySpace : uid = <gen:0> -> org.hibernate.loader.plan.build.internal.spaces.EntityQuerySpaceImpl@2aeefcc]
15:32:24.120 [main] DEBUG o.h.p.w.spi.MetamodelGraphWalker - Visiting attribute path : company
15:32:24.121 [main] DEBUG o.h.l.p.b.i.spaces.QuerySpacesImpl - Adding QuerySpace : uid = <gen:1> -> org.hibernate.loader.plan.build.internal.spaces.EntityQuerySpaceImpl@7a22a3c2]
15:32:24.121 [main] DEBUG o.h.p.w.spi.MetamodelGraphWalker - Visiting attribute path : discontinued
15:32:24.121 [main] DEBUG o.h.p.w.spi.MetamodelGraphWalker - Visiting attribute path : introduced
15:32:24.121 [main] DEBUG o.h.p.w.spi.MetamodelGraphWalker - Visiting attribute path : name
15:32:24.121 [main] DEBUG o.h.l.p.b.i.FetchStyleLoadPlanBuildingAssociationVisitationStrategy - Building LoadPlan...
15:32:24.121 [main] DEBUG o.h.l.p.e.i.LoadQueryJoinAndFetchProcessor - processing queryspace <gen:0>
15:32:24.121 [main] DEBUG o.h.l.p.b.spi.LoadPlanTreePrinter - LoadPlan(entity=com.excilys.formation.entity.Computer)
    - Returns
       - EntityReturnImpl(entity=com.excilys.formation.entity.Computer, querySpaceUid=<gen:0>, path=com.excilys.formation.entity.Computer)
          - EntityAttributeFetchImpl(entity=com.excilys.formation.entity.Company, querySpaceUid=<gen:1>, path=com.excilys.formation.entity.Computer.company)
    - QuerySpaces
       - EntityQuerySpaceImpl(uid=<gen:0>, entity=com.excilys.formation.entity.Computer)
          - SQL table alias mapping - computer0_
          - alias suffix - 0_
          - suffixed key columns - {id1_1_0_}

15:32:24.121 [main] DEBUG o.h.loader.entity.plan.EntityLoader - Static select for entity com.excilys.formation.entity.Computer [PESSIMISTIC_READ]: select computer0_.id as id1_1_0_, computer0_.company_id as company_5_1_0_, computer0_.discontinued as disconti2_1_0_, computer0_.introduced as introduc3_1_0_, computer0_.name as name4_1_0_ from computer computer0_ where computer0_.id=? lock in share mode
15:32:24.121 [main] DEBUG o.h.l.p.b.i.spaces.QuerySpacesImpl - Adding QuerySpace : uid = <gen:0> -> org.hibernate.loader.plan.build.internal.spaces.EntityQuerySpaceImpl@f4cfd90]
15:32:24.121 [main] DEBUG o.h.p.w.spi.MetamodelGraphWalker - Visiting attribute path : company
15:32:24.121 [main] DEBUG o.h.l.p.b.i.spaces.QuerySpacesImpl - Adding QuerySpace : uid = <gen:1> -> org.hibernate.loader.plan.build.internal.spaces.EntityQuerySpaceImpl@301aa982]
15:32:24.121 [main] DEBUG o.h.p.w.spi.MetamodelGraphWalker - Visiting attribute path : discontinued
15:32:24.121 [main] DEBUG o.h.p.w.spi.MetamodelGraphWalker - Visiting attribute path : introduced
15:32:24.121 [main] DEBUG o.h.p.w.spi.MetamodelGraphWalker - Visiting attribute path : name
15:32:24.121 [main] DEBUG o.h.l.p.b.i.FetchStyleLoadPlanBuildingAssociationVisitationStrategy - Building LoadPlan...
15:32:24.122 [main] DEBUG o.h.l.p.e.i.LoadQueryJoinAndFetchProcessor - processing queryspace <gen:0>
15:32:24.122 [main] DEBUG o.h.l.p.b.spi.LoadPlanTreePrinter - LoadPlan(entity=com.excilys.formation.entity.Computer)
    - Returns
       - EntityReturnImpl(entity=com.excilys.formation.entity.Computer, querySpaceUid=<gen:0>, path=com.excilys.formation.entity.Computer)
          - EntityAttributeFetchImpl(entity=com.excilys.formation.entity.Company, querySpaceUid=<gen:1>, path=com.excilys.formation.entity.Computer.company)
    - QuerySpaces
       - EntityQuerySpaceImpl(uid=<gen:0>, entity=com.excilys.formation.entity.Computer)
          - SQL table alias mapping - computer0_
          - alias suffix - 0_
          - suffixed key columns - {id1_1_0_}

15:32:24.122 [main] DEBUG o.h.loader.entity.plan.EntityLoader - Static select for entity com.excilys.formation.entity.Computer [PESSIMISTIC_WRITE]: select computer0_.id as id1_1_0_, computer0_.company_id as company_5_1_0_, computer0_.discontinued as disconti2_1_0_, computer0_.introduced as introduc3_1_0_, computer0_.name as name4_1_0_ from computer computer0_ where computer0_.id=? for update
15:32:24.122 [main] DEBUG o.h.l.p.b.i.spaces.QuerySpacesImpl - Adding QuerySpace : uid = <gen:0> -> org.hibernate.loader.plan.build.internal.spaces.EntityQuerySpaceImpl@5fc930f0]
15:32:24.122 [main] DEBUG o.h.p.w.spi.MetamodelGraphWalker - Visiting attribute path : company
15:32:24.122 [main] DEBUG o.h.l.p.b.i.spaces.QuerySpacesImpl - Adding QuerySpace : uid = <gen:1> -> org.hibernate.loader.plan.build.internal.spaces.EntityQuerySpaceImpl@c6634d]
15:32:24.122 [main] DEBUG o.h.p.w.spi.MetamodelGraphWalker - Visiting attribute path : discontinued
15:32:24.122 [main] DEBUG o.h.p.w.spi.MetamodelGraphWalker - Visiting attribute path : introduced
15:32:24.122 [main] DEBUG o.h.p.w.spi.MetamodelGraphWalker - Visiting attribute path : name
15:32:24.122 [main] DEBUG o.h.l.p.b.i.FetchStyleLoadPlanBuildingAssociationVisitationStrategy - Building LoadPlan...
15:32:24.122 [main] DEBUG o.h.l.p.e.i.LoadQueryJoinAndFetchProcessor - processing queryspace <gen:0>
15:32:24.123 [main] DEBUG o.h.l.p.b.spi.LoadPlanTreePrinter - LoadPlan(entity=com.excilys.formation.entity.Computer)
    - Returns
       - EntityReturnImpl(entity=com.excilys.formation.entity.Computer, querySpaceUid=<gen:0>, path=com.excilys.formation.entity.Computer)
          - EntityAttributeFetchImpl(entity=com.excilys.formation.entity.Company, querySpaceUid=<gen:1>, path=com.excilys.formation.entity.Computer.company)
    - QuerySpaces
       - EntityQuerySpaceImpl(uid=<gen:0>, entity=com.excilys.formation.entity.Computer)
          - SQL table alias mapping - computer0_
          - alias suffix - 0_
          - suffixed key columns - {id1_1_0_}

15:32:24.123 [main] DEBUG o.h.loader.entity.plan.EntityLoader - Static select for entity com.excilys.formation.entity.Computer [PESSIMISTIC_FORCE_INCREMENT]: select computer0_.id as id1_1_0_, computer0_.company_id as company_5_1_0_, computer0_.discontinued as disconti2_1_0_, computer0_.introduced as introduc3_1_0_, computer0_.name as name4_1_0_ from computer computer0_ where computer0_.id=? for update
15:32:24.123 [main] DEBUG o.h.l.p.b.i.spaces.QuerySpacesImpl - Adding QuerySpace : uid = <gen:0> -> org.hibernate.loader.plan.build.internal.spaces.EntityQuerySpaceImpl@65f58c6e]
15:32:24.123 [main] DEBUG o.h.p.w.spi.MetamodelGraphWalker - Visiting attribute path : company
15:32:24.123 [main] DEBUG o.h.l.p.b.i.spaces.QuerySpacesImpl - Adding QuerySpace : uid = <gen:1> -> org.hibernate.loader.plan.build.internal.spaces.EntityQuerySpaceImpl@4ba380c7]
15:32:24.123 [main] DEBUG o.h.p.w.spi.MetamodelGraphWalker - Visiting attribute path : discontinued
15:32:24.123 [main] DEBUG o.h.p.w.spi.MetamodelGraphWalker - Visiting attribute path : introduced
15:32:24.123 [main] DEBUG o.h.p.w.spi.MetamodelGraphWalker - Visiting attribute path : name
15:32:24.123 [main] DEBUG o.h.l.p.b.i.FetchStyleLoadPlanBuildingAssociationVisitationStrategy - Building LoadPlan...
15:32:24.123 [main] DEBUG o.h.l.p.e.i.LoadQueryJoinAndFetchProcessor - processing queryspace <gen:0>
15:32:24.123 [main] DEBUG o.h.l.p.b.spi.LoadPlanTreePrinter - LoadPlan(entity=com.excilys.formation.entity.Computer)
    - Returns
       - EntityReturnImpl(entity=com.excilys.formation.entity.Computer, querySpaceUid=<gen:0>, path=com.excilys.formation.entity.Computer)
          - EntityAttributeFetchImpl(entity=com.excilys.formation.entity.Company, querySpaceUid=<gen:1>, path=com.excilys.formation.entity.Computer.company)
    - QuerySpaces
       - EntityQuerySpaceImpl(uid=<gen:0>, entity=com.excilys.formation.entity.Computer)
          - SQL table alias mapping - computer0_
          - alias suffix - 0_
          - suffixed key columns - {id1_1_0_}

15:32:24.123 [main] DEBUG o.h.loader.entity.plan.EntityLoader - Static select for entity com.excilys.formation.entity.Computer [OPTIMISTIC]: select computer0_.id as id1_1_0_, computer0_.company_id as company_5_1_0_, computer0_.discontinued as disconti2_1_0_, computer0_.introduced as introduc3_1_0_, computer0_.name as name4_1_0_ from computer computer0_ where computer0_.id=?
15:32:24.124 [main] DEBUG o.h.l.p.b.i.spaces.QuerySpacesImpl - Adding QuerySpace : uid = <gen:0> -> org.hibernate.loader.plan.build.internal.spaces.EntityQuerySpaceImpl@784c5ef5]
15:32:24.124 [main] DEBUG o.h.p.w.spi.MetamodelGraphWalker - Visiting attribute path : company
15:32:24.124 [main] DEBUG o.h.l.p.b.i.spaces.QuerySpacesImpl - Adding QuerySpace : uid = <gen:1> -> org.hibernate.loader.plan.build.internal.spaces.EntityQuerySpaceImpl@29528a22]
15:32:24.124 [main] DEBUG o.h.p.w.spi.MetamodelGraphWalker - Visiting attribute path : discontinued
15:32:24.124 [main] DEBUG o.h.p.w.spi.MetamodelGraphWalker - Visiting attribute path : introduced
15:32:24.124 [main] DEBUG o.h.p.w.spi.MetamodelGraphWalker - Visiting attribute path : name
15:32:24.124 [main] DEBUG o.h.l.p.b.i.FetchStyleLoadPlanBuildingAssociationVisitationStrategy - Building LoadPlan...
15:32:24.124 [main] DEBUG o.h.l.p.e.i.LoadQueryJoinAndFetchProcessor - processing queryspace <gen:0>
15:32:24.124 [main] DEBUG o.h.l.p.b.spi.LoadPlanTreePrinter - LoadPlan(entity=com.excilys.formation.entity.Computer)
    - Returns
       - EntityReturnImpl(entity=com.excilys.formation.entity.Computer, querySpaceUid=<gen:0>, path=com.excilys.formation.entity.Computer)
          - EntityAttributeFetchImpl(entity=com.excilys.formation.entity.Company, querySpaceUid=<gen:1>, path=com.excilys.formation.entity.Computer.company)
    - QuerySpaces
       - EntityQuerySpaceImpl(uid=<gen:0>, entity=com.excilys.formation.entity.Computer)
          - SQL table alias mapping - computer0_
          - alias suffix - 0_
          - suffixed key columns - {id1_1_0_}

15:32:24.124 [main] DEBUG o.h.loader.entity.plan.EntityLoader - Static select for entity com.excilys.formation.entity.Computer [OPTIMISTIC_FORCE_INCREMENT]: select computer0_.id as id1_1_0_, computer0_.company_id as company_5_1_0_, computer0_.discontinued as disconti2_1_0_, computer0_.introduced as introduc3_1_0_, computer0_.name as name4_1_0_ from computer computer0_ where computer0_.id=?
15:32:24.136 [main] DEBUG org.hibernate.loader.Loader - Static select for action ACTION_MERGE on entity com.excilys.formation.entity.Computer: select computer0_.id as id1_1_0_, computer0_.company_id as company_5_1_0_, computer0_.discontinued as disconti2_1_0_, computer0_.introduced as introduc3_1_0_, computer0_.name as name4_1_0_ from computer computer0_ where computer0_.id=?
15:32:24.136 [main] DEBUG org.hibernate.loader.Loader - Static select for action ACTION_REFRESH on entity com.excilys.formation.entity.Computer: select computer0_.id as id1_1_0_, computer0_.company_id as company_5_1_0_, computer0_.discontinued as disconti2_1_0_, computer0_.introduced as introduc3_1_0_, computer0_.name as name4_1_0_ from computer computer0_ where computer0_.id=?
15:32:24.136 [main] DEBUG o.h.p.entity.AbstractEntityPersister - Static SQL for entity: com.excilys.formation.entity.User
15:32:24.136 [main] DEBUG o.h.p.entity.AbstractEntityPersister -  Version select: select id from user where id =?
15:32:24.136 [main] DEBUG o.h.p.entity.AbstractEntityPersister -  Snapshot select: select user_.id, user_.password as password2_3_, user_.status as status3_3_, user_.username as username4_3_ from user user_ where user_.id=?
15:32:24.136 [main] DEBUG o.h.p.entity.AbstractEntityPersister -  Insert 0: insert into user (password, status, username, id) values (?, ?, ?, ?)
15:32:24.136 [main] DEBUG o.h.p.entity.AbstractEntityPersister -  Update 0: update user set password=?, status=?, username=? where id=?
15:32:24.136 [main] DEBUG o.h.p.entity.AbstractEntityPersister -  Delete 0: delete from user where id=?
15:32:24.136 [main] DEBUG o.h.p.entity.AbstractEntityPersister -  Identity insert: insert into user (password, status, username) values (?, ?, ?)
15:32:24.136 [main] DEBUG o.h.l.p.b.i.spaces.QuerySpacesImpl - Adding QuerySpace : uid = <gen:0> -> org.hibernate.loader.plan.build.internal.spaces.EntityQuerySpaceImpl@680d4a6a]
15:32:24.136 [main] DEBUG o.h.p.w.spi.MetamodelGraphWalker - Visiting attribute path : authorities
15:32:24.137 [main] DEBUG o.h.l.p.b.i.spaces.QuerySpacesImpl - Adding QuerySpace : uid = <gen:1> -> org.hibernate.loader.plan.build.internal.spaces.CollectionQuerySpaceImpl@418c020b]
15:32:24.138 [main] DEBUG o.h.l.p.b.i.spaces.QuerySpacesImpl - Adding QuerySpace : uid = <gen:2> -> org.hibernate.loader.plan.build.internal.spaces.EntityQuerySpaceImpl@37191ef0]
15:32:24.139 [main] DEBUG o.h.p.w.spi.MetamodelGraphWalker - Visiting attribute path : authorities.role
15:32:24.139 [main] DEBUG o.h.p.w.spi.MetamodelGraphWalker - Visiting attribute path : authorities.users
15:32:24.139 [main] DEBUG o.h.p.w.spi.MetamodelGraphWalker - Property path deemed to be circular : authorities.users
15:32:24.140 [main] DEBUG o.h.p.w.spi.MetamodelGraphWalker - Visiting attribute path : password
15:32:24.140 [main] DEBUG o.h.p.w.spi.MetamodelGraphWalker - Visiting attribute path : status
15:32:24.140 [main] DEBUG o.h.p.w.spi.MetamodelGraphWalker - Visiting attribute path : username
15:32:24.140 [main] DEBUG o.h.l.p.b.i.FetchStyleLoadPlanBuildingAssociationVisitationStrategy - Building LoadPlan...
15:32:24.140 [main] DEBUG o.h.l.p.e.i.LoadQueryJoinAndFetchProcessor - processing queryspace <gen:0>
15:32:24.142 [main] DEBUG o.h.l.p.b.spi.LoadPlanTreePrinter - LoadPlan(entity=com.excilys.formation.entity.User)
    - Returns
       - EntityReturnImpl(entity=com.excilys.formation.entity.User, querySpaceUid=<gen:0>, path=com.excilys.formation.entity.User)
          - CollectionAttributeFetchImpl(collection=com.excilys.formation.entity.User.authorities, querySpaceUid=<gen:1>, path=com.excilys.formation.entity.User.authorities)
             - (collection element) CollectionFetchableElementEntityGraph(entity=com.excilys.formation.entity.Role, querySpaceUid=<gen:2>, path=com.excilys.formation.entity.User.authorities.<elements>)
    - QuerySpaces
       - EntityQuerySpaceImpl(uid=<gen:0>, entity=com.excilys.formation.entity.User)
          - SQL table alias mapping - user0_
          - alias suffix - 0_
          - suffixed key columns - {id1_3_0_}
          - JOIN (JoinDefinedByMetadata(authorities)) : <gen:0> -> <gen:1>
             - CollectionQuerySpaceImpl(uid=<gen:1>, collection=com.excilys.formation.entity.User.authorities)
                - SQL table alias mapping - authoritie1_
                - alias suffix - 1_
                - suffixed key columns - {user_id1_4_1_}
                - entity-element alias suffix - 2_
                - 2_entity-element suffixed key columns - id1_2_2_
                - JOIN (JoinDefinedByMetadata(elements)) : <gen:1> -> <gen:2>
                   - EntityQuerySpaceImpl(uid=<gen:2>, entity=com.excilys.formation.entity.Role)
                      - SQL table alias mapping - role2_
                      - alias suffix - 2_
                      - suffixed key columns - {id1_2_2_}

15:32:24.142 [main] DEBUG o.h.loader.entity.plan.EntityLoader - Static select for entity com.excilys.formation.entity.User [NONE]: select user0_.id as id1_3_0_, user0_.password as password2_3_0_, user0_.status as status3_3_0_, user0_.username as username4_3_0_, authoritie1_.user_id as user_id1_4_1_, role2_.id as role_id2_4_1_, role2_.id as id1_2_2_, role2_.role as role2_2_2_ from user user0_ left outer join user_roles authoritie1_ on user0_.id=authoritie1_.user_id left outer join role role2_ on authoritie1_.role_id=role2_.id where user0_.id=?
15:32:24.142 [main] DEBUG o.h.l.p.b.i.spaces.QuerySpacesImpl - Adding QuerySpace : uid = <gen:0> -> org.hibernate.loader.plan.build.internal.spaces.EntityQuerySpaceImpl@2add4d24]
15:32:24.142 [main] DEBUG o.h.p.w.spi.MetamodelGraphWalker - Visiting attribute path : authorities
15:32:24.142 [main] DEBUG o.h.l.p.b.i.spaces.QuerySpacesImpl - Adding QuerySpace : uid = <gen:1> -> org.hibernate.loader.plan.build.internal.spaces.CollectionQuerySpaceImpl@12b5454f]
15:32:24.142 [main] DEBUG o.h.l.p.b.i.spaces.QuerySpacesImpl - Adding QuerySpace : uid = <gen:2> -> org.hibernate.loader.plan.build.internal.spaces.EntityQuerySpaceImpl@5445f5ba]
15:32:24.142 [main] DEBUG o.h.p.w.spi.MetamodelGraphWalker - Visiting attribute path : authorities.role
15:32:24.142 [main] DEBUG o.h.p.w.spi.MetamodelGraphWalker - Visiting attribute path : authorities.users
15:32:24.142 [main] DEBUG o.h.p.w.spi.MetamodelGraphWalker - Property path deemed to be circular : authorities.users
15:32:24.143 [main] DEBUG o.h.p.w.spi.MetamodelGraphWalker - Visiting attribute path : password
15:32:24.143 [main] DEBUG o.h.p.w.spi.MetamodelGraphWalker - Visiting attribute path : status
15:32:24.143 [main] DEBUG o.h.p.w.spi.MetamodelGraphWalker - Visiting attribute path : username
15:32:24.143 [main] DEBUG o.h.l.p.b.i.FetchStyleLoadPlanBuildingAssociationVisitationStrategy - Building LoadPlan...
15:32:24.143 [main] DEBUG o.h.l.p.e.i.LoadQueryJoinAndFetchProcessor - processing queryspace <gen:0>
15:32:24.143 [main] DEBUG o.h.l.p.b.spi.LoadPlanTreePrinter - LoadPlan(entity=com.excilys.formation.entity.User)
    - Returns
       - EntityReturnImpl(entity=com.excilys.formation.entity.User, querySpaceUid=<gen:0>, path=com.excilys.formation.entity.User)
          - CollectionAttributeFetchImpl(collection=com.excilys.formation.entity.User.authorities, querySpaceUid=<gen:1>, path=com.excilys.formation.entity.User.authorities)
             - (collection element) CollectionFetchableElementEntityGraph(entity=com.excilys.formation.entity.Role, querySpaceUid=<gen:2>, path=com.excilys.formation.entity.User.authorities.<elements>)
    - QuerySpaces
       - EntityQuerySpaceImpl(uid=<gen:0>, entity=com.excilys.formation.entity.User)
          - SQL table alias mapping - user0_
          - alias suffix - 0_
          - suffixed key columns - {id1_3_0_}
          - JOIN (JoinDefinedByMetadata(authorities)) : <gen:0> -> <gen:1>
             - CollectionQuerySpaceImpl(uid=<gen:1>, collection=com.excilys.formation.entity.User.authorities)
                - SQL table alias mapping - authoritie1_
                - alias suffix - 1_
                - suffixed key columns - {user_id1_4_1_}
                - entity-element alias suffix - 2_
                - 2_entity-element suffixed key columns - id1_2_2_
                - JOIN (JoinDefinedByMetadata(elements)) : <gen:1> -> <gen:2>
                   - EntityQuerySpaceImpl(uid=<gen:2>, entity=com.excilys.formation.entity.Role)
                      - SQL table alias mapping - role2_
                      - alias suffix - 2_
                      - suffixed key columns - {id1_2_2_}

15:32:24.143 [main] DEBUG o.h.loader.entity.plan.EntityLoader - Static select for entity com.excilys.formation.entity.User [READ]: select user0_.id as id1_3_0_, user0_.password as password2_3_0_, user0_.status as status3_3_0_, user0_.username as username4_3_0_, authoritie1_.user_id as user_id1_4_1_, role2_.id as role_id2_4_1_, role2_.id as id1_2_2_, role2_.role as role2_2_2_ from user user0_ left outer join user_roles authoritie1_ on user0_.id=authoritie1_.user_id left outer join role role2_ on authoritie1_.role_id=role2_.id where user0_.id=?
15:32:24.143 [main] DEBUG o.h.l.p.b.i.spaces.QuerySpacesImpl - Adding QuerySpace : uid = <gen:0> -> org.hibernate.loader.plan.build.internal.spaces.EntityQuerySpaceImpl@c808207]
15:32:24.143 [main] DEBUG o.h.p.w.spi.MetamodelGraphWalker - Visiting attribute path : authorities
15:32:24.143 [main] DEBUG o.h.l.p.b.i.spaces.QuerySpacesImpl - Adding QuerySpace : uid = <gen:1> -> org.hibernate.loader.plan.build.internal.spaces.CollectionQuerySpaceImpl@6a0cbc6f]
15:32:24.143 [main] DEBUG o.h.l.p.b.i.spaces.QuerySpacesImpl - Adding QuerySpace : uid = <gen:2> -> org.hibernate.loader.plan.build.internal.spaces.EntityQuerySpaceImpl@67110f71]
15:32:24.143 [main] DEBUG o.h.p.w.spi.MetamodelGraphWalker - Visiting attribute path : password
15:32:24.143 [main] DEBUG o.h.p.w.spi.MetamodelGraphWalker - Visiting attribute path : status
15:32:24.143 [main] DEBUG o.h.p.w.spi.MetamodelGraphWalker - Visiting attribute path : username
15:32:24.144 [main] DEBUG o.h.l.p.b.i.FetchStyleLoadPlanBuildingAssociationVisitationStrategy - Building LoadPlan...
15:32:24.144 [main] DEBUG o.h.l.p.e.i.LoadQueryJoinAndFetchProcessor - processing queryspace <gen:0>
15:32:24.144 [main] DEBUG o.h.l.p.b.spi.LoadPlanTreePrinter - LoadPlan(entity=com.excilys.formation.entity.User)
    - Returns
       - EntityReturnImpl(entity=com.excilys.formation.entity.User, querySpaceUid=<gen:0>, path=com.excilys.formation.entity.User)
          - CollectionAttributeFetchImpl(collection=com.excilys.formation.entity.User.authorities, querySpaceUid=<gen:1>, path=com.excilys.formation.entity.User.authorities)
             - (collection element) CollectionFetchableElementEntityGraph(entity=com.excilys.formation.entity.Role, querySpaceUid=<gen:2>, path=com.excilys.formation.entity.User.authorities.<elements>)
    - QuerySpaces
       - EntityQuerySpaceImpl(uid=<gen:0>, entity=com.excilys.formation.entity.User)
          - SQL table alias mapping - user0_
          - alias suffix - 0_
          - suffixed key columns - {id1_3_0_}

15:32:24.144 [main] DEBUG o.h.loader.entity.plan.EntityLoader - Static select for entity com.excilys.formation.entity.User [UPGRADE]: select user0_.id as id1_3_0_, user0_.password as password2_3_0_, user0_.status as status3_3_0_, user0_.username as username4_3_0_ from user user0_ where user0_.id=? for update
15:32:24.144 [main] DEBUG o.h.l.p.b.i.spaces.QuerySpacesImpl - Adding QuerySpace : uid = <gen:0> -> org.hibernate.loader.plan.build.internal.spaces.EntityQuerySpaceImpl@6f89292e]
15:32:24.144 [main] DEBUG o.h.p.w.spi.MetamodelGraphWalker - Visiting attribute path : authorities
15:32:24.144 [main] DEBUG o.h.l.p.b.i.spaces.QuerySpacesImpl - Adding QuerySpace : uid = <gen:1> -> org.hibernate.loader.plan.build.internal.spaces.CollectionQuerySpaceImpl@de77232]
15:32:24.144 [main] DEBUG o.h.l.p.b.i.spaces.QuerySpacesImpl - Adding QuerySpace : uid = <gen:2> -> org.hibernate.loader.plan.build.internal.spaces.EntityQuerySpaceImpl@62628e78]
15:32:24.144 [main] DEBUG o.h.p.w.spi.MetamodelGraphWalker - Visiting attribute path : password
15:32:24.144 [main] DEBUG o.h.p.w.spi.MetamodelGraphWalker - Visiting attribute path : status
15:32:24.144 [main] DEBUG o.h.p.w.spi.MetamodelGraphWalker - Visiting attribute path : username
15:32:24.144 [main] DEBUG o.h.l.p.b.i.FetchStyleLoadPlanBuildingAssociationVisitationStrategy - Building LoadPlan...
15:32:24.144 [main] DEBUG o.h.l.p.e.i.LoadQueryJoinAndFetchProcessor - processing queryspace <gen:0>
15:32:24.145 [main] DEBUG o.h.l.p.b.spi.LoadPlanTreePrinter - LoadPlan(entity=com.excilys.formation.entity.User)
    - Returns
       - EntityReturnImpl(entity=com.excilys.formation.entity.User, querySpaceUid=<gen:0>, path=com.excilys.formation.entity.User)
          - CollectionAttributeFetchImpl(collection=com.excilys.formation.entity.User.authorities, querySpaceUid=<gen:1>, path=com.excilys.formation.entity.User.authorities)
             - (collection element) CollectionFetchableElementEntityGraph(entity=com.excilys.formation.entity.Role, querySpaceUid=<gen:2>, path=com.excilys.formation.entity.User.authorities.<elements>)
    - QuerySpaces
       - EntityQuerySpaceImpl(uid=<gen:0>, entity=com.excilys.formation.entity.User)
          - SQL table alias mapping - user0_
          - alias suffix - 0_
          - suffixed key columns - {id1_3_0_}

15:32:24.145 [main] DEBUG o.h.loader.entity.plan.EntityLoader - Static select for entity com.excilys.formation.entity.User [UPGRADE_NOWAIT]: select user0_.id as id1_3_0_, user0_.password as password2_3_0_, user0_.status as status3_3_0_, user0_.username as username4_3_0_ from user user0_ where user0_.id=? for update
15:32:24.145 [main] DEBUG o.h.l.p.b.i.spaces.QuerySpacesImpl - Adding QuerySpace : uid = <gen:0> -> org.hibernate.loader.plan.build.internal.spaces.EntityQuerySpaceImpl@44841b43]
15:32:24.145 [main] DEBUG o.h.p.w.spi.MetamodelGraphWalker - Visiting attribute path : authorities
15:32:24.145 [main] DEBUG o.h.l.p.b.i.spaces.QuerySpacesImpl - Adding QuerySpace : uid = <gen:1> -> org.hibernate.loader.plan.build.internal.spaces.CollectionQuerySpaceImpl@4ab550d5]
15:32:24.145 [main] DEBUG o.h.l.p.b.i.spaces.QuerySpacesImpl - Adding QuerySpace : uid = <gen:2> -> org.hibernate.loader.plan.build.internal.spaces.EntityQuerySpaceImpl@3cd206b5]
15:32:24.145 [main] DEBUG o.h.p.w.spi.MetamodelGraphWalker - Visiting attribute path : password
15:32:24.145 [main] DEBUG o.h.p.w.spi.MetamodelGraphWalker - Visiting attribute path : status
15:32:24.145 [main] DEBUG o.h.p.w.spi.MetamodelGraphWalker - Visiting attribute path : username
15:32:24.145 [main] DEBUG o.h.l.p.b.i.FetchStyleLoadPlanBuildingAssociationVisitationStrategy - Building LoadPlan...
15:32:24.145 [main] DEBUG o.h.l.p.e.i.LoadQueryJoinAndFetchProcessor - processing queryspace <gen:0>
15:32:24.146 [main] DEBUG o.h.l.p.b.spi.LoadPlanTreePrinter - LoadPlan(entity=com.excilys.formation.entity.User)
    - Returns
       - EntityReturnImpl(entity=com.excilys.formation.entity.User, querySpaceUid=<gen:0>, path=com.excilys.formation.entity.User)
          - CollectionAttributeFetchImpl(collection=com.excilys.formation.entity.User.authorities, querySpaceUid=<gen:1>, path=com.excilys.formation.entity.User.authorities)
             - (collection element) CollectionFetchableElementEntityGraph(entity=com.excilys.formation.entity.Role, querySpaceUid=<gen:2>, path=com.excilys.formation.entity.User.authorities.<elements>)
    - QuerySpaces
       - EntityQuerySpaceImpl(uid=<gen:0>, entity=com.excilys.formation.entity.User)
          - SQL table alias mapping - user0_
          - alias suffix - 0_
          - suffixed key columns - {id1_3_0_}

15:32:24.146 [main] DEBUG o.h.loader.entity.plan.EntityLoader - Static select for entity com.excilys.formation.entity.User [UPGRADE_SKIPLOCKED]: select user0_.id as id1_3_0_, user0_.password as password2_3_0_, user0_.status as status3_3_0_, user0_.username as username4_3_0_ from user user0_ where user0_.id=? for update
15:32:24.146 [main] DEBUG o.h.l.p.b.i.spaces.QuerySpacesImpl - Adding QuerySpace : uid = <gen:0> -> org.hibernate.loader.plan.build.internal.spaces.EntityQuerySpaceImpl@58e85c6f]
15:32:24.146 [main] DEBUG o.h.p.w.spi.MetamodelGraphWalker - Visiting attribute path : authorities
15:32:24.146 [main] DEBUG o.h.l.p.b.i.spaces.QuerySpacesImpl - Adding QuerySpace : uid = <gen:1> -> org.hibernate.loader.plan.build.internal.spaces.CollectionQuerySpaceImpl@6ac0b715]
15:32:24.146 [main] DEBUG o.h.l.p.b.i.spaces.QuerySpacesImpl - Adding QuerySpace : uid = <gen:2> -> org.hibernate.loader.plan.build.internal.spaces.EntityQuerySpaceImpl@468be356]
15:32:24.146 [main] DEBUG o.h.p.w.spi.MetamodelGraphWalker - Visiting attribute path : password
15:32:24.146 [main] DEBUG o.h.p.w.spi.MetamodelGraphWalker - Visiting attribute path : status
15:32:24.146 [main] DEBUG o.h.p.w.spi.MetamodelGraphWalker - Visiting attribute path : username
15:32:24.146 [main] DEBUG o.h.l.p.b.i.FetchStyleLoadPlanBuildingAssociationVisitationStrategy - Building LoadPlan...
15:32:24.146 [main] DEBUG o.h.l.p.e.i.LoadQueryJoinAndFetchProcessor - processing queryspace <gen:0>
15:32:24.146 [main] DEBUG o.h.l.p.b.spi.LoadPlanTreePrinter - LoadPlan(entity=com.excilys.formation.entity.User)
    - Returns
       - EntityReturnImpl(entity=com.excilys.formation.entity.User, querySpaceUid=<gen:0>, path=com.excilys.formation.entity.User)
          - CollectionAttributeFetchImpl(collection=com.excilys.formation.entity.User.authorities, querySpaceUid=<gen:1>, path=com.excilys.formation.entity.User.authorities)
             - (collection element) CollectionFetchableElementEntityGraph(entity=com.excilys.formation.entity.Role, querySpaceUid=<gen:2>, path=com.excilys.formation.entity.User.authorities.<elements>)
    - QuerySpaces
       - EntityQuerySpaceImpl(uid=<gen:0>, entity=com.excilys.formation.entity.User)
          - SQL table alias mapping - user0_
          - alias suffix - 0_
          - suffixed key columns - {id1_3_0_}

15:32:24.146 [main] DEBUG o.h.loader.entity.plan.EntityLoader - Static select for entity com.excilys.formation.entity.User [FORCE]: select user0_.id as id1_3_0_, user0_.password as password2_3_0_, user0_.status as status3_3_0_, user0_.username as username4_3_0_ from user user0_ where user0_.id=? for update
15:32:24.146 [main] DEBUG o.h.l.p.b.i.spaces.QuerySpacesImpl - Adding QuerySpace : uid = <gen:0> -> org.hibernate.loader.plan.build.internal.spaces.EntityQuerySpaceImpl@5c9ac4cc]
15:32:24.146 [main] DEBUG o.h.p.w.spi.MetamodelGraphWalker - Visiting attribute path : authorities
15:32:24.146 [main] DEBUG o.h.l.p.b.i.spaces.QuerySpacesImpl - Adding QuerySpace : uid = <gen:1> -> org.hibernate.loader.plan.build.internal.spaces.CollectionQuerySpaceImpl@2264e43c]
15:32:24.146 [main] DEBUG o.h.l.p.b.i.spaces.QuerySpacesImpl - Adding QuerySpace : uid = <gen:2> -> org.hibernate.loader.plan.build.internal.spaces.EntityQuerySpaceImpl@3bec2275]
15:32:24.147 [main] DEBUG o.h.p.w.spi.MetamodelGraphWalker - Visiting attribute path : password
15:32:24.147 [main] DEBUG o.h.p.w.spi.MetamodelGraphWalker - Visiting attribute path : status
15:32:24.147 [main] DEBUG o.h.p.w.spi.MetamodelGraphWalker - Visiting attribute path : username
15:32:24.147 [main] DEBUG o.h.l.p.b.i.FetchStyleLoadPlanBuildingAssociationVisitationStrategy - Building LoadPlan...
15:32:24.147 [main] DEBUG o.h.l.p.e.i.LoadQueryJoinAndFetchProcessor - processing queryspace <gen:0>
15:32:24.147 [main] DEBUG o.h.l.p.b.spi.LoadPlanTreePrinter - LoadPlan(entity=com.excilys.formation.entity.User)
    - Returns
       - EntityReturnImpl(entity=com.excilys.formation.entity.User, querySpaceUid=<gen:0>, path=com.excilys.formation.entity.User)
          - CollectionAttributeFetchImpl(collection=com.excilys.formation.entity.User.authorities, querySpaceUid=<gen:1>, path=com.excilys.formation.entity.User.authorities)
             - (collection element) CollectionFetchableElementEntityGraph(entity=com.excilys.formation.entity.Role, querySpaceUid=<gen:2>, path=com.excilys.formation.entity.User.authorities.<elements>)
    - QuerySpaces
       - EntityQuerySpaceImpl(uid=<gen:0>, entity=com.excilys.formation.entity.User)
          - SQL table alias mapping - user0_
          - alias suffix - 0_
          - suffixed key columns - {id1_3_0_}

15:32:24.147 [main] DEBUG o.h.loader.entity.plan.EntityLoader - Static select for entity com.excilys.formation.entity.User [PESSIMISTIC_READ]: select user0_.id as id1_3_0_, user0_.password as password2_3_0_, user0_.status as status3_3_0_, user0_.username as username4_3_0_ from user user0_ where user0_.id=? lock in share mode
15:32:24.147 [main] DEBUG o.h.l.p.b.i.spaces.QuerySpacesImpl - Adding QuerySpace : uid = <gen:0> -> org.hibernate.loader.plan.build.internal.spaces.EntityQuerySpaceImpl@31da3d60]
15:32:24.147 [main] DEBUG o.h.p.w.spi.MetamodelGraphWalker - Visiting attribute path : authorities
15:32:24.147 [main] DEBUG o.h.l.p.b.i.spaces.QuerySpacesImpl - Adding QuerySpace : uid = <gen:1> -> org.hibernate.loader.plan.build.internal.spaces.CollectionQuerySpaceImpl@65ec8b24]
15:32:24.147 [main] DEBUG o.h.l.p.b.i.spaces.QuerySpacesImpl - Adding QuerySpace : uid = <gen:2> -> org.hibernate.loader.plan.build.internal.spaces.EntityQuerySpaceImpl@3f49e266]
15:32:24.147 [main] DEBUG o.h.p.w.spi.MetamodelGraphWalker - Visiting attribute path : password
15:32:24.147 [main] DEBUG o.h.p.w.spi.MetamodelGraphWalker - Visiting attribute path : status
15:32:24.147 [main] DEBUG o.h.p.w.spi.MetamodelGraphWalker - Visiting attribute path : username
15:32:24.147 [main] DEBUG o.h.l.p.b.i.FetchStyleLoadPlanBuildingAssociationVisitationStrategy - Building LoadPlan...
15:32:24.147 [main] DEBUG o.h.l.p.e.i.LoadQueryJoinAndFetchProcessor - processing queryspace <gen:0>
15:32:24.147 [main] DEBUG o.h.l.p.b.spi.LoadPlanTreePrinter - LoadPlan(entity=com.excilys.formation.entity.User)
    - Returns
       - EntityReturnImpl(entity=com.excilys.formation.entity.User, querySpaceUid=<gen:0>, path=com.excilys.formation.entity.User)
          - CollectionAttributeFetchImpl(collection=com.excilys.formation.entity.User.authorities, querySpaceUid=<gen:1>, path=com.excilys.formation.entity.User.authorities)
             - (collection element) CollectionFetchableElementEntityGraph(entity=com.excilys.formation.entity.Role, querySpaceUid=<gen:2>, path=com.excilys.formation.entity.User.authorities.<elements>)
    - QuerySpaces
       - EntityQuerySpaceImpl(uid=<gen:0>, entity=com.excilys.formation.entity.User)
          - SQL table alias mapping - user0_
          - alias suffix - 0_
          - suffixed key columns - {id1_3_0_}

15:32:24.148 [main] DEBUG o.h.loader.entity.plan.EntityLoader - Static select for entity com.excilys.formation.entity.User [PESSIMISTIC_WRITE]: select user0_.id as id1_3_0_, user0_.password as password2_3_0_, user0_.status as status3_3_0_, user0_.username as username4_3_0_ from user user0_ where user0_.id=? for update
15:32:24.148 [main] DEBUG o.h.l.p.b.i.spaces.QuerySpacesImpl - Adding QuerySpace : uid = <gen:0> -> org.hibernate.loader.plan.build.internal.spaces.EntityQuerySpaceImpl@5f18f9d2]
15:32:24.148 [main] DEBUG o.h.p.w.spi.MetamodelGraphWalker - Visiting attribute path : authorities
15:32:24.148 [main] DEBUG o.h.l.p.b.i.spaces.QuerySpacesImpl - Adding QuerySpace : uid = <gen:1> -> org.hibernate.loader.plan.build.internal.spaces.CollectionQuerySpaceImpl@58b67519]
15:32:24.148 [main] DEBUG o.h.l.p.b.i.spaces.QuerySpacesImpl - Adding QuerySpace : uid = <gen:2> -> org.hibernate.loader.plan.build.internal.spaces.EntityQuerySpaceImpl@281ce6bb]
15:32:24.148 [main] DEBUG o.h.p.w.spi.MetamodelGraphWalker - Visiting attribute path : password
15:32:24.148 [main] DEBUG o.h.p.w.spi.MetamodelGraphWalker - Visiting attribute path : status
15:32:24.148 [main] DEBUG o.h.p.w.spi.MetamodelGraphWalker - Visiting attribute path : username
15:32:24.148 [main] DEBUG o.h.l.p.b.i.FetchStyleLoadPlanBuildingAssociationVisitationStrategy - Building LoadPlan...
15:32:24.148 [main] DEBUG o.h.l.p.e.i.LoadQueryJoinAndFetchProcessor - processing queryspace <gen:0>
15:32:24.148 [main] DEBUG o.h.l.p.b.spi.LoadPlanTreePrinter - LoadPlan(entity=com.excilys.formation.entity.User)
    - Returns
       - EntityReturnImpl(entity=com.excilys.formation.entity.User, querySpaceUid=<gen:0>, path=com.excilys.formation.entity.User)
          - CollectionAttributeFetchImpl(collection=com.excilys.formation.entity.User.authorities, querySpaceUid=<gen:1>, path=com.excilys.formation.entity.User.authorities)
             - (collection element) CollectionFetchableElementEntityGraph(entity=com.excilys.formation.entity.Role, querySpaceUid=<gen:2>, path=com.excilys.formation.entity.User.authorities.<elements>)
    - QuerySpaces
       - EntityQuerySpaceImpl(uid=<gen:0>, entity=com.excilys.formation.entity.User)
          - SQL table alias mapping - user0_
          - alias suffix - 0_
          - suffixed key columns - {id1_3_0_}

15:32:24.148 [main] DEBUG o.h.loader.entity.plan.EntityLoader - Static select for entity com.excilys.formation.entity.User [PESSIMISTIC_FORCE_INCREMENT]: select user0_.id as id1_3_0_, user0_.password as password2_3_0_, user0_.status as status3_3_0_, user0_.username as username4_3_0_ from user user0_ where user0_.id=? for update
15:32:24.148 [main] DEBUG o.h.l.p.b.i.spaces.QuerySpacesImpl - Adding QuerySpace : uid = <gen:0> -> org.hibernate.loader.plan.build.internal.spaces.EntityQuerySpaceImpl@30d25c03]
15:32:24.148 [main] DEBUG o.h.p.w.spi.MetamodelGraphWalker - Visiting attribute path : authorities
15:32:24.148 [main] DEBUG o.h.l.p.b.i.spaces.QuerySpacesImpl - Adding QuerySpace : uid = <gen:1> -> org.hibernate.loader.plan.build.internal.spaces.CollectionQuerySpaceImpl@116a2108]
15:32:24.148 [main] DEBUG o.h.l.p.b.i.spaces.QuerySpacesImpl - Adding QuerySpace : uid = <gen:2> -> org.hibernate.loader.plan.build.internal.spaces.EntityQuerySpaceImpl@5e8c34a0]
15:32:24.148 [main] DEBUG o.h.p.w.spi.MetamodelGraphWalker - Visiting attribute path : password
15:32:24.148 [main] DEBUG o.h.p.w.spi.MetamodelGraphWalker - Visiting attribute path : status
15:32:24.148 [main] DEBUG o.h.p.w.spi.MetamodelGraphWalker - Visiting attribute path : username
15:32:24.148 [main] DEBUG o.h.l.p.b.i.FetchStyleLoadPlanBuildingAssociationVisitationStrategy - Building LoadPlan...
15:32:24.149 [main] DEBUG o.h.l.p.e.i.LoadQueryJoinAndFetchProcessor - processing queryspace <gen:0>
15:32:24.149 [main] DEBUG o.h.l.p.b.spi.LoadPlanTreePrinter - LoadPlan(entity=com.excilys.formation.entity.User)
    - Returns
       - EntityReturnImpl(entity=com.excilys.formation.entity.User, querySpaceUid=<gen:0>, path=com.excilys.formation.entity.User)
          - CollectionAttributeFetchImpl(collection=com.excilys.formation.entity.User.authorities, querySpaceUid=<gen:1>, path=com.excilys.formation.entity.User.authorities)
             - (collection element) CollectionFetchableElementEntityGraph(entity=com.excilys.formation.entity.Role, querySpaceUid=<gen:2>, path=com.excilys.formation.entity.User.authorities.<elements>)
    - QuerySpaces
       - EntityQuerySpaceImpl(uid=<gen:0>, entity=com.excilys.formation.entity.User)
          - SQL table alias mapping - user0_
          - alias suffix - 0_
          - suffixed key columns - {id1_3_0_}

15:32:24.149 [main] DEBUG o.h.loader.entity.plan.EntityLoader - Static select for entity com.excilys.formation.entity.User [OPTIMISTIC]: select user0_.id as id1_3_0_, user0_.password as password2_3_0_, user0_.status as status3_3_0_, user0_.username as username4_3_0_ from user user0_ where user0_.id=?
15:32:24.149 [main] DEBUG o.h.l.p.b.i.spaces.QuerySpacesImpl - Adding QuerySpace : uid = <gen:0> -> org.hibernate.loader.plan.build.internal.spaces.EntityQuerySpaceImpl@7c1c5936]
15:32:24.149 [main] DEBUG o.h.p.w.spi.MetamodelGraphWalker - Visiting attribute path : authorities
15:32:24.149 [main] DEBUG o.h.l.p.b.i.spaces.QuerySpacesImpl - Adding QuerySpace : uid = <gen:1> -> org.hibernate.loader.plan.build.internal.spaces.CollectionQuerySpaceImpl@3ac8cf9b]
15:32:24.149 [main] DEBUG o.h.l.p.b.i.spaces.QuerySpacesImpl - Adding QuerySpace : uid = <gen:2> -> org.hibernate.loader.plan.build.internal.spaces.EntityQuerySpaceImpl@55ec556]
15:32:24.149 [main] DEBUG o.h.p.w.spi.MetamodelGraphWalker - Visiting attribute path : password
15:32:24.149 [main] DEBUG o.h.p.w.spi.MetamodelGraphWalker - Visiting attribute path : status
15:32:24.149 [main] DEBUG o.h.p.w.spi.MetamodelGraphWalker - Visiting attribute path : username
15:32:24.149 [main] DEBUG o.h.l.p.b.i.FetchStyleLoadPlanBuildingAssociationVisitationStrategy - Building LoadPlan...
15:32:24.149 [main] DEBUG o.h.l.p.e.i.LoadQueryJoinAndFetchProcessor - processing queryspace <gen:0>
15:32:24.149 [main] DEBUG o.h.l.p.b.spi.LoadPlanTreePrinter - LoadPlan(entity=com.excilys.formation.entity.User)
    - Returns
       - EntityReturnImpl(entity=com.excilys.formation.entity.User, querySpaceUid=<gen:0>, path=com.excilys.formation.entity.User)
          - CollectionAttributeFetchImpl(collection=com.excilys.formation.entity.User.authorities, querySpaceUid=<gen:1>, path=com.excilys.formation.entity.User.authorities)
             - (collection element) CollectionFetchableElementEntityGraph(entity=com.excilys.formation.entity.Role, querySpaceUid=<gen:2>, path=com.excilys.formation.entity.User.authorities.<elements>)
    - QuerySpaces
       - EntityQuerySpaceImpl(uid=<gen:0>, entity=com.excilys.formation.entity.User)
          - SQL table alias mapping - user0_
          - alias suffix - 0_
          - suffixed key columns - {id1_3_0_}

15:32:24.149 [main] DEBUG o.h.loader.entity.plan.EntityLoader - Static select for entity com.excilys.formation.entity.User [OPTIMISTIC_FORCE_INCREMENT]: select user0_.id as id1_3_0_, user0_.password as password2_3_0_, user0_.status as status3_3_0_, user0_.username as username4_3_0_ from user user0_ where user0_.id=?
15:32:24.150 [main] DEBUG org.hibernate.loader.Loader - Static select for action ACTION_MERGE on entity com.excilys.formation.entity.User: select user0_.id as id1_3_1_, user0_.password as password2_3_1_, user0_.status as status3_3_1_, user0_.username as username4_3_1_, authoritie1_.user_id as user_id1_4_3_, role2_.id as role_id2_4_3_, role2_.id as id1_2_0_, role2_.role as role2_2_0_ from user user0_ left outer join user_roles authoritie1_ on user0_.id=authoritie1_.user_id left outer join role role2_ on authoritie1_.role_id=role2_.id where user0_.id=?
15:32:24.150 [main] DEBUG org.hibernate.loader.Loader - Static select for action ACTION_REFRESH on entity com.excilys.formation.entity.User: select user0_.id as id1_3_1_, user0_.password as password2_3_1_, user0_.status as status3_3_1_, user0_.username as username4_3_1_, authoritie1_.user_id as user_id1_4_3_, role2_.id as role_id2_4_3_, role2_.id as id1_2_0_, role2_.role as role2_2_0_ from user user0_ left outer join user_roles authoritie1_ on user0_.id=authoritie1_.user_id left outer join role role2_ on authoritie1_.role_id=role2_.id where user0_.id=?
15:32:24.151 [main] DEBUG o.h.p.entity.AbstractEntityPersister - Static SQL for entity: com.excilys.formation.entity.Role
15:32:24.151 [main] DEBUG o.h.p.entity.AbstractEntityPersister -  Version select: select id from role where id =?
15:32:24.151 [main] DEBUG o.h.p.entity.AbstractEntityPersister -  Snapshot select: select role_.id, role_.role as role2_2_ from role role_ where role_.id=?
15:32:24.151 [main] DEBUG o.h.p.entity.AbstractEntityPersister -  Insert 0: insert into role (role, id) values (?, ?)
15:32:24.151 [main] DEBUG o.h.p.entity.AbstractEntityPersister -  Update 0: update role set role=? where id=?
15:32:24.151 [main] DEBUG o.h.p.entity.AbstractEntityPersister -  Delete 0: delete from role where id=?
15:32:24.151 [main] DEBUG o.h.p.entity.AbstractEntityPersister -  Identity insert: insert into role (role) values (?)
15:32:24.151 [main] DEBUG o.h.l.p.b.i.spaces.QuerySpacesImpl - Adding QuerySpace : uid = <gen:0> -> org.hibernate.loader.plan.build.internal.spaces.EntityQuerySpaceImpl@4b869331]
15:32:24.151 [main] DEBUG o.h.p.w.spi.MetamodelGraphWalker - Visiting attribute path : role
15:32:24.151 [main] DEBUG o.h.p.w.spi.MetamodelGraphWalker - Visiting attribute path : users
15:32:24.151 [main] DEBUG o.h.l.p.b.i.spaces.QuerySpacesImpl - Adding QuerySpace : uid = <gen:1> -> org.hibernate.loader.plan.build.internal.spaces.CollectionQuerySpaceImpl@ce9b9a9]
15:32:24.151 [main] DEBUG o.h.l.p.b.i.spaces.QuerySpacesImpl - Adding QuerySpace : uid = <gen:2> -> org.hibernate.loader.plan.build.internal.spaces.EntityQuerySpaceImpl@4ad3d266]
15:32:24.151 [main] DEBUG o.h.l.p.b.i.FetchStyleLoadPlanBuildingAssociationVisitationStrategy - Building LoadPlan...
15:32:24.151 [main] DEBUG o.h.l.p.e.i.LoadQueryJoinAndFetchProcessor - processing queryspace <gen:0>
15:32:24.151 [main] DEBUG o.h.l.p.b.spi.LoadPlanTreePrinter - LoadPlan(entity=com.excilys.formation.entity.Role)
    - Returns
       - EntityReturnImpl(entity=com.excilys.formation.entity.Role, querySpaceUid=<gen:0>, path=com.excilys.formation.entity.Role)
          - CollectionAttributeFetchImpl(collection=com.excilys.formation.entity.Role.users, querySpaceUid=<gen:1>, path=com.excilys.formation.entity.Role.users)
             - (collection element) CollectionFetchableElementEntityGraph(entity=com.excilys.formation.entity.User, querySpaceUid=<gen:2>, path=com.excilys.formation.entity.Role.users.<elements>)
    - QuerySpaces
       - EntityQuerySpaceImpl(uid=<gen:0>, entity=com.excilys.formation.entity.Role)
          - SQL table alias mapping - role0_
          - alias suffix - 0_
          - suffixed key columns - {id1_2_0_}

15:32:24.151 [main] DEBUG o.h.loader.entity.plan.EntityLoader - Static select for entity com.excilys.formation.entity.Role [NONE]: select role0_.id as id1_2_0_, role0_.role as role2_2_0_ from role role0_ where role0_.id=?
15:32:24.151 [main] DEBUG o.h.l.p.b.i.spaces.QuerySpacesImpl - Adding QuerySpace : uid = <gen:0> -> org.hibernate.loader.plan.build.internal.spaces.EntityQuerySpaceImpl@3533df16]
15:32:24.151 [main] DEBUG o.h.p.w.spi.MetamodelGraphWalker - Visiting attribute path : role
15:32:24.151 [main] DEBUG o.h.p.w.spi.MetamodelGraphWalker - Visiting attribute path : users
15:32:24.152 [main] DEBUG o.h.l.p.b.i.spaces.QuerySpacesImpl - Adding QuerySpace : uid = <gen:1> -> org.hibernate.loader.plan.build.internal.spaces.CollectionQuerySpaceImpl@4038cd3a]
15:32:24.152 [main] DEBUG o.h.l.p.b.i.spaces.QuerySpacesImpl - Adding QuerySpace : uid = <gen:2> -> org.hibernate.loader.plan.build.internal.spaces.EntityQuerySpaceImpl@14ac77b9]
15:32:24.152 [main] DEBUG o.h.l.p.b.i.FetchStyleLoadPlanBuildingAssociationVisitationStrategy - Building LoadPlan...
15:32:24.152 [main] DEBUG o.h.l.p.e.i.LoadQueryJoinAndFetchProcessor - processing queryspace <gen:0>
15:32:24.152 [main] DEBUG o.h.l.p.b.spi.LoadPlanTreePrinter - LoadPlan(entity=com.excilys.formation.entity.Role)
    - Returns
       - EntityReturnImpl(entity=com.excilys.formation.entity.Role, querySpaceUid=<gen:0>, path=com.excilys.formation.entity.Role)
          - CollectionAttributeFetchImpl(collection=com.excilys.formation.entity.Role.users, querySpaceUid=<gen:1>, path=com.excilys.formation.entity.Role.users)
             - (collection element) CollectionFetchableElementEntityGraph(entity=com.excilys.formation.entity.User, querySpaceUid=<gen:2>, path=com.excilys.formation.entity.Role.users.<elements>)
    - QuerySpaces
       - EntityQuerySpaceImpl(uid=<gen:0>, entity=com.excilys.formation.entity.Role)
          - SQL table alias mapping - role0_
          - alias suffix - 0_
          - suffixed key columns - {id1_2_0_}

15:32:24.152 [main] DEBUG o.h.loader.entity.plan.EntityLoader - Static select for entity com.excilys.formation.entity.Role [READ]: select role0_.id as id1_2_0_, role0_.role as role2_2_0_ from role role0_ where role0_.id=?
15:32:24.152 [main] DEBUG o.h.l.p.b.i.spaces.QuerySpacesImpl - Adding QuerySpace : uid = <gen:0> -> org.hibernate.loader.plan.build.internal.spaces.EntityQuerySpaceImpl@3f4cd155]
15:32:24.152 [main] DEBUG o.h.p.w.spi.MetamodelGraphWalker - Visiting attribute path : role
15:32:24.152 [main] DEBUG o.h.p.w.spi.MetamodelGraphWalker - Visiting attribute path : users
15:32:24.152 [main] DEBUG o.h.l.p.b.i.spaces.QuerySpacesImpl - Adding QuerySpace : uid = <gen:1> -> org.hibernate.loader.plan.build.internal.spaces.CollectionQuerySpaceImpl@506dcf55]
15:32:24.152 [main] DEBUG o.h.l.p.b.i.spaces.QuerySpacesImpl - Adding QuerySpace : uid = <gen:2> -> org.hibernate.loader.plan.build.internal.spaces.EntityQuerySpaceImpl@270b6b5e]
15:32:24.152 [main] DEBUG o.h.l.p.b.i.FetchStyleLoadPlanBuildingAssociationVisitationStrategy - Building LoadPlan...
15:32:24.152 [main] DEBUG o.h.l.p.e.i.LoadQueryJoinAndFetchProcessor - processing queryspace <gen:0>
15:32:24.152 [main] DEBUG o.h.l.p.b.spi.LoadPlanTreePrinter - LoadPlan(entity=com.excilys.formation.entity.Role)
    - Returns
       - EntityReturnImpl(entity=com.excilys.formation.entity.Role, querySpaceUid=<gen:0>, path=com.excilys.formation.entity.Role)
          - CollectionAttributeFetchImpl(collection=com.excilys.formation.entity.Role.users, querySpaceUid=<gen:1>, path=com.excilys.formation.entity.Role.users)
             - (collection element) CollectionFetchableElementEntityGraph(entity=com.excilys.formation.entity.User, querySpaceUid=<gen:2>, path=com.excilys.formation.entity.Role.users.<elements>)
    - QuerySpaces
       - EntityQuerySpaceImpl(uid=<gen:0>, entity=com.excilys.formation.entity.Role)
          - SQL table alias mapping - role0_
          - alias suffix - 0_
          - suffixed key columns - {id1_2_0_}

15:32:24.152 [main] DEBUG o.h.loader.entity.plan.EntityLoader - Static select for entity com.excilys.formation.entity.Role [UPGRADE]: select role0_.id as id1_2_0_, role0_.role as role2_2_0_ from role role0_ where role0_.id=? for update
15:32:24.153 [main] DEBUG o.h.l.p.b.i.spaces.QuerySpacesImpl - Adding QuerySpace : uid = <gen:0> -> org.hibernate.loader.plan.build.internal.spaces.EntityQuerySpaceImpl@7e94d093]
15:32:24.153 [main] DEBUG o.h.p.w.spi.MetamodelGraphWalker - Visiting attribute path : role
15:32:24.153 [main] DEBUG o.h.p.w.spi.MetamodelGraphWalker - Visiting attribute path : users
15:32:24.153 [main] DEBUG o.h.l.p.b.i.spaces.QuerySpacesImpl - Adding QuerySpace : uid = <gen:1> -> org.hibernate.loader.plan.build.internal.spaces.CollectionQuerySpaceImpl@4248e66b]
15:32:24.153 [main] DEBUG o.h.l.p.b.i.spaces.QuerySpacesImpl - Adding QuerySpace : uid = <gen:2> -> org.hibernate.loader.plan.build.internal.spaces.EntityQuerySpaceImpl@3e6534e7]
15:32:24.153 [main] DEBUG o.h.l.p.b.i.FetchStyleLoadPlanBuildingAssociationVisitationStrategy - Building LoadPlan...
15:32:24.153 [main] DEBUG o.h.l.p.e.i.LoadQueryJoinAndFetchProcessor - processing queryspace <gen:0>
15:32:24.153 [main] DEBUG o.h.l.p.b.spi.LoadPlanTreePrinter - LoadPlan(entity=com.excilys.formation.entity.Role)
    - Returns
       - EntityReturnImpl(entity=com.excilys.formation.entity.Role, querySpaceUid=<gen:0>, path=com.excilys.formation.entity.Role)
          - CollectionAttributeFetchImpl(collection=com.excilys.formation.entity.Role.users, querySpaceUid=<gen:1>, path=com.excilys.formation.entity.Role.users)
             - (collection element) CollectionFetchableElementEntityGraph(entity=com.excilys.formation.entity.User, querySpaceUid=<gen:2>, path=com.excilys.formation.entity.Role.users.<elements>)
    - QuerySpaces
       - EntityQuerySpaceImpl(uid=<gen:0>, entity=com.excilys.formation.entity.Role)
          - SQL table alias mapping - role0_
          - alias suffix - 0_
          - suffixed key columns - {id1_2_0_}

15:32:24.153 [main] DEBUG o.h.loader.entity.plan.EntityLoader - Static select for entity com.excilys.formation.entity.Role [UPGRADE_NOWAIT]: select role0_.id as id1_2_0_, role0_.role as role2_2_0_ from role role0_ where role0_.id=? for update
15:32:24.153 [main] DEBUG o.h.l.p.b.i.spaces.QuerySpacesImpl - Adding QuerySpace : uid = <gen:0> -> org.hibernate.loader.plan.build.internal.spaces.EntityQuerySpaceImpl@66ad7bf0]
15:32:24.153 [main] DEBUG o.h.p.w.spi.MetamodelGraphWalker - Visiting attribute path : role
15:32:24.153 [main] DEBUG o.h.p.w.spi.MetamodelGraphWalker - Visiting attribute path : users
15:32:24.153 [main] DEBUG o.h.l.p.b.i.spaces.QuerySpacesImpl - Adding QuerySpace : uid = <gen:1> -> org.hibernate.loader.plan.build.internal.spaces.CollectionQuerySpaceImpl@138caeca]
15:32:24.153 [main] DEBUG o.h.l.p.b.i.spaces.QuerySpacesImpl - Adding QuerySpace : uid = <gen:2> -> org.hibernate.loader.plan.build.internal.spaces.EntityQuerySpaceImpl@4d96250]
15:32:24.153 [main] DEBUG o.h.l.p.b.i.FetchStyleLoadPlanBuildingAssociationVisitationStrategy - Building LoadPlan...
15:32:24.153 [main] DEBUG o.h.l.p.e.i.LoadQueryJoinAndFetchProcessor - processing queryspace <gen:0>
15:32:24.153 [main] DEBUG o.h.l.p.b.spi.LoadPlanTreePrinter - LoadPlan(entity=com.excilys.formation.entity.Role)
    - Returns
       - EntityReturnImpl(entity=com.excilys.formation.entity.Role, querySpaceUid=<gen:0>, path=com.excilys.formation.entity.Role)
          - CollectionAttributeFetchImpl(collection=com.excilys.formation.entity.Role.users, querySpaceUid=<gen:1>, path=com.excilys.formation.entity.Role.users)
             - (collection element) CollectionFetchableElementEntityGraph(entity=com.excilys.formation.entity.User, querySpaceUid=<gen:2>, path=com.excilys.formation.entity.Role.users.<elements>)
    - QuerySpaces
       - EntityQuerySpaceImpl(uid=<gen:0>, entity=com.excilys.formation.entity.Role)
          - SQL table alias mapping - role0_
          - alias suffix - 0_
          - suffixed key columns - {id1_2_0_}

15:32:24.154 [main] DEBUG o.h.loader.entity.plan.EntityLoader - Static select for entity com.excilys.formation.entity.Role [UPGRADE_SKIPLOCKED]: select role0_.id as id1_2_0_, role0_.role as role2_2_0_ from role role0_ where role0_.id=? for update
15:32:24.154 [main] DEBUG o.h.l.p.b.i.spaces.QuerySpacesImpl - Adding QuerySpace : uid = <gen:0> -> org.hibernate.loader.plan.build.internal.spaces.EntityQuerySpaceImpl@9a6fbc0]
15:32:24.154 [main] DEBUG o.h.p.w.spi.MetamodelGraphWalker - Visiting attribute path : role
15:32:24.154 [main] DEBUG o.h.p.w.spi.MetamodelGraphWalker - Visiting attribute path : users
15:32:24.154 [main] DEBUG o.h.l.p.b.i.spaces.QuerySpacesImpl - Adding QuerySpace : uid = <gen:1> -> org.hibernate.loader.plan.build.internal.spaces.CollectionQuerySpaceImpl@7a93b263]
15:32:24.154 [main] DEBUG o.h.l.p.b.i.spaces.QuerySpacesImpl - Adding QuerySpace : uid = <gen:2> -> org.hibernate.loader.plan.build.internal.spaces.EntityQuerySpaceImpl@35178483]
15:32:24.154 [main] DEBUG o.h.l.p.b.i.FetchStyleLoadPlanBuildingAssociationVisitationStrategy - Building LoadPlan...
15:32:24.154 [main] DEBUG o.h.l.p.e.i.LoadQueryJoinAndFetchProcessor - processing queryspace <gen:0>
15:32:24.154 [main] DEBUG o.h.l.p.b.spi.LoadPlanTreePrinter - LoadPlan(entity=com.excilys.formation.entity.Role)
    - Returns
       - EntityReturnImpl(entity=com.excilys.formation.entity.Role, querySpaceUid=<gen:0>, path=com.excilys.formation.entity.Role)
          - CollectionAttributeFetchImpl(collection=com.excilys.formation.entity.Role.users, querySpaceUid=<gen:1>, path=com.excilys.formation.entity.Role.users)
             - (collection element) CollectionFetchableElementEntityGraph(entity=com.excilys.formation.entity.User, querySpaceUid=<gen:2>, path=com.excilys.formation.entity.Role.users.<elements>)
    - QuerySpaces
       - EntityQuerySpaceImpl(uid=<gen:0>, entity=com.excilys.formation.entity.Role)
          - SQL table alias mapping - role0_
          - alias suffix - 0_
          - suffixed key columns - {id1_2_0_}

15:32:24.154 [main] DEBUG o.h.loader.entity.plan.EntityLoader - Static select for entity com.excilys.formation.entity.Role [FORCE]: select role0_.id as id1_2_0_, role0_.role as role2_2_0_ from role role0_ where role0_.id=? for update
15:32:24.154 [main] DEBUG o.h.l.p.b.i.spaces.QuerySpacesImpl - Adding QuerySpace : uid = <gen:0> -> org.hibernate.loader.plan.build.internal.spaces.EntityQuerySpaceImpl@bd1111a]
15:32:24.154 [main] DEBUG o.h.p.w.spi.MetamodelGraphWalker - Visiting attribute path : role
15:32:24.154 [main] DEBUG o.h.p.w.spi.MetamodelGraphWalker - Visiting attribute path : users
15:32:24.154 [main] DEBUG o.h.l.p.b.i.spaces.QuerySpacesImpl - Adding QuerySpace : uid = <gen:1> -> org.hibernate.loader.plan.build.internal.spaces.CollectionQuerySpaceImpl@1de6932a]
15:32:24.155 [main] DEBUG o.h.l.p.b.i.spaces.QuerySpacesImpl - Adding QuerySpace : uid = <gen:2> -> org.hibernate.loader.plan.build.internal.spaces.EntityQuerySpaceImpl@14dc3f89]
15:32:24.155 [main] DEBUG o.h.l.p.b.i.FetchStyleLoadPlanBuildingAssociationVisitationStrategy - Building LoadPlan...
15:32:24.155 [main] DEBUG o.h.l.p.e.i.LoadQueryJoinAndFetchProcessor - processing queryspace <gen:0>
15:32:24.155 [main] DEBUG o.h.l.p.b.spi.LoadPlanTreePrinter - LoadPlan(entity=com.excilys.formation.entity.Role)
    - Returns
       - EntityReturnImpl(entity=com.excilys.formation.entity.Role, querySpaceUid=<gen:0>, path=com.excilys.formation.entity.Role)
          - CollectionAttributeFetchImpl(collection=com.excilys.formation.entity.Role.users, querySpaceUid=<gen:1>, path=com.excilys.formation.entity.Role.users)
             - (collection element) CollectionFetchableElementEntityGraph(entity=com.excilys.formation.entity.User, querySpaceUid=<gen:2>, path=com.excilys.formation.entity.Role.users.<elements>)
    - QuerySpaces
       - EntityQuerySpaceImpl(uid=<gen:0>, entity=com.excilys.formation.entity.Role)
          - SQL table alias mapping - role0_
          - alias suffix - 0_
          - suffixed key columns - {id1_2_0_}

15:32:24.155 [main] DEBUG o.h.loader.entity.plan.EntityLoader - Static select for entity com.excilys.formation.entity.Role [PESSIMISTIC_READ]: select role0_.id as id1_2_0_, role0_.role as role2_2_0_ from role role0_ where role0_.id=? lock in share mode
15:32:24.155 [main] DEBUG o.h.l.p.b.i.spaces.QuerySpacesImpl - Adding QuerySpace : uid = <gen:0> -> org.hibernate.loader.plan.build.internal.spaces.EntityQuerySpaceImpl@1706a5c9]
15:32:24.155 [main] DEBUG o.h.p.w.spi.MetamodelGraphWalker - Visiting attribute path : role
15:32:24.155 [main] DEBUG o.h.p.w.spi.MetamodelGraphWalker - Visiting attribute path : users
15:32:24.155 [main] DEBUG o.h.l.p.b.i.spaces.QuerySpacesImpl - Adding QuerySpace : uid = <gen:1> -> org.hibernate.loader.plan.build.internal.spaces.CollectionQuerySpaceImpl@4d178d55]
15:32:24.155 [main] DEBUG o.h.l.p.b.i.spaces.QuerySpacesImpl - Adding QuerySpace : uid = <gen:2> -> org.hibernate.loader.plan.build.internal.spaces.EntityQuerySpaceImpl@38c2c309]
15:32:24.155 [main] DEBUG o.h.l.p.b.i.FetchStyleLoadPlanBuildingAssociationVisitationStrategy - Building LoadPlan...
15:32:24.155 [main] DEBUG o.h.l.p.e.i.LoadQueryJoinAndFetchProcessor - processing queryspace <gen:0>
15:32:24.155 [main] DEBUG o.h.l.p.b.spi.LoadPlanTreePrinter - LoadPlan(entity=com.excilys.formation.entity.Role)
    - Returns
       - EntityReturnImpl(entity=com.excilys.formation.entity.Role, querySpaceUid=<gen:0>, path=com.excilys.formation.entity.Role)
          - CollectionAttributeFetchImpl(collection=com.excilys.formation.entity.Role.users, querySpaceUid=<gen:1>, path=com.excilys.formation.entity.Role.users)
             - (collection element) CollectionFetchableElementEntityGraph(entity=com.excilys.formation.entity.User, querySpaceUid=<gen:2>, path=com.excilys.formation.entity.Role.users.<elements>)
    - QuerySpaces
       - EntityQuerySpaceImpl(uid=<gen:0>, entity=com.excilys.formation.entity.Role)
          - SQL table alias mapping - role0_
          - alias suffix - 0_
          - suffixed key columns - {id1_2_0_}

15:32:24.155 [main] DEBUG o.h.loader.entity.plan.EntityLoader - Static select for entity com.excilys.formation.entity.Role [PESSIMISTIC_WRITE]: select role0_.id as id1_2_0_, role0_.role as role2_2_0_ from role role0_ where role0_.id=? for update
15:32:24.155 [main] DEBUG o.h.l.p.b.i.spaces.QuerySpacesImpl - Adding QuerySpace : uid = <gen:0> -> org.hibernate.loader.plan.build.internal.spaces.EntityQuerySpaceImpl@1a480135]
15:32:24.155 [main] DEBUG o.h.p.w.spi.MetamodelGraphWalker - Visiting attribute path : role
15:32:24.155 [main] DEBUG o.h.p.w.spi.MetamodelGraphWalker - Visiting attribute path : users
15:32:24.156 [main] DEBUG o.h.l.p.b.i.spaces.QuerySpacesImpl - Adding QuerySpace : uid = <gen:1> -> org.hibernate.loader.plan.build.internal.spaces.CollectionQuerySpaceImpl@681e144]
15:32:24.156 [main] DEBUG o.h.l.p.b.i.spaces.QuerySpacesImpl - Adding QuerySpace : uid = <gen:2> -> org.hibernate.loader.plan.build.internal.spaces.EntityQuerySpaceImpl@2875b016]
15:32:24.156 [main] DEBUG o.h.l.p.b.i.FetchStyleLoadPlanBuildingAssociationVisitationStrategy - Building LoadPlan...
15:32:24.156 [main] DEBUG o.h.l.p.e.i.LoadQueryJoinAndFetchProcessor - processing queryspace <gen:0>
15:32:24.156 [main] DEBUG o.h.l.p.b.spi.LoadPlanTreePrinter - LoadPlan(entity=com.excilys.formation.entity.Role)
    - Returns
       - EntityReturnImpl(entity=com.excilys.formation.entity.Role, querySpaceUid=<gen:0>, path=com.excilys.formation.entity.Role)
          - CollectionAttributeFetchImpl(collection=com.excilys.formation.entity.Role.users, querySpaceUid=<gen:1>, path=com.excilys.formation.entity.Role.users)
             - (collection element) CollectionFetchableElementEntityGraph(entity=com.excilys.formation.entity.User, querySpaceUid=<gen:2>, path=com.excilys.formation.entity.Role.users.<elements>)
    - QuerySpaces
       - EntityQuerySpaceImpl(uid=<gen:0>, entity=com.excilys.formation.entity.Role)
          - SQL table alias mapping - role0_
          - alias suffix - 0_
          - suffixed key columns - {id1_2_0_}

15:32:24.156 [main] DEBUG o.h.loader.entity.plan.EntityLoader - Static select for entity com.excilys.formation.entity.Role [PESSIMISTIC_FORCE_INCREMENT]: select role0_.id as id1_2_0_, role0_.role as role2_2_0_ from role role0_ where role0_.id=? for update
15:32:24.156 [main] DEBUG o.h.l.p.b.i.spaces.QuerySpacesImpl - Adding QuerySpace : uid = <gen:0> -> org.hibernate.loader.plan.build.internal.spaces.EntityQuerySpaceImpl@72ee5d84]
15:32:24.156 [main] DEBUG o.h.p.w.spi.MetamodelGraphWalker - Visiting attribute path : role
15:32:24.156 [main] DEBUG o.h.p.w.spi.MetamodelGraphWalker - Visiting attribute path : users
15:32:24.156 [main] DEBUG o.h.l.p.b.i.spaces.QuerySpacesImpl - Adding QuerySpace : uid = <gen:1> -> org.hibernate.loader.plan.build.internal.spaces.CollectionQuerySpaceImpl@6145b81e]
15:32:24.156 [main] DEBUG o.h.l.p.b.i.spaces.QuerySpacesImpl - Adding QuerySpace : uid = <gen:2> -> org.hibernate.loader.plan.build.internal.spaces.EntityQuerySpaceImpl@64355120]
15:32:24.156 [main] DEBUG o.h.l.p.b.i.FetchStyleLoadPlanBuildingAssociationVisitationStrategy - Building LoadPlan...
15:32:24.156 [main] DEBUG o.h.l.p.e.i.LoadQueryJoinAndFetchProcessor - processing queryspace <gen:0>
15:32:24.156 [main] DEBUG o.h.l.p.b.spi.LoadPlanTreePrinter - LoadPlan(entity=com.excilys.formation.entity.Role)
    - Returns
       - EntityReturnImpl(entity=com.excilys.formation.entity.Role, querySpaceUid=<gen:0>, path=com.excilys.formation.entity.Role)
          - CollectionAttributeFetchImpl(collection=com.excilys.formation.entity.Role.users, querySpaceUid=<gen:1>, path=com.excilys.formation.entity.Role.users)
             - (collection element) CollectionFetchableElementEntityGraph(entity=com.excilys.formation.entity.User, querySpaceUid=<gen:2>, path=com.excilys.formation.entity.Role.users.<elements>)
    - QuerySpaces
       - EntityQuerySpaceImpl(uid=<gen:0>, entity=com.excilys.formation.entity.Role)
          - SQL table alias mapping - role0_
          - alias suffix - 0_
          - suffixed key columns - {id1_2_0_}

15:32:24.156 [main] DEBUG o.h.loader.entity.plan.EntityLoader - Static select for entity com.excilys.formation.entity.Role [OPTIMISTIC]: select role0_.id as id1_2_0_, role0_.role as role2_2_0_ from role role0_ where role0_.id=?
15:32:24.156 [main] DEBUG o.h.l.p.b.i.spaces.QuerySpacesImpl - Adding QuerySpace : uid = <gen:0> -> org.hibernate.loader.plan.build.internal.spaces.EntityQuerySpaceImpl@64b7225f]
15:32:24.157 [main] DEBUG o.h.p.w.spi.MetamodelGraphWalker - Visiting attribute path : role
15:32:24.157 [main] DEBUG o.h.p.w.spi.MetamodelGraphWalker - Visiting attribute path : users
15:32:24.157 [main] DEBUG o.h.l.p.b.i.spaces.QuerySpacesImpl - Adding QuerySpace : uid = <gen:1> -> org.hibernate.loader.plan.build.internal.spaces.CollectionQuerySpaceImpl@7f92b990]
15:32:24.157 [main] DEBUG o.h.l.p.b.i.spaces.QuerySpacesImpl - Adding QuerySpace : uid = <gen:2> -> org.hibernate.loader.plan.build.internal.spaces.EntityQuerySpaceImpl@31e04b13]
15:32:24.157 [main] DEBUG o.h.l.p.b.i.FetchStyleLoadPlanBuildingAssociationVisitationStrategy - Building LoadPlan...
15:32:24.157 [main] DEBUG o.h.l.p.e.i.LoadQueryJoinAndFetchProcessor - processing queryspace <gen:0>
15:32:24.157 [main] DEBUG o.h.l.p.b.spi.LoadPlanTreePrinter - LoadPlan(entity=com.excilys.formation.entity.Role)
    - Returns
       - EntityReturnImpl(entity=com.excilys.formation.entity.Role, querySpaceUid=<gen:0>, path=com.excilys.formation.entity.Role)
          - CollectionAttributeFetchImpl(collection=com.excilys.formation.entity.Role.users, querySpaceUid=<gen:1>, path=com.excilys.formation.entity.Role.users)
             - (collection element) CollectionFetchableElementEntityGraph(entity=com.excilys.formation.entity.User, querySpaceUid=<gen:2>, path=com.excilys.formation.entity.Role.users.<elements>)
    - QuerySpaces
       - EntityQuerySpaceImpl(uid=<gen:0>, entity=com.excilys.formation.entity.Role)
          - SQL table alias mapping - role0_
          - alias suffix - 0_
          - suffixed key columns - {id1_2_0_}

15:32:24.157 [main] DEBUG o.h.loader.entity.plan.EntityLoader - Static select for entity com.excilys.formation.entity.Role [OPTIMISTIC_FORCE_INCREMENT]: select role0_.id as id1_2_0_, role0_.role as role2_2_0_ from role role0_ where role0_.id=?
15:32:24.157 [main] DEBUG org.hibernate.loader.Loader - Static select for action ACTION_MERGE on entity com.excilys.formation.entity.Role: select role0_.id as id1_2_0_, role0_.role as role2_2_0_ from role role0_ where role0_.id=?
15:32:24.157 [main] DEBUG org.hibernate.loader.Loader - Static select for action ACTION_REFRESH on entity com.excilys.formation.entity.Role: select role0_.id as id1_2_0_, role0_.role as role2_2_0_ from role role0_ where role0_.id=?
15:32:24.157 [main] DEBUG o.h.p.entity.AbstractEntityPersister - Static SQL for entity: com.excilys.formation.entity.Company
15:32:24.157 [main] DEBUG o.h.p.entity.AbstractEntityPersister -  Version select: select id from company where id =?
15:32:24.157 [main] DEBUG o.h.p.entity.AbstractEntityPersister -  Snapshot select: select company_.id, company_.name as name2_0_ from company company_ where company_.id=?
15:32:24.157 [main] DEBUG o.h.p.entity.AbstractEntityPersister -  Insert 0: insert into company (name, id) values (?, ?)
15:32:24.157 [main] DEBUG o.h.p.entity.AbstractEntityPersister -  Update 0: update company set name=? where id=?
15:32:24.157 [main] DEBUG o.h.p.entity.AbstractEntityPersister -  Delete 0: delete from company where id=?
15:32:24.157 [main] DEBUG o.h.p.entity.AbstractEntityPersister -  Identity insert: insert into company (name) values (?)
15:32:24.157 [main] DEBUG o.h.l.p.b.i.spaces.QuerySpacesImpl - Adding QuerySpace : uid = <gen:0> -> org.hibernate.loader.plan.build.internal.spaces.EntityQuerySpaceImpl@6c1832aa]
15:32:24.157 [main] DEBUG o.h.p.w.spi.MetamodelGraphWalker - Visiting attribute path : name
15:32:24.158 [main] DEBUG o.h.l.p.b.i.FetchStyleLoadPlanBuildingAssociationVisitationStrategy - Building LoadPlan...
15:32:24.158 [main] DEBUG o.h.l.p.e.i.LoadQueryJoinAndFetchProcessor - processing queryspace <gen:0>
15:32:24.158 [main] DEBUG o.h.l.p.b.spi.LoadPlanTreePrinter - LoadPlan(entity=com.excilys.formation.entity.Company)
    - Returns
       - EntityReturnImpl(entity=com.excilys.formation.entity.Company, querySpaceUid=<gen:0>, path=com.excilys.formation.entity.Company)
    - QuerySpaces
       - EntityQuerySpaceImpl(uid=<gen:0>, entity=com.excilys.formation.entity.Company)
          - SQL table alias mapping - company0_
          - alias suffix - 0_
          - suffixed key columns - {id1_0_0_}

15:32:24.158 [main] DEBUG o.h.loader.entity.plan.EntityLoader - Static select for entity com.excilys.formation.entity.Company [NONE]: select company0_.id as id1_0_0_, company0_.name as name2_0_0_ from company company0_ where company0_.id=?
15:32:24.158 [main] DEBUG o.h.l.p.b.i.spaces.QuerySpacesImpl - Adding QuerySpace : uid = <gen:0> -> org.hibernate.loader.plan.build.internal.spaces.EntityQuerySpaceImpl@6e8a9c30]
15:32:24.158 [main] DEBUG o.h.p.w.spi.MetamodelGraphWalker - Visiting attribute path : name
15:32:24.158 [main] DEBUG o.h.l.p.b.i.FetchStyleLoadPlanBuildingAssociationVisitationStrategy - Building LoadPlan...
15:32:24.158 [main] DEBUG o.h.l.p.e.i.LoadQueryJoinAndFetchProcessor - processing queryspace <gen:0>
15:32:24.158 [main] DEBUG o.h.l.p.b.spi.LoadPlanTreePrinter - LoadPlan(entity=com.excilys.formation.entity.Company)
    - Returns
       - EntityReturnImpl(entity=com.excilys.formation.entity.Company, querySpaceUid=<gen:0>, path=com.excilys.formation.entity.Company)
    - QuerySpaces
       - EntityQuerySpaceImpl(uid=<gen:0>, entity=com.excilys.formation.entity.Company)
          - SQL table alias mapping - company0_
          - alias suffix - 0_
          - suffixed key columns - {id1_0_0_}

15:32:24.158 [main] DEBUG o.h.loader.entity.plan.EntityLoader - Static select for entity com.excilys.formation.entity.Company [READ]: select company0_.id as id1_0_0_, company0_.name as name2_0_0_ from company company0_ where company0_.id=?
15:32:24.158 [main] DEBUG o.h.l.p.b.i.spaces.QuerySpacesImpl - Adding QuerySpace : uid = <gen:0> -> org.hibernate.loader.plan.build.internal.spaces.EntityQuerySpaceImpl@70211e49]
15:32:24.158 [main] DEBUG o.h.p.w.spi.MetamodelGraphWalker - Visiting attribute path : name
15:32:24.158 [main] DEBUG o.h.l.p.b.i.FetchStyleLoadPlanBuildingAssociationVisitationStrategy - Building LoadPlan...
15:32:24.158 [main] DEBUG o.h.l.p.e.i.LoadQueryJoinAndFetchProcessor - processing queryspace <gen:0>
15:32:24.159 [main] DEBUG o.h.l.p.b.spi.LoadPlanTreePrinter - LoadPlan(entity=com.excilys.formation.entity.Company)
    - Returns
       - EntityReturnImpl(entity=com.excilys.formation.entity.Company, querySpaceUid=<gen:0>, path=com.excilys.formation.entity.Company)
    - QuerySpaces
       - EntityQuerySpaceImpl(uid=<gen:0>, entity=com.excilys.formation.entity.Company)
          - SQL table alias mapping - company0_
          - alias suffix - 0_
          - suffixed key columns - {id1_0_0_}

15:32:24.159 [main] DEBUG o.h.loader.entity.plan.EntityLoader - Static select for entity com.excilys.formation.entity.Company [UPGRADE]: select company0_.id as id1_0_0_, company0_.name as name2_0_0_ from company company0_ where company0_.id=? for update
15:32:24.159 [main] DEBUG o.h.l.p.b.i.spaces.QuerySpacesImpl - Adding QuerySpace : uid = <gen:0> -> org.hibernate.loader.plan.build.internal.spaces.EntityQuerySpaceImpl@39651a82]
15:32:24.159 [main] DEBUG o.h.p.w.spi.MetamodelGraphWalker - Visiting attribute path : name
15:32:24.159 [main] DEBUG o.h.l.p.b.i.FetchStyleLoadPlanBuildingAssociationVisitationStrategy - Building LoadPlan...
15:32:24.159 [main] DEBUG o.h.l.p.e.i.LoadQueryJoinAndFetchProcessor - processing queryspace <gen:0>
15:32:24.159 [main] DEBUG o.h.l.p.b.spi.LoadPlanTreePrinter - LoadPlan(entity=com.excilys.formation.entity.Company)
    - Returns
       - EntityReturnImpl(entity=com.excilys.formation.entity.Company, querySpaceUid=<gen:0>, path=com.excilys.formation.entity.Company)
    - QuerySpaces
       - EntityQuerySpaceImpl(uid=<gen:0>, entity=com.excilys.formation.entity.Company)
          - SQL table alias mapping - company0_
          - alias suffix - 0_
          - suffixed key columns - {id1_0_0_}

15:32:24.159 [main] DEBUG o.h.loader.entity.plan.EntityLoader - Static select for entity com.excilys.formation.entity.Company [UPGRADE_NOWAIT]: select company0_.id as id1_0_0_, company0_.name as name2_0_0_ from company company0_ where company0_.id=? for update
15:32:24.159 [main] DEBUG o.h.l.p.b.i.spaces.QuerySpacesImpl - Adding QuerySpace : uid = <gen:0> -> org.hibernate.loader.plan.build.internal.spaces.EntityQuerySpaceImpl@134c370e]
15:32:24.159 [main] DEBUG o.h.p.w.spi.MetamodelGraphWalker - Visiting attribute path : name
15:32:24.159 [main] DEBUG o.h.l.p.b.i.FetchStyleLoadPlanBuildingAssociationVisitationStrategy - Building LoadPlan...
15:32:24.159 [main] DEBUG o.h.l.p.e.i.LoadQueryJoinAndFetchProcessor - processing queryspace <gen:0>
15:32:24.159 [main] DEBUG o.h.l.p.b.spi.LoadPlanTreePrinter - LoadPlan(entity=com.excilys.formation.entity.Company)
    - Returns
       - EntityReturnImpl(entity=com.excilys.formation.entity.Company, querySpaceUid=<gen:0>, path=com.excilys.formation.entity.Company)
    - QuerySpaces
       - EntityQuerySpaceImpl(uid=<gen:0>, entity=com.excilys.formation.entity.Company)
          - SQL table alias mapping - company0_
          - alias suffix - 0_
          - suffixed key columns - {id1_0_0_}

15:32:24.159 [main] DEBUG o.h.loader.entity.plan.EntityLoader - Static select for entity com.excilys.formation.entity.Company [UPGRADE_SKIPLOCKED]: select company0_.id as id1_0_0_, company0_.name as name2_0_0_ from company company0_ where company0_.id=? for update
15:32:24.160 [main] DEBUG o.h.l.p.b.i.spaces.QuerySpacesImpl - Adding QuerySpace : uid = <gen:0> -> org.hibernate.loader.plan.build.internal.spaces.EntityQuerySpaceImpl@2216effc]
15:32:24.160 [main] DEBUG o.h.p.w.spi.MetamodelGraphWalker - Visiting attribute path : name
15:32:24.160 [main] DEBUG o.h.l.p.b.i.FetchStyleLoadPlanBuildingAssociationVisitationStrategy - Building LoadPlan...
15:32:24.160 [main] DEBUG o.h.l.p.e.i.LoadQueryJoinAndFetchProcessor - processing queryspace <gen:0>
15:32:24.160 [main] DEBUG o.h.l.p.b.spi.LoadPlanTreePrinter - LoadPlan(entity=com.excilys.formation.entity.Company)
    - Returns
       - EntityReturnImpl(entity=com.excilys.formation.entity.Company, querySpaceUid=<gen:0>, path=com.excilys.formation.entity.Company)
    - QuerySpaces
       - EntityQuerySpaceImpl(uid=<gen:0>, entity=com.excilys.formation.entity.Company)
          - SQL table alias mapping - company0_
          - alias suffix - 0_
          - suffixed key columns - {id1_0_0_}

15:32:24.160 [main] DEBUG o.h.loader.entity.plan.EntityLoader - Static select for entity com.excilys.formation.entity.Company [FORCE]: select company0_.id as id1_0_0_, company0_.name as name2_0_0_ from company company0_ where company0_.id=? for update
15:32:24.160 [main] DEBUG o.h.l.p.b.i.spaces.QuerySpacesImpl - Adding QuerySpace : uid = <gen:0> -> org.hibernate.loader.plan.build.internal.spaces.EntityQuerySpaceImpl@6da9dc6]
15:32:24.160 [main] DEBUG o.h.p.w.spi.MetamodelGraphWalker - Visiting attribute path : name
15:32:24.160 [main] DEBUG o.h.l.p.b.i.FetchStyleLoadPlanBuildingAssociationVisitationStrategy - Building LoadPlan...
15:32:24.160 [main] DEBUG o.h.l.p.e.i.LoadQueryJoinAndFetchProcessor - processing queryspace <gen:0>
15:32:24.160 [main] DEBUG o.h.l.p.b.spi.LoadPlanTreePrinter - LoadPlan(entity=com.excilys.formation.entity.Company)
    - Returns
       - EntityReturnImpl(entity=com.excilys.formation.entity.Company, querySpaceUid=<gen:0>, path=com.excilys.formation.entity.Company)
    - QuerySpaces
       - EntityQuerySpaceImpl(uid=<gen:0>, entity=com.excilys.formation.entity.Company)
          - SQL table alias mapping - company0_
          - alias suffix - 0_
          - suffixed key columns - {id1_0_0_}

15:32:24.160 [main] DEBUG o.h.loader.entity.plan.EntityLoader - Static select for entity com.excilys.formation.entity.Company [PESSIMISTIC_READ]: select company0_.id as id1_0_0_, company0_.name as name2_0_0_ from company company0_ where company0_.id=? lock in share mode
15:32:24.160 [main] DEBUG o.h.l.p.b.i.spaces.QuerySpacesImpl - Adding QuerySpace : uid = <gen:0> -> org.hibernate.loader.plan.build.internal.spaces.EntityQuerySpaceImpl@12010fd1]
15:32:24.160 [main] DEBUG o.h.p.w.spi.MetamodelGraphWalker - Visiting attribute path : name
15:32:24.160 [main] DEBUG o.h.l.p.b.i.FetchStyleLoadPlanBuildingAssociationVisitationStrategy - Building LoadPlan...
15:32:24.160 [main] DEBUG o.h.l.p.e.i.LoadQueryJoinAndFetchProcessor - processing queryspace <gen:0>
15:32:24.161 [main] DEBUG o.h.l.p.b.spi.LoadPlanTreePrinter - LoadPlan(entity=com.excilys.formation.entity.Company)
    - Returns
       - EntityReturnImpl(entity=com.excilys.formation.entity.Company, querySpaceUid=<gen:0>, path=com.excilys.formation.entity.Company)
    - QuerySpaces
       - EntityQuerySpaceImpl(uid=<gen:0>, entity=com.excilys.formation.entity.Company)
          - SQL table alias mapping - company0_
          - alias suffix - 0_
          - suffixed key columns - {id1_0_0_}

15:32:24.161 [main] DEBUG o.h.loader.entity.plan.EntityLoader - Static select for entity com.excilys.formation.entity.Company [PESSIMISTIC_WRITE]: select company0_.id as id1_0_0_, company0_.name as name2_0_0_ from company company0_ where company0_.id=? for update
15:32:24.161 [main] DEBUG o.h.l.p.b.i.spaces.QuerySpacesImpl - Adding QuerySpace : uid = <gen:0> -> org.hibernate.loader.plan.build.internal.spaces.EntityQuerySpaceImpl@552ed807]
15:32:24.161 [main] DEBUG o.h.p.w.spi.MetamodelGraphWalker - Visiting attribute path : name
15:32:24.161 [main] DEBUG o.h.l.p.b.i.FetchStyleLoadPlanBuildingAssociationVisitationStrategy - Building LoadPlan...
15:32:24.161 [main] DEBUG o.h.l.p.e.i.LoadQueryJoinAndFetchProcessor - processing queryspace <gen:0>
15:32:24.161 [main] DEBUG o.h.l.p.b.spi.LoadPlanTreePrinter - LoadPlan(entity=com.excilys.formation.entity.Company)
    - Returns
       - EntityReturnImpl(entity=com.excilys.formation.entity.Company, querySpaceUid=<gen:0>, path=com.excilys.formation.entity.Company)
    - QuerySpaces
       - EntityQuerySpaceImpl(uid=<gen:0>, entity=com.excilys.formation.entity.Company)
          - SQL table alias mapping - company0_
          - alias suffix - 0_
          - suffixed key columns - {id1_0_0_}

15:32:24.161 [main] DEBUG o.h.loader.entity.plan.EntityLoader - Static select for entity com.excilys.formation.entity.Company [PESSIMISTIC_FORCE_INCREMENT]: select company0_.id as id1_0_0_, company0_.name as name2_0_0_ from company company0_ where company0_.id=? for update
15:32:24.161 [main] DEBUG o.h.l.p.b.i.spaces.QuerySpacesImpl - Adding QuerySpace : uid = <gen:0> -> org.hibernate.loader.plan.build.internal.spaces.EntityQuerySpaceImpl@23940f86]
15:32:24.161 [main] DEBUG o.h.p.w.spi.MetamodelGraphWalker - Visiting attribute path : name
15:32:24.161 [main] DEBUG o.h.l.p.b.i.FetchStyleLoadPlanBuildingAssociationVisitationStrategy - Building LoadPlan...
15:32:24.161 [main] DEBUG o.h.l.p.e.i.LoadQueryJoinAndFetchProcessor - processing queryspace <gen:0>
15:32:24.161 [main] DEBUG o.h.l.p.b.spi.LoadPlanTreePrinter - LoadPlan(entity=com.excilys.formation.entity.Company)
    - Returns
       - EntityReturnImpl(entity=com.excilys.formation.entity.Company, querySpaceUid=<gen:0>, path=com.excilys.formation.entity.Company)
    - QuerySpaces
       - EntityQuerySpaceImpl(uid=<gen:0>, entity=com.excilys.formation.entity.Company)
          - SQL table alias mapping - company0_
          - alias suffix - 0_
          - suffixed key columns - {id1_0_0_}

15:32:24.161 [main] DEBUG o.h.loader.entity.plan.EntityLoader - Static select for entity com.excilys.formation.entity.Company [OPTIMISTIC]: select company0_.id as id1_0_0_, company0_.name as name2_0_0_ from company company0_ where company0_.id=?
15:32:24.161 [main] DEBUG o.h.l.p.b.i.spaces.QuerySpacesImpl - Adding QuerySpace : uid = <gen:0> -> org.hibernate.loader.plan.build.internal.spaces.EntityQuerySpaceImpl@455824ad]
15:32:24.161 [main] DEBUG o.h.p.w.spi.MetamodelGraphWalker - Visiting attribute path : name
15:32:24.161 [main] DEBUG o.h.l.p.b.i.FetchStyleLoadPlanBuildingAssociationVisitationStrategy - Building LoadPlan...
15:32:24.162 [main] DEBUG o.h.l.p.e.i.LoadQueryJoinAndFetchProcessor - processing queryspace <gen:0>
15:32:24.162 [main] DEBUG o.h.l.p.b.spi.LoadPlanTreePrinter - LoadPlan(entity=com.excilys.formation.entity.Company)
    - Returns
       - EntityReturnImpl(entity=com.excilys.formation.entity.Company, querySpaceUid=<gen:0>, path=com.excilys.formation.entity.Company)
    - QuerySpaces
       - EntityQuerySpaceImpl(uid=<gen:0>, entity=com.excilys.formation.entity.Company)
          - SQL table alias mapping - company0_
          - alias suffix - 0_
          - suffixed key columns - {id1_0_0_}

15:32:24.162 [main] DEBUG o.h.loader.entity.plan.EntityLoader - Static select for entity com.excilys.formation.entity.Company [OPTIMISTIC_FORCE_INCREMENT]: select company0_.id as id1_0_0_, company0_.name as name2_0_0_ from company company0_ where company0_.id=?
15:32:24.162 [main] DEBUG org.hibernate.loader.Loader - Static select for action ACTION_MERGE on entity com.excilys.formation.entity.Company: select company0_.id as id1_0_0_, company0_.name as name2_0_0_ from company company0_ where company0_.id=?
15:32:24.162 [main] DEBUG org.hibernate.loader.Loader - Static select for action ACTION_REFRESH on entity com.excilys.formation.entity.Company: select company0_.id as id1_0_0_, company0_.name as name2_0_0_ from company company0_ where company0_.id=?
15:32:24.166 [main] DEBUG o.h.l.p.b.i.spaces.QuerySpacesImpl - Adding QuerySpace : uid = <gen:0> -> org.hibernate.loader.plan.build.internal.spaces.CollectionQuerySpaceImpl@4a7a965d]
15:32:24.166 [main] DEBUG o.h.l.p.b.i.spaces.QuerySpacesImpl - Adding QuerySpace : uid = <gen:1> -> org.hibernate.loader.plan.build.internal.spaces.EntityQuerySpaceImpl@507b79f7]
15:32:24.166 [main] DEBUG o.h.p.w.spi.MetamodelGraphWalker - Visiting attribute path : role
15:32:24.166 [main] DEBUG o.h.p.w.spi.MetamodelGraphWalker - Visiting attribute path : users
15:32:24.166 [main] DEBUG o.h.p.w.spi.MetamodelGraphWalker - Property path deemed to be circular : users
15:32:24.166 [main] DEBUG o.h.l.p.b.i.FetchStyleLoadPlanBuildingAssociationVisitationStrategy - Building LoadPlan...
15:32:24.168 [main] DEBUG o.h.l.p.e.i.LoadQueryJoinAndFetchProcessor - processing queryspace <gen:0>
15:32:24.168 [main] DEBUG o.h.l.p.b.spi.LoadPlanTreePrinter - LoadPlan(collection=com.excilys.formation.entity.User.authorities)
    - Returns
       - CollectionReturnImpl(collection=com.excilys.formation.entity.User.authorities, querySpaceUid=<gen:0>, path=[com.excilys.formation.entity.User.authorities])
          - (collection element) CollectionFetchableElementEntityGraph(entity=com.excilys.formation.entity.Role, querySpaceUid=<gen:1>, path=[com.excilys.formation.entity.User.authorities].<elements>)
    - QuerySpaces
       - CollectionQuerySpaceImpl(uid=<gen:0>, collection=com.excilys.formation.entity.User.authorities)
          - SQL table alias mapping - authoritie0_
          - alias suffix - 0_
          - suffixed key columns - {user_id1_4_0_}
          - entity-element alias suffix - 1_
          - 1_entity-element suffixed key columns - id1_2_1_
          - JOIN (JoinDefinedByMetadata(elements)) : <gen:0> -> <gen:1>
             - EntityQuerySpaceImpl(uid=<gen:1>, entity=com.excilys.formation.entity.Role)
                - SQL table alias mapping - role1_
                - alias suffix - 1_
                - suffixed key columns - {id1_2_1_}

15:32:24.168 [main] DEBUG o.h.l.c.plan.CollectionLoader - Static select for collection com.excilys.formation.entity.User.authorities: select authoritie0_.user_id as user_id1_4_0_, authoritie0_.role_id as role_id2_4_0_, role1_.id as id1_2_1_, role1_.role as role2_2_1_ from user_roles authoritie0_ inner join role role1_ on authoritie0_.role_id=role1_.id where authoritie0_.user_id=?
15:32:24.169 [main] DEBUG o.h.l.p.b.i.spaces.QuerySpacesImpl - Adding QuerySpace : uid = <gen:0> -> org.hibernate.loader.plan.build.internal.spaces.CollectionQuerySpaceImpl@7123be6c]
15:32:24.169 [main] DEBUG o.h.l.p.b.i.spaces.QuerySpacesImpl - Adding QuerySpace : uid = <gen:1> -> org.hibernate.loader.plan.build.internal.spaces.EntityQuerySpaceImpl@1de9d54]
15:32:24.169 [main] DEBUG o.h.p.w.spi.MetamodelGraphWalker - Visiting attribute path : authorities
15:32:24.169 [main] DEBUG o.h.p.w.spi.MetamodelGraphWalker - Property path deemed to be circular : authorities
15:32:24.169 [main] DEBUG o.h.p.w.spi.MetamodelGraphWalker - Visiting attribute path : password
15:32:24.169 [main] DEBUG o.h.p.w.spi.MetamodelGraphWalker - Visiting attribute path : status
15:32:24.169 [main] DEBUG o.h.p.w.spi.MetamodelGraphWalker - Visiting attribute path : username
15:32:24.169 [main] DEBUG o.h.l.p.b.i.FetchStyleLoadPlanBuildingAssociationVisitationStrategy - Building LoadPlan...
15:32:24.169 [main] DEBUG o.h.l.p.e.i.LoadQueryJoinAndFetchProcessor - processing queryspace <gen:0>
15:32:24.169 [main] DEBUG o.h.l.p.b.spi.LoadPlanTreePrinter - LoadPlan(collection=com.excilys.formation.entity.Role.users)
    - Returns
       - CollectionReturnImpl(collection=com.excilys.formation.entity.Role.users, querySpaceUid=<gen:0>, path=[com.excilys.formation.entity.Role.users])
          - (collection element) CollectionFetchableElementEntityGraph(entity=com.excilys.formation.entity.User, querySpaceUid=<gen:1>, path=[com.excilys.formation.entity.Role.users].<elements>)
    - QuerySpaces
       - CollectionQuerySpaceImpl(uid=<gen:0>, collection=com.excilys.formation.entity.Role.users)
          - SQL table alias mapping - users0_
          - alias suffix - 0_
          - suffixed key columns - {role_id2_4_0_}
          - entity-element alias suffix - 1_
          - 1_entity-element suffixed key columns - id1_3_1_
          - JOIN (JoinDefinedByMetadata(elements)) : <gen:0> -> <gen:1>
             - EntityQuerySpaceImpl(uid=<gen:1>, entity=com.excilys.formation.entity.User)
                - SQL table alias mapping - user1_
                - alias suffix - 1_
                - suffixed key columns - {id1_3_1_}

15:32:24.169 [main] DEBUG o.h.l.c.plan.CollectionLoader - Static select for collection com.excilys.formation.entity.Role.users: select users0_.role_id as role_id2_4_0_, users0_.user_id as user_id1_4_0_, user1_.id as id1_3_1_, user1_.password as password2_3_1_, user1_.status as status3_3_1_, user1_.username as username4_3_1_ from user_roles users0_ inner join user user1_ on users0_.user_id=user1_.id where users0_.role_id=?
15:32:24.216 [main] DEBUG org.hibernate.mapping.Table - No alter strings for table : company
15:32:24.216 [main] DEBUG org.hibernate.mapping.Table - No alter strings for table : computer
15:32:24.216 [main] DEBUG org.hibernate.mapping.Table - No alter strings for table : role
15:32:24.216 [main] DEBUG org.hibernate.mapping.Table - No alter strings for table : user
15:32:24.216 [main] DEBUG org.hibernate.mapping.Table - No alter strings for table : user_roles
15:32:24.227 [main] DEBUG o.h.e.t.j.p.i.JtaPlatformInitiator - No JtaPlatform was specified, checking resolver
15:32:24.228 [main] DEBUG o.h.e.t.j.p.i.JtaPlatformResolverInitiator - No JtaPlatformResolver was specified, using default [org.hibernate.engine.transaction.jta.platform.internal.StandardJtaPlatformResolver]
15:32:24.232 [main] DEBUG o.h.e.t.j.p.i.StandardJtaPlatformResolver - Could not resolve JtaPlatform, using default [org.hibernate.engine.transaction.jta.platform.internal.NoJtaPlatform]
15:32:24.233 [main] DEBUG o.h.query.spi.NamedQueryRepository - Checking 0 named HQL queries
15:32:24.233 [main] DEBUG o.h.query.spi.NamedQueryRepository - Checking 0 named SQL queries
15:32:24.234 [main] DEBUG o.h.internal.SessionFactoryRegistry - Initializing SessionFactoryRegistry : org.hibernate.internal.SessionFactoryRegistry@188b6035
15:32:24.234 [main] DEBUG o.h.internal.SessionFactoryRegistry - Registering SessionFactory: b70e183c-fafe-4f75-862c-64f75526bf64 (<unnamed>)
15:32:24.234 [main] DEBUG o.h.internal.SessionFactoryRegistry - Not binding SessionFactory to JNDI, no JNDI name configured
15:32:24.234 [main] INFO  o.s.o.j.LocalContainerEntityManagerFactoryBean - Initialized JPA EntityManagerFactory for persistence unit 'default'
15:32:24.236 [main] DEBUG o.s.b.f.s.DefaultListableBeanFactory - Returning cached instance of singleton bean 'org.springframework.transaction.config.internalTransactionAdvisor'
15:32:24.237 [main] DEBUG o.s.b.f.s.DefaultListableBeanFactory - Finished creating instance of bean 'entityManagerFactory'
15:32:24.237 [main] DEBUG o.s.b.f.s.DefaultListableBeanFactory - Pre-instantiating singletons in org.springframework.beans.factory.support.DefaultListableBeanFactory@60611244: defining beans [org.springframework.context.annotation.internalConfigurationAnnotationProcessor,org.springframework.context.annotation.internalAutowiredAnnotationProcessor,org.springframework.context.annotation.internalRequiredAnnotationProcessor,org.springframework.context.annotation.internalCommonAnnotationProcessor,org.springframework.context.annotation.internalPersistenceAnnotationProcessor,org.springframework.context.event.internalEventListenerProcessor,org.springframework.context.event.internalEventListenerFactory,springPersistenceConfig,org.springframework.transaction.annotation.ProxyTransactionManagementConfiguration,org.springframework.transaction.config.internalTransactionAdvisor,transactionAttributeSource,transactionInterceptor,org.springframework.transaction.config.internalTransactionalEventListenerFactory,entityManagerFactory,transactionManager,dataSource,jpaVendorAdapter,org.springframework.aop.config.internalAutoProxyCreator,org.springframework.data.jpa.repository.config.JpaRepositoryConfigExtension#0,org.springframework.data.repository.core.support.RepositoryFactoryBeanSupport_Predictor,emBeanDefinitionRegistrarPostProcessor,jpaMappingContext,jpaContext,userRepository,companyRepository,computerRepository,org.springframework.orm.jpa.SharedEntityManagerCreator#0]; root of factory hierarchy
15:32:24.237 [main] DEBUG o.s.b.f.s.DefaultListableBeanFactory - Returning cached instance of singleton bean 'org.springframework.context.annotation.internalConfigurationAnnotationProcessor'
15:32:24.237 [main] DEBUG o.s.b.f.s.DefaultListableBeanFactory - Returning cached instance of singleton bean 'org.springframework.context.annotation.internalAutowiredAnnotationProcessor'
15:32:24.237 [main] DEBUG o.s.b.f.s.DefaultListableBeanFactory - Returning cached instance of singleton bean 'org.springframework.context.annotation.internalRequiredAnnotationProcessor'
15:32:24.237 [main] DEBUG o.s.b.f.s.DefaultListableBeanFactory - Returning cached instance of singleton bean 'org.springframework.context.annotation.internalCommonAnnotationProcessor'
15:32:24.237 [main] DEBUG o.s.b.f.s.DefaultListableBeanFactory - Returning cached instance of singleton bean 'org.springframework.context.annotation.internalPersistenceAnnotationProcessor'
15:32:24.237 [main] DEBUG o.s.b.f.s.DefaultListableBeanFactory - Creating shared instance of singleton bean 'org.springframework.context.event.internalEventListenerProcessor'
15:32:24.237 [main] DEBUG o.s.b.f.s.DefaultListableBeanFactory - Creating instance of bean 'org.springframework.context.event.internalEventListenerProcessor'
15:32:24.238 [main] DEBUG o.s.b.f.s.DefaultListableBeanFactory - Eagerly caching bean 'org.springframework.context.event.internalEventListenerProcessor' to allow for resolving potential circular references
15:32:24.240 [main] DEBUG o.s.b.f.s.DefaultListableBeanFactory - Returning cached instance of singleton bean 'org.springframework.transaction.config.internalTransactionAdvisor'
15:32:24.240 [main] DEBUG o.s.b.f.s.DefaultListableBeanFactory - Finished creating instance of bean 'org.springframework.context.event.internalEventListenerProcessor'
15:32:24.241 [main] DEBUG o.s.b.f.s.DefaultListableBeanFactory - Creating shared instance of singleton bean 'org.springframework.context.event.internalEventListenerFactory'
15:32:24.241 [main] DEBUG o.s.b.f.s.DefaultListableBeanFactory - Creating instance of bean 'org.springframework.context.event.internalEventListenerFactory'
15:32:24.241 [main] DEBUG o.s.b.f.s.DefaultListableBeanFactory - Eagerly caching bean 'org.springframework.context.event.internalEventListenerFactory' to allow for resolving potential circular references
15:32:24.242 [main] DEBUG o.s.b.f.s.DefaultListableBeanFactory - Returning cached instance of singleton bean 'org.springframework.transaction.config.internalTransactionAdvisor'
15:32:24.243 [main] DEBUG o.s.b.f.s.DefaultListableBeanFactory - Finished creating instance of bean 'org.springframework.context.event.internalEventListenerFactory'
15:32:24.243 [main] DEBUG o.s.b.f.s.DefaultListableBeanFactory - Returning cached instance of singleton bean 'springPersistenceConfig'
15:32:24.243 [main] DEBUG o.s.b.f.s.DefaultListableBeanFactory - Returning cached instance of singleton bean 'org.springframework.transaction.annotation.ProxyTransactionManagementConfiguration'
15:32:24.243 [main] DEBUG o.s.b.f.s.DefaultListableBeanFactory - Returning cached instance of singleton bean 'org.springframework.transaction.config.internalTransactionAdvisor'
15:32:24.243 [main] DEBUG o.s.b.f.s.DefaultListableBeanFactory - Returning cached instance of singleton bean 'transactionAttributeSource'
15:32:24.243 [main] DEBUG o.s.b.f.s.DefaultListableBeanFactory - Returning cached instance of singleton bean 'transactionInterceptor'
15:32:24.243 [main] DEBUG o.s.b.f.s.DefaultListableBeanFactory - Creating shared instance of singleton bean 'org.springframework.transaction.config.internalTransactionalEventListenerFactory'
15:32:24.243 [main] DEBUG o.s.b.f.s.DefaultListableBeanFactory - Creating instance of bean 'org.springframework.transaction.config.internalTransactionalEventListenerFactory'
15:32:24.243 [main] DEBUG o.s.b.f.s.DefaultListableBeanFactory - Returning cached instance of singleton bean 'org.springframework.transaction.annotation.ProxyTransactionManagementConfiguration'
15:32:24.245 [main] DEBUG o.s.b.f.s.DefaultListableBeanFactory - Eagerly caching bean 'org.springframework.transaction.config.internalTransactionalEventListenerFactory' to allow for resolving potential circular references
15:32:24.246 [main] DEBUG o.s.b.f.s.DefaultListableBeanFactory - Returning cached instance of singleton bean 'org.springframework.transaction.config.internalTransactionAdvisor'
15:32:24.246 [main] DEBUG o.s.b.f.s.DefaultListableBeanFactory - Finished creating instance of bean 'org.springframework.transaction.config.internalTransactionalEventListenerFactory'
15:32:24.246 [main] DEBUG o.s.b.f.s.DefaultListableBeanFactory - Returning cached instance of singleton bean 'entityManagerFactory'
15:32:24.247 [main] DEBUG o.s.b.f.s.DefaultListableBeanFactory - Creating shared instance of singleton bean 'transactionManager'
15:32:24.247 [main] DEBUG o.s.b.f.s.DefaultListableBeanFactory - Creating instance of bean 'transactionManager'
15:32:24.247 [main] DEBUG o.s.b.f.s.DefaultListableBeanFactory - Returning cached instance of singleton bean 'springPersistenceConfig'
15:32:24.248 [main] DEBUG o.s.b.f.s.DefaultListableBeanFactory - Returning cached instance of singleton bean 'entityManagerFactory'
15:32:24.248 [main] DEBUG o.s.b.f.s.DefaultListableBeanFactory - Returning cached instance of singleton bean 'org.springframework.transaction.config.internalTransactionAdvisor'
15:32:24.250 [main] DEBUG o.s.b.f.s.DefaultListableBeanFactory - Autowiring by type from bean name 'transactionManager' via factory method to bean named 'entityManagerFactory'
15:32:24.256 [main] DEBUG o.s.b.f.s.DefaultListableBeanFactory - Eagerly caching bean 'transactionManager' to allow for resolving potential circular references
15:32:24.260 [main] DEBUG o.s.b.f.s.DefaultListableBeanFactory - Invoking afterPropertiesSet() on bean with name 'transactionManager'
15:32:24.260 [main] DEBUG o.s.b.f.s.DefaultListableBeanFactory - Returning cached instance of singleton bean 'org.springframework.transaction.config.internalTransactionAdvisor'
15:32:24.261 [main] DEBUG o.s.b.f.s.DefaultListableBeanFactory - Finished creating instance of bean 'transactionManager'
15:32:24.261 [main] DEBUG o.s.b.f.s.DefaultListableBeanFactory - Returning cached instance of singleton bean 'dataSource'
15:32:24.261 [main] DEBUG o.s.b.f.s.DefaultListableBeanFactory - Returning cached instance of singleton bean 'jpaVendorAdapter'
15:32:24.261 [main] DEBUG o.s.b.f.s.DefaultListableBeanFactory - Returning cached instance of singleton bean 'org.springframework.aop.config.internalAutoProxyCreator'
15:32:24.261 [main] DEBUG o.s.b.f.s.DefaultListableBeanFactory - Returning cached instance of singleton bean 'org.springframework.data.repository.core.support.RepositoryFactoryBeanSupport_Predictor'
15:32:24.261 [main] DEBUG o.s.b.f.s.DefaultListableBeanFactory - Returning cached instance of singleton bean 'emBeanDefinitionRegistrarPostProcessor'
15:32:24.261 [main] DEBUG o.s.b.f.s.DefaultListableBeanFactory - Creating shared instance of singleton bean 'jpaMappingContext'
15:32:24.261 [main] DEBUG o.s.b.f.s.DefaultListableBeanFactory - Creating instance of bean 'jpaMappingContext'
15:32:24.261 [main] DEBUG o.s.b.f.s.DefaultListableBeanFactory - Eagerly caching bean 'jpaMappingContext' to allow for resolving potential circular references
15:32:24.265 [main] DEBUG o.s.b.f.s.DefaultListableBeanFactory - Invoking afterPropertiesSet() on bean with name 'jpaMappingContext'
15:32:24.266 [main] DEBUG o.s.b.f.s.DefaultListableBeanFactory - Returning cached instance of singleton bean 'entityManagerFactory'
15:32:24.294 [main] DEBUG o.s.b.f.s.DefaultListableBeanFactory - Returning cached instance of singleton bean 'org.springframework.transaction.config.internalTransactionAdvisor'
15:32:24.294 [main] DEBUG o.s.b.f.s.DefaultListableBeanFactory - Finished creating instance of bean 'jpaMappingContext'
15:32:24.294 [main] DEBUG o.s.b.f.s.DefaultListableBeanFactory - Creating shared instance of singleton bean 'jpaContext'
15:32:24.294 [main] DEBUG o.s.b.f.s.DefaultListableBeanFactory - Creating instance of bean 'jpaContext'
15:32:24.295 [main] DEBUG o.s.b.f.s.DefaultListableBeanFactory - Creating shared instance of singleton bean 'org.springframework.orm.jpa.SharedEntityManagerCreator#0'
15:32:24.295 [main] DEBUG o.s.b.f.s.DefaultListableBeanFactory - Creating instance of bean 'org.springframework.orm.jpa.SharedEntityManagerCreator#0'
15:32:24.295 [main] DEBUG o.s.b.f.s.DefaultListableBeanFactory - Returning cached instance of singleton bean 'entityManagerFactory'
15:32:24.302 [main] DEBUG o.s.b.f.s.DefaultListableBeanFactory - Eagerly caching bean 'org.springframework.orm.jpa.SharedEntityManagerCreator#0' to allow for resolving potential circular references
15:32:24.305 [main] DEBUG o.s.b.f.s.DefaultListableBeanFactory - Returning cached instance of singleton bean 'org.springframework.transaction.config.internalTransactionAdvisor'
15:32:24.306 [main] DEBUG o.s.b.f.s.DefaultListableBeanFactory - Finished creating instance of bean 'org.springframework.orm.jpa.SharedEntityManagerCreator#0'
15:32:24.307 [main] DEBUG o.s.b.f.s.DefaultListableBeanFactory - Autowiring by type from bean name 'jpaContext' via constructor to bean named 'org.springframework.orm.jpa.SharedEntityManagerCreator#0'
15:32:24.308 [main] DEBUG o.s.b.f.s.DefaultListableBeanFactory - Eagerly caching bean 'jpaContext' to allow for resolving potential circular references
15:32:24.309 [main] DEBUG o.s.b.f.s.DefaultListableBeanFactory - Returning cached instance of singleton bean 'org.springframework.transaction.config.internalTransactionAdvisor'
15:32:24.309 [main] DEBUG o.s.b.f.s.DefaultListableBeanFactory - Finished creating instance of bean 'jpaContext'
15:32:24.309 [main] DEBUG o.s.b.f.s.DefaultListableBeanFactory - Creating shared instance of singleton bean 'userRepository'
15:32:24.309 [main] DEBUG o.s.b.f.s.DefaultListableBeanFactory - Creating instance of bean 'userRepository'
15:32:24.327 [main] DEBUG o.s.b.f.annotation.InjectionMetadata - Registered injected element on class [org.springframework.data.jpa.repository.support.JpaRepositoryFactoryBean]: PersistenceElement for public void org.springframework.data.jpa.repository.support.JpaRepositoryFactoryBean.setEntityManager(javax.persistence.EntityManager)
15:32:24.328 [main] DEBUG o.s.b.f.s.DefaultListableBeanFactory - Eagerly caching bean 'userRepository' to allow for resolving potential circular references
15:32:24.328 [main] DEBUG o.s.b.f.annotation.InjectionMetadata - Processing injected element of bean 'userRepository': PersistenceElement for public void org.springframework.data.jpa.repository.support.JpaRepositoryFactoryBean.setEntityManager(javax.persistence.EntityManager)
15:32:24.329 [main] DEBUG o.s.b.f.s.DefaultListableBeanFactory - Creating instance of bean '(inner bean)#16872c4d'
15:32:24.329 [main] DEBUG o.s.b.f.s.DefaultListableBeanFactory - Creating instance of bean '(inner bean)#46a953cf'
15:32:24.332 [main] DEBUG o.s.c.i.s.PathMatchingResourcePatternResolver - Resolved classpath location [META-INF/jpa-named-queries.properties] to resources []
15:32:24.332 [main] DEBUG o.s.b.f.s.DefaultListableBeanFactory - Invoking afterPropertiesSet() on bean with name '(inner bean)#46a953cf'
15:32:24.333 [main] DEBUG o.s.b.f.s.DefaultListableBeanFactory - Returning cached instance of singleton bean 'org.springframework.transaction.config.internalTransactionAdvisor'
15:32:24.333 [main] DEBUG o.s.b.f.s.DefaultListableBeanFactory - Finished creating instance of bean '(inner bean)#46a953cf'
15:32:24.333 [main] DEBUG o.s.b.f.s.DefaultListableBeanFactory - Returning cached instance of singleton bean 'org.springframework.transaction.config.internalTransactionAdvisor'
15:32:24.336 [main] DEBUG o.s.b.f.s.DefaultListableBeanFactory - Returning cached instance of singleton bean 'org.springframework.transaction.config.internalTransactionAdvisor'
15:32:24.336 [main] DEBUG o.s.b.f.s.DefaultListableBeanFactory - Finished creating instance of bean '(inner bean)#16872c4d'
15:32:24.337 [main] DEBUG o.s.b.f.s.DefaultListableBeanFactory - Creating instance of bean '(inner bean)#76ddd61a'
15:32:24.340 [main] DEBUG o.s.b.f.s.DefaultListableBeanFactory - Returning cached instance of singleton bean 'org.springframework.transaction.config.internalTransactionAdvisor'
15:32:24.340 [main] DEBUG o.s.b.f.s.DefaultListableBeanFactory - Finished creating instance of bean '(inner bean)#76ddd61a'
15:32:24.340 [main] DEBUG o.s.b.f.s.DefaultListableBeanFactory - Creating instance of bean '(inner bean)#93f432e'
15:32:24.340 [main] DEBUG o.s.b.f.s.DefaultListableBeanFactory - Returning cached instance of singleton bean 'entityManagerFactory'
15:32:24.341 [main] DEBUG o.s.b.f.s.DefaultListableBeanFactory - Returning cached instance of singleton bean 'org.springframework.transaction.config.internalTransactionAdvisor'
15:32:24.341 [main] DEBUG o.s.b.f.s.DefaultListableBeanFactory - Finished creating instance of bean '(inner bean)#93f432e'
15:32:24.341 [main] DEBUG o.s.b.f.s.DefaultListableBeanFactory - Returning cached instance of singleton bean 'jpaMappingContext'
15:32:24.341 [main] DEBUG o.s.b.f.s.DefaultListableBeanFactory - Returning cached instance of singleton bean 'org.springframework.transaction.config.internalTransactionAdvisor'
15:32:24.344 [main] DEBUG o.s.b.f.s.DefaultListableBeanFactory - Invoking afterPropertiesSet() on bean with name 'userRepository'
15:32:24.347 [main] DEBUG o.s.o.j.SharedEntityManagerCreator$SharedEntityManagerInvocationHandler - Creating new EntityManager for shared EntityManager invocation
15:32:24.394 [main] DEBUG o.h.s.internal.StatisticsInitiator - Statistics initialized [enabled=false]
15:32:24.399 [main] DEBUG o.s.o.jpa.EntityManagerFactoryUtils - Closing JPA EntityManager
15:32:24.401 [main] DEBUG o.s.o.j.SharedEntityManagerCreator$SharedEntityManagerInvocationHandler - Creating new EntityManager for shared EntityManager invocation
15:32:24.401 [main] DEBUG o.s.o.jpa.EntityManagerFactoryUtils - Closing JPA EntityManager
15:32:24.401 [main] DEBUG o.s.o.j.SharedEntityManagerCreator$SharedEntityManagerInvocationHandler - Creating new EntityManager for shared EntityManager invocation
15:32:24.401 [main] DEBUG o.s.o.jpa.EntityManagerFactoryUtils - Closing JPA EntityManager
15:32:24.412 [main] DEBUG o.s.o.j.SharedEntityManagerCreator$SharedEntityManagerInvocationHandler - Creating new EntityManager for shared EntityManager invocation
15:32:24.413 [main] DEBUG o.s.o.jpa.EntityManagerFactoryUtils - Closing JPA EntityManager
15:32:24.416 [main] DEBUG o.s.aop.framework.JdkDynamicAopProxy - Creating JDK dynamic proxy: target source is org.springframework.data.jpa.repository.support.CrudMethodMetadataPostProcessor$ThreadBoundTargetSource@5d425813
15:32:24.447 [main] DEBUG o.s.o.j.SharedEntityManagerCreator$SharedEntityManagerInvocationHandler - Creating new EntityManager for shared EntityManager invocation
15:32:24.447 [main] DEBUG o.s.o.jpa.EntityManagerFactoryUtils - Closing JPA EntityManager
15:32:24.462 [main] DEBUG o.s.d.j.r.query.JpaQueryFactory - Looking up query for method getByUsername
15:32:24.465 [main] DEBUG o.s.d.j.repository.query.NamedQuery - Looking up named query User.getByUsername
15:32:24.470 [main] DEBUG o.h.r.t.b.j.i.JdbcResourceLocalTransactionCoordinatorImpl - JDBC transaction marked for rollback-only (exception provided for stack trace)
java.lang.Exception: exception just for purpose of providing stack trace
	at org.hibernate.resource.transaction.backend.jdbc.internal.JdbcResourceLocalTransactionCoordinatorImpl$TransactionDriverControlImpl.markRollbackOnly(JdbcResourceLocalTransactionCoordinatorImpl.java:254) ~[hibernate-core-5.2.5.Final.jar:5.2.5.Final]
	at org.hibernate.engine.transaction.internal.TransactionImpl.setRollbackOnly(TransactionImpl.java:143) ~[hibernate-core-5.2.5.Final.jar:5.2.5.Final]
	at org.hibernate.Transaction.markRollbackOnly(Transaction.java:68) ~[hibernate-core-5.2.5.Final.jar:5.2.5.Final]
	at org.hibernate.internal.AbstractSharedSessionContract.markForRollbackOnly(AbstractSharedSessionContract.java:356) [hibernate-core-5.2.5.Final.jar:5.2.5.Final]
	at org.hibernate.internal.ExceptionConverterImpl.convert(ExceptionConverterImpl.java:165) [hibernate-core-5.2.5.Final.jar:5.2.5.Final]
	at org.hibernate.internal.AbstractSharedSessionContract.buildQueryFromName(AbstractSharedSessionContract.java:762) [hibernate-core-5.2.5.Final.jar:5.2.5.Final]
	at org.hibernate.internal.AbstractSharedSessionContract.createNamedQuery(AbstractSharedSessionContract.java:740) [hibernate-core-5.2.5.Final.jar:5.2.5.Final]
	at org.hibernate.internal.AbstractSessionImpl.createNamedQuery(AbstractSessionImpl.java:23) [hibernate-core-5.2.5.Final.jar:5.2.5.Final]
	at sun.reflect.NativeMethodAccessorImpl.invoke0(Native Method) ~[na:1.8.0_111]
	at sun.reflect.NativeMethodAccessorImpl.invoke(NativeMethodAccessorImpl.java:62) ~[na:1.8.0_111]
	at sun.reflect.DelegatingMethodAccessorImpl.invoke(DelegatingMethodAccessorImpl.java:43) ~[na:1.8.0_111]
	at java.lang.reflect.Method.invoke(Method.java:498) ~[na:1.8.0_111]
	at org.springframework.orm.jpa.ExtendedEntityManagerCreator$ExtendedEntityManagerInvocationHandler.invoke(ExtendedEntityManagerCreator.java:347) [spring-orm-4.3.5.RELEASE.jar:4.3.5.RELEASE]
	at com.sun.proxy.$Proxy46.createNamedQuery(Unknown Source) [na:na]
	at org.springframework.data.jpa.repository.query.NamedQuery.hasNamedQuery(NamedQuery.java:99) [spring-data-jpa-1.10.6.RELEASE.jar:na]
	at org.springframework.data.jpa.repository.query.NamedQuery.lookupFrom(NamedQuery.java:121) [spring-data-jpa-1.10.6.RELEASE.jar:na]
	at org.springframework.data.jpa.repository.query.JpaQueryLookupStrategy$DeclaredQueryLookupStrategy.resolveQuery(JpaQueryLookupStrategy.java:162) [spring-data-jpa-1.10.6.RELEASE.jar:na]
	at org.springframework.data.jpa.repository.query.JpaQueryLookupStrategy$CreateIfNotFoundQueryLookupStrategy.resolveQuery(JpaQueryLookupStrategy.java:212) [spring-data-jpa-1.10.6.RELEASE.jar:na]
	at org.springframework.data.jpa.repository.query.JpaQueryLookupStrategy$AbstractQueryLookupStrategy.resolveQuery(JpaQueryLookupStrategy.java:77) [spring-data-jpa-1.10.6.RELEASE.jar:na]
	at org.springframework.data.repository.core.support.RepositoryFactorySupport$QueryExecutorMethodInterceptor.<init>(RepositoryFactorySupport.java:435) [spring-data-commons-1.12.6.RELEASE.jar:na]
	at org.springframework.data.repository.core.support.RepositoryFactorySupport.getRepository(RepositoryFactorySupport.java:220) [spring-data-commons-1.12.6.RELEASE.jar:na]
	at org.springframework.data.repository.core.support.RepositoryFactoryBeanSupport.initAndReturn(RepositoryFactoryBeanSupport.java:280) [spring-data-commons-1.12.6.RELEASE.jar:na]
	at org.springframework.data.repository.core.support.RepositoryFactoryBeanSupport.afterPropertiesSet(RepositoryFactoryBeanSupport.java:266) [spring-data-commons-1.12.6.RELEASE.jar:na]
	at org.springframework.data.jpa.repository.support.JpaRepositoryFactoryBean.afterPropertiesSet(JpaRepositoryFactoryBean.java:92) [spring-data-jpa-1.10.6.RELEASE.jar:na]
	at org.springframework.beans.factory.support.AbstractAutowireCapableBeanFactory.invokeInitMethods(AbstractAutowireCapableBeanFactory.java:1648) [spring-beans-4.3.5.RELEASE.jar:4.3.5.RELEASE]
	at org.springframework.beans.factory.support.AbstractAutowireCapableBeanFactory.initializeBean(AbstractAutowireCapableBeanFactory.java:1585) [spring-beans-4.3.5.RELEASE.jar:4.3.5.RELEASE]
	at org.springframework.beans.factory.support.AbstractAutowireCapableBeanFactory.doCreateBean(AbstractAutowireCapableBeanFactory.java:554) [spring-beans-4.3.5.RELEASE.jar:4.3.5.RELEASE]
	at org.springframework.beans.factory.support.AbstractAutowireCapableBeanFactory.createBean(AbstractAutowireCapableBeanFactory.java:483) [spring-beans-4.3.5.RELEASE.jar:4.3.5.RELEASE]
	at org.springframework.beans.factory.support.AbstractBeanFactory$1.getObject(AbstractBeanFactory.java:306) [spring-beans-4.3.5.RELEASE.jar:4.3.5.RELEASE]
	at org.springframework.beans.factory.support.DefaultSingletonBeanRegistry.getSingleton(DefaultSingletonBeanRegistry.java:230) [spring-beans-4.3.5.RELEASE.jar:4.3.5.RELEASE]
	at org.springframework.beans.factory.support.AbstractBeanFactory.doGetBean(AbstractBeanFactory.java:302) [spring-beans-4.3.5.RELEASE.jar:4.3.5.RELEASE]
	at org.springframework.beans.factory.support.AbstractBeanFactory.getBean(AbstractBeanFactory.java:197) [spring-beans-4.3.5.RELEASE.jar:4.3.5.RELEASE]
	at org.springframework.beans.factory.support.DefaultListableBeanFactory.preInstantiateSingletons(DefaultListableBeanFactory.java:740) [spring-beans-4.3.5.RELEASE.jar:4.3.5.RELEASE]
	at org.springframework.context.support.AbstractApplicationContext.finishBeanFactoryInitialization(AbstractApplicationContext.java:866) [spring-context-4.3.5.RELEASE.jar:4.3.5.RELEASE]
	at org.springframework.context.support.AbstractApplicationContext.refresh(AbstractApplicationContext.java:542) [spring-context-4.3.5.RELEASE.jar:4.3.5.RELEASE]
	at org.springframework.test.context.support.AbstractGenericContextLoader.loadContext(AbstractGenericContextLoader.java:128) [spring-test-4.3.5.RELEASE.jar:4.3.5.RELEASE]
	at org.springframework.test.context.support.AbstractGenericContextLoader.loadContext(AbstractGenericContextLoader.java:60) [spring-test-4.3.5.RELEASE.jar:4.3.5.RELEASE]
	at org.springframework.test.context.support.AbstractDelegatingSmartContextLoader.delegateLoading(AbstractDelegatingSmartContextLoader.java:108) [spring-test-4.3.5.RELEASE.jar:4.3.5.RELEASE]
	at org.springframework.test.context.support.AbstractDelegatingSmartContextLoader.loadContext(AbstractDelegatingSmartContextLoader.java:251) [spring-test-4.3.5.RELEASE.jar:4.3.5.RELEASE]
	at org.springframework.test.context.cache.DefaultCacheAwareContextLoaderDelegate.loadContextInternal(DefaultCacheAwareContextLoaderDelegate.java:98) [spring-test-4.3.5.RELEASE.jar:4.3.5.RELEASE]
	at org.springframework.test.context.cache.DefaultCacheAwareContextLoaderDelegate.loadContext(DefaultCacheAwareContextLoaderDelegate.java:116) [spring-test-4.3.5.RELEASE.jar:4.3.5.RELEASE]
	at org.springframework.test.context.support.DefaultTestContext.getApplicationContext(DefaultTestContext.java:83) [spring-test-4.3.5.RELEASE.jar:4.3.5.RELEASE]
	at org.springframework.test.context.support.DependencyInjectionTestExecutionListener.injectDependencies(DependencyInjectionTestExecutionListener.java:117) [spring-test-4.3.5.RELEASE.jar:4.3.5.RELEASE]
	at org.springframework.test.context.support.DependencyInjectionTestExecutionListener.prepareTestInstance(DependencyInjectionTestExecutionListener.java:83) [spring-test-4.3.5.RELEASE.jar:4.3.5.RELEASE]
	at org.springframework.test.context.TestContextManager.prepareTestInstance(TestContextManager.java:230) [spring-test-4.3.5.RELEASE.jar:4.3.5.RELEASE]
	at org.springframework.test.context.junit4.SpringJUnit4ClassRunner.createTest(SpringJUnit4ClassRunner.java:228) [spring-test-4.3.5.RELEASE.jar:4.3.5.RELEASE]
	at org.springframework.test.context.junit4.SpringJUnit4ClassRunner$1.runReflectiveCall(SpringJUnit4ClassRunner.java:287) [spring-test-4.3.5.RELEASE.jar:4.3.5.RELEASE]
	at org.junit.internal.runners.model.ReflectiveCallable.run(ReflectiveCallable.java:12) [junit-4.12.jar:4.12]
	at org.springframework.test.context.junit4.SpringJUnit4ClassRunner.methodBlock(SpringJUnit4ClassRunner.java:289) [spring-test-4.3.5.RELEASE.jar:4.3.5.RELEASE]
	at org.springframework.test.context.junit4.SpringJUnit4ClassRunner.runChild(SpringJUnit4ClassRunner.java:247) [spring-test-4.3.5.RELEASE.jar:4.3.5.RELEASE]
	at org.springframework.test.context.junit4.SpringJUnit4ClassRunner.runChild(SpringJUnit4ClassRunner.java:94) [spring-test-4.3.5.RELEASE.jar:4.3.5.RELEASE]
	at org.junit.runners.ParentRunner$3.run(ParentRunner.java:290) [junit-4.12.jar:4.12]
	at org.junit.runners.ParentRunner$1.schedule(ParentRunner.java:71) [junit-4.12.jar:4.12]
	at org.junit.runners.ParentRunner.runChildren(ParentRunner.java:288) [junit-4.12.jar:4.12]
	at org.junit.runners.ParentRunner.access$000(ParentRunner.java:58) [junit-4.12.jar:4.12]
	at org.junit.runners.ParentRunner$2.evaluate(ParentRunner.java:268) [junit-4.12.jar:4.12]
	at org.springframework.test.context.junit4.statements.RunBeforeTestClassCallbacks.evaluate(RunBeforeTestClassCallbacks.java:61) [spring-test-4.3.5.RELEASE.jar:4.3.5.RELEASE]
	at org.springframework.test.context.junit4.statements.RunAfterTestClassCallbacks.evaluate(RunAfterTestClassCallbacks.java:70) [spring-test-4.3.5.RELEASE.jar:4.3.5.RELEASE]
	at org.junit.runners.ParentRunner.run(ParentRunner.java:363) [junit-4.12.jar:4.12]
	at org.springframework.test.context.junit4.SpringJUnit4ClassRunner.run(SpringJUnit4ClassRunner.java:191) [spring-test-4.3.5.RELEASE.jar:4.3.5.RELEASE]
	at org.apache.maven.surefire.junit4.JUnit4Provider.execute(JUnit4Provider.java:264) [surefire-junit4-2.17.jar:2.17]
	at org.apache.maven.surefire.junit4.JUnit4Provider.executeTestSet(JUnit4Provider.java:153) [surefire-junit4-2.17.jar:2.17]
	at org.apache.maven.surefire.junit4.JUnit4Provider.invoke(JUnit4Provider.java:124) [surefire-junit4-2.17.jar:2.17]
	at org.apache.maven.surefire.booter.ForkedBooter.invokeProviderInSameClassLoader(ForkedBooter.java:200) [surefire-booter-2.17.jar:2.17]
	at org.apache.maven.surefire.booter.ForkedBooter.runSuitesInProcess(ForkedBooter.java:153) [surefire-booter-2.17.jar:2.17]
	at org.apache.maven.surefire.booter.ForkedBooter.main(ForkedBooter.java:103) [surefire-booter-2.17.jar:2.17]
15:32:24.470 [main] DEBUG o.s.d.j.repository.query.NamedQuery - Did not find named query User.getByUsername
15:32:24.497 [main] DEBUG o.s.d.j.r.query.JpaQueryFactory - Looking up query for method getById
15:32:24.497 [main] DEBUG o.s.d.j.repository.query.NamedQuery - Looking up named query User.getById
15:32:24.498 [main] DEBUG o.h.r.t.b.j.i.JdbcResourceLocalTransactionCoordinatorImpl - JDBC transaction marked for rollback-only (exception provided for stack trace)
java.lang.Exception: exception just for purpose of providing stack trace
	at org.hibernate.resource.transaction.backend.jdbc.internal.JdbcResourceLocalTransactionCoordinatorImpl$TransactionDriverControlImpl.markRollbackOnly(JdbcResourceLocalTransactionCoordinatorImpl.java:254) ~[hibernate-core-5.2.5.Final.jar:5.2.5.Final]
	at org.hibernate.engine.transaction.internal.TransactionImpl.setRollbackOnly(TransactionImpl.java:143) ~[hibernate-core-5.2.5.Final.jar:5.2.5.Final]
	at org.hibernate.Transaction.markRollbackOnly(Transaction.java:68) ~[hibernate-core-5.2.5.Final.jar:5.2.5.Final]
	at org.hibernate.internal.AbstractSharedSessionContract.markForRollbackOnly(AbstractSharedSessionContract.java:356) [hibernate-core-5.2.5.Final.jar:5.2.5.Final]
	at org.hibernate.internal.ExceptionConverterImpl.convert(ExceptionConverterImpl.java:165) [hibernate-core-5.2.5.Final.jar:5.2.5.Final]
	at org.hibernate.internal.AbstractSharedSessionContract.buildQueryFromName(AbstractSharedSessionContract.java:762) [hibernate-core-5.2.5.Final.jar:5.2.5.Final]
	at org.hibernate.internal.AbstractSharedSessionContract.createNamedQuery(AbstractSharedSessionContract.java:740) [hibernate-core-5.2.5.Final.jar:5.2.5.Final]
	at org.hibernate.internal.AbstractSessionImpl.createNamedQuery(AbstractSessionImpl.java:23) [hibernate-core-5.2.5.Final.jar:5.2.5.Final]
	at sun.reflect.NativeMethodAccessorImpl.invoke0(Native Method) ~[na:1.8.0_111]
	at sun.reflect.NativeMethodAccessorImpl.invoke(NativeMethodAccessorImpl.java:62) ~[na:1.8.0_111]
	at sun.reflect.DelegatingMethodAccessorImpl.invoke(DelegatingMethodAccessorImpl.java:43) ~[na:1.8.0_111]
	at java.lang.reflect.Method.invoke(Method.java:498) ~[na:1.8.0_111]
	at org.springframework.orm.jpa.ExtendedEntityManagerCreator$ExtendedEntityManagerInvocationHandler.invoke(ExtendedEntityManagerCreator.java:347) [spring-orm-4.3.5.RELEASE.jar:4.3.5.RELEASE]
	at com.sun.proxy.$Proxy46.createNamedQuery(Unknown Source) [na:na]
	at org.springframework.data.jpa.repository.query.NamedQuery.hasNamedQuery(NamedQuery.java:99) [spring-data-jpa-1.10.6.RELEASE.jar:na]
	at org.springframework.data.jpa.repository.query.NamedQuery.lookupFrom(NamedQuery.java:121) [spring-data-jpa-1.10.6.RELEASE.jar:na]
	at org.springframework.data.jpa.repository.query.JpaQueryLookupStrategy$DeclaredQueryLookupStrategy.resolveQuery(JpaQueryLookupStrategy.java:162) [spring-data-jpa-1.10.6.RELEASE.jar:na]
	at org.springframework.data.jpa.repository.query.JpaQueryLookupStrategy$CreateIfNotFoundQueryLookupStrategy.resolveQuery(JpaQueryLookupStrategy.java:212) [spring-data-jpa-1.10.6.RELEASE.jar:na]
	at org.springframework.data.jpa.repository.query.JpaQueryLookupStrategy$AbstractQueryLookupStrategy.resolveQuery(JpaQueryLookupStrategy.java:77) [spring-data-jpa-1.10.6.RELEASE.jar:na]
	at org.springframework.data.repository.core.support.RepositoryFactorySupport$QueryExecutorMethodInterceptor.<init>(RepositoryFactorySupport.java:435) [spring-data-commons-1.12.6.RELEASE.jar:na]
	at org.springframework.data.repository.core.support.RepositoryFactorySupport.getRepository(RepositoryFactorySupport.java:220) [spring-data-commons-1.12.6.RELEASE.jar:na]
	at org.springframework.data.repository.core.support.RepositoryFactoryBeanSupport.initAndReturn(RepositoryFactoryBeanSupport.java:280) [spring-data-commons-1.12.6.RELEASE.jar:na]
	at org.springframework.data.repository.core.support.RepositoryFactoryBeanSupport.afterPropertiesSet(RepositoryFactoryBeanSupport.java:266) [spring-data-commons-1.12.6.RELEASE.jar:na]
	at org.springframework.data.jpa.repository.support.JpaRepositoryFactoryBean.afterPropertiesSet(JpaRepositoryFactoryBean.java:92) [spring-data-jpa-1.10.6.RELEASE.jar:na]
	at org.springframework.beans.factory.support.AbstractAutowireCapableBeanFactory.invokeInitMethods(AbstractAutowireCapableBeanFactory.java:1648) [spring-beans-4.3.5.RELEASE.jar:4.3.5.RELEASE]
	at org.springframework.beans.factory.support.AbstractAutowireCapableBeanFactory.initializeBean(AbstractAutowireCapableBeanFactory.java:1585) [spring-beans-4.3.5.RELEASE.jar:4.3.5.RELEASE]
	at org.springframework.beans.factory.support.AbstractAutowireCapableBeanFactory.doCreateBean(AbstractAutowireCapableBeanFactory.java:554) [spring-beans-4.3.5.RELEASE.jar:4.3.5.RELEASE]
	at org.springframework.beans.factory.support.AbstractAutowireCapableBeanFactory.createBean(AbstractAutowireCapableBeanFactory.java:483) [spring-beans-4.3.5.RELEASE.jar:4.3.5.RELEASE]
	at org.springframework.beans.factory.support.AbstractBeanFactory$1.getObject(AbstractBeanFactory.java:306) [spring-beans-4.3.5.RELEASE.jar:4.3.5.RELEASE]
	at org.springframework.beans.factory.support.DefaultSingletonBeanRegistry.getSingleton(DefaultSingletonBeanRegistry.java:230) [spring-beans-4.3.5.RELEASE.jar:4.3.5.RELEASE]
	at org.springframework.beans.factory.support.AbstractBeanFactory.doGetBean(AbstractBeanFactory.java:302) [spring-beans-4.3.5.RELEASE.jar:4.3.5.RELEASE]
	at org.springframework.beans.factory.support.AbstractBeanFactory.getBean(AbstractBeanFactory.java:197) [spring-beans-4.3.5.RELEASE.jar:4.3.5.RELEASE]
	at org.springframework.beans.factory.support.DefaultListableBeanFactory.preInstantiateSingletons(DefaultListableBeanFactory.java:740) [spring-beans-4.3.5.RELEASE.jar:4.3.5.RELEASE]
	at org.springframework.context.support.AbstractApplicationContext.finishBeanFactoryInitialization(AbstractApplicationContext.java:866) [spring-context-4.3.5.RELEASE.jar:4.3.5.RELEASE]
	at org.springframework.context.support.AbstractApplicationContext.refresh(AbstractApplicationContext.java:542) [spring-context-4.3.5.RELEASE.jar:4.3.5.RELEASE]
	at org.springframework.test.context.support.AbstractGenericContextLoader.loadContext(AbstractGenericContextLoader.java:128) [spring-test-4.3.5.RELEASE.jar:4.3.5.RELEASE]
	at org.springframework.test.context.support.AbstractGenericContextLoader.loadContext(AbstractGenericContextLoader.java:60) [spring-test-4.3.5.RELEASE.jar:4.3.5.RELEASE]
	at org.springframework.test.context.support.AbstractDelegatingSmartContextLoader.delegateLoading(AbstractDelegatingSmartContextLoader.java:108) [spring-test-4.3.5.RELEASE.jar:4.3.5.RELEASE]
	at org.springframework.test.context.support.AbstractDelegatingSmartContextLoader.loadContext(AbstractDelegatingSmartContextLoader.java:251) [spring-test-4.3.5.RELEASE.jar:4.3.5.RELEASE]
	at org.springframework.test.context.cache.DefaultCacheAwareContextLoaderDelegate.loadContextInternal(DefaultCacheAwareContextLoaderDelegate.java:98) [spring-test-4.3.5.RELEASE.jar:4.3.5.RELEASE]
	at org.springframework.test.context.cache.DefaultCacheAwareContextLoaderDelegate.loadContext(DefaultCacheAwareContextLoaderDelegate.java:116) [spring-test-4.3.5.RELEASE.jar:4.3.5.RELEASE]
	at org.springframework.test.context.support.DefaultTestContext.getApplicationContext(DefaultTestContext.java:83) [spring-test-4.3.5.RELEASE.jar:4.3.5.RELEASE]
	at org.springframework.test.context.support.DependencyInjectionTestExecutionListener.injectDependencies(DependencyInjectionTestExecutionListener.java:117) [spring-test-4.3.5.RELEASE.jar:4.3.5.RELEASE]
	at org.springframework.test.context.support.DependencyInjectionTestExecutionListener.prepareTestInstance(DependencyInjectionTestExecutionListener.java:83) [spring-test-4.3.5.RELEASE.jar:4.3.5.RELEASE]
	at org.springframework.test.context.TestContextManager.prepareTestInstance(TestContextManager.java:230) [spring-test-4.3.5.RELEASE.jar:4.3.5.RELEASE]
	at org.springframework.test.context.junit4.SpringJUnit4ClassRunner.createTest(SpringJUnit4ClassRunner.java:228) [spring-test-4.3.5.RELEASE.jar:4.3.5.RELEASE]
	at org.springframework.test.context.junit4.SpringJUnit4ClassRunner$1.runReflectiveCall(SpringJUnit4ClassRunner.java:287) [spring-test-4.3.5.RELEASE.jar:4.3.5.RELEASE]
	at org.junit.internal.runners.model.ReflectiveCallable.run(ReflectiveCallable.java:12) [junit-4.12.jar:4.12]
	at org.springframework.test.context.junit4.SpringJUnit4ClassRunner.methodBlock(SpringJUnit4ClassRunner.java:289) [spring-test-4.3.5.RELEASE.jar:4.3.5.RELEASE]
	at org.springframework.test.context.junit4.SpringJUnit4ClassRunner.runChild(SpringJUnit4ClassRunner.java:247) [spring-test-4.3.5.RELEASE.jar:4.3.5.RELEASE]
	at org.springframework.test.context.junit4.SpringJUnit4ClassRunner.runChild(SpringJUnit4ClassRunner.java:94) [spring-test-4.3.5.RELEASE.jar:4.3.5.RELEASE]
	at org.junit.runners.ParentRunner$3.run(ParentRunner.java:290) [junit-4.12.jar:4.12]
	at org.junit.runners.ParentRunner$1.schedule(ParentRunner.java:71) [junit-4.12.jar:4.12]
	at org.junit.runners.ParentRunner.runChildren(ParentRunner.java:288) [junit-4.12.jar:4.12]
	at org.junit.runners.ParentRunner.access$000(ParentRunner.java:58) [junit-4.12.jar:4.12]
	at org.junit.runners.ParentRunner$2.evaluate(ParentRunner.java:268) [junit-4.12.jar:4.12]
	at org.springframework.test.context.junit4.statements.RunBeforeTestClassCallbacks.evaluate(RunBeforeTestClassCallbacks.java:61) [spring-test-4.3.5.RELEASE.jar:4.3.5.RELEASE]
	at org.springframework.test.context.junit4.statements.RunAfterTestClassCallbacks.evaluate(RunAfterTestClassCallbacks.java:70) [spring-test-4.3.5.RELEASE.jar:4.3.5.RELEASE]
	at org.junit.runners.ParentRunner.run(ParentRunner.java:363) [junit-4.12.jar:4.12]
	at org.springframework.test.context.junit4.SpringJUnit4ClassRunner.run(SpringJUnit4ClassRunner.java:191) [spring-test-4.3.5.RELEASE.jar:4.3.5.RELEASE]
	at org.apache.maven.surefire.junit4.JUnit4Provider.execute(JUnit4Provider.java:264) [surefire-junit4-2.17.jar:2.17]
	at org.apache.maven.surefire.junit4.JUnit4Provider.executeTestSet(JUnit4Provider.java:153) [surefire-junit4-2.17.jar:2.17]
	at org.apache.maven.surefire.junit4.JUnit4Provider.invoke(JUnit4Provider.java:124) [surefire-junit4-2.17.jar:2.17]
	at org.apache.maven.surefire.booter.ForkedBooter.invokeProviderInSameClassLoader(ForkedBooter.java:200) [surefire-booter-2.17.jar:2.17]
	at org.apache.maven.surefire.booter.ForkedBooter.runSuitesInProcess(ForkedBooter.java:153) [surefire-booter-2.17.jar:2.17]
	at org.apache.maven.surefire.booter.ForkedBooter.main(ForkedBooter.java:103) [surefire-booter-2.17.jar:2.17]
15:32:24.498 [main] DEBUG o.s.d.j.repository.query.NamedQuery - Did not find named query User.getById
15:32:24.498 [main] DEBUG o.s.aop.framework.JdkDynamicAopProxy - Creating JDK dynamic proxy: target source is SingletonTargetSource for target object [org.springframework.data.jpa.repository.support.SimpleJpaRepository@3ee0b4f7]
15:32:24.502 [main] DEBUG o.s.b.f.s.DefaultListableBeanFactory - Returning cached instance of singleton bean 'org.springframework.transaction.config.internalTransactionAdvisor'
15:32:24.502 [main] DEBUG o.s.b.f.s.DefaultListableBeanFactory - Finished creating instance of bean 'userRepository'
15:32:24.503 [main] DEBUG o.s.b.f.s.DefaultListableBeanFactory - Creating shared instance of singleton bean 'companyRepository'
15:32:24.503 [main] DEBUG o.s.b.f.s.DefaultListableBeanFactory - Creating instance of bean 'companyRepository'
15:32:24.503 [main] DEBUG o.s.b.f.annotation.InjectionMetadata - Registered injected element on class [org.springframework.data.jpa.repository.support.JpaRepositoryFactoryBean]: PersistenceElement for public void org.springframework.data.jpa.repository.support.JpaRepositoryFactoryBean.setEntityManager(javax.persistence.EntityManager)
15:32:24.503 [main] DEBUG o.s.b.f.s.DefaultListableBeanFactory - Eagerly caching bean 'companyRepository' to allow for resolving potential circular references
15:32:24.503 [main] DEBUG o.s.b.f.annotation.InjectionMetadata - Processing injected element of bean 'companyRepository': PersistenceElement for public void org.springframework.data.jpa.repository.support.JpaRepositoryFactoryBean.setEntityManager(javax.persistence.EntityManager)
15:32:24.503 [main] DEBUG o.s.b.f.s.DefaultListableBeanFactory - Creating instance of bean '(inner bean)#7ceb4478'
15:32:24.503 [main] DEBUG o.s.b.f.s.DefaultListableBeanFactory - Creating instance of bean '(inner bean)#7fdab70c'
15:32:24.504 [main] DEBUG o.s.c.i.s.PathMatchingResourcePatternResolver - Resolved classpath location [META-INF/jpa-named-queries.properties] to resources []
15:32:24.504 [main] DEBUG o.s.b.f.s.DefaultListableBeanFactory - Invoking afterPropertiesSet() on bean with name '(inner bean)#7fdab70c'
15:32:24.504 [main] DEBUG o.s.b.f.s.DefaultListableBeanFactory - Returning cached instance of singleton bean 'org.springframework.transaction.config.internalTransactionAdvisor'
15:32:24.504 [main] DEBUG o.s.b.f.s.DefaultListableBeanFactory - Finished creating instance of bean '(inner bean)#7fdab70c'
15:32:24.504 [main] DEBUG o.s.b.f.s.DefaultListableBeanFactory - Returning cached instance of singleton bean 'org.springframework.transaction.config.internalTransactionAdvisor'
15:32:24.504 [main] DEBUG o.s.b.f.s.DefaultListableBeanFactory - Returning cached instance of singleton bean 'org.springframework.transaction.config.internalTransactionAdvisor'
15:32:24.505 [main] DEBUG o.s.b.f.s.DefaultListableBeanFactory - Finished creating instance of bean '(inner bean)#7ceb4478'
15:32:24.505 [main] DEBUG o.s.b.f.s.DefaultListableBeanFactory - Creating instance of bean '(inner bean)#455c1d8c'
15:32:24.505 [main] DEBUG o.s.b.f.s.DefaultListableBeanFactory - Returning cached instance of singleton bean 'org.springframework.transaction.config.internalTransactionAdvisor'
15:32:24.505 [main] DEBUG o.s.b.f.s.DefaultListableBeanFactory - Finished creating instance of bean '(inner bean)#455c1d8c'
15:32:24.505 [main] DEBUG o.s.b.f.s.DefaultListableBeanFactory - Creating instance of bean '(inner bean)#1422ac7f'
15:32:24.505 [main] DEBUG o.s.b.f.s.DefaultListableBeanFactory - Returning cached instance of singleton bean 'entityManagerFactory'
15:32:24.506 [main] DEBUG o.s.b.f.s.DefaultListableBeanFactory - Returning cached instance of singleton bean 'org.springframework.transaction.config.internalTransactionAdvisor'
15:32:24.506 [main] DEBUG o.s.b.f.s.DefaultListableBeanFactory - Finished creating instance of bean '(inner bean)#1422ac7f'
15:32:24.506 [main] DEBUG o.s.b.f.s.DefaultListableBeanFactory - Returning cached instance of singleton bean 'jpaMappingContext'
15:32:24.506 [main] DEBUG o.s.b.f.s.DefaultListableBeanFactory - Invoking afterPropertiesSet() on bean with name 'companyRepository'
15:32:24.506 [main] DEBUG o.s.o.j.SharedEntityManagerCreator$SharedEntityManagerInvocationHandler - Creating new EntityManager for shared EntityManager invocation
15:32:24.506 [main] DEBUG o.s.o.jpa.EntityManagerFactoryUtils - Closing JPA EntityManager
15:32:24.507 [main] DEBUG o.s.o.j.SharedEntityManagerCreator$SharedEntityManagerInvocationHandler - Creating new EntityManager for shared EntityManager invocation
15:32:24.508 [main] DEBUG o.s.o.jpa.EntityManagerFactoryUtils - Closing JPA EntityManager
15:32:24.508 [main] DEBUG o.s.aop.framework.JdkDynamicAopProxy - Creating JDK dynamic proxy: target source is org.springframework.data.jpa.repository.support.CrudMethodMetadataPostProcessor$ThreadBoundTargetSource@58472096
15:32:24.508 [main] DEBUG o.s.o.j.SharedEntityManagerCreator$SharedEntityManagerInvocationHandler - Creating new EntityManager for shared EntityManager invocation
15:32:24.509 [main] DEBUG o.s.o.jpa.EntityManagerFactoryUtils - Closing JPA EntityManager
15:32:24.509 [main] DEBUG o.s.d.j.r.query.JpaQueryFactory - Looking up query for method getById
15:32:24.509 [main] DEBUG o.s.d.j.repository.query.NamedQuery - Looking up named query Company.getById
15:32:24.510 [main] DEBUG o.h.r.t.b.j.i.JdbcResourceLocalTransactionCoordinatorImpl - JDBC transaction marked for rollback-only (exception provided for stack trace)
java.lang.Exception: exception just for purpose of providing stack trace
	at org.hibernate.resource.transaction.backend.jdbc.internal.JdbcResourceLocalTransactionCoordinatorImpl$TransactionDriverControlImpl.markRollbackOnly(JdbcResourceLocalTransactionCoordinatorImpl.java:254) ~[hibernate-core-5.2.5.Final.jar:5.2.5.Final]
	at org.hibernate.engine.transaction.internal.TransactionImpl.setRollbackOnly(TransactionImpl.java:143) ~[hibernate-core-5.2.5.Final.jar:5.2.5.Final]
	at org.hibernate.Transaction.markRollbackOnly(Transaction.java:68) ~[hibernate-core-5.2.5.Final.jar:5.2.5.Final]
	at org.hibernate.internal.AbstractSharedSessionContract.markForRollbackOnly(AbstractSharedSessionContract.java:356) [hibernate-core-5.2.5.Final.jar:5.2.5.Final]
	at org.hibernate.internal.ExceptionConverterImpl.convert(ExceptionConverterImpl.java:165) [hibernate-core-5.2.5.Final.jar:5.2.5.Final]
	at org.hibernate.internal.AbstractSharedSessionContract.buildQueryFromName(AbstractSharedSessionContract.java:762) [hibernate-core-5.2.5.Final.jar:5.2.5.Final]
	at org.hibernate.internal.AbstractSharedSessionContract.createNamedQuery(AbstractSharedSessionContract.java:740) [hibernate-core-5.2.5.Final.jar:5.2.5.Final]
	at org.hibernate.internal.AbstractSessionImpl.createNamedQuery(AbstractSessionImpl.java:23) [hibernate-core-5.2.5.Final.jar:5.2.5.Final]
	at sun.reflect.NativeMethodAccessorImpl.invoke0(Native Method) ~[na:1.8.0_111]
	at sun.reflect.NativeMethodAccessorImpl.invoke(NativeMethodAccessorImpl.java:62) ~[na:1.8.0_111]
	at sun.reflect.DelegatingMethodAccessorImpl.invoke(DelegatingMethodAccessorImpl.java:43) ~[na:1.8.0_111]
	at java.lang.reflect.Method.invoke(Method.java:498) ~[na:1.8.0_111]
	at org.springframework.orm.jpa.ExtendedEntityManagerCreator$ExtendedEntityManagerInvocationHandler.invoke(ExtendedEntityManagerCreator.java:347) [spring-orm-4.3.5.RELEASE.jar:4.3.5.RELEASE]
	at com.sun.proxy.$Proxy46.createNamedQuery(Unknown Source) [na:na]
	at org.springframework.data.jpa.repository.query.NamedQuery.hasNamedQuery(NamedQuery.java:99) [spring-data-jpa-1.10.6.RELEASE.jar:na]
	at org.springframework.data.jpa.repository.query.NamedQuery.lookupFrom(NamedQuery.java:121) [spring-data-jpa-1.10.6.RELEASE.jar:na]
	at org.springframework.data.jpa.repository.query.JpaQueryLookupStrategy$DeclaredQueryLookupStrategy.resolveQuery(JpaQueryLookupStrategy.java:162) [spring-data-jpa-1.10.6.RELEASE.jar:na]
	at org.springframework.data.jpa.repository.query.JpaQueryLookupStrategy$CreateIfNotFoundQueryLookupStrategy.resolveQuery(JpaQueryLookupStrategy.java:212) [spring-data-jpa-1.10.6.RELEASE.jar:na]
	at org.springframework.data.jpa.repository.query.JpaQueryLookupStrategy$AbstractQueryLookupStrategy.resolveQuery(JpaQueryLookupStrategy.java:77) [spring-data-jpa-1.10.6.RELEASE.jar:na]
	at org.springframework.data.repository.core.support.RepositoryFactorySupport$QueryExecutorMethodInterceptor.<init>(RepositoryFactorySupport.java:435) [spring-data-commons-1.12.6.RELEASE.jar:na]
	at org.springframework.data.repository.core.support.RepositoryFactorySupport.getRepository(RepositoryFactorySupport.java:220) [spring-data-commons-1.12.6.RELEASE.jar:na]
	at org.springframework.data.repository.core.support.RepositoryFactoryBeanSupport.initAndReturn(RepositoryFactoryBeanSupport.java:280) [spring-data-commons-1.12.6.RELEASE.jar:na]
	at org.springframework.data.repository.core.support.RepositoryFactoryBeanSupport.afterPropertiesSet(RepositoryFactoryBeanSupport.java:266) [spring-data-commons-1.12.6.RELEASE.jar:na]
	at org.springframework.data.jpa.repository.support.JpaRepositoryFactoryBean.afterPropertiesSet(JpaRepositoryFactoryBean.java:92) [spring-data-jpa-1.10.6.RELEASE.jar:na]
	at org.springframework.beans.factory.support.AbstractAutowireCapableBeanFactory.invokeInitMethods(AbstractAutowireCapableBeanFactory.java:1648) [spring-beans-4.3.5.RELEASE.jar:4.3.5.RELEASE]
	at org.springframework.beans.factory.support.AbstractAutowireCapableBeanFactory.initializeBean(AbstractAutowireCapableBeanFactory.java:1585) [spring-beans-4.3.5.RELEASE.jar:4.3.5.RELEASE]
	at org.springframework.beans.factory.support.AbstractAutowireCapableBeanFactory.doCreateBean(AbstractAutowireCapableBeanFactory.java:554) [spring-beans-4.3.5.RELEASE.jar:4.3.5.RELEASE]
	at org.springframework.beans.factory.support.AbstractAutowireCapableBeanFactory.createBean(AbstractAutowireCapableBeanFactory.java:483) [spring-beans-4.3.5.RELEASE.jar:4.3.5.RELEASE]
	at org.springframework.beans.factory.support.AbstractBeanFactory$1.getObject(AbstractBeanFactory.java:306) [spring-beans-4.3.5.RELEASE.jar:4.3.5.RELEASE]
	at org.springframework.beans.factory.support.DefaultSingletonBeanRegistry.getSingleton(DefaultSingletonBeanRegistry.java:230) [spring-beans-4.3.5.RELEASE.jar:4.3.5.RELEASE]
	at org.springframework.beans.factory.support.AbstractBeanFactory.doGetBean(AbstractBeanFactory.java:302) [spring-beans-4.3.5.RELEASE.jar:4.3.5.RELEASE]
	at org.springframework.beans.factory.support.AbstractBeanFactory.getBean(AbstractBeanFactory.java:197) [spring-beans-4.3.5.RELEASE.jar:4.3.5.RELEASE]
	at org.springframework.beans.factory.support.DefaultListableBeanFactory.preInstantiateSingletons(DefaultListableBeanFactory.java:740) [spring-beans-4.3.5.RELEASE.jar:4.3.5.RELEASE]
	at org.springframework.context.support.AbstractApplicationContext.finishBeanFactoryInitialization(AbstractApplicationContext.java:866) [spring-context-4.3.5.RELEASE.jar:4.3.5.RELEASE]
	at org.springframework.context.support.AbstractApplicationContext.refresh(AbstractApplicationContext.java:542) [spring-context-4.3.5.RELEASE.jar:4.3.5.RELEASE]
	at org.springframework.test.context.support.AbstractGenericContextLoader.loadContext(AbstractGenericContextLoader.java:128) [spring-test-4.3.5.RELEASE.jar:4.3.5.RELEASE]
	at org.springframework.test.context.support.AbstractGenericContextLoader.loadContext(AbstractGenericContextLoader.java:60) [spring-test-4.3.5.RELEASE.jar:4.3.5.RELEASE]
	at org.springframework.test.context.support.AbstractDelegatingSmartContextLoader.delegateLoading(AbstractDelegatingSmartContextLoader.java:108) [spring-test-4.3.5.RELEASE.jar:4.3.5.RELEASE]
	at org.springframework.test.context.support.AbstractDelegatingSmartContextLoader.loadContext(AbstractDelegatingSmartContextLoader.java:251) [spring-test-4.3.5.RELEASE.jar:4.3.5.RELEASE]
	at org.springframework.test.context.cache.DefaultCacheAwareContextLoaderDelegate.loadContextInternal(DefaultCacheAwareContextLoaderDelegate.java:98) [spring-test-4.3.5.RELEASE.jar:4.3.5.RELEASE]
	at org.springframework.test.context.cache.DefaultCacheAwareContextLoaderDelegate.loadContext(DefaultCacheAwareContextLoaderDelegate.java:116) [spring-test-4.3.5.RELEASE.jar:4.3.5.RELEASE]
	at org.springframework.test.context.support.DefaultTestContext.getApplicationContext(DefaultTestContext.java:83) [spring-test-4.3.5.RELEASE.jar:4.3.5.RELEASE]
	at org.springframework.test.context.support.DependencyInjectionTestExecutionListener.injectDependencies(DependencyInjectionTestExecutionListener.java:117) [spring-test-4.3.5.RELEASE.jar:4.3.5.RELEASE]
	at org.springframework.test.context.support.DependencyInjectionTestExecutionListener.prepareTestInstance(DependencyInjectionTestExecutionListener.java:83) [spring-test-4.3.5.RELEASE.jar:4.3.5.RELEASE]
	at org.springframework.test.context.TestContextManager.prepareTestInstance(TestContextManager.java:230) [spring-test-4.3.5.RELEASE.jar:4.3.5.RELEASE]
	at org.springframework.test.context.junit4.SpringJUnit4ClassRunner.createTest(SpringJUnit4ClassRunner.java:228) [spring-test-4.3.5.RELEASE.jar:4.3.5.RELEASE]
	at org.springframework.test.context.junit4.SpringJUnit4ClassRunner$1.runReflectiveCall(SpringJUnit4ClassRunner.java:287) [spring-test-4.3.5.RELEASE.jar:4.3.5.RELEASE]
	at org.junit.internal.runners.model.ReflectiveCallable.run(ReflectiveCallable.java:12) [junit-4.12.jar:4.12]
	at org.springframework.test.context.junit4.SpringJUnit4ClassRunner.methodBlock(SpringJUnit4ClassRunner.java:289) [spring-test-4.3.5.RELEASE.jar:4.3.5.RELEASE]
	at org.springframework.test.context.junit4.SpringJUnit4ClassRunner.runChild(SpringJUnit4ClassRunner.java:247) [spring-test-4.3.5.RELEASE.jar:4.3.5.RELEASE]
	at org.springframework.test.context.junit4.SpringJUnit4ClassRunner.runChild(SpringJUnit4ClassRunner.java:94) [spring-test-4.3.5.RELEASE.jar:4.3.5.RELEASE]
	at org.junit.runners.ParentRunner$3.run(ParentRunner.java:290) [junit-4.12.jar:4.12]
	at org.junit.runners.ParentRunner$1.schedule(ParentRunner.java:71) [junit-4.12.jar:4.12]
	at org.junit.runners.ParentRunner.runChildren(ParentRunner.java:288) [junit-4.12.jar:4.12]
	at org.junit.runners.ParentRunner.access$000(ParentRunner.java:58) [junit-4.12.jar:4.12]
	at org.junit.runners.ParentRunner$2.evaluate(ParentRunner.java:268) [junit-4.12.jar:4.12]
	at org.springframework.test.context.junit4.statements.RunBeforeTestClassCallbacks.evaluate(RunBeforeTestClassCallbacks.java:61) [spring-test-4.3.5.RELEASE.jar:4.3.5.RELEASE]
	at org.springframework.test.context.junit4.statements.RunAfterTestClassCallbacks.evaluate(RunAfterTestClassCallbacks.java:70) [spring-test-4.3.5.RELEASE.jar:4.3.5.RELEASE]
	at org.junit.runners.ParentRunner.run(ParentRunner.java:363) [junit-4.12.jar:4.12]
	at org.springframework.test.context.junit4.SpringJUnit4ClassRunner.run(SpringJUnit4ClassRunner.java:191) [spring-test-4.3.5.RELEASE.jar:4.3.5.RELEASE]
	at org.apache.maven.surefire.junit4.JUnit4Provider.execute(JUnit4Provider.java:264) [surefire-junit4-2.17.jar:2.17]
	at org.apache.maven.surefire.junit4.JUnit4Provider.executeTestSet(JUnit4Provider.java:153) [surefire-junit4-2.17.jar:2.17]
	at org.apache.maven.surefire.junit4.JUnit4Provider.invoke(JUnit4Provider.java:124) [surefire-junit4-2.17.jar:2.17]
	at org.apache.maven.surefire.booter.ForkedBooter.invokeProviderInSameClassLoader(ForkedBooter.java:200) [surefire-booter-2.17.jar:2.17]
	at org.apache.maven.surefire.booter.ForkedBooter.runSuitesInProcess(ForkedBooter.java:153) [surefire-booter-2.17.jar:2.17]
	at org.apache.maven.surefire.booter.ForkedBooter.main(ForkedBooter.java:103) [surefire-booter-2.17.jar:2.17]
15:32:24.510 [main] DEBUG o.s.d.j.repository.query.NamedQuery - Did not find named query Company.getById
15:32:24.511 [main] DEBUG o.s.d.j.r.query.JpaQueryFactory - Looking up query for method deleteById
15:32:24.511 [main] DEBUG o.s.d.j.repository.query.NamedQuery - Looking up named query Company.deleteById
15:32:24.512 [main] DEBUG o.h.r.t.b.j.i.JdbcResourceLocalTransactionCoordinatorImpl - JDBC transaction marked for rollback-only (exception provided for stack trace)
java.lang.Exception: exception just for purpose of providing stack trace
	at org.hibernate.resource.transaction.backend.jdbc.internal.JdbcResourceLocalTransactionCoordinatorImpl$TransactionDriverControlImpl.markRollbackOnly(JdbcResourceLocalTransactionCoordinatorImpl.java:254) ~[hibernate-core-5.2.5.Final.jar:5.2.5.Final]
	at org.hibernate.engine.transaction.internal.TransactionImpl.setRollbackOnly(TransactionImpl.java:143) ~[hibernate-core-5.2.5.Final.jar:5.2.5.Final]
	at org.hibernate.Transaction.markRollbackOnly(Transaction.java:68) ~[hibernate-core-5.2.5.Final.jar:5.2.5.Final]
	at org.hibernate.internal.AbstractSharedSessionContract.markForRollbackOnly(AbstractSharedSessionContract.java:356) [hibernate-core-5.2.5.Final.jar:5.2.5.Final]
	at org.hibernate.internal.ExceptionConverterImpl.convert(ExceptionConverterImpl.java:165) [hibernate-core-5.2.5.Final.jar:5.2.5.Final]
	at org.hibernate.internal.AbstractSharedSessionContract.buildQueryFromName(AbstractSharedSessionContract.java:762) [hibernate-core-5.2.5.Final.jar:5.2.5.Final]
	at org.hibernate.internal.AbstractSharedSessionContract.createNamedQuery(AbstractSharedSessionContract.java:740) [hibernate-core-5.2.5.Final.jar:5.2.5.Final]
	at org.hibernate.internal.AbstractSessionImpl.createNamedQuery(AbstractSessionImpl.java:23) [hibernate-core-5.2.5.Final.jar:5.2.5.Final]
	at sun.reflect.NativeMethodAccessorImpl.invoke0(Native Method) ~[na:1.8.0_111]
	at sun.reflect.NativeMethodAccessorImpl.invoke(NativeMethodAccessorImpl.java:62) ~[na:1.8.0_111]
	at sun.reflect.DelegatingMethodAccessorImpl.invoke(DelegatingMethodAccessorImpl.java:43) ~[na:1.8.0_111]
	at java.lang.reflect.Method.invoke(Method.java:498) ~[na:1.8.0_111]
	at org.springframework.orm.jpa.ExtendedEntityManagerCreator$ExtendedEntityManagerInvocationHandler.invoke(ExtendedEntityManagerCreator.java:347) [spring-orm-4.3.5.RELEASE.jar:4.3.5.RELEASE]
	at com.sun.proxy.$Proxy46.createNamedQuery(Unknown Source) [na:na]
	at org.springframework.data.jpa.repository.query.NamedQuery.hasNamedQuery(NamedQuery.java:99) [spring-data-jpa-1.10.6.RELEASE.jar:na]
	at org.springframework.data.jpa.repository.query.NamedQuery.lookupFrom(NamedQuery.java:121) [spring-data-jpa-1.10.6.RELEASE.jar:na]
	at org.springframework.data.jpa.repository.query.JpaQueryLookupStrategy$DeclaredQueryLookupStrategy.resolveQuery(JpaQueryLookupStrategy.java:162) [spring-data-jpa-1.10.6.RELEASE.jar:na]
	at org.springframework.data.jpa.repository.query.JpaQueryLookupStrategy$CreateIfNotFoundQueryLookupStrategy.resolveQuery(JpaQueryLookupStrategy.java:212) [spring-data-jpa-1.10.6.RELEASE.jar:na]
	at org.springframework.data.jpa.repository.query.JpaQueryLookupStrategy$AbstractQueryLookupStrategy.resolveQuery(JpaQueryLookupStrategy.java:77) [spring-data-jpa-1.10.6.RELEASE.jar:na]
	at org.springframework.data.repository.core.support.RepositoryFactorySupport$QueryExecutorMethodInterceptor.<init>(RepositoryFactorySupport.java:435) [spring-data-commons-1.12.6.RELEASE.jar:na]
	at org.springframework.data.repository.core.support.RepositoryFactorySupport.getRepository(RepositoryFactorySupport.java:220) [spring-data-commons-1.12.6.RELEASE.jar:na]
	at org.springframework.data.repository.core.support.RepositoryFactoryBeanSupport.initAndReturn(RepositoryFactoryBeanSupport.java:280) [spring-data-commons-1.12.6.RELEASE.jar:na]
	at org.springframework.data.repository.core.support.RepositoryFactoryBeanSupport.afterPropertiesSet(RepositoryFactoryBeanSupport.java:266) [spring-data-commons-1.12.6.RELEASE.jar:na]
	at org.springframework.data.jpa.repository.support.JpaRepositoryFactoryBean.afterPropertiesSet(JpaRepositoryFactoryBean.java:92) [spring-data-jpa-1.10.6.RELEASE.jar:na]
	at org.springframework.beans.factory.support.AbstractAutowireCapableBeanFactory.invokeInitMethods(AbstractAutowireCapableBeanFactory.java:1648) [spring-beans-4.3.5.RELEASE.jar:4.3.5.RELEASE]
	at org.springframework.beans.factory.support.AbstractAutowireCapableBeanFactory.initializeBean(AbstractAutowireCapableBeanFactory.java:1585) [spring-beans-4.3.5.RELEASE.jar:4.3.5.RELEASE]
	at org.springframework.beans.factory.support.AbstractAutowireCapableBeanFactory.doCreateBean(AbstractAutowireCapableBeanFactory.java:554) [spring-beans-4.3.5.RELEASE.jar:4.3.5.RELEASE]
	at org.springframework.beans.factory.support.AbstractAutowireCapableBeanFactory.createBean(AbstractAutowireCapableBeanFactory.java:483) [spring-beans-4.3.5.RELEASE.jar:4.3.5.RELEASE]
	at org.springframework.beans.factory.support.AbstractBeanFactory$1.getObject(AbstractBeanFactory.java:306) [spring-beans-4.3.5.RELEASE.jar:4.3.5.RELEASE]
	at org.springframework.beans.factory.support.DefaultSingletonBeanRegistry.getSingleton(DefaultSingletonBeanRegistry.java:230) [spring-beans-4.3.5.RELEASE.jar:4.3.5.RELEASE]
	at org.springframework.beans.factory.support.AbstractBeanFactory.doGetBean(AbstractBeanFactory.java:302) [spring-beans-4.3.5.RELEASE.jar:4.3.5.RELEASE]
	at org.springframework.beans.factory.support.AbstractBeanFactory.getBean(AbstractBeanFactory.java:197) [spring-beans-4.3.5.RELEASE.jar:4.3.5.RELEASE]
	at org.springframework.beans.factory.support.DefaultListableBeanFactory.preInstantiateSingletons(DefaultListableBeanFactory.java:740) [spring-beans-4.3.5.RELEASE.jar:4.3.5.RELEASE]
	at org.springframework.context.support.AbstractApplicationContext.finishBeanFactoryInitialization(AbstractApplicationContext.java:866) [spring-context-4.3.5.RELEASE.jar:4.3.5.RELEASE]
	at org.springframework.context.support.AbstractApplicationContext.refresh(AbstractApplicationContext.java:542) [spring-context-4.3.5.RELEASE.jar:4.3.5.RELEASE]
	at org.springframework.test.context.support.AbstractGenericContextLoader.loadContext(AbstractGenericContextLoader.java:128) [spring-test-4.3.5.RELEASE.jar:4.3.5.RELEASE]
	at org.springframework.test.context.support.AbstractGenericContextLoader.loadContext(AbstractGenericContextLoader.java:60) [spring-test-4.3.5.RELEASE.jar:4.3.5.RELEASE]
	at org.springframework.test.context.support.AbstractDelegatingSmartContextLoader.delegateLoading(AbstractDelegatingSmartContextLoader.java:108) [spring-test-4.3.5.RELEASE.jar:4.3.5.RELEASE]
	at org.springframework.test.context.support.AbstractDelegatingSmartContextLoader.loadContext(AbstractDelegatingSmartContextLoader.java:251) [spring-test-4.3.5.RELEASE.jar:4.3.5.RELEASE]
	at org.springframework.test.context.cache.DefaultCacheAwareContextLoaderDelegate.loadContextInternal(DefaultCacheAwareContextLoaderDelegate.java:98) [spring-test-4.3.5.RELEASE.jar:4.3.5.RELEASE]
	at org.springframework.test.context.cache.DefaultCacheAwareContextLoaderDelegate.loadContext(DefaultCacheAwareContextLoaderDelegate.java:116) [spring-test-4.3.5.RELEASE.jar:4.3.5.RELEASE]
	at org.springframework.test.context.support.DefaultTestContext.getApplicationContext(DefaultTestContext.java:83) [spring-test-4.3.5.RELEASE.jar:4.3.5.RELEASE]
	at org.springframework.test.context.support.DependencyInjectionTestExecutionListener.injectDependencies(DependencyInjectionTestExecutionListener.java:117) [spring-test-4.3.5.RELEASE.jar:4.3.5.RELEASE]
	at org.springframework.test.context.support.DependencyInjectionTestExecutionListener.prepareTestInstance(DependencyInjectionTestExecutionListener.java:83) [spring-test-4.3.5.RELEASE.jar:4.3.5.RELEASE]
	at org.springframework.test.context.TestContextManager.prepareTestInstance(TestContextManager.java:230) [spring-test-4.3.5.RELEASE.jar:4.3.5.RELEASE]
	at org.springframework.test.context.junit4.SpringJUnit4ClassRunner.createTest(SpringJUnit4ClassRunner.java:228) [spring-test-4.3.5.RELEASE.jar:4.3.5.RELEASE]
	at org.springframework.test.context.junit4.SpringJUnit4ClassRunner$1.runReflectiveCall(SpringJUnit4ClassRunner.java:287) [spring-test-4.3.5.RELEASE.jar:4.3.5.RELEASE]
	at org.junit.internal.runners.model.ReflectiveCallable.run(ReflectiveCallable.java:12) [junit-4.12.jar:4.12]
	at org.springframework.test.context.junit4.SpringJUnit4ClassRunner.methodBlock(SpringJUnit4ClassRunner.java:289) [spring-test-4.3.5.RELEASE.jar:4.3.5.RELEASE]
	at org.springframework.test.context.junit4.SpringJUnit4ClassRunner.runChild(SpringJUnit4ClassRunner.java:247) [spring-test-4.3.5.RELEASE.jar:4.3.5.RELEASE]
	at org.springframework.test.context.junit4.SpringJUnit4ClassRunner.runChild(SpringJUnit4ClassRunner.java:94) [spring-test-4.3.5.RELEASE.jar:4.3.5.RELEASE]
	at org.junit.runners.ParentRunner$3.run(ParentRunner.java:290) [junit-4.12.jar:4.12]
	at org.junit.runners.ParentRunner$1.schedule(ParentRunner.java:71) [junit-4.12.jar:4.12]
	at org.junit.runners.ParentRunner.runChildren(ParentRunner.java:288) [junit-4.12.jar:4.12]
	at org.junit.runners.ParentRunner.access$000(ParentRunner.java:58) [junit-4.12.jar:4.12]
	at org.junit.runners.ParentRunner$2.evaluate(ParentRunner.java:268) [junit-4.12.jar:4.12]
	at org.springframework.test.context.junit4.statements.RunBeforeTestClassCallbacks.evaluate(RunBeforeTestClassCallbacks.java:61) [spring-test-4.3.5.RELEASE.jar:4.3.5.RELEASE]
	at org.springframework.test.context.junit4.statements.RunAfterTestClassCallbacks.evaluate(RunAfterTestClassCallbacks.java:70) [spring-test-4.3.5.RELEASE.jar:4.3.5.RELEASE]
	at org.junit.runners.ParentRunner.run(ParentRunner.java:363) [junit-4.12.jar:4.12]
	at org.springframework.test.context.junit4.SpringJUnit4ClassRunner.run(SpringJUnit4ClassRunner.java:191) [spring-test-4.3.5.RELEASE.jar:4.3.5.RELEASE]
	at org.apache.maven.surefire.junit4.JUnit4Provider.execute(JUnit4Provider.java:264) [surefire-junit4-2.17.jar:2.17]
	at org.apache.maven.surefire.junit4.JUnit4Provider.executeTestSet(JUnit4Provider.java:153) [surefire-junit4-2.17.jar:2.17]
	at org.apache.maven.surefire.junit4.JUnit4Provider.invoke(JUnit4Provider.java:124) [surefire-junit4-2.17.jar:2.17]
	at org.apache.maven.surefire.booter.ForkedBooter.invokeProviderInSameClassLoader(ForkedBooter.java:200) [surefire-booter-2.17.jar:2.17]
	at org.apache.maven.surefire.booter.ForkedBooter.runSuitesInProcess(ForkedBooter.java:153) [surefire-booter-2.17.jar:2.17]
	at org.apache.maven.surefire.booter.ForkedBooter.main(ForkedBooter.java:103) [surefire-booter-2.17.jar:2.17]
15:32:24.512 [main] DEBUG o.s.d.j.repository.query.NamedQuery - Did not find named query Company.deleteById
15:32:24.513 [main] DEBUG o.s.aop.framework.JdkDynamicAopProxy - Creating JDK dynamic proxy: target source is SingletonTargetSource for target object [org.springframework.data.jpa.repository.support.SimpleJpaRepository@524a076e]
15:32:24.516 [main] DEBUG o.s.b.f.s.DefaultListableBeanFactory - Returning cached instance of singleton bean 'org.springframework.transaction.config.internalTransactionAdvisor'
15:32:24.516 [main] DEBUG o.s.b.f.s.DefaultListableBeanFactory - Finished creating instance of bean 'companyRepository'
15:32:24.516 [main] DEBUG o.s.b.f.s.DefaultListableBeanFactory - Creating shared instance of singleton bean 'computerRepository'
15:32:24.516 [main] DEBUG o.s.b.f.s.DefaultListableBeanFactory - Creating instance of bean 'computerRepository'
15:32:24.516 [main] DEBUG o.s.b.f.annotation.InjectionMetadata - Registered injected element on class [org.springframework.data.jpa.repository.support.JpaRepositoryFactoryBean]: PersistenceElement for public void org.springframework.data.jpa.repository.support.JpaRepositoryFactoryBean.setEntityManager(javax.persistence.EntityManager)
15:32:24.516 [main] DEBUG o.s.b.f.s.DefaultListableBeanFactory - Eagerly caching bean 'computerRepository' to allow for resolving potential circular references
15:32:24.516 [main] DEBUG o.s.b.f.annotation.InjectionMetadata - Processing injected element of bean 'computerRepository': PersistenceElement for public void org.springframework.data.jpa.repository.support.JpaRepositoryFactoryBean.setEntityManager(javax.persistence.EntityManager)
15:32:24.516 [main] DEBUG o.s.b.f.s.DefaultListableBeanFactory - Creating instance of bean '(inner bean)#6cff61fc'
15:32:24.516 [main] DEBUG o.s.b.f.s.DefaultListableBeanFactory - Creating instance of bean '(inner bean)#6e0c6a7a'
15:32:24.517 [main] DEBUG o.s.c.i.s.PathMatchingResourcePatternResolver - Resolved classpath location [META-INF/jpa-named-queries.properties] to resources []
15:32:24.517 [main] DEBUG o.s.b.f.s.DefaultListableBeanFactory - Invoking afterPropertiesSet() on bean with name '(inner bean)#6e0c6a7a'
15:32:24.517 [main] DEBUG o.s.b.f.s.DefaultListableBeanFactory - Returning cached instance of singleton bean 'org.springframework.transaction.config.internalTransactionAdvisor'
15:32:24.517 [main] DEBUG o.s.b.f.s.DefaultListableBeanFactory - Finished creating instance of bean '(inner bean)#6e0c6a7a'
15:32:24.517 [main] DEBUG o.s.b.f.s.DefaultListableBeanFactory - Returning cached instance of singleton bean 'org.springframework.transaction.config.internalTransactionAdvisor'
15:32:24.517 [main] DEBUG o.s.b.f.s.DefaultListableBeanFactory - Returning cached instance of singleton bean 'org.springframework.transaction.config.internalTransactionAdvisor'
15:32:24.517 [main] DEBUG o.s.b.f.s.DefaultListableBeanFactory - Finished creating instance of bean '(inner bean)#6cff61fc'
15:32:24.517 [main] DEBUG o.s.b.f.s.DefaultListableBeanFactory - Creating instance of bean '(inner bean)#611a990b'
15:32:24.517 [main] DEBUG o.s.b.f.s.DefaultListableBeanFactory - Returning cached instance of singleton bean 'org.springframework.transaction.config.internalTransactionAdvisor'
15:32:24.517 [main] DEBUG o.s.b.f.s.DefaultListableBeanFactory - Finished creating instance of bean '(inner bean)#611a990b'
15:32:24.518 [main] DEBUG o.s.b.f.s.DefaultListableBeanFactory - Creating instance of bean '(inner bean)#7fe82967'
15:32:24.518 [main] DEBUG o.s.b.f.s.DefaultListableBeanFactory - Returning cached instance of singleton bean 'entityManagerFactory'
15:32:24.518 [main] DEBUG o.s.b.f.s.DefaultListableBeanFactory - Returning cached instance of singleton bean 'org.springframework.transaction.config.internalTransactionAdvisor'
15:32:24.518 [main] DEBUG o.s.b.f.s.DefaultListableBeanFactory - Finished creating instance of bean '(inner bean)#7fe82967'
15:32:24.518 [main] DEBUG o.s.b.f.s.DefaultListableBeanFactory - Returning cached instance of singleton bean 'jpaMappingContext'
15:32:24.519 [main] DEBUG o.s.b.f.s.DefaultListableBeanFactory - Invoking afterPropertiesSet() on bean with name 'computerRepository'
15:32:24.519 [main] DEBUG o.s.o.j.SharedEntityManagerCreator$SharedEntityManagerInvocationHandler - Creating new EntityManager for shared EntityManager invocation
15:32:24.519 [main] DEBUG o.s.o.jpa.EntityManagerFactoryUtils - Closing JPA EntityManager
15:32:24.520 [main] DEBUG o.s.o.j.SharedEntityManagerCreator$SharedEntityManagerInvocationHandler - Creating new EntityManager for shared EntityManager invocation
15:32:24.520 [main] DEBUG o.s.o.jpa.EntityManagerFactoryUtils - Closing JPA EntityManager
15:32:24.520 [main] DEBUG o.s.aop.framework.JdkDynamicAopProxy - Creating JDK dynamic proxy: target source is org.springframework.data.jpa.repository.support.CrudMethodMetadataPostProcessor$ThreadBoundTargetSource@2aff9dff
15:32:24.521 [main] DEBUG o.s.o.j.SharedEntityManagerCreator$SharedEntityManagerInvocationHandler - Creating new EntityManager for shared EntityManager invocation
15:32:24.521 [main] DEBUG o.s.o.jpa.EntityManagerFactoryUtils - Closing JPA EntityManager
15:32:24.522 [main] DEBUG o.s.d.j.r.query.JpaQueryFactory - Looking up query for method deleteByCompanyId
15:32:24.522 [main] DEBUG o.s.d.j.repository.query.NamedQuery - Looking up named query Computer.deleteByCompanyId
15:32:24.523 [main] DEBUG o.h.r.t.b.j.i.JdbcResourceLocalTransactionCoordinatorImpl - JDBC transaction marked for rollback-only (exception provided for stack trace)
java.lang.Exception: exception just for purpose of providing stack trace
	at org.hibernate.resource.transaction.backend.jdbc.internal.JdbcResourceLocalTransactionCoordinatorImpl$TransactionDriverControlImpl.markRollbackOnly(JdbcResourceLocalTransactionCoordinatorImpl.java:254) ~[hibernate-core-5.2.5.Final.jar:5.2.5.Final]
	at org.hibernate.engine.transaction.internal.TransactionImpl.setRollbackOnly(TransactionImpl.java:143) ~[hibernate-core-5.2.5.Final.jar:5.2.5.Final]
	at org.hibernate.Transaction.markRollbackOnly(Transaction.java:68) ~[hibernate-core-5.2.5.Final.jar:5.2.5.Final]
	at org.hibernate.internal.AbstractSharedSessionContract.markForRollbackOnly(AbstractSharedSessionContract.java:356) [hibernate-core-5.2.5.Final.jar:5.2.5.Final]
	at org.hibernate.internal.ExceptionConverterImpl.convert(ExceptionConverterImpl.java:165) [hibernate-core-5.2.5.Final.jar:5.2.5.Final]
	at org.hibernate.internal.AbstractSharedSessionContract.buildQueryFromName(AbstractSharedSessionContract.java:762) [hibernate-core-5.2.5.Final.jar:5.2.5.Final]
	at org.hibernate.internal.AbstractSharedSessionContract.createNamedQuery(AbstractSharedSessionContract.java:740) [hibernate-core-5.2.5.Final.jar:5.2.5.Final]
	at org.hibernate.internal.AbstractSessionImpl.createNamedQuery(AbstractSessionImpl.java:23) [hibernate-core-5.2.5.Final.jar:5.2.5.Final]
	at sun.reflect.NativeMethodAccessorImpl.invoke0(Native Method) ~[na:1.8.0_111]
	at sun.reflect.NativeMethodAccessorImpl.invoke(NativeMethodAccessorImpl.java:62) ~[na:1.8.0_111]
	at sun.reflect.DelegatingMethodAccessorImpl.invoke(DelegatingMethodAccessorImpl.java:43) ~[na:1.8.0_111]
	at java.lang.reflect.Method.invoke(Method.java:498) ~[na:1.8.0_111]
	at org.springframework.orm.jpa.ExtendedEntityManagerCreator$ExtendedEntityManagerInvocationHandler.invoke(ExtendedEntityManagerCreator.java:347) [spring-orm-4.3.5.RELEASE.jar:4.3.5.RELEASE]
	at com.sun.proxy.$Proxy46.createNamedQuery(Unknown Source) [na:na]
	at org.springframework.data.jpa.repository.query.NamedQuery.hasNamedQuery(NamedQuery.java:99) [spring-data-jpa-1.10.6.RELEASE.jar:na]
	at org.springframework.data.jpa.repository.query.NamedQuery.lookupFrom(NamedQuery.java:121) [spring-data-jpa-1.10.6.RELEASE.jar:na]
	at org.springframework.data.jpa.repository.query.JpaQueryLookupStrategy$DeclaredQueryLookupStrategy.resolveQuery(JpaQueryLookupStrategy.java:162) [spring-data-jpa-1.10.6.RELEASE.jar:na]
	at org.springframework.data.jpa.repository.query.JpaQueryLookupStrategy$CreateIfNotFoundQueryLookupStrategy.resolveQuery(JpaQueryLookupStrategy.java:212) [spring-data-jpa-1.10.6.RELEASE.jar:na]
	at org.springframework.data.jpa.repository.query.JpaQueryLookupStrategy$AbstractQueryLookupStrategy.resolveQuery(JpaQueryLookupStrategy.java:77) [spring-data-jpa-1.10.6.RELEASE.jar:na]
	at org.springframework.data.repository.core.support.RepositoryFactorySupport$QueryExecutorMethodInterceptor.<init>(RepositoryFactorySupport.java:435) [spring-data-commons-1.12.6.RELEASE.jar:na]
	at org.springframework.data.repository.core.support.RepositoryFactorySupport.getRepository(RepositoryFactorySupport.java:220) [spring-data-commons-1.12.6.RELEASE.jar:na]
	at org.springframework.data.repository.core.support.RepositoryFactoryBeanSupport.initAndReturn(RepositoryFactoryBeanSupport.java:280) [spring-data-commons-1.12.6.RELEASE.jar:na]
	at org.springframework.data.repository.core.support.RepositoryFactoryBeanSupport.afterPropertiesSet(RepositoryFactoryBeanSupport.java:266) [spring-data-commons-1.12.6.RELEASE.jar:na]
	at org.springframework.data.jpa.repository.support.JpaRepositoryFactoryBean.afterPropertiesSet(JpaRepositoryFactoryBean.java:92) [spring-data-jpa-1.10.6.RELEASE.jar:na]
	at org.springframework.beans.factory.support.AbstractAutowireCapableBeanFactory.invokeInitMethods(AbstractAutowireCapableBeanFactory.java:1648) [spring-beans-4.3.5.RELEASE.jar:4.3.5.RELEASE]
	at org.springframework.beans.factory.support.AbstractAutowireCapableBeanFactory.initializeBean(AbstractAutowireCapableBeanFactory.java:1585) [spring-beans-4.3.5.RELEASE.jar:4.3.5.RELEASE]
	at org.springframework.beans.factory.support.AbstractAutowireCapableBeanFactory.doCreateBean(AbstractAutowireCapableBeanFactory.java:554) [spring-beans-4.3.5.RELEASE.jar:4.3.5.RELEASE]
	at org.springframework.beans.factory.support.AbstractAutowireCapableBeanFactory.createBean(AbstractAutowireCapableBeanFactory.java:483) [spring-beans-4.3.5.RELEASE.jar:4.3.5.RELEASE]
	at org.springframework.beans.factory.support.AbstractBeanFactory$1.getObject(AbstractBeanFactory.java:306) [spring-beans-4.3.5.RELEASE.jar:4.3.5.RELEASE]
	at org.springframework.beans.factory.support.DefaultSingletonBeanRegistry.getSingleton(DefaultSingletonBeanRegistry.java:230) [spring-beans-4.3.5.RELEASE.jar:4.3.5.RELEASE]
	at org.springframework.beans.factory.support.AbstractBeanFactory.doGetBean(AbstractBeanFactory.java:302) [spring-beans-4.3.5.RELEASE.jar:4.3.5.RELEASE]
	at org.springframework.beans.factory.support.AbstractBeanFactory.getBean(AbstractBeanFactory.java:197) [spring-beans-4.3.5.RELEASE.jar:4.3.5.RELEASE]
	at org.springframework.beans.factory.support.DefaultListableBeanFactory.preInstantiateSingletons(DefaultListableBeanFactory.java:740) [spring-beans-4.3.5.RELEASE.jar:4.3.5.RELEASE]
	at org.springframework.context.support.AbstractApplicationContext.finishBeanFactoryInitialization(AbstractApplicationContext.java:866) [spring-context-4.3.5.RELEASE.jar:4.3.5.RELEASE]
	at org.springframework.context.support.AbstractApplicationContext.refresh(AbstractApplicationContext.java:542) [spring-context-4.3.5.RELEASE.jar:4.3.5.RELEASE]
	at org.springframework.test.context.support.AbstractGenericContextLoader.loadContext(AbstractGenericContextLoader.java:128) [spring-test-4.3.5.RELEASE.jar:4.3.5.RELEASE]
	at org.springframework.test.context.support.AbstractGenericContextLoader.loadContext(AbstractGenericContextLoader.java:60) [spring-test-4.3.5.RELEASE.jar:4.3.5.RELEASE]
	at org.springframework.test.context.support.AbstractDelegatingSmartContextLoader.delegateLoading(AbstractDelegatingSmartContextLoader.java:108) [spring-test-4.3.5.RELEASE.jar:4.3.5.RELEASE]
	at org.springframework.test.context.support.AbstractDelegatingSmartContextLoader.loadContext(AbstractDelegatingSmartContextLoader.java:251) [spring-test-4.3.5.RELEASE.jar:4.3.5.RELEASE]
	at org.springframework.test.context.cache.DefaultCacheAwareContextLoaderDelegate.loadContextInternal(DefaultCacheAwareContextLoaderDelegate.java:98) [spring-test-4.3.5.RELEASE.jar:4.3.5.RELEASE]
	at org.springframework.test.context.cache.DefaultCacheAwareContextLoaderDelegate.loadContext(DefaultCacheAwareContextLoaderDelegate.java:116) [spring-test-4.3.5.RELEASE.jar:4.3.5.RELEASE]
	at org.springframework.test.context.support.DefaultTestContext.getApplicationContext(DefaultTestContext.java:83) [spring-test-4.3.5.RELEASE.jar:4.3.5.RELEASE]
	at org.springframework.test.context.support.DependencyInjectionTestExecutionListener.injectDependencies(DependencyInjectionTestExecutionListener.java:117) [spring-test-4.3.5.RELEASE.jar:4.3.5.RELEASE]
	at org.springframework.test.context.support.DependencyInjectionTestExecutionListener.prepareTestInstance(DependencyInjectionTestExecutionListener.java:83) [spring-test-4.3.5.RELEASE.jar:4.3.5.RELEASE]
	at org.springframework.test.context.TestContextManager.prepareTestInstance(TestContextManager.java:230) [spring-test-4.3.5.RELEASE.jar:4.3.5.RELEASE]
	at org.springframework.test.context.junit4.SpringJUnit4ClassRunner.createTest(SpringJUnit4ClassRunner.java:228) [spring-test-4.3.5.RELEASE.jar:4.3.5.RELEASE]
	at org.springframework.test.context.junit4.SpringJUnit4ClassRunner$1.runReflectiveCall(SpringJUnit4ClassRunner.java:287) [spring-test-4.3.5.RELEASE.jar:4.3.5.RELEASE]
	at org.junit.internal.runners.model.ReflectiveCallable.run(ReflectiveCallable.java:12) [junit-4.12.jar:4.12]
	at org.springframework.test.context.junit4.SpringJUnit4ClassRunner.methodBlock(SpringJUnit4ClassRunner.java:289) [spring-test-4.3.5.RELEASE.jar:4.3.5.RELEASE]
	at org.springframework.test.context.junit4.SpringJUnit4ClassRunner.runChild(SpringJUnit4ClassRunner.java:247) [spring-test-4.3.5.RELEASE.jar:4.3.5.RELEASE]
	at org.springframework.test.context.junit4.SpringJUnit4ClassRunner.runChild(SpringJUnit4ClassRunner.java:94) [spring-test-4.3.5.RELEASE.jar:4.3.5.RELEASE]
	at org.junit.runners.ParentRunner$3.run(ParentRunner.java:290) [junit-4.12.jar:4.12]
	at org.junit.runners.ParentRunner$1.schedule(ParentRunner.java:71) [junit-4.12.jar:4.12]
	at org.junit.runners.ParentRunner.runChildren(ParentRunner.java:288) [junit-4.12.jar:4.12]
	at org.junit.runners.ParentRunner.access$000(ParentRunner.java:58) [junit-4.12.jar:4.12]
	at org.junit.runners.ParentRunner$2.evaluate(ParentRunner.java:268) [junit-4.12.jar:4.12]
	at org.springframework.test.context.junit4.statements.RunBeforeTestClassCallbacks.evaluate(RunBeforeTestClassCallbacks.java:61) [spring-test-4.3.5.RELEASE.jar:4.3.5.RELEASE]
	at org.springframework.test.context.junit4.statements.RunAfterTestClassCallbacks.evaluate(RunAfterTestClassCallbacks.java:70) [spring-test-4.3.5.RELEASE.jar:4.3.5.RELEASE]
	at org.junit.runners.ParentRunner.run(ParentRunner.java:363) [junit-4.12.jar:4.12]
	at org.springframework.test.context.junit4.SpringJUnit4ClassRunner.run(SpringJUnit4ClassRunner.java:191) [spring-test-4.3.5.RELEASE.jar:4.3.5.RELEASE]
	at org.apache.maven.surefire.junit4.JUnit4Provider.execute(JUnit4Provider.java:264) [surefire-junit4-2.17.jar:2.17]
	at org.apache.maven.surefire.junit4.JUnit4Provider.executeTestSet(JUnit4Provider.java:153) [surefire-junit4-2.17.jar:2.17]
	at org.apache.maven.surefire.junit4.JUnit4Provider.invoke(JUnit4Provider.java:124) [surefire-junit4-2.17.jar:2.17]
	at org.apache.maven.surefire.booter.ForkedBooter.invokeProviderInSameClassLoader(ForkedBooter.java:200) [surefire-booter-2.17.jar:2.17]
	at org.apache.maven.surefire.booter.ForkedBooter.runSuitesInProcess(ForkedBooter.java:153) [surefire-booter-2.17.jar:2.17]
	at org.apache.maven.surefire.booter.ForkedBooter.main(ForkedBooter.java:103) [surefire-booter-2.17.jar:2.17]
15:32:24.523 [main] DEBUG o.s.d.j.repository.query.NamedQuery - Did not find named query Computer.deleteByCompanyId
15:32:24.527 [main] DEBUG o.s.d.j.r.query.JpaQueryFactory - Looking up query for method countByName
15:32:24.528 [main] DEBUG o.s.d.j.repository.query.NamedQuery - Looking up named query Computer.countByName
15:32:24.528 [main] DEBUG o.h.r.t.b.j.i.JdbcResourceLocalTransactionCoordinatorImpl - JDBC transaction marked for rollback-only (exception provided for stack trace)
java.lang.Exception: exception just for purpose of providing stack trace
	at org.hibernate.resource.transaction.backend.jdbc.internal.JdbcResourceLocalTransactionCoordinatorImpl$TransactionDriverControlImpl.markRollbackOnly(JdbcResourceLocalTransactionCoordinatorImpl.java:254) ~[hibernate-core-5.2.5.Final.jar:5.2.5.Final]
	at org.hibernate.engine.transaction.internal.TransactionImpl.setRollbackOnly(TransactionImpl.java:143) ~[hibernate-core-5.2.5.Final.jar:5.2.5.Final]
	at org.hibernate.Transaction.markRollbackOnly(Transaction.java:68) ~[hibernate-core-5.2.5.Final.jar:5.2.5.Final]
	at org.hibernate.internal.AbstractSharedSessionContract.markForRollbackOnly(AbstractSharedSessionContract.java:356) [hibernate-core-5.2.5.Final.jar:5.2.5.Final]
	at org.hibernate.internal.ExceptionConverterImpl.convert(ExceptionConverterImpl.java:165) [hibernate-core-5.2.5.Final.jar:5.2.5.Final]
	at org.hibernate.internal.AbstractSharedSessionContract.buildQueryFromName(AbstractSharedSessionContract.java:762) [hibernate-core-5.2.5.Final.jar:5.2.5.Final]
	at org.hibernate.internal.AbstractSharedSessionContract.createNamedQuery(AbstractSharedSessionContract.java:740) [hibernate-core-5.2.5.Final.jar:5.2.5.Final]
	at org.hibernate.internal.AbstractSessionImpl.createNamedQuery(AbstractSessionImpl.java:23) [hibernate-core-5.2.5.Final.jar:5.2.5.Final]
	at sun.reflect.NativeMethodAccessorImpl.invoke0(Native Method) ~[na:1.8.0_111]
	at sun.reflect.NativeMethodAccessorImpl.invoke(NativeMethodAccessorImpl.java:62) ~[na:1.8.0_111]
	at sun.reflect.DelegatingMethodAccessorImpl.invoke(DelegatingMethodAccessorImpl.java:43) ~[na:1.8.0_111]
	at java.lang.reflect.Method.invoke(Method.java:498) ~[na:1.8.0_111]
	at org.springframework.orm.jpa.ExtendedEntityManagerCreator$ExtendedEntityManagerInvocationHandler.invoke(ExtendedEntityManagerCreator.java:347) [spring-orm-4.3.5.RELEASE.jar:4.3.5.RELEASE]
	at com.sun.proxy.$Proxy46.createNamedQuery(Unknown Source) [na:na]
	at org.springframework.data.jpa.repository.query.NamedQuery.hasNamedQuery(NamedQuery.java:99) [spring-data-jpa-1.10.6.RELEASE.jar:na]
	at org.springframework.data.jpa.repository.query.NamedQuery.lookupFrom(NamedQuery.java:121) [spring-data-jpa-1.10.6.RELEASE.jar:na]
	at org.springframework.data.jpa.repository.query.JpaQueryLookupStrategy$DeclaredQueryLookupStrategy.resolveQuery(JpaQueryLookupStrategy.java:162) [spring-data-jpa-1.10.6.RELEASE.jar:na]
	at org.springframework.data.jpa.repository.query.JpaQueryLookupStrategy$CreateIfNotFoundQueryLookupStrategy.resolveQuery(JpaQueryLookupStrategy.java:212) [spring-data-jpa-1.10.6.RELEASE.jar:na]
	at org.springframework.data.jpa.repository.query.JpaQueryLookupStrategy$AbstractQueryLookupStrategy.resolveQuery(JpaQueryLookupStrategy.java:77) [spring-data-jpa-1.10.6.RELEASE.jar:na]
	at org.springframework.data.repository.core.support.RepositoryFactorySupport$QueryExecutorMethodInterceptor.<init>(RepositoryFactorySupport.java:435) [spring-data-commons-1.12.6.RELEASE.jar:na]
	at org.springframework.data.repository.core.support.RepositoryFactorySupport.getRepository(RepositoryFactorySupport.java:220) [spring-data-commons-1.12.6.RELEASE.jar:na]
	at org.springframework.data.repository.core.support.RepositoryFactoryBeanSupport.initAndReturn(RepositoryFactoryBeanSupport.java:280) [spring-data-commons-1.12.6.RELEASE.jar:na]
	at org.springframework.data.repository.core.support.RepositoryFactoryBeanSupport.afterPropertiesSet(RepositoryFactoryBeanSupport.java:266) [spring-data-commons-1.12.6.RELEASE.jar:na]
	at org.springframework.data.jpa.repository.support.JpaRepositoryFactoryBean.afterPropertiesSet(JpaRepositoryFactoryBean.java:92) [spring-data-jpa-1.10.6.RELEASE.jar:na]
	at org.springframework.beans.factory.support.AbstractAutowireCapableBeanFactory.invokeInitMethods(AbstractAutowireCapableBeanFactory.java:1648) [spring-beans-4.3.5.RELEASE.jar:4.3.5.RELEASE]
	at org.springframework.beans.factory.support.AbstractAutowireCapableBeanFactory.initializeBean(AbstractAutowireCapableBeanFactory.java:1585) [spring-beans-4.3.5.RELEASE.jar:4.3.5.RELEASE]
	at org.springframework.beans.factory.support.AbstractAutowireCapableBeanFactory.doCreateBean(AbstractAutowireCapableBeanFactory.java:554) [spring-beans-4.3.5.RELEASE.jar:4.3.5.RELEASE]
	at org.springframework.beans.factory.support.AbstractAutowireCapableBeanFactory.createBean(AbstractAutowireCapableBeanFactory.java:483) [spring-beans-4.3.5.RELEASE.jar:4.3.5.RELEASE]
	at org.springframework.beans.factory.support.AbstractBeanFactory$1.getObject(AbstractBeanFactory.java:306) [spring-beans-4.3.5.RELEASE.jar:4.3.5.RELEASE]
	at org.springframework.beans.factory.support.DefaultSingletonBeanRegistry.getSingleton(DefaultSingletonBeanRegistry.java:230) [spring-beans-4.3.5.RELEASE.jar:4.3.5.RELEASE]
	at org.springframework.beans.factory.support.AbstractBeanFactory.doGetBean(AbstractBeanFactory.java:302) [spring-beans-4.3.5.RELEASE.jar:4.3.5.RELEASE]
	at org.springframework.beans.factory.support.AbstractBeanFactory.getBean(AbstractBeanFactory.java:197) [spring-beans-4.3.5.RELEASE.jar:4.3.5.RELEASE]
	at org.springframework.beans.factory.support.DefaultListableBeanFactory.preInstantiateSingletons(DefaultListableBeanFactory.java:740) [spring-beans-4.3.5.RELEASE.jar:4.3.5.RELEASE]
	at org.springframework.context.support.AbstractApplicationContext.finishBeanFactoryInitialization(AbstractApplicationContext.java:866) [spring-context-4.3.5.RELEASE.jar:4.3.5.RELEASE]
	at org.springframework.context.support.AbstractApplicationContext.refresh(AbstractApplicationContext.java:542) [spring-context-4.3.5.RELEASE.jar:4.3.5.RELEASE]
	at org.springframework.test.context.support.AbstractGenericContextLoader.loadContext(AbstractGenericContextLoader.java:128) [spring-test-4.3.5.RELEASE.jar:4.3.5.RELEASE]
	at org.springframework.test.context.support.AbstractGenericContextLoader.loadContext(AbstractGenericContextLoader.java:60) [spring-test-4.3.5.RELEASE.jar:4.3.5.RELEASE]
	at org.springframework.test.context.support.AbstractDelegatingSmartContextLoader.delegateLoading(AbstractDelegatingSmartContextLoader.java:108) [spring-test-4.3.5.RELEASE.jar:4.3.5.RELEASE]
	at org.springframework.test.context.support.AbstractDelegatingSmartContextLoader.loadContext(AbstractDelegatingSmartContextLoader.java:251) [spring-test-4.3.5.RELEASE.jar:4.3.5.RELEASE]
	at org.springframework.test.context.cache.DefaultCacheAwareContextLoaderDelegate.loadContextInternal(DefaultCacheAwareContextLoaderDelegate.java:98) [spring-test-4.3.5.RELEASE.jar:4.3.5.RELEASE]
	at org.springframework.test.context.cache.DefaultCacheAwareContextLoaderDelegate.loadContext(DefaultCacheAwareContextLoaderDelegate.java:116) [spring-test-4.3.5.RELEASE.jar:4.3.5.RELEASE]
	at org.springframework.test.context.support.DefaultTestContext.getApplicationContext(DefaultTestContext.java:83) [spring-test-4.3.5.RELEASE.jar:4.3.5.RELEASE]
	at org.springframework.test.context.support.DependencyInjectionTestExecutionListener.injectDependencies(DependencyInjectionTestExecutionListener.java:117) [spring-test-4.3.5.RELEASE.jar:4.3.5.RELEASE]
	at org.springframework.test.context.support.DependencyInjectionTestExecutionListener.prepareTestInstance(DependencyInjectionTestExecutionListener.java:83) [spring-test-4.3.5.RELEASE.jar:4.3.5.RELEASE]
	at org.springframework.test.context.TestContextManager.prepareTestInstance(TestContextManager.java:230) [spring-test-4.3.5.RELEASE.jar:4.3.5.RELEASE]
	at org.springframework.test.context.junit4.SpringJUnit4ClassRunner.createTest(SpringJUnit4ClassRunner.java:228) [spring-test-4.3.5.RELEASE.jar:4.3.5.RELEASE]
	at org.springframework.test.context.junit4.SpringJUnit4ClassRunner$1.runReflectiveCall(SpringJUnit4ClassRunner.java:287) [spring-test-4.3.5.RELEASE.jar:4.3.5.RELEASE]
	at org.junit.internal.runners.model.ReflectiveCallable.run(ReflectiveCallable.java:12) [junit-4.12.jar:4.12]
	at org.springframework.test.context.junit4.SpringJUnit4ClassRunner.methodBlock(SpringJUnit4ClassRunner.java:289) [spring-test-4.3.5.RELEASE.jar:4.3.5.RELEASE]
	at org.springframework.test.context.junit4.SpringJUnit4ClassRunner.runChild(SpringJUnit4ClassRunner.java:247) [spring-test-4.3.5.RELEASE.jar:4.3.5.RELEASE]
	at org.springframework.test.context.junit4.SpringJUnit4ClassRunner.runChild(SpringJUnit4ClassRunner.java:94) [spring-test-4.3.5.RELEASE.jar:4.3.5.RELEASE]
	at org.junit.runners.ParentRunner$3.run(ParentRunner.java:290) [junit-4.12.jar:4.12]
	at org.junit.runners.ParentRunner$1.schedule(ParentRunner.java:71) [junit-4.12.jar:4.12]
	at org.junit.runners.ParentRunner.runChildren(ParentRunner.java:288) [junit-4.12.jar:4.12]
	at org.junit.runners.ParentRunner.access$000(ParentRunner.java:58) [junit-4.12.jar:4.12]
	at org.junit.runners.ParentRunner$2.evaluate(ParentRunner.java:268) [junit-4.12.jar:4.12]
	at org.springframework.test.context.junit4.statements.RunBeforeTestClassCallbacks.evaluate(RunBeforeTestClassCallbacks.java:61) [spring-test-4.3.5.RELEASE.jar:4.3.5.RELEASE]
	at org.springframework.test.context.junit4.statements.RunAfterTestClassCallbacks.evaluate(RunAfterTestClassCallbacks.java:70) [spring-test-4.3.5.RELEASE.jar:4.3.5.RELEASE]
	at org.junit.runners.ParentRunner.run(ParentRunner.java:363) [junit-4.12.jar:4.12]
	at org.springframework.test.context.junit4.SpringJUnit4ClassRunner.run(SpringJUnit4ClassRunner.java:191) [spring-test-4.3.5.RELEASE.jar:4.3.5.RELEASE]
	at org.apache.maven.surefire.junit4.JUnit4Provider.execute(JUnit4Provider.java:264) [surefire-junit4-2.17.jar:2.17]
	at org.apache.maven.surefire.junit4.JUnit4Provider.executeTestSet(JUnit4Provider.java:153) [surefire-junit4-2.17.jar:2.17]
	at org.apache.maven.surefire.junit4.JUnit4Provider.invoke(JUnit4Provider.java:124) [surefire-junit4-2.17.jar:2.17]
	at org.apache.maven.surefire.booter.ForkedBooter.invokeProviderInSameClassLoader(ForkedBooter.java:200) [surefire-booter-2.17.jar:2.17]
	at org.apache.maven.surefire.booter.ForkedBooter.runSuitesInProcess(ForkedBooter.java:153) [surefire-booter-2.17.jar:2.17]
	at org.apache.maven.surefire.booter.ForkedBooter.main(ForkedBooter.java:103) [surefire-booter-2.17.jar:2.17]
15:32:24.529 [main] DEBUG o.s.d.j.repository.query.NamedQuery - Did not find named query Computer.countByName
15:32:24.529 [main] DEBUG o.s.d.j.r.query.JpaQueryFactory - Looking up query for method findByNameContaining
15:32:24.529 [main] DEBUG o.s.d.j.repository.query.NamedQuery - Looking up named query Computer.findByNameContaining
15:32:24.530 [main] DEBUG o.h.r.t.b.j.i.JdbcResourceLocalTransactionCoordinatorImpl - JDBC transaction marked for rollback-only (exception provided for stack trace)
java.lang.Exception: exception just for purpose of providing stack trace
	at org.hibernate.resource.transaction.backend.jdbc.internal.JdbcResourceLocalTransactionCoordinatorImpl$TransactionDriverControlImpl.markRollbackOnly(JdbcResourceLocalTransactionCoordinatorImpl.java:254) ~[hibernate-core-5.2.5.Final.jar:5.2.5.Final]
	at org.hibernate.engine.transaction.internal.TransactionImpl.setRollbackOnly(TransactionImpl.java:143) ~[hibernate-core-5.2.5.Final.jar:5.2.5.Final]
	at org.hibernate.Transaction.markRollbackOnly(Transaction.java:68) ~[hibernate-core-5.2.5.Final.jar:5.2.5.Final]
	at org.hibernate.internal.AbstractSharedSessionContract.markForRollbackOnly(AbstractSharedSessionContract.java:356) [hibernate-core-5.2.5.Final.jar:5.2.5.Final]
	at org.hibernate.internal.ExceptionConverterImpl.convert(ExceptionConverterImpl.java:165) [hibernate-core-5.2.5.Final.jar:5.2.5.Final]
	at org.hibernate.internal.AbstractSharedSessionContract.buildQueryFromName(AbstractSharedSessionContract.java:762) [hibernate-core-5.2.5.Final.jar:5.2.5.Final]
	at org.hibernate.internal.AbstractSharedSessionContract.createNamedQuery(AbstractSharedSessionContract.java:740) [hibernate-core-5.2.5.Final.jar:5.2.5.Final]
	at org.hibernate.internal.AbstractSessionImpl.createNamedQuery(AbstractSessionImpl.java:23) [hibernate-core-5.2.5.Final.jar:5.2.5.Final]
	at sun.reflect.NativeMethodAccessorImpl.invoke0(Native Method) ~[na:1.8.0_111]
	at sun.reflect.NativeMethodAccessorImpl.invoke(NativeMethodAccessorImpl.java:62) ~[na:1.8.0_111]
	at sun.reflect.DelegatingMethodAccessorImpl.invoke(DelegatingMethodAccessorImpl.java:43) ~[na:1.8.0_111]
	at java.lang.reflect.Method.invoke(Method.java:498) ~[na:1.8.0_111]
	at org.springframework.orm.jpa.ExtendedEntityManagerCreator$ExtendedEntityManagerInvocationHandler.invoke(ExtendedEntityManagerCreator.java:347) [spring-orm-4.3.5.RELEASE.jar:4.3.5.RELEASE]
	at com.sun.proxy.$Proxy46.createNamedQuery(Unknown Source) [na:na]
	at org.springframework.data.jpa.repository.query.NamedQuery.hasNamedQuery(NamedQuery.java:99) [spring-data-jpa-1.10.6.RELEASE.jar:na]
	at org.springframework.data.jpa.repository.query.NamedQuery.lookupFrom(NamedQuery.java:121) [spring-data-jpa-1.10.6.RELEASE.jar:na]
	at org.springframework.data.jpa.repository.query.JpaQueryLookupStrategy$DeclaredQueryLookupStrategy.resolveQuery(JpaQueryLookupStrategy.java:162) [spring-data-jpa-1.10.6.RELEASE.jar:na]
	at org.springframework.data.jpa.repository.query.JpaQueryLookupStrategy$CreateIfNotFoundQueryLookupStrategy.resolveQuery(JpaQueryLookupStrategy.java:212) [spring-data-jpa-1.10.6.RELEASE.jar:na]
	at org.springframework.data.jpa.repository.query.JpaQueryLookupStrategy$AbstractQueryLookupStrategy.resolveQuery(JpaQueryLookupStrategy.java:77) [spring-data-jpa-1.10.6.RELEASE.jar:na]
	at org.springframework.data.repository.core.support.RepositoryFactorySupport$QueryExecutorMethodInterceptor.<init>(RepositoryFactorySupport.java:435) [spring-data-commons-1.12.6.RELEASE.jar:na]
	at org.springframework.data.repository.core.support.RepositoryFactorySupport.getRepository(RepositoryFactorySupport.java:220) [spring-data-commons-1.12.6.RELEASE.jar:na]
	at org.springframework.data.repository.core.support.RepositoryFactoryBeanSupport.initAndReturn(RepositoryFactoryBeanSupport.java:280) [spring-data-commons-1.12.6.RELEASE.jar:na]
	at org.springframework.data.repository.core.support.RepositoryFactoryBeanSupport.afterPropertiesSet(RepositoryFactoryBeanSupport.java:266) [spring-data-commons-1.12.6.RELEASE.jar:na]
	at org.springframework.data.jpa.repository.support.JpaRepositoryFactoryBean.afterPropertiesSet(JpaRepositoryFactoryBean.java:92) [spring-data-jpa-1.10.6.RELEASE.jar:na]
	at org.springframework.beans.factory.support.AbstractAutowireCapableBeanFactory.invokeInitMethods(AbstractAutowireCapableBeanFactory.java:1648) [spring-beans-4.3.5.RELEASE.jar:4.3.5.RELEASE]
	at org.springframework.beans.factory.support.AbstractAutowireCapableBeanFactory.initializeBean(AbstractAutowireCapableBeanFactory.java:1585) [spring-beans-4.3.5.RELEASE.jar:4.3.5.RELEASE]
	at org.springframework.beans.factory.support.AbstractAutowireCapableBeanFactory.doCreateBean(AbstractAutowireCapableBeanFactory.java:554) [spring-beans-4.3.5.RELEASE.jar:4.3.5.RELEASE]
	at org.springframework.beans.factory.support.AbstractAutowireCapableBeanFactory.createBean(AbstractAutowireCapableBeanFactory.java:483) [spring-beans-4.3.5.RELEASE.jar:4.3.5.RELEASE]
	at org.springframework.beans.factory.support.AbstractBeanFactory$1.getObject(AbstractBeanFactory.java:306) [spring-beans-4.3.5.RELEASE.jar:4.3.5.RELEASE]
	at org.springframework.beans.factory.support.DefaultSingletonBeanRegistry.getSingleton(DefaultSingletonBeanRegistry.java:230) [spring-beans-4.3.5.RELEASE.jar:4.3.5.RELEASE]
	at org.springframework.beans.factory.support.AbstractBeanFactory.doGetBean(AbstractBeanFactory.java:302) [spring-beans-4.3.5.RELEASE.jar:4.3.5.RELEASE]
	at org.springframework.beans.factory.support.AbstractBeanFactory.getBean(AbstractBeanFactory.java:197) [spring-beans-4.3.5.RELEASE.jar:4.3.5.RELEASE]
	at org.springframework.beans.factory.support.DefaultListableBeanFactory.preInstantiateSingletons(DefaultListableBeanFactory.java:740) [spring-beans-4.3.5.RELEASE.jar:4.3.5.RELEASE]
	at org.springframework.context.support.AbstractApplicationContext.finishBeanFactoryInitialization(AbstractApplicationContext.java:866) [spring-context-4.3.5.RELEASE.jar:4.3.5.RELEASE]
	at org.springframework.context.support.AbstractApplicationContext.refresh(AbstractApplicationContext.java:542) [spring-context-4.3.5.RELEASE.jar:4.3.5.RELEASE]
	at org.springframework.test.context.support.AbstractGenericContextLoader.loadContext(AbstractGenericContextLoader.java:128) [spring-test-4.3.5.RELEASE.jar:4.3.5.RELEASE]
	at org.springframework.test.context.support.AbstractGenericContextLoader.loadContext(AbstractGenericContextLoader.java:60) [spring-test-4.3.5.RELEASE.jar:4.3.5.RELEASE]
	at org.springframework.test.context.support.AbstractDelegatingSmartContextLoader.delegateLoading(AbstractDelegatingSmartContextLoader.java:108) [spring-test-4.3.5.RELEASE.jar:4.3.5.RELEASE]
	at org.springframework.test.context.support.AbstractDelegatingSmartContextLoader.loadContext(AbstractDelegatingSmartContextLoader.java:251) [spring-test-4.3.5.RELEASE.jar:4.3.5.RELEASE]
	at org.springframework.test.context.cache.DefaultCacheAwareContextLoaderDelegate.loadContextInternal(DefaultCacheAwareContextLoaderDelegate.java:98) [spring-test-4.3.5.RELEASE.jar:4.3.5.RELEASE]
	at org.springframework.test.context.cache.DefaultCacheAwareContextLoaderDelegate.loadContext(DefaultCacheAwareContextLoaderDelegate.java:116) [spring-test-4.3.5.RELEASE.jar:4.3.5.RELEASE]
	at org.springframework.test.context.support.DefaultTestContext.getApplicationContext(DefaultTestContext.java:83) [spring-test-4.3.5.RELEASE.jar:4.3.5.RELEASE]
	at org.springframework.test.context.support.DependencyInjectionTestExecutionListener.injectDependencies(DependencyInjectionTestExecutionListener.java:117) [spring-test-4.3.5.RELEASE.jar:4.3.5.RELEASE]
	at org.springframework.test.context.support.DependencyInjectionTestExecutionListener.prepareTestInstance(DependencyInjectionTestExecutionListener.java:83) [spring-test-4.3.5.RELEASE.jar:4.3.5.RELEASE]
	at org.springframework.test.context.TestContextManager.prepareTestInstance(TestContextManager.java:230) [spring-test-4.3.5.RELEASE.jar:4.3.5.RELEASE]
	at org.springframework.test.context.junit4.SpringJUnit4ClassRunner.createTest(SpringJUnit4ClassRunner.java:228) [spring-test-4.3.5.RELEASE.jar:4.3.5.RELEASE]
	at org.springframework.test.context.junit4.SpringJUnit4ClassRunner$1.runReflectiveCall(SpringJUnit4ClassRunner.java:287) [spring-test-4.3.5.RELEASE.jar:4.3.5.RELEASE]
	at org.junit.internal.runners.model.ReflectiveCallable.run(ReflectiveCallable.java:12) [junit-4.12.jar:4.12]
	at org.springframework.test.context.junit4.SpringJUnit4ClassRunner.methodBlock(SpringJUnit4ClassRunner.java:289) [spring-test-4.3.5.RELEASE.jar:4.3.5.RELEASE]
	at org.springframework.test.context.junit4.SpringJUnit4ClassRunner.runChild(SpringJUnit4ClassRunner.java:247) [spring-test-4.3.5.RELEASE.jar:4.3.5.RELEASE]
	at org.springframework.test.context.junit4.SpringJUnit4ClassRunner.runChild(SpringJUnit4ClassRunner.java:94) [spring-test-4.3.5.RELEASE.jar:4.3.5.RELEASE]
	at org.junit.runners.ParentRunner$3.run(ParentRunner.java:290) [junit-4.12.jar:4.12]
	at org.junit.runners.ParentRunner$1.schedule(ParentRunner.java:71) [junit-4.12.jar:4.12]
	at org.junit.runners.ParentRunner.runChildren(ParentRunner.java:288) [junit-4.12.jar:4.12]
	at org.junit.runners.ParentRunner.access$000(ParentRunner.java:58) [junit-4.12.jar:4.12]
	at org.junit.runners.ParentRunner$2.evaluate(ParentRunner.java:268) [junit-4.12.jar:4.12]
	at org.springframework.test.context.junit4.statements.RunBeforeTestClassCallbacks.evaluate(RunBeforeTestClassCallbacks.java:61) [spring-test-4.3.5.RELEASE.jar:4.3.5.RELEASE]
	at org.springframework.test.context.junit4.statements.RunAfterTestClassCallbacks.evaluate(RunAfterTestClassCallbacks.java:70) [spring-test-4.3.5.RELEASE.jar:4.3.5.RELEASE]
	at org.junit.runners.ParentRunner.run(ParentRunner.java:363) [junit-4.12.jar:4.12]
	at org.springframework.test.context.junit4.SpringJUnit4ClassRunner.run(SpringJUnit4ClassRunner.java:191) [spring-test-4.3.5.RELEASE.jar:4.3.5.RELEASE]
	at org.apache.maven.surefire.junit4.JUnit4Provider.execute(JUnit4Provider.java:264) [surefire-junit4-2.17.jar:2.17]
	at org.apache.maven.surefire.junit4.JUnit4Provider.executeTestSet(JUnit4Provider.java:153) [surefire-junit4-2.17.jar:2.17]
	at org.apache.maven.surefire.junit4.JUnit4Provider.invoke(JUnit4Provider.java:124) [surefire-junit4-2.17.jar:2.17]
	at org.apache.maven.surefire.booter.ForkedBooter.invokeProviderInSameClassLoader(ForkedBooter.java:200) [surefire-booter-2.17.jar:2.17]
	at org.apache.maven.surefire.booter.ForkedBooter.runSuitesInProcess(ForkedBooter.java:153) [surefire-booter-2.17.jar:2.17]
	at org.apache.maven.surefire.booter.ForkedBooter.main(ForkedBooter.java:103) [surefire-booter-2.17.jar:2.17]
15:32:24.530 [main] DEBUG o.s.d.j.repository.query.NamedQuery - Did not find named query Computer.findByNameContaining
15:32:24.532 [main] DEBUG o.s.d.j.r.query.JpaQueryFactory - Looking up query for method findById
15:32:24.532 [main] DEBUG o.s.d.j.repository.query.NamedQuery - Looking up named query Computer.findById
15:32:24.532 [main] DEBUG o.h.r.t.b.j.i.JdbcResourceLocalTransactionCoordinatorImpl - JDBC transaction marked for rollback-only (exception provided for stack trace)
java.lang.Exception: exception just for purpose of providing stack trace
	at org.hibernate.resource.transaction.backend.jdbc.internal.JdbcResourceLocalTransactionCoordinatorImpl$TransactionDriverControlImpl.markRollbackOnly(JdbcResourceLocalTransactionCoordinatorImpl.java:254) ~[hibernate-core-5.2.5.Final.jar:5.2.5.Final]
	at org.hibernate.engine.transaction.internal.TransactionImpl.setRollbackOnly(TransactionImpl.java:143) ~[hibernate-core-5.2.5.Final.jar:5.2.5.Final]
	at org.hibernate.Transaction.markRollbackOnly(Transaction.java:68) ~[hibernate-core-5.2.5.Final.jar:5.2.5.Final]
	at org.hibernate.internal.AbstractSharedSessionContract.markForRollbackOnly(AbstractSharedSessionContract.java:356) [hibernate-core-5.2.5.Final.jar:5.2.5.Final]
	at org.hibernate.internal.ExceptionConverterImpl.convert(ExceptionConverterImpl.java:165) [hibernate-core-5.2.5.Final.jar:5.2.5.Final]
	at org.hibernate.internal.AbstractSharedSessionContract.buildQueryFromName(AbstractSharedSessionContract.java:762) [hibernate-core-5.2.5.Final.jar:5.2.5.Final]
	at org.hibernate.internal.AbstractSharedSessionContract.createNamedQuery(AbstractSharedSessionContract.java:740) [hibernate-core-5.2.5.Final.jar:5.2.5.Final]
	at org.hibernate.internal.AbstractSessionImpl.createNamedQuery(AbstractSessionImpl.java:23) [hibernate-core-5.2.5.Final.jar:5.2.5.Final]
	at sun.reflect.NativeMethodAccessorImpl.invoke0(Native Method) ~[na:1.8.0_111]
	at sun.reflect.NativeMethodAccessorImpl.invoke(NativeMethodAccessorImpl.java:62) ~[na:1.8.0_111]
	at sun.reflect.DelegatingMethodAccessorImpl.invoke(DelegatingMethodAccessorImpl.java:43) ~[na:1.8.0_111]
	at java.lang.reflect.Method.invoke(Method.java:498) ~[na:1.8.0_111]
	at org.springframework.orm.jpa.ExtendedEntityManagerCreator$ExtendedEntityManagerInvocationHandler.invoke(ExtendedEntityManagerCreator.java:347) [spring-orm-4.3.5.RELEASE.jar:4.3.5.RELEASE]
	at com.sun.proxy.$Proxy46.createNamedQuery(Unknown Source) [na:na]
	at org.springframework.data.jpa.repository.query.NamedQuery.hasNamedQuery(NamedQuery.java:99) [spring-data-jpa-1.10.6.RELEASE.jar:na]
	at org.springframework.data.jpa.repository.query.NamedQuery.lookupFrom(NamedQuery.java:121) [spring-data-jpa-1.10.6.RELEASE.jar:na]
	at org.springframework.data.jpa.repository.query.JpaQueryLookupStrategy$DeclaredQueryLookupStrategy.resolveQuery(JpaQueryLookupStrategy.java:162) [spring-data-jpa-1.10.6.RELEASE.jar:na]
	at org.springframework.data.jpa.repository.query.JpaQueryLookupStrategy$CreateIfNotFoundQueryLookupStrategy.resolveQuery(JpaQueryLookupStrategy.java:212) [spring-data-jpa-1.10.6.RELEASE.jar:na]
	at org.springframework.data.jpa.repository.query.JpaQueryLookupStrategy$AbstractQueryLookupStrategy.resolveQuery(JpaQueryLookupStrategy.java:77) [spring-data-jpa-1.10.6.RELEASE.jar:na]
	at org.springframework.data.repository.core.support.RepositoryFactorySupport$QueryExecutorMethodInterceptor.<init>(RepositoryFactorySupport.java:435) [spring-data-commons-1.12.6.RELEASE.jar:na]
	at org.springframework.data.repository.core.support.RepositoryFactorySupport.getRepository(RepositoryFactorySupport.java:220) [spring-data-commons-1.12.6.RELEASE.jar:na]
	at org.springframework.data.repository.core.support.RepositoryFactoryBeanSupport.initAndReturn(RepositoryFactoryBeanSupport.java:280) [spring-data-commons-1.12.6.RELEASE.jar:na]
	at org.springframework.data.repository.core.support.RepositoryFactoryBeanSupport.afterPropertiesSet(RepositoryFactoryBeanSupport.java:266) [spring-data-commons-1.12.6.RELEASE.jar:na]
	at org.springframework.data.jpa.repository.support.JpaRepositoryFactoryBean.afterPropertiesSet(JpaRepositoryFactoryBean.java:92) [spring-data-jpa-1.10.6.RELEASE.jar:na]
	at org.springframework.beans.factory.support.AbstractAutowireCapableBeanFactory.invokeInitMethods(AbstractAutowireCapableBeanFactory.java:1648) [spring-beans-4.3.5.RELEASE.jar:4.3.5.RELEASE]
	at org.springframework.beans.factory.support.AbstractAutowireCapableBeanFactory.initializeBean(AbstractAutowireCapableBeanFactory.java:1585) [spring-beans-4.3.5.RELEASE.jar:4.3.5.RELEASE]
	at org.springframework.beans.factory.support.AbstractAutowireCapableBeanFactory.doCreateBean(AbstractAutowireCapableBeanFactory.java:554) [spring-beans-4.3.5.RELEASE.jar:4.3.5.RELEASE]
	at org.springframework.beans.factory.support.AbstractAutowireCapableBeanFactory.createBean(AbstractAutowireCapableBeanFactory.java:483) [spring-beans-4.3.5.RELEASE.jar:4.3.5.RELEASE]
	at org.springframework.beans.factory.support.AbstractBeanFactory$1.getObject(AbstractBeanFactory.java:306) [spring-beans-4.3.5.RELEASE.jar:4.3.5.RELEASE]
	at org.springframework.beans.factory.support.DefaultSingletonBeanRegistry.getSingleton(DefaultSingletonBeanRegistry.java:230) [spring-beans-4.3.5.RELEASE.jar:4.3.5.RELEASE]
	at org.springframework.beans.factory.support.AbstractBeanFactory.doGetBean(AbstractBeanFactory.java:302) [spring-beans-4.3.5.RELEASE.jar:4.3.5.RELEASE]
	at org.springframework.beans.factory.support.AbstractBeanFactory.getBean(AbstractBeanFactory.java:197) [spring-beans-4.3.5.RELEASE.jar:4.3.5.RELEASE]
	at org.springframework.beans.factory.support.DefaultListableBeanFactory.preInstantiateSingletons(DefaultListableBeanFactory.java:740) [spring-beans-4.3.5.RELEASE.jar:4.3.5.RELEASE]
	at org.springframework.context.support.AbstractApplicationContext.finishBeanFactoryInitialization(AbstractApplicationContext.java:866) [spring-context-4.3.5.RELEASE.jar:4.3.5.RELEASE]
	at org.springframework.context.support.AbstractApplicationContext.refresh(AbstractApplicationContext.java:542) [spring-context-4.3.5.RELEASE.jar:4.3.5.RELEASE]
	at org.springframework.test.context.support.AbstractGenericContextLoader.loadContext(AbstractGenericContextLoader.java:128) [spring-test-4.3.5.RELEASE.jar:4.3.5.RELEASE]
	at org.springframework.test.context.support.AbstractGenericContextLoader.loadContext(AbstractGenericContextLoader.java:60) [spring-test-4.3.5.RELEASE.jar:4.3.5.RELEASE]
	at org.springframework.test.context.support.AbstractDelegatingSmartContextLoader.delegateLoading(AbstractDelegatingSmartContextLoader.java:108) [spring-test-4.3.5.RELEASE.jar:4.3.5.RELEASE]
	at org.springframework.test.context.support.AbstractDelegatingSmartContextLoader.loadContext(AbstractDelegatingSmartContextLoader.java:251) [spring-test-4.3.5.RELEASE.jar:4.3.5.RELEASE]
	at org.springframework.test.context.cache.DefaultCacheAwareContextLoaderDelegate.loadContextInternal(DefaultCacheAwareContextLoaderDelegate.java:98) [spring-test-4.3.5.RELEASE.jar:4.3.5.RELEASE]
	at org.springframework.test.context.cache.DefaultCacheAwareContextLoaderDelegate.loadContext(DefaultCacheAwareContextLoaderDelegate.java:116) [spring-test-4.3.5.RELEASE.jar:4.3.5.RELEASE]
	at org.springframework.test.context.support.DefaultTestContext.getApplicationContext(DefaultTestContext.java:83) [spring-test-4.3.5.RELEASE.jar:4.3.5.RELEASE]
	at org.springframework.test.context.support.DependencyInjectionTestExecutionListener.injectDependencies(DependencyInjectionTestExecutionListener.java:117) [spring-test-4.3.5.RELEASE.jar:4.3.5.RELEASE]
	at org.springframework.test.context.support.DependencyInjectionTestExecutionListener.prepareTestInstance(DependencyInjectionTestExecutionListener.java:83) [spring-test-4.3.5.RELEASE.jar:4.3.5.RELEASE]
	at org.springframework.test.context.TestContextManager.prepareTestInstance(TestContextManager.java:230) [spring-test-4.3.5.RELEASE.jar:4.3.5.RELEASE]
	at org.springframework.test.context.junit4.SpringJUnit4ClassRunner.createTest(SpringJUnit4ClassRunner.java:228) [spring-test-4.3.5.RELEASE.jar:4.3.5.RELEASE]
	at org.springframework.test.context.junit4.SpringJUnit4ClassRunner$1.runReflectiveCall(SpringJUnit4ClassRunner.java:287) [spring-test-4.3.5.RELEASE.jar:4.3.5.RELEASE]
	at org.junit.internal.runners.model.ReflectiveCallable.run(ReflectiveCallable.java:12) [junit-4.12.jar:4.12]
	at org.springframework.test.context.junit4.SpringJUnit4ClassRunner.methodBlock(SpringJUnit4ClassRunner.java:289) [spring-test-4.3.5.RELEASE.jar:4.3.5.RELEASE]
	at org.springframework.test.context.junit4.SpringJUnit4ClassRunner.runChild(SpringJUnit4ClassRunner.java:247) [spring-test-4.3.5.RELEASE.jar:4.3.5.RELEASE]
	at org.springframework.test.context.junit4.SpringJUnit4ClassRunner.runChild(SpringJUnit4ClassRunner.java:94) [spring-test-4.3.5.RELEASE.jar:4.3.5.RELEASE]
	at org.junit.runners.ParentRunner$3.run(ParentRunner.java:290) [junit-4.12.jar:4.12]
	at org.junit.runners.ParentRunner$1.schedule(ParentRunner.java:71) [junit-4.12.jar:4.12]
	at org.junit.runners.ParentRunner.runChildren(ParentRunner.java:288) [junit-4.12.jar:4.12]
	at org.junit.runners.ParentRunner.access$000(ParentRunner.java:58) [junit-4.12.jar:4.12]
	at org.junit.runners.ParentRunner$2.evaluate(ParentRunner.java:268) [junit-4.12.jar:4.12]
	at org.springframework.test.context.junit4.statements.RunBeforeTestClassCallbacks.evaluate(RunBeforeTestClassCallbacks.java:61) [spring-test-4.3.5.RELEASE.jar:4.3.5.RELEASE]
	at org.springframework.test.context.junit4.statements.RunAfterTestClassCallbacks.evaluate(RunAfterTestClassCallbacks.java:70) [spring-test-4.3.5.RELEASE.jar:4.3.5.RELEASE]
	at org.junit.runners.ParentRunner.run(ParentRunner.java:363) [junit-4.12.jar:4.12]
	at org.springframework.test.context.junit4.SpringJUnit4ClassRunner.run(SpringJUnit4ClassRunner.java:191) [spring-test-4.3.5.RELEASE.jar:4.3.5.RELEASE]
	at org.apache.maven.surefire.junit4.JUnit4Provider.execute(JUnit4Provider.java:264) [surefire-junit4-2.17.jar:2.17]
	at org.apache.maven.surefire.junit4.JUnit4Provider.executeTestSet(JUnit4Provider.java:153) [surefire-junit4-2.17.jar:2.17]
	at org.apache.maven.surefire.junit4.JUnit4Provider.invoke(JUnit4Provider.java:124) [surefire-junit4-2.17.jar:2.17]
	at org.apache.maven.surefire.booter.ForkedBooter.invokeProviderInSameClassLoader(ForkedBooter.java:200) [surefire-booter-2.17.jar:2.17]
	at org.apache.maven.surefire.booter.ForkedBooter.runSuitesInProcess(ForkedBooter.java:153) [surefire-booter-2.17.jar:2.17]
	at org.apache.maven.surefire.booter.ForkedBooter.main(ForkedBooter.java:103) [surefire-booter-2.17.jar:2.17]
15:32:24.533 [main] DEBUG o.s.d.j.repository.query.NamedQuery - Did not find named query Computer.findById
15:32:24.534 [main] DEBUG o.s.d.j.r.query.JpaQueryFactory - Looking up query for method deleteById
15:32:24.534 [main] DEBUG o.s.d.j.repository.query.NamedQuery - Looking up named query Computer.deleteById
15:32:24.535 [main] DEBUG o.h.r.t.b.j.i.JdbcResourceLocalTransactionCoordinatorImpl - JDBC transaction marked for rollback-only (exception provided for stack trace)
java.lang.Exception: exception just for purpose of providing stack trace
	at org.hibernate.resource.transaction.backend.jdbc.internal.JdbcResourceLocalTransactionCoordinatorImpl$TransactionDriverControlImpl.markRollbackOnly(JdbcResourceLocalTransactionCoordinatorImpl.java:254) ~[hibernate-core-5.2.5.Final.jar:5.2.5.Final]
	at org.hibernate.engine.transaction.internal.TransactionImpl.setRollbackOnly(TransactionImpl.java:143) ~[hibernate-core-5.2.5.Final.jar:5.2.5.Final]
	at org.hibernate.Transaction.markRollbackOnly(Transaction.java:68) ~[hibernate-core-5.2.5.Final.jar:5.2.5.Final]
	at org.hibernate.internal.AbstractSharedSessionContract.markForRollbackOnly(AbstractSharedSessionContract.java:356) [hibernate-core-5.2.5.Final.jar:5.2.5.Final]
	at org.hibernate.internal.ExceptionConverterImpl.convert(ExceptionConverterImpl.java:165) [hibernate-core-5.2.5.Final.jar:5.2.5.Final]
	at org.hibernate.internal.AbstractSharedSessionContract.buildQueryFromName(AbstractSharedSessionContract.java:762) [hibernate-core-5.2.5.Final.jar:5.2.5.Final]
	at org.hibernate.internal.AbstractSharedSessionContract.createNamedQuery(AbstractSharedSessionContract.java:740) [hibernate-core-5.2.5.Final.jar:5.2.5.Final]
	at org.hibernate.internal.AbstractSessionImpl.createNamedQuery(AbstractSessionImpl.java:23) [hibernate-core-5.2.5.Final.jar:5.2.5.Final]
	at sun.reflect.NativeMethodAccessorImpl.invoke0(Native Method) ~[na:1.8.0_111]
	at sun.reflect.NativeMethodAccessorImpl.invoke(NativeMethodAccessorImpl.java:62) ~[na:1.8.0_111]
	at sun.reflect.DelegatingMethodAccessorImpl.invoke(DelegatingMethodAccessorImpl.java:43) ~[na:1.8.0_111]
	at java.lang.reflect.Method.invoke(Method.java:498) ~[na:1.8.0_111]
	at org.springframework.orm.jpa.ExtendedEntityManagerCreator$ExtendedEntityManagerInvocationHandler.invoke(ExtendedEntityManagerCreator.java:347) [spring-orm-4.3.5.RELEASE.jar:4.3.5.RELEASE]
	at com.sun.proxy.$Proxy46.createNamedQuery(Unknown Source) [na:na]
	at org.springframework.data.jpa.repository.query.NamedQuery.hasNamedQuery(NamedQuery.java:99) [spring-data-jpa-1.10.6.RELEASE.jar:na]
	at org.springframework.data.jpa.repository.query.NamedQuery.lookupFrom(NamedQuery.java:121) [spring-data-jpa-1.10.6.RELEASE.jar:na]
	at org.springframework.data.jpa.repository.query.JpaQueryLookupStrategy$DeclaredQueryLookupStrategy.resolveQuery(JpaQueryLookupStrategy.java:162) [spring-data-jpa-1.10.6.RELEASE.jar:na]
	at org.springframework.data.jpa.repository.query.JpaQueryLookupStrategy$CreateIfNotFoundQueryLookupStrategy.resolveQuery(JpaQueryLookupStrategy.java:212) [spring-data-jpa-1.10.6.RELEASE.jar:na]
	at org.springframework.data.jpa.repository.query.JpaQueryLookupStrategy$AbstractQueryLookupStrategy.resolveQuery(JpaQueryLookupStrategy.java:77) [spring-data-jpa-1.10.6.RELEASE.jar:na]
	at org.springframework.data.repository.core.support.RepositoryFactorySupport$QueryExecutorMethodInterceptor.<init>(RepositoryFactorySupport.java:435) [spring-data-commons-1.12.6.RELEASE.jar:na]
	at org.springframework.data.repository.core.support.RepositoryFactorySupport.getRepository(RepositoryFactorySupport.java:220) [spring-data-commons-1.12.6.RELEASE.jar:na]
	at org.springframework.data.repository.core.support.RepositoryFactoryBeanSupport.initAndReturn(RepositoryFactoryBeanSupport.java:280) [spring-data-commons-1.12.6.RELEASE.jar:na]
	at org.springframework.data.repository.core.support.RepositoryFactoryBeanSupport.afterPropertiesSet(RepositoryFactoryBeanSupport.java:266) [spring-data-commons-1.12.6.RELEASE.jar:na]
	at org.springframework.data.jpa.repository.support.JpaRepositoryFactoryBean.afterPropertiesSet(JpaRepositoryFactoryBean.java:92) [spring-data-jpa-1.10.6.RELEASE.jar:na]
	at org.springframework.beans.factory.support.AbstractAutowireCapableBeanFactory.invokeInitMethods(AbstractAutowireCapableBeanFactory.java:1648) [spring-beans-4.3.5.RELEASE.jar:4.3.5.RELEASE]
	at org.springframework.beans.factory.support.AbstractAutowireCapableBeanFactory.initializeBean(AbstractAutowireCapableBeanFactory.java:1585) [spring-beans-4.3.5.RELEASE.jar:4.3.5.RELEASE]
	at org.springframework.beans.factory.support.AbstractAutowireCapableBeanFactory.doCreateBean(AbstractAutowireCapableBeanFactory.java:554) [spring-beans-4.3.5.RELEASE.jar:4.3.5.RELEASE]
	at org.springframework.beans.factory.support.AbstractAutowireCapableBeanFactory.createBean(AbstractAutowireCapableBeanFactory.java:483) [spring-beans-4.3.5.RELEASE.jar:4.3.5.RELEASE]
	at org.springframework.beans.factory.support.AbstractBeanFactory$1.getObject(AbstractBeanFactory.java:306) [spring-beans-4.3.5.RELEASE.jar:4.3.5.RELEASE]
	at org.springframework.beans.factory.support.DefaultSingletonBeanRegistry.getSingleton(DefaultSingletonBeanRegistry.java:230) [spring-beans-4.3.5.RELEASE.jar:4.3.5.RELEASE]
	at org.springframework.beans.factory.support.AbstractBeanFactory.doGetBean(AbstractBeanFactory.java:302) [spring-beans-4.3.5.RELEASE.jar:4.3.5.RELEASE]
	at org.springframework.beans.factory.support.AbstractBeanFactory.getBean(AbstractBeanFactory.java:197) [spring-beans-4.3.5.RELEASE.jar:4.3.5.RELEASE]
	at org.springframework.beans.factory.support.DefaultListableBeanFactory.preInstantiateSingletons(DefaultListableBeanFactory.java:740) [spring-beans-4.3.5.RELEASE.jar:4.3.5.RELEASE]
	at org.springframework.context.support.AbstractApplicationContext.finishBeanFactoryInitialization(AbstractApplicationContext.java:866) [spring-context-4.3.5.RELEASE.jar:4.3.5.RELEASE]
	at org.springframework.context.support.AbstractApplicationContext.refresh(AbstractApplicationContext.java:542) [spring-context-4.3.5.RELEASE.jar:4.3.5.RELEASE]
	at org.springframework.test.context.support.AbstractGenericContextLoader.loadContext(AbstractGenericContextLoader.java:128) [spring-test-4.3.5.RELEASE.jar:4.3.5.RELEASE]
	at org.springframework.test.context.support.AbstractGenericContextLoader.loadContext(AbstractGenericContextLoader.java:60) [spring-test-4.3.5.RELEASE.jar:4.3.5.RELEASE]
	at org.springframework.test.context.support.AbstractDelegatingSmartContextLoader.delegateLoading(AbstractDelegatingSmartContextLoader.java:108) [spring-test-4.3.5.RELEASE.jar:4.3.5.RELEASE]
	at org.springframework.test.context.support.AbstractDelegatingSmartContextLoader.loadContext(AbstractDelegatingSmartContextLoader.java:251) [spring-test-4.3.5.RELEASE.jar:4.3.5.RELEASE]
	at org.springframework.test.context.cache.DefaultCacheAwareContextLoaderDelegate.loadContextInternal(DefaultCacheAwareContextLoaderDelegate.java:98) [spring-test-4.3.5.RELEASE.jar:4.3.5.RELEASE]
	at org.springframework.test.context.cache.DefaultCacheAwareContextLoaderDelegate.loadContext(DefaultCacheAwareContextLoaderDelegate.java:116) [spring-test-4.3.5.RELEASE.jar:4.3.5.RELEASE]
	at org.springframework.test.context.support.DefaultTestContext.getApplicationContext(DefaultTestContext.java:83) [spring-test-4.3.5.RELEASE.jar:4.3.5.RELEASE]
	at org.springframework.test.context.support.DependencyInjectionTestExecutionListener.injectDependencies(DependencyInjectionTestExecutionListener.java:117) [spring-test-4.3.5.RELEASE.jar:4.3.5.RELEASE]
	at org.springframework.test.context.support.DependencyInjectionTestExecutionListener.prepareTestInstance(DependencyInjectionTestExecutionListener.java:83) [spring-test-4.3.5.RELEASE.jar:4.3.5.RELEASE]
	at org.springframework.test.context.TestContextManager.prepareTestInstance(TestContextManager.java:230) [spring-test-4.3.5.RELEASE.jar:4.3.5.RELEASE]
	at org.springframework.test.context.junit4.SpringJUnit4ClassRunner.createTest(SpringJUnit4ClassRunner.java:228) [spring-test-4.3.5.RELEASE.jar:4.3.5.RELEASE]
	at org.springframework.test.context.junit4.SpringJUnit4ClassRunner$1.runReflectiveCall(SpringJUnit4ClassRunner.java:287) [spring-test-4.3.5.RELEASE.jar:4.3.5.RELEASE]
	at org.junit.internal.runners.model.ReflectiveCallable.run(ReflectiveCallable.java:12) [junit-4.12.jar:4.12]
	at org.springframework.test.context.junit4.SpringJUnit4ClassRunner.methodBlock(SpringJUnit4ClassRunner.java:289) [spring-test-4.3.5.RELEASE.jar:4.3.5.RELEASE]
	at org.springframework.test.context.junit4.SpringJUnit4ClassRunner.runChild(SpringJUnit4ClassRunner.java:247) [spring-test-4.3.5.RELEASE.jar:4.3.5.RELEASE]
	at org.springframework.test.context.junit4.SpringJUnit4ClassRunner.runChild(SpringJUnit4ClassRunner.java:94) [spring-test-4.3.5.RELEASE.jar:4.3.5.RELEASE]
	at org.junit.runners.ParentRunner$3.run(ParentRunner.java:290) [junit-4.12.jar:4.12]
	at org.junit.runners.ParentRunner$1.schedule(ParentRunner.java:71) [junit-4.12.jar:4.12]
	at org.junit.runners.ParentRunner.runChildren(ParentRunner.java:288) [junit-4.12.jar:4.12]
	at org.junit.runners.ParentRunner.access$000(ParentRunner.java:58) [junit-4.12.jar:4.12]
	at org.junit.runners.ParentRunner$2.evaluate(ParentRunner.java:268) [junit-4.12.jar:4.12]
	at org.springframework.test.context.junit4.statements.RunBeforeTestClassCallbacks.evaluate(RunBeforeTestClassCallbacks.java:61) [spring-test-4.3.5.RELEASE.jar:4.3.5.RELEASE]
	at org.springframework.test.context.junit4.statements.RunAfterTestClassCallbacks.evaluate(RunAfterTestClassCallbacks.java:70) [spring-test-4.3.5.RELEASE.jar:4.3.5.RELEASE]
	at org.junit.runners.ParentRunner.run(ParentRunner.java:363) [junit-4.12.jar:4.12]
	at org.springframework.test.context.junit4.SpringJUnit4ClassRunner.run(SpringJUnit4ClassRunner.java:191) [spring-test-4.3.5.RELEASE.jar:4.3.5.RELEASE]
	at org.apache.maven.surefire.junit4.JUnit4Provider.execute(JUnit4Provider.java:264) [surefire-junit4-2.17.jar:2.17]
	at org.apache.maven.surefire.junit4.JUnit4Provider.executeTestSet(JUnit4Provider.java:153) [surefire-junit4-2.17.jar:2.17]
	at org.apache.maven.surefire.junit4.JUnit4Provider.invoke(JUnit4Provider.java:124) [surefire-junit4-2.17.jar:2.17]
	at org.apache.maven.surefire.booter.ForkedBooter.invokeProviderInSameClassLoader(ForkedBooter.java:200) [surefire-booter-2.17.jar:2.17]
	at org.apache.maven.surefire.booter.ForkedBooter.runSuitesInProcess(ForkedBooter.java:153) [surefire-booter-2.17.jar:2.17]
	at org.apache.maven.surefire.booter.ForkedBooter.main(ForkedBooter.java:103) [surefire-booter-2.17.jar:2.17]
15:32:24.535 [main] DEBUG o.s.d.j.repository.query.NamedQuery - Did not find named query Computer.deleteById
15:32:24.536 [main] DEBUG o.s.d.j.r.query.JpaQueryFactory - Looking up query for method findByName
15:32:24.536 [main] DEBUG o.s.d.j.repository.query.NamedQuery - Looking up named query Computer.findByName
15:32:24.537 [main] DEBUG o.h.r.t.b.j.i.JdbcResourceLocalTransactionCoordinatorImpl - JDBC transaction marked for rollback-only (exception provided for stack trace)
java.lang.Exception: exception just for purpose of providing stack trace
	at org.hibernate.resource.transaction.backend.jdbc.internal.JdbcResourceLocalTransactionCoordinatorImpl$TransactionDriverControlImpl.markRollbackOnly(JdbcResourceLocalTransactionCoordinatorImpl.java:254) ~[hibernate-core-5.2.5.Final.jar:5.2.5.Final]
	at org.hibernate.engine.transaction.internal.TransactionImpl.setRollbackOnly(TransactionImpl.java:143) ~[hibernate-core-5.2.5.Final.jar:5.2.5.Final]
	at org.hibernate.Transaction.markRollbackOnly(Transaction.java:68) ~[hibernate-core-5.2.5.Final.jar:5.2.5.Final]
	at org.hibernate.internal.AbstractSharedSessionContract.markForRollbackOnly(AbstractSharedSessionContract.java:356) [hibernate-core-5.2.5.Final.jar:5.2.5.Final]
	at org.hibernate.internal.ExceptionConverterImpl.convert(ExceptionConverterImpl.java:165) [hibernate-core-5.2.5.Final.jar:5.2.5.Final]
	at org.hibernate.internal.AbstractSharedSessionContract.buildQueryFromName(AbstractSharedSessionContract.java:762) [hibernate-core-5.2.5.Final.jar:5.2.5.Final]
	at org.hibernate.internal.AbstractSharedSessionContract.createNamedQuery(AbstractSharedSessionContract.java:740) [hibernate-core-5.2.5.Final.jar:5.2.5.Final]
	at org.hibernate.internal.AbstractSessionImpl.createNamedQuery(AbstractSessionImpl.java:23) [hibernate-core-5.2.5.Final.jar:5.2.5.Final]
	at sun.reflect.NativeMethodAccessorImpl.invoke0(Native Method) ~[na:1.8.0_111]
	at sun.reflect.NativeMethodAccessorImpl.invoke(NativeMethodAccessorImpl.java:62) ~[na:1.8.0_111]
	at sun.reflect.DelegatingMethodAccessorImpl.invoke(DelegatingMethodAccessorImpl.java:43) ~[na:1.8.0_111]
	at java.lang.reflect.Method.invoke(Method.java:498) ~[na:1.8.0_111]
	at org.springframework.orm.jpa.ExtendedEntityManagerCreator$ExtendedEntityManagerInvocationHandler.invoke(ExtendedEntityManagerCreator.java:347) [spring-orm-4.3.5.RELEASE.jar:4.3.5.RELEASE]
	at com.sun.proxy.$Proxy46.createNamedQuery(Unknown Source) [na:na]
	at org.springframework.data.jpa.repository.query.NamedQuery.hasNamedQuery(NamedQuery.java:99) [spring-data-jpa-1.10.6.RELEASE.jar:na]
	at org.springframework.data.jpa.repository.query.NamedQuery.lookupFrom(NamedQuery.java:121) [spring-data-jpa-1.10.6.RELEASE.jar:na]
	at org.springframework.data.jpa.repository.query.JpaQueryLookupStrategy$DeclaredQueryLookupStrategy.resolveQuery(JpaQueryLookupStrategy.java:162) [spring-data-jpa-1.10.6.RELEASE.jar:na]
	at org.springframework.data.jpa.repository.query.JpaQueryLookupStrategy$CreateIfNotFoundQueryLookupStrategy.resolveQuery(JpaQueryLookupStrategy.java:212) [spring-data-jpa-1.10.6.RELEASE.jar:na]
	at org.springframework.data.jpa.repository.query.JpaQueryLookupStrategy$AbstractQueryLookupStrategy.resolveQuery(JpaQueryLookupStrategy.java:77) [spring-data-jpa-1.10.6.RELEASE.jar:na]
	at org.springframework.data.repository.core.support.RepositoryFactorySupport$QueryExecutorMethodInterceptor.<init>(RepositoryFactorySupport.java:435) [spring-data-commons-1.12.6.RELEASE.jar:na]
	at org.springframework.data.repository.core.support.RepositoryFactorySupport.getRepository(RepositoryFactorySupport.java:220) [spring-data-commons-1.12.6.RELEASE.jar:na]
	at org.springframework.data.repository.core.support.RepositoryFactoryBeanSupport.initAndReturn(RepositoryFactoryBeanSupport.java:280) [spring-data-commons-1.12.6.RELEASE.jar:na]
	at org.springframework.data.repository.core.support.RepositoryFactoryBeanSupport.afterPropertiesSet(RepositoryFactoryBeanSupport.java:266) [spring-data-commons-1.12.6.RELEASE.jar:na]
	at org.springframework.data.jpa.repository.support.JpaRepositoryFactoryBean.afterPropertiesSet(JpaRepositoryFactoryBean.java:92) [spring-data-jpa-1.10.6.RELEASE.jar:na]
	at org.springframework.beans.factory.support.AbstractAutowireCapableBeanFactory.invokeInitMethods(AbstractAutowireCapableBeanFactory.java:1648) [spring-beans-4.3.5.RELEASE.jar:4.3.5.RELEASE]
	at org.springframework.beans.factory.support.AbstractAutowireCapableBeanFactory.initializeBean(AbstractAutowireCapableBeanFactory.java:1585) [spring-beans-4.3.5.RELEASE.jar:4.3.5.RELEASE]
	at org.springframework.beans.factory.support.AbstractAutowireCapableBeanFactory.doCreateBean(AbstractAutowireCapableBeanFactory.java:554) [spring-beans-4.3.5.RELEASE.jar:4.3.5.RELEASE]
	at org.springframework.beans.factory.support.AbstractAutowireCapableBeanFactory.createBean(AbstractAutowireCapableBeanFactory.java:483) [spring-beans-4.3.5.RELEASE.jar:4.3.5.RELEASE]
	at org.springframework.beans.factory.support.AbstractBeanFactory$1.getObject(AbstractBeanFactory.java:306) [spring-beans-4.3.5.RELEASE.jar:4.3.5.RELEASE]
	at org.springframework.beans.factory.support.DefaultSingletonBeanRegistry.getSingleton(DefaultSingletonBeanRegistry.java:230) [spring-beans-4.3.5.RELEASE.jar:4.3.5.RELEASE]
	at org.springframework.beans.factory.support.AbstractBeanFactory.doGetBean(AbstractBeanFactory.java:302) [spring-beans-4.3.5.RELEASE.jar:4.3.5.RELEASE]
	at org.springframework.beans.factory.support.AbstractBeanFactory.getBean(AbstractBeanFactory.java:197) [spring-beans-4.3.5.RELEASE.jar:4.3.5.RELEASE]
	at org.springframework.beans.factory.support.DefaultListableBeanFactory.preInstantiateSingletons(DefaultListableBeanFactory.java:740) [spring-beans-4.3.5.RELEASE.jar:4.3.5.RELEASE]
	at org.springframework.context.support.AbstractApplicationContext.finishBeanFactoryInitialization(AbstractApplicationContext.java:866) [spring-context-4.3.5.RELEASE.jar:4.3.5.RELEASE]
	at org.springframework.context.support.AbstractApplicationContext.refresh(AbstractApplicationContext.java:542) [spring-context-4.3.5.RELEASE.jar:4.3.5.RELEASE]
	at org.springframework.test.context.support.AbstractGenericContextLoader.loadContext(AbstractGenericContextLoader.java:128) [spring-test-4.3.5.RELEASE.jar:4.3.5.RELEASE]
	at org.springframework.test.context.support.AbstractGenericContextLoader.loadContext(AbstractGenericContextLoader.java:60) [spring-test-4.3.5.RELEASE.jar:4.3.5.RELEASE]
	at org.springframework.test.context.support.AbstractDelegatingSmartContextLoader.delegateLoading(AbstractDelegatingSmartContextLoader.java:108) [spring-test-4.3.5.RELEASE.jar:4.3.5.RELEASE]
	at org.springframework.test.context.support.AbstractDelegatingSmartContextLoader.loadContext(AbstractDelegatingSmartContextLoader.java:251) [spring-test-4.3.5.RELEASE.jar:4.3.5.RELEASE]
	at org.springframework.test.context.cache.DefaultCacheAwareContextLoaderDelegate.loadContextInternal(DefaultCacheAwareContextLoaderDelegate.java:98) [spring-test-4.3.5.RELEASE.jar:4.3.5.RELEASE]
	at org.springframework.test.context.cache.DefaultCacheAwareContextLoaderDelegate.loadContext(DefaultCacheAwareContextLoaderDelegate.java:116) [spring-test-4.3.5.RELEASE.jar:4.3.5.RELEASE]
	at org.springframework.test.context.support.DefaultTestContext.getApplicationContext(DefaultTestContext.java:83) [spring-test-4.3.5.RELEASE.jar:4.3.5.RELEASE]
	at org.springframework.test.context.support.DependencyInjectionTestExecutionListener.injectDependencies(DependencyInjectionTestExecutionListener.java:117) [spring-test-4.3.5.RELEASE.jar:4.3.5.RELEASE]
	at org.springframework.test.context.support.DependencyInjectionTestExecutionListener.prepareTestInstance(DependencyInjectionTestExecutionListener.java:83) [spring-test-4.3.5.RELEASE.jar:4.3.5.RELEASE]
	at org.springframework.test.context.TestContextManager.prepareTestInstance(TestContextManager.java:230) [spring-test-4.3.5.RELEASE.jar:4.3.5.RELEASE]
	at org.springframework.test.context.junit4.SpringJUnit4ClassRunner.createTest(SpringJUnit4ClassRunner.java:228) [spring-test-4.3.5.RELEASE.jar:4.3.5.RELEASE]
	at org.springframework.test.context.junit4.SpringJUnit4ClassRunner$1.runReflectiveCall(SpringJUnit4ClassRunner.java:287) [spring-test-4.3.5.RELEASE.jar:4.3.5.RELEASE]
	at org.junit.internal.runners.model.ReflectiveCallable.run(ReflectiveCallable.java:12) [junit-4.12.jar:4.12]
	at org.springframework.test.context.junit4.SpringJUnit4ClassRunner.methodBlock(SpringJUnit4ClassRunner.java:289) [spring-test-4.3.5.RELEASE.jar:4.3.5.RELEASE]
	at org.springframework.test.context.junit4.SpringJUnit4ClassRunner.runChild(SpringJUnit4ClassRunner.java:247) [spring-test-4.3.5.RELEASE.jar:4.3.5.RELEASE]
	at org.springframework.test.context.junit4.SpringJUnit4ClassRunner.runChild(SpringJUnit4ClassRunner.java:94) [spring-test-4.3.5.RELEASE.jar:4.3.5.RELEASE]
	at org.junit.runners.ParentRunner$3.run(ParentRunner.java:290) [junit-4.12.jar:4.12]
	at org.junit.runners.ParentRunner$1.schedule(ParentRunner.java:71) [junit-4.12.jar:4.12]
	at org.junit.runners.ParentRunner.runChildren(ParentRunner.java:288) [junit-4.12.jar:4.12]
	at org.junit.runners.ParentRunner.access$000(ParentRunner.java:58) [junit-4.12.jar:4.12]
	at org.junit.runners.ParentRunner$2.evaluate(ParentRunner.java:268) [junit-4.12.jar:4.12]
	at org.springframework.test.context.junit4.statements.RunBeforeTestClassCallbacks.evaluate(RunBeforeTestClassCallbacks.java:61) [spring-test-4.3.5.RELEASE.jar:4.3.5.RELEASE]
	at org.springframework.test.context.junit4.statements.RunAfterTestClassCallbacks.evaluate(RunAfterTestClassCallbacks.java:70) [spring-test-4.3.5.RELEASE.jar:4.3.5.RELEASE]
	at org.junit.runners.ParentRunner.run(ParentRunner.java:363) [junit-4.12.jar:4.12]
	at org.springframework.test.context.junit4.SpringJUnit4ClassRunner.run(SpringJUnit4ClassRunner.java:191) [spring-test-4.3.5.RELEASE.jar:4.3.5.RELEASE]
	at org.apache.maven.surefire.junit4.JUnit4Provider.execute(JUnit4Provider.java:264) [surefire-junit4-2.17.jar:2.17]
	at org.apache.maven.surefire.junit4.JUnit4Provider.executeTestSet(JUnit4Provider.java:153) [surefire-junit4-2.17.jar:2.17]
	at org.apache.maven.surefire.junit4.JUnit4Provider.invoke(JUnit4Provider.java:124) [surefire-junit4-2.17.jar:2.17]
	at org.apache.maven.surefire.booter.ForkedBooter.invokeProviderInSameClassLoader(ForkedBooter.java:200) [surefire-booter-2.17.jar:2.17]
	at org.apache.maven.surefire.booter.ForkedBooter.runSuitesInProcess(ForkedBooter.java:153) [surefire-booter-2.17.jar:2.17]
	at org.apache.maven.surefire.booter.ForkedBooter.main(ForkedBooter.java:103) [surefire-booter-2.17.jar:2.17]
15:32:24.537 [main] DEBUG o.s.d.j.repository.query.NamedQuery - Did not find named query Computer.findByName
15:32:24.537 [main] DEBUG o.s.aop.framework.JdkDynamicAopProxy - Creating JDK dynamic proxy: target source is SingletonTargetSource for target object [org.springframework.data.jpa.repository.support.SimpleJpaRepository@4745e9c]
15:32:24.540 [main] DEBUG o.s.b.f.s.DefaultListableBeanFactory - Returning cached instance of singleton bean 'org.springframework.transaction.config.internalTransactionAdvisor'
15:32:24.541 [main] DEBUG o.s.b.f.s.DefaultListableBeanFactory - Finished creating instance of bean 'computerRepository'
15:32:24.541 [main] DEBUG o.s.b.f.s.DefaultListableBeanFactory - Returning cached instance of singleton bean 'org.springframework.orm.jpa.SharedEntityManagerCreator#0'
15:32:24.541 [main] DEBUG o.s.b.f.s.DefaultListableBeanFactory - Returning cached instance of singleton bean 'org.springframework.context.event.internalEventListenerFactory'
15:32:24.541 [main] DEBUG o.s.b.f.s.DefaultListableBeanFactory - Returning cached instance of singleton bean 'org.springframework.transaction.config.internalTransactionalEventListenerFactory'
15:32:24.553 [main] DEBUG o.s.c.s.GenericApplicationContext - Unable to locate LifecycleProcessor with name 'lifecycleProcessor': using default [org.springframework.context.support.DefaultLifecycleProcessor@74ecacc3]
15:32:24.553 [main] DEBUG o.s.b.f.s.DefaultListableBeanFactory - Returning cached instance of singleton bean 'lifecycleProcessor'
15:32:24.554 [main] DEBUG o.s.c.e.PropertySourcesPropertyResolver - Could not find key 'spring.liveBeansView.mbeanDomain' in any property source
15:32:24.555 [main] DEBUG o.s.t.c.c.DefaultCacheAwareContextLoaderDelegate - Storing ApplicationContext in cache under key [[MergedContextConfiguration@3578436e testClass = ComputerRepositoryTest, locations = '{}', classes = '{class com.excilys.formation.config.SpringPersistenceConfig}', contextInitializerClasses = '[]', activeProfiles = '{}', propertySourceLocations = '{}', propertySourceProperties = '{}', contextCustomizers = set[[empty]], contextLoader = 'org.springframework.test.context.support.DelegatingSmartContextLoader', parent = [null]]]
15:32:24.556 [main] DEBUG o.springframework.test.context.cache - Spring test ApplicationContext cache statistics: [DefaultContextCache@762637be size = 1, maxSize = 32, parentContextCount = 0, hitCount = 0, missCount = 1]
15:32:24.557 [main] DEBUG o.s.b.f.annotation.InjectionMetadata - Processing injected element of bean 'com.excilys.formation.persistence.computerdao.computerdaoimpl.ComputerRepositoryTest': AutowiredFieldElement for private com.excilys.formation.persistence.computerdao.computerdaoimpl.ComputerRepository com.excilys.formation.persistence.computerdao.computerdaoimpl.ComputerRepositoryTest.repository
15:32:24.557 [main] DEBUG o.s.b.f.s.DefaultListableBeanFactory - Returning cached instance of singleton bean 'computerRepository'
15:32:24.557 [main] DEBUG o.s.b.f.s.DefaultListableBeanFactory - Returning cached instance of singleton bean 'org.springframework.transaction.config.internalTransactionAdvisor'
15:32:24.558 [main] DEBUG o.s.b.f.a.AutowiredAnnotationBeanPostProcessor - Autowiring by type from bean name 'com.excilys.formation.persistence.computerdao.computerdaoimpl.ComputerRepositoryTest' to bean named 'computerRepository'
15:32:24.558 [main] DEBUG o.s.b.f.s.DefaultListableBeanFactory - Returning cached instance of singleton bean 'org.springframework.transaction.config.internalTransactionAdvisor'
15:32:24.559 [main] DEBUG c.g.s.DbUnitTestExecutionListener - Preparing test instance class com.excilys.formation.persistence.computerdao.computerdaoimpl.ComputerRepositoryTest for DBUnit
15:32:24.560 [main] DEBUG o.s.t.c.c.DefaultCacheAwareContextLoaderDelegate - Retrieved ApplicationContext from cache with key [[MergedContextConfiguration@3578436e testClass = ComputerRepositoryTest, locations = '{}', classes = '{class com.excilys.formation.config.SpringPersistenceConfig}', contextInitializerClasses = '[]', activeProfiles = '{}', propertySourceLocations = '{}', propertySourceProperties = '{}', contextCustomizers = set[[empty]], contextLoader = 'org.springframework.test.context.support.DelegatingSmartContextLoader', parent = [null]]]
15:32:24.560 [main] DEBUG o.springframework.test.context.cache - Spring test ApplicationContext cache statistics: [DefaultContextCache@762637be size = 1, maxSize = 32, parentContextCount = 0, hitCount = 1, missCount = 1]
15:32:24.560 [main] DEBUG o.s.t.c.c.DefaultCacheAwareContextLoaderDelegate - Retrieved ApplicationContext from cache with key [[MergedContextConfiguration@3578436e testClass = ComputerRepositoryTest, locations = '{}', classes = '{class com.excilys.formation.config.SpringPersistenceConfig}', contextInitializerClasses = '[]', activeProfiles = '{}', propertySourceLocations = '{}', propertySourceProperties = '{}', contextCustomizers = set[[empty]], contextLoader = 'org.springframework.test.context.support.DelegatingSmartContextLoader', parent = [null]]]
15:32:24.560 [main] DEBUG o.springframework.test.context.cache - Spring test ApplicationContext cache statistics: [DefaultContextCache@762637be size = 1, maxSize = 32, parentContextCount = 0, hitCount = 2, missCount = 1]
15:32:24.560 [main] DEBUG o.s.t.c.c.DefaultCacheAwareContextLoaderDelegate - Retrieved ApplicationContext from cache with key [[MergedContextConfiguration@3578436e testClass = ComputerRepositoryTest, locations = '{}', classes = '{class com.excilys.formation.config.SpringPersistenceConfig}', contextInitializerClasses = '[]', activeProfiles = '{}', propertySourceLocations = '{}', propertySourceProperties = '{}', contextCustomizers = set[[empty]], contextLoader = 'org.springframework.test.context.support.DelegatingSmartContextLoader', parent = [null]]]
15:32:24.560 [main] DEBUG o.springframework.test.context.cache - Spring test ApplicationContext cache statistics: [DefaultContextCache@762637be size = 1, maxSize = 32, parentContextCount = 0, hitCount = 3, missCount = 1]
15:32:24.560 [main] DEBUG c.g.s.DbUnitTestExecutionListener - DBUnit tests will run using databaseConnection "dataSource", datasets will be loaded using class com.github.springtestdbunit.dataset.FlatXmlDataSetLoader
15:32:24.560 [main] DEBUG o.s.t.c.c.DefaultCacheAwareContextLoaderDelegate - Retrieved ApplicationContext from cache with key [[MergedContextConfiguration@3578436e testClass = ComputerRepositoryTest, locations = '{}', classes = '{class com.excilys.formation.config.SpringPersistenceConfig}', contextInitializerClasses = '[]', activeProfiles = '{}', propertySourceLocations = '{}', propertySourceProperties = '{}', contextCustomizers = set[[empty]], contextLoader = 'org.springframework.test.context.support.DelegatingSmartContextLoader', parent = [null]]]
15:32:24.560 [main] DEBUG o.springframework.test.context.cache - Spring test ApplicationContext cache statistics: [DefaultContextCache@762637be size = 1, maxSize = 32, parentContextCount = 0, hitCount = 4, missCount = 1]
15:32:24.560 [main] DEBUG o.s.b.f.s.DefaultListableBeanFactory - Returning cached instance of singleton bean 'dataSource'
15:32:24.578 [main] DEBUG o.d.d.xml.FlatXmlDataSetBuilder - Creating FlatXmlDataSet with builder parameters: org.dbunit.dataset.xml.FlatXmlDataSetBuilder[dtdMetadata=true, columnSensing=true, caseSensitiveTableNames=false, metaDataSet=null]
15:32:24.579 [main] DEBUG o.d.d.xml.FlatXmlDataSetBuilder - Creating FlatXmlProducer using the properties of this builder: org.dbunit.dataset.xml.FlatXmlDataSetBuilder[dtdMetadata=true, columnSensing=true, caseSensitiveTableNames=false, metaDataSet=null]
15:32:24.583 [main] DEBUG o.dbunit.dataset.xml.FlatXmlProducer - setConsumer(consumer) - start
15:32:24.584 [main] DEBUG o.dbunit.dataset.xml.FlatXmlProducer - produce() - start
15:32:24.631 [main] DEBUG o.dbunit.dataset.xml.FlatDtdProducer - setLexicalHandler(xmlReader=org.apache.xerces.jaxp.SAXParserImpl$JAXPSAXParser@5ed4bc, handler=org.dbunit.dataset.xml.FlatXmlProducer$FlatDtdHandler@6920b0bc) - start
15:32:24.631 [main] DEBUG o.dbunit.dataset.xml.FlatDtdProducer - setDeclHandler(xmlReader=org.apache.xerces.jaxp.SAXParserImpl$JAXPSAXParser@5ed4bc, handler=org.dbunit.dataset.xml.FlatXmlProducer$FlatDtdHandler@6920b0bc) - start
15:32:24.638 [main] DEBUG o.dbunit.dataset.xml.FlatXmlProducer - startElement(uri=, localName=, qName=dataset, attributes=org.apache.xerces.parsers.AbstractSAXParser$AttributesProxy@32177fa5) - start
15:32:24.638 [main] DEBUG org.dbunit.dataset.CachedDataSet - startDataSet() - start
15:32:24.638 [main] DEBUG o.dbunit.dataset.xml.FlatXmlProducer - startElement(uri=, localName=, qName=computer, attributes=org.apache.xerces.parsers.AbstractSAXParser$AttributesProxy@32177fa5) - start
15:32:24.638 [main] DEBUG o.dbunit.dataset.OrderedTableNameMap - getLastTableName() - start
15:32:24.638 [main] DEBUG o.dbunit.dataset.OrderedTableNameMap - isLastTable(tableName=computer) - start
15:32:24.638 [main] DEBUG o.dbunit.dataset.OrderedTableNameMap - getTableName(tableName=computer) - start
15:32:24.638 [main] DEBUG o.dbunit.dataset.OrderedTableNameMap - getTableName(tableName=computer) - end - result=COMPUTER
15:32:24.638 [main] DEBUG o.dbunit.dataset.xml.FlatXmlProducer - createTableMetaData(tableName=computer, attributes=org.apache.xerces.parsers.AbstractSAXParser$AttributesProxy@32177fa5) - start
15:32:24.646 [main] DEBUG org.dbunit.dataset.Columns - getColumns(columnNames=[], columns=[(id, UNKNOWN, nullableUnknown), (name, UNKNOWN, nullableUnknown), (introduced, UNKNOWN, nullableUnknown), (discontinued, UNKNOWN, nullableUnknown), (companyId, UNKNOWN, nullableUnknown)]) - start
15:32:24.646 [main] DEBUG o.dbunit.dataset.OrderedTableNameMap - add(tableName=computer, object=tableName=computer, columns=[(id, UNKNOWN, nullableUnknown), (name, UNKNOWN, nullableUnknown), (introduced, UNKNOWN, nullableUnknown), (discontinued, UNKNOWN, nullableUnknown), (companyId, UNKNOWN, nullableUnknown)], keys=[]) - start
15:32:24.646 [main] DEBUG o.dbunit.dataset.OrderedTableNameMap - getTableName(tableName=computer) - start
15:32:24.646 [main] DEBUG o.dbunit.dataset.OrderedTableNameMap - getTableName(tableName=computer) - end - result=COMPUTER
15:32:24.646 [main] DEBUG o.dbunit.dataset.OrderedTableNameMap - getTableName(tableName=COMPUTER) - start
15:32:24.646 [main] DEBUG o.dbunit.dataset.OrderedTableNameMap - getTableName(tableName=COMPUTER) - end - result=COMPUTER
15:32:24.646 [main] DEBUG o.dbunit.dataset.OrderedTableNameMap - getLastTableName() - start
15:32:24.647 [main] DEBUG o.dbunit.dataset.OrderedTableNameMap - getTableName(tableName=computer) - start
15:32:24.647 [main] DEBUG o.dbunit.dataset.OrderedTableNameMap - getTableName(tableName=computer) - end - result=COMPUTER
15:32:24.647 [main] DEBUG o.d.dataset.AbstractTableMetaData - getColumnIndex(columnName=id) - start
15:32:24.647 [main] DEBUG o.d.dataset.AbstractTableMetaData - getColumnIndex(columnName=name) - start
15:32:24.647 [main] DEBUG o.d.dataset.AbstractTableMetaData - getColumnIndex(columnName=introduced) - start
15:32:24.647 [main] DEBUG o.d.dataset.AbstractTableMetaData - getColumnIndex(columnName=discontinued) - start
15:32:24.647 [main] DEBUG o.d.dataset.AbstractTableMetaData - getColumnIndex(columnName=companyId) - start
15:32:24.647 [main] DEBUG o.dbunit.dataset.OrderedTableNameMap - getLastTableName() - start
15:32:24.647 [main] DEBUG o.dbunit.dataset.OrderedTableNameMap - getTableName(tableName=computer) - start
15:32:24.647 [main] DEBUG o.dbunit.dataset.OrderedTableNameMap - getTableName(tableName=computer) - end - result=COMPUTER
15:32:24.647 [main] DEBUG o.dbunit.dataset.xml.FlatXmlProducer - endElement(uri=, localName=, qName=computer) - start
15:32:24.647 [main] DEBUG o.dbunit.dataset.xml.FlatXmlProducer - startElement(uri=, localName=, qName=computer, attributes=org.apache.xerces.parsers.AbstractSAXParser$AttributesProxy@32177fa5) - start
15:32:24.647 [main] DEBUG o.dbunit.dataset.OrderedTableNameMap - getLastTableName() - start
15:32:24.647 [main] DEBUG o.dbunit.dataset.OrderedTableNameMap - getTableName(tableName=computer) - start
15:32:24.647 [main] DEBUG o.dbunit.dataset.OrderedTableNameMap - getTableName(tableName=computer) - end - result=COMPUTER
15:32:24.647 [main] DEBUG o.dbunit.dataset.OrderedTableNameMap - isLastTable(tableName=computer) - start
15:32:24.647 [main] DEBUG o.dbunit.dataset.OrderedTableNameMap - getLastTableName() - start
15:32:24.647 [main] DEBUG o.dbunit.dataset.OrderedTableNameMap - getTableName(tableName=computer) - start
15:32:24.647 [main] DEBUG o.dbunit.dataset.OrderedTableNameMap - getTableName(tableName=computer) - end - result=COMPUTER
15:32:24.647 [main] DEBUG o.dbunit.dataset.OrderedTableNameMap - getTableName(tableName=computer) - start
15:32:24.647 [main] DEBUG o.dbunit.dataset.OrderedTableNameMap - getTableName(tableName=computer) - end - result=COMPUTER
15:32:24.647 [main] DEBUG o.dbunit.dataset.OrderedTableNameMap - getLastTableName() - start
15:32:24.647 [main] DEBUG o.dbunit.dataset.OrderedTableNameMap - getTableName(tableName=computer) - start
15:32:24.647 [main] DEBUG o.dbunit.dataset.OrderedTableNameMap - getTableName(tableName=computer) - end - result=COMPUTER
15:32:24.647 [main] DEBUG o.d.dataset.AbstractTableMetaData - getColumnIndex(columnName=id) - start
15:32:24.647 [main] DEBUG o.d.dataset.AbstractTableMetaData - getColumnIndex(columnName=name) - start
15:32:24.647 [main] DEBUG o.d.dataset.AbstractTableMetaData - getColumnIndex(columnName=introduced) - start
15:32:24.647 [main] DEBUG o.d.dataset.AbstractTableMetaData - getColumnIndex(columnName=discontinued) - start
15:32:24.647 [main] DEBUG o.d.dataset.AbstractTableMetaData - getColumnIndex(columnName=companyId) - start
15:32:24.647 [main] DEBUG o.dbunit.dataset.OrderedTableNameMap - getLastTableName() - start
15:32:24.647 [main] DEBUG o.dbunit.dataset.OrderedTableNameMap - getTableName(tableName=computer) - start
15:32:24.647 [main] DEBUG o.dbunit.dataset.OrderedTableNameMap - getTableName(tableName=computer) - end - result=COMPUTER
15:32:24.647 [main] DEBUG o.dbunit.dataset.xml.FlatXmlProducer - endElement(uri=, localName=, qName=computer) - start
15:32:24.647 [main] DEBUG o.dbunit.dataset.xml.FlatXmlProducer - endElement(uri=, localName=, qName=dataset) - start
15:32:24.647 [main] DEBUG o.dbunit.dataset.OrderedTableNameMap - getLastTableName() - start
15:32:24.647 [main] DEBUG o.dbunit.dataset.OrderedTableNameMap - getTableName(tableName=computer) - start
15:32:24.647 [main] DEBUG o.dbunit.dataset.OrderedTableNameMap - getTableName(tableName=computer) - end - result=COMPUTER
15:32:24.647 [main] DEBUG org.dbunit.dataset.CachedDataSet - startTable(metaData=tableName=computer, columns=[(id, UNKNOWN, nullableUnknown), (name, UNKNOWN, nullableUnknown), (introduced, UNKNOWN, nullableUnknown), (discontinued, UNKNOWN, nullableUnknown), (companyId, UNKNOWN, nullableUnknown)], keys=[]) - start
15:32:24.648 [main] DEBUG org.dbunit.dataset.CachedDataSet - row(values=1) - start
15:32:24.648 [main] DEBUG org.dbunit.dataset.DefaultTable - addRow(values=1) - start
15:32:24.648 [main] DEBUG org.dbunit.dataset.CachedDataSet - row(values=2) - start
15:32:24.648 [main] DEBUG org.dbunit.dataset.DefaultTable - addRow(values=2) - start
15:32:24.648 [main] DEBUG org.dbunit.dataset.CachedDataSet - endTable() - start
15:32:24.648 [main] DEBUG o.dbunit.dataset.OrderedTableNameMap - getTableName(tableName=computer) - start
15:32:24.648 [main] DEBUG o.dbunit.dataset.OrderedTableNameMap - getTableName(tableName=computer) - end - result=COMPUTER
15:32:24.648 [main] DEBUG o.dbunit.dataset.OrderedTableNameMap - add(tableName=computer, object=org.dbunit.dataset.DefaultTable[_metaData=tableName=computer, columns=[(id, UNKNOWN, nullableUnknown), (name, UNKNOWN, nullableUnknown), (introduced, UNKNOWN, nullableUnknown), (discontinued, UNKNOWN, nullableUnknown), (companyId, UNKNOWN, nullableUnknown)], keys=[], _rowList.size()=2]) - start
15:32:24.648 [main] DEBUG o.dbunit.dataset.OrderedTableNameMap - getTableName(tableName=computer) - start
15:32:24.648 [main] DEBUG o.dbunit.dataset.OrderedTableNameMap - getTableName(tableName=computer) - end - result=COMPUTER
15:32:24.648 [main] DEBUG o.dbunit.dataset.OrderedTableNameMap - getTableName(tableName=COMPUTER) - start
15:32:24.648 [main] DEBUG o.dbunit.dataset.OrderedTableNameMap - getTableName(tableName=COMPUTER) - end - result=COMPUTER
15:32:24.648 [main] DEBUG org.dbunit.dataset.CachedDataSet - endDataSet() - start
15:32:24.648 [main] DEBUG org.dbunit.dataset.CachedDataSet - endDataSet() - the final tableMap is: org.dbunit.dataset.OrderedTableNameMap[_tableNames=[computer], _tableMap={COMPUTER=org.dbunit.dataset.DefaultTable[_metaData=tableName=computer, columns=[(id, UNKNOWN, nullableUnknown), (name, UNKNOWN, nullableUnknown), (introduced, UNKNOWN, nullableUnknown), (discontinued, UNKNOWN, nullableUnknown), (companyId, UNKNOWN, nullableUnknown)], keys=[], _rowList.size()=2]}, _caseSensitiveTableNames=false]
15:32:24.649 [main] DEBUG c.g.s.DbUnitTestExecutionListener - Executing Setup of @DatabaseTest using CLEAN_INSERT on [AbstractDataSet[_orderedTableNameMap=null]]
15:32:24.649 [main] DEBUG org.dbunit.dataset.AbstractDataSet - iterator() - start
15:32:24.649 [main] DEBUG org.dbunit.dataset.CachedDataSet - createIterator(reversed=false) - start
15:32:24.649 [main] DEBUG o.dbunit.dataset.OrderedTableNameMap - orderedValues() - start
15:32:24.649 [main] DEBUG o.dbunit.dataset.OrderedTableNameMap - getTableName(tableName=computer) - start
15:32:24.649 [main] DEBUG o.dbunit.dataset.OrderedTableNameMap - getTableName(tableName=computer) - end - result=COMPUTER
15:32:24.649 [main] DEBUG o.d.dataset.DefaultTableIterator - getTable() - start
15:32:24.649 [main] DEBUG org.dbunit.dataset.CompositeDataSet - addTable(newTable=org.dbunit.dataset.DefaultTable[_metaData=tableName=computer, columns=[(id, UNKNOWN, nullableUnknown), (name, UNKNOWN, nullableUnknown), (introduced, UNKNOWN, nullableUnknown), (discontinued, UNKNOWN, nullableUnknown), (companyId, UNKNOWN, nullableUnknown)], keys=[], _rowList.size()=2], tableList=org.dbunit.dataset.OrderedTableNameMap[_tableNames=[], _tableMap={}, _caseSensitiveTableNames=false], combine=true) - start
15:32:24.649 [main] DEBUG o.dbunit.dataset.OrderedTableNameMap - getTableName(tableName=computer) - start
15:32:24.649 [main] DEBUG o.dbunit.dataset.OrderedTableNameMap - getTableName(tableName=computer) - end - result=COMPUTER
15:32:24.650 [main] DEBUG o.dbunit.dataset.OrderedTableNameMap - add(tableName=computer, object=org.dbunit.dataset.DefaultTable[_metaData=tableName=computer, columns=[(id, UNKNOWN, nullableUnknown), (name, UNKNOWN, nullableUnknown), (introduced, UNKNOWN, nullableUnknown), (discontinued, UNKNOWN, nullableUnknown), (companyId, UNKNOWN, nullableUnknown)], keys=[], _rowList.size()=2]) - start
15:32:24.650 [main] DEBUG o.dbunit.dataset.OrderedTableNameMap - getTableName(tableName=computer) - start
15:32:24.650 [main] DEBUG o.dbunit.dataset.OrderedTableNameMap - getTableName(tableName=computer) - end - result=COMPUTER
15:32:24.650 [main] DEBUG o.dbunit.dataset.OrderedTableNameMap - getTableName(tableName=COMPUTER) - start
15:32:24.650 [main] DEBUG o.dbunit.dataset.OrderedTableNameMap - getTableName(tableName=COMPUTER) - end - result=COMPUTER
15:32:24.650 [main] DEBUG o.dbunit.dataset.OrderedTableNameMap - orderedValues() - start
15:32:24.650 [main] DEBUG o.dbunit.dataset.OrderedTableNameMap - getTableName(tableName=computer) - start
15:32:24.650 [main] DEBUG o.dbunit.dataset.OrderedTableNameMap - getTableName(tableName=computer) - end - result=COMPUTER
15:32:24.650 [main] DEBUG o.d.operation.CompositeOperation - execute(connection=_databaseConfig=org.dbunit.database.DatabaseConfig[, _propertyMap={http://www.dbunit.org/features/qualifiedTableNames=false, http://www.dbunit.org/properties/tableType=[Ljava.lang.String;@22752544, http://www.dbunit.org/properties/batchSize=100, http://www.dbunit.org/properties/statementFactory=org.dbunit.database.statement.PreparedStatementFactory@21ba2445, http://www.dbunit.org/features/batchedStatements=false, http://www.dbunit.org/features/caseSensitiveTableNames=false, http://www.dbunit.org/features/allowEmptyFields=false, http://www.dbunit.org/properties/datatypeFactory=org.dbunit.dataset.datatype.DefaultDataTypeFactory[_toleratedDeltaMap=org.dbunit.dataset.datatype.ToleratedDeltaMap@69d23296], http://www.dbunit.org/properties/metadataHandler=org.dbunit.database.DefaultMetadataHandler@3c3820bb, http://www.dbunit.org/properties/fetchSize=100, http://www.dbunit.org/properties/resultSetTableFactory=org.dbunit.database.CachedResultSetTableFactory@376c7d7d, http://www.dbunit.org/features/datatypeWarning=true, http://www.dbunit.org/properties/escapePattern=null}], _dataSet=null, , dataSet=AbstractDataSet[_orderedTableNameMap=null]) - start
15:32:24.650 [main] DEBUG o.d.operation.DeleteAllOperation - execute(connection=_databaseConfig=org.dbunit.database.DatabaseConfig[, _propertyMap={http://www.dbunit.org/features/qualifiedTableNames=false, http://www.dbunit.org/properties/tableType=[Ljava.lang.String;@22752544, http://www.dbunit.org/properties/batchSize=100, http://www.dbunit.org/properties/statementFactory=org.dbunit.database.statement.PreparedStatementFactory@21ba2445, http://www.dbunit.org/features/batchedStatements=false, http://www.dbunit.org/features/caseSensitiveTableNames=false, http://www.dbunit.org/features/allowEmptyFields=false, http://www.dbunit.org/properties/datatypeFactory=org.dbunit.dataset.datatype.DefaultDataTypeFactory[_toleratedDeltaMap=org.dbunit.dataset.datatype.ToleratedDeltaMap@69d23296], http://www.dbunit.org/properties/metadataHandler=org.dbunit.database.DefaultMetadataHandler@3c3820bb, http://www.dbunit.org/properties/fetchSize=100, http://www.dbunit.org/properties/resultSetTableFactory=org.dbunit.database.CachedResultSetTableFactory@376c7d7d, http://www.dbunit.org/features/datatypeWarning=true, http://www.dbunit.org/properties/escapePattern=null}], _dataSet=null, dataSet=AbstractDataSet[_orderedTableNameMap=null]) - start
15:32:24.650 [main] DEBUG o.d.d.AbstractDatabaseConnection - createDataSet() - start
15:32:24.651 [main] DEBUG o.d.d.s.PreparedStatementFactory - createBatchStatement(connection=_databaseConfig=org.dbunit.database.DatabaseConfig[, _propertyMap={http://www.dbunit.org/features/qualifiedTableNames=false, http://www.dbunit.org/properties/tableType=[Ljava.lang.String;@22752544, http://www.dbunit.org/properties/batchSize=100, http://www.dbunit.org/properties/statementFactory=org.dbunit.database.statement.PreparedStatementFactory@21ba2445, http://www.dbunit.org/features/batchedStatements=false, http://www.dbunit.org/features/caseSensitiveTableNames=false, http://www.dbunit.org/features/allowEmptyFields=false, http://www.dbunit.org/properties/datatypeFactory=org.dbunit.dataset.datatype.DefaultDataTypeFactory[_toleratedDeltaMap=org.dbunit.dataset.datatype.ToleratedDeltaMap@69d23296], http://www.dbunit.org/properties/metadataHandler=org.dbunit.database.DefaultMetadataHandler@3c3820bb, http://www.dbunit.org/properties/fetchSize=100, http://www.dbunit.org/properties/resultSetTableFactory=org.dbunit.database.CachedResultSetTableFactory@376c7d7d, http://www.dbunit.org/features/datatypeWarning=true, http://www.dbunit.org/properties/escapePattern=null}], _dataSet=AbstractDataSet[_orderedTableNameMap=null]) - start
15:32:24.651 [main] DEBUG o.d.d.s.AbstractStatementFactory - supportBatchStatement(connection=_databaseConfig=org.dbunit.database.DatabaseConfig[, _propertyMap={http://www.dbunit.org/features/qualifiedTableNames=false, http://www.dbunit.org/properties/tableType=[Ljava.lang.String;@22752544, http://www.dbunit.org/properties/batchSize=100, http://www.dbunit.org/properties/statementFactory=org.dbunit.database.statement.PreparedStatementFactory@21ba2445, http://www.dbunit.org/features/batchedStatements=false, http://www.dbunit.org/features/caseSensitiveTableNames=false, http://www.dbunit.org/features/allowEmptyFields=false, http://www.dbunit.org/properties/datatypeFactory=org.dbunit.dataset.datatype.DefaultDataTypeFactory[_toleratedDeltaMap=org.dbunit.dataset.datatype.ToleratedDeltaMap@69d23296], http://www.dbunit.org/properties/metadataHandler=org.dbunit.database.DefaultMetadataHandler@3c3820bb, http://www.dbunit.org/properties/fetchSize=100, http://www.dbunit.org/properties/resultSetTableFactory=org.dbunit.database.CachedResultSetTableFactory@376c7d7d, http://www.dbunit.org/features/datatypeWarning=true, http://www.dbunit.org/properties/escapePattern=null}], _dataSet=AbstractDataSet[_orderedTableNameMap=null]) - start
15:32:24.651 [main] DEBUG o.d.d.DatabaseDataSourceConnection - getConnection() - start
15:32:24.655 [main] DEBUG o.s.jdbc.datasource.DataSourceUtils - Fetching JDBC Connection from DataSource
15:32:24.657 [main] DEBUG org.dbunit.dataset.AbstractDataSet - iterator() - start
15:32:24.657 [main] DEBUG org.dbunit.dataset.CompositeDataSet - createIterator(reversed=false) - start
15:32:24.657 [main] DEBUG o.d.dataset.DefaultTableIterator - getTableMetaData() - start
15:32:24.657 [main] DEBUG o.d.dataset.DefaultTableIterator - getTable() - start
15:32:24.657 [main] DEBUG org.dbunit.database.DatabaseDataSet - getTableMetaData(tableName=computer) - start
15:32:24.657 [main] DEBUG org.dbunit.database.DatabaseDataSet - initialize() - start
15:32:24.657 [main] DEBUG org.dbunit.database.DatabaseDataSet - Initializing the data set from the database...
15:32:24.657 [main] DEBUG o.d.d.DatabaseDataSourceConnection - getConnection() - start
15:32:24.662 [main] DEBUG org.dbunit.database.DatabaseDataSet - 
	database product name=MySQL
	database version=5.7.16-0ubuntu0.16.04.1
	database major version=5
	database minor version=7
	jdbc driver name=MySQL Connector Java
	jdbc driver version=mysql-connector-java-6.0.5 ( Revision: 6e477e32dff18fb4dc102e53f5a68037a9f8762e )
	jdbc driver major version=6
	jdbc driver minor version=0

15:32:24.662 [main] DEBUG org.dbunit.database.DatabaseDataSet - metadata resultset=com.mysql.cj.jdbc.result.ResultSetImpl@534e58b6
15:32:24.663 [main] DEBUG org.dbunit.util.QualifiedTableName - getQualifiedNameIfEnabled(config=org.dbunit.database.DatabaseConfig[, _propertyMap={http://www.dbunit.org/features/qualifiedTableNames=false, http://www.dbunit.org/properties/tableType=[Ljava.lang.String;@22752544, http://www.dbunit.org/properties/batchSize=100, http://www.dbunit.org/properties/statementFactory=org.dbunit.database.statement.PreparedStatementFactory@21ba2445, http://www.dbunit.org/features/batchedStatements=false, http://www.dbunit.org/features/caseSensitiveTableNames=false, http://www.dbunit.org/features/allowEmptyFields=false, http://www.dbunit.org/properties/datatypeFactory=org.dbunit.dataset.datatype.DefaultDataTypeFactory[_toleratedDeltaMap=org.dbunit.dataset.datatype.ToleratedDeltaMap@69d23296], http://www.dbunit.org/properties/metadataHandler=org.dbunit.database.DefaultMetadataHandler@3c3820bb, http://www.dbunit.org/properties/fetchSize=100, http://www.dbunit.org/properties/resultSetTableFactory=org.dbunit.database.CachedResultSetTableFactory@376c7d7d, http://www.dbunit.org/features/datatypeWarning=true, http://www.dbunit.org/properties/escapePattern=null}]) - start
15:32:24.663 [main] DEBUG org.dbunit.util.QualifiedTableName - Qualified table names feature is disabled. Returning plain table name
15:32:24.663 [main] DEBUG org.dbunit.util.QualifiedTableName - getQualifiedName(prefix=null, name=company, escapePattern=null) - start
15:32:24.663 [main] DEBUG o.dbunit.dataset.OrderedTableNameMap - add(tableName=company, object=null) - start
15:32:24.663 [main] DEBUG o.dbunit.dataset.OrderedTableNameMap - getTableName(tableName=company) - start
15:32:24.663 [main] DEBUG o.dbunit.dataset.OrderedTableNameMap - getTableName(tableName=company) - end - result=COMPANY
15:32:24.663 [main] DEBUG o.dbunit.dataset.OrderedTableNameMap - getTableName(tableName=COMPANY) - start
15:32:24.663 [main] DEBUG o.dbunit.dataset.OrderedTableNameMap - getTableName(tableName=COMPANY) - end - result=COMPANY
15:32:24.663 [main] DEBUG org.dbunit.util.QualifiedTableName - getQualifiedNameIfEnabled(config=org.dbunit.database.DatabaseConfig[, _propertyMap={http://www.dbunit.org/features/qualifiedTableNames=false, http://www.dbunit.org/properties/tableType=[Ljava.lang.String;@22752544, http://www.dbunit.org/properties/batchSize=100, http://www.dbunit.org/properties/statementFactory=org.dbunit.database.statement.PreparedStatementFactory@21ba2445, http://www.dbunit.org/features/batchedStatements=false, http://www.dbunit.org/features/caseSensitiveTableNames=false, http://www.dbunit.org/features/allowEmptyFields=false, http://www.dbunit.org/properties/datatypeFactory=org.dbunit.dataset.datatype.DefaultDataTypeFactory[_toleratedDeltaMap=org.dbunit.dataset.datatype.ToleratedDeltaMap@69d23296], http://www.dbunit.org/properties/metadataHandler=org.dbunit.database.DefaultMetadataHandler@3c3820bb, http://www.dbunit.org/properties/fetchSize=100, http://www.dbunit.org/properties/resultSetTableFactory=org.dbunit.database.CachedResultSetTableFactory@376c7d7d, http://www.dbunit.org/features/datatypeWarning=true, http://www.dbunit.org/properties/escapePattern=null}]) - start
15:32:24.663 [main] DEBUG org.dbunit.util.QualifiedTableName - Qualified table names feature is disabled. Returning plain table name
15:32:24.663 [main] DEBUG org.dbunit.util.QualifiedTableName - getQualifiedName(prefix=null, name=computer, escapePattern=null) - start
15:32:24.663 [main] DEBUG o.dbunit.dataset.OrderedTableNameMap - add(tableName=computer, object=null) - start
15:32:24.663 [main] DEBUG o.dbunit.dataset.OrderedTableNameMap - getTableName(tableName=computer) - start
15:32:24.663 [main] DEBUG o.dbunit.dataset.OrderedTableNameMap - getTableName(tableName=computer) - end - result=COMPUTER
15:32:24.663 [main] DEBUG o.dbunit.dataset.OrderedTableNameMap - getTableName(tableName=COMPUTER) - start
15:32:24.663 [main] DEBUG o.dbunit.dataset.OrderedTableNameMap - getTableName(tableName=COMPUTER) - end - result=COMPUTER
15:32:24.663 [main] DEBUG org.dbunit.util.QualifiedTableName - getQualifiedNameIfEnabled(config=org.dbunit.database.DatabaseConfig[, _propertyMap={http://www.dbunit.org/features/qualifiedTableNames=false, http://www.dbunit.org/properties/tableType=[Ljava.lang.String;@22752544, http://www.dbunit.org/properties/batchSize=100, http://www.dbunit.org/properties/statementFactory=org.dbunit.database.statement.PreparedStatementFactory@21ba2445, http://www.dbunit.org/features/batchedStatements=false, http://www.dbunit.org/features/caseSensitiveTableNames=false, http://www.dbunit.org/features/allowEmptyFields=false, http://www.dbunit.org/properties/datatypeFactory=org.dbunit.dataset.datatype.DefaultDataTypeFactory[_toleratedDeltaMap=org.dbunit.dataset.datatype.ToleratedDeltaMap@69d23296], http://www.dbunit.org/properties/metadataHandler=org.dbunit.database.DefaultMetadataHandler@3c3820bb, http://www.dbunit.org/properties/fetchSize=100, http://www.dbunit.org/properties/resultSetTableFactory=org.dbunit.database.CachedResultSetTableFactory@376c7d7d, http://www.dbunit.org/features/datatypeWarning=true, http://www.dbunit.org/properties/escapePattern=null}]) - start
15:32:24.663 [main] DEBUG org.dbunit.util.QualifiedTableName - Qualified table names feature is disabled. Returning plain table name
15:32:24.663 [main] DEBUG org.dbunit.util.QualifiedTableName - getQualifiedName(prefix=null, name=role, escapePattern=null) - start
15:32:24.663 [main] DEBUG o.dbunit.dataset.OrderedTableNameMap - add(tableName=role, object=null) - start
15:32:24.663 [main] DEBUG o.dbunit.dataset.OrderedTableNameMap - getTableName(tableName=role) - start
15:32:24.663 [main] DEBUG o.dbunit.dataset.OrderedTableNameMap - getTableName(tableName=role) - end - result=ROLE
15:32:24.663 [main] DEBUG o.dbunit.dataset.OrderedTableNameMap - getTableName(tableName=ROLE) - start
15:32:24.663 [main] DEBUG o.dbunit.dataset.OrderedTableNameMap - getTableName(tableName=ROLE) - end - result=ROLE
15:32:24.663 [main] DEBUG org.dbunit.util.QualifiedTableName - getQualifiedNameIfEnabled(config=org.dbunit.database.DatabaseConfig[, _propertyMap={http://www.dbunit.org/features/qualifiedTableNames=false, http://www.dbunit.org/properties/tableType=[Ljava.lang.String;@22752544, http://www.dbunit.org/properties/batchSize=100, http://www.dbunit.org/properties/statementFactory=org.dbunit.database.statement.PreparedStatementFactory@21ba2445, http://www.dbunit.org/features/batchedStatements=false, http://www.dbunit.org/features/caseSensitiveTableNames=false, http://www.dbunit.org/features/allowEmptyFields=false, http://www.dbunit.org/properties/datatypeFactory=org.dbunit.dataset.datatype.DefaultDataTypeFactory[_toleratedDeltaMap=org.dbunit.dataset.datatype.ToleratedDeltaMap@69d23296], http://www.dbunit.org/properties/metadataHandler=org.dbunit.database.DefaultMetadataHandler@3c3820bb, http://www.dbunit.org/properties/fetchSize=100, http://www.dbunit.org/properties/resultSetTableFactory=org.dbunit.database.CachedResultSetTableFactory@376c7d7d, http://www.dbunit.org/features/datatypeWarning=true, http://www.dbunit.org/properties/escapePattern=null}]) - start
15:32:24.663 [main] DEBUG org.dbunit.util.QualifiedTableName - Qualified table names feature is disabled. Returning plain table name
15:32:24.663 [main] DEBUG org.dbunit.util.QualifiedTableName - getQualifiedName(prefix=null, name=user, escapePattern=null) - start
15:32:24.663 [main] DEBUG o.dbunit.dataset.OrderedTableNameMap - add(tableName=user, object=null) - start
15:32:24.663 [main] DEBUG o.dbunit.dataset.OrderedTableNameMap - getTableName(tableName=user) - start
15:32:24.663 [main] DEBUG o.dbunit.dataset.OrderedTableNameMap - getTableName(tableName=user) - end - result=USER
15:32:24.663 [main] DEBUG o.dbunit.dataset.OrderedTableNameMap - getTableName(tableName=USER) - start
15:32:24.663 [main] DEBUG o.dbunit.dataset.OrderedTableNameMap - getTableName(tableName=USER) - end - result=USER
15:32:24.663 [main] DEBUG org.dbunit.util.QualifiedTableName - getQualifiedNameIfEnabled(config=org.dbunit.database.DatabaseConfig[, _propertyMap={http://www.dbunit.org/features/qualifiedTableNames=false, http://www.dbunit.org/properties/tableType=[Ljava.lang.String;@22752544, http://www.dbunit.org/properties/batchSize=100, http://www.dbunit.org/properties/statementFactory=org.dbunit.database.statement.PreparedStatementFactory@21ba2445, http://www.dbunit.org/features/batchedStatements=false, http://www.dbunit.org/features/caseSensitiveTableNames=false, http://www.dbunit.org/features/allowEmptyFields=false, http://www.dbunit.org/properties/datatypeFactory=org.dbunit.dataset.datatype.DefaultDataTypeFactory[_toleratedDeltaMap=org.dbunit.dataset.datatype.ToleratedDeltaMap@69d23296], http://www.dbunit.org/properties/metadataHandler=org.dbunit.database.DefaultMetadataHandler@3c3820bb, http://www.dbunit.org/properties/fetchSize=100, http://www.dbunit.org/properties/resultSetTableFactory=org.dbunit.database.CachedResultSetTableFactory@376c7d7d, http://www.dbunit.org/features/datatypeWarning=true, http://www.dbunit.org/properties/escapePattern=null}]) - start
15:32:24.663 [main] DEBUG org.dbunit.util.QualifiedTableName - Qualified table names feature is disabled. Returning plain table name
15:32:24.664 [main] DEBUG org.dbunit.util.QualifiedTableName - getQualifiedName(prefix=null, name=user_roles, escapePattern=null) - start
15:32:24.664 [main] DEBUG o.dbunit.dataset.OrderedTableNameMap - add(tableName=user_roles, object=null) - start
15:32:24.664 [main] DEBUG o.dbunit.dataset.OrderedTableNameMap - getTableName(tableName=user_roles) - start
15:32:24.664 [main] DEBUG o.dbunit.dataset.OrderedTableNameMap - getTableName(tableName=user_roles) - end - result=USER_ROLES
15:32:24.664 [main] DEBUG o.dbunit.dataset.OrderedTableNameMap - getTableName(tableName=USER_ROLES) - start
15:32:24.664 [main] DEBUG o.dbunit.dataset.OrderedTableNameMap - getTableName(tableName=USER_ROLES) - end - result=USER_ROLES
15:32:24.664 [main] DEBUG o.dbunit.dataset.OrderedTableNameMap - getTableName(tableName=computer) - start
15:32:24.664 [main] DEBUG o.dbunit.dataset.OrderedTableNameMap - getTableName(tableName=computer) - end - result=COMPUTER
15:32:24.664 [main] DEBUG o.dbunit.dataset.OrderedTableNameMap - getTableName(tableName=computer) - start
15:32:24.664 [main] DEBUG o.dbunit.dataset.OrderedTableNameMap - getTableName(tableName=computer) - end - result=COMPUTER
15:32:24.664 [main] DEBUG o.d.d.DatabaseDataSourceConnection - getConnection() - start
15:32:24.664 [main] DEBUG org.dbunit.util.SQLHelper - isEscaped returns 'false' for tableName=computer (dbIdentifierQuoteString=`)
15:32:24.664 [main] DEBUG org.dbunit.util.SQLHelper - Database does not store upperCase or lowerCase identifiers. Will not correct case of the table names.
15:32:24.664 [main] DEBUG o.d.database.DatabaseTableMetaData - Validating if table 'computer' exists in schema 'null' ...
15:32:24.666 [main] DEBUG org.dbunit.util.SQLHelper - close(resultSet=com.mysql.cj.jdbc.result.ResultSetImpl@503df2d0) - start
15:32:24.666 [main] DEBUG o.dbunit.dataset.OrderedTableNameMap - update(tableName=computer, object=org.dbunit.database.DatabaseTableMetaData@11c3ff67) - start
15:32:24.675 [main] DEBUG o.dbunit.dataset.OrderedTableNameMap - getTableName(tableName=computer) - start
15:32:24.675 [main] DEBUG o.dbunit.dataset.OrderedTableNameMap - getTableName(tableName=computer) - end - result=COMPUTER
15:32:24.675 [main] DEBUG o.dbunit.dataset.OrderedTableNameMap - getTableName(tableName=computer) - start
15:32:24.675 [main] DEBUG o.dbunit.dataset.OrderedTableNameMap - getTableName(tableName=computer) - end - result=COMPUTER
15:32:24.675 [main] DEBUG o.dbunit.operation.AbstractOperation - getQualifiedName(prefix=null, name=computer, connection=_databaseConfig=org.dbunit.database.DatabaseConfig[, _propertyMap={http://www.dbunit.org/features/qualifiedTableNames=false, http://www.dbunit.org/properties/tableType=[Ljava.lang.String;@22752544, http://www.dbunit.org/properties/batchSize=100, http://www.dbunit.org/properties/statementFactory=org.dbunit.database.statement.PreparedStatementFactory@21ba2445, http://www.dbunit.org/features/batchedStatements=false, http://www.dbunit.org/features/caseSensitiveTableNames=false, http://www.dbunit.org/features/allowEmptyFields=false, http://www.dbunit.org/properties/datatypeFactory=org.dbunit.dataset.datatype.DefaultDataTypeFactory[_toleratedDeltaMap=org.dbunit.dataset.datatype.ToleratedDeltaMap@69d23296], http://www.dbunit.org/properties/metadataHandler=org.dbunit.database.DefaultMetadataHandler@3c3820bb, http://www.dbunit.org/properties/fetchSize=100, http://www.dbunit.org/properties/resultSetTableFactory=org.dbunit.database.CachedResultSetTableFactory@376c7d7d, http://www.dbunit.org/features/datatypeWarning=true, http://www.dbunit.org/properties/escapePattern=null}], _dataSet=AbstractDataSet[_orderedTableNameMap=null]) - start
15:32:24.675 [main] DEBUG org.dbunit.util.QualifiedTableName - getQualifiedName() - start
15:32:24.675 [main] DEBUG org.dbunit.util.QualifiedTableName - getQualifiedName(prefix=null, name=computer, escapePattern=null) - start
15:32:24.675 [main] DEBUG o.d.d.statement.SimpleStatement - addBatch(sql=delete from computer) - start
15:32:24.675 [main] DEBUG o.d.operation.DeleteAllOperation - Added SQL: delete from computer
15:32:24.676 [main] DEBUG o.d.d.statement.SimpleStatement - executeBatch() - start
15:32:24.676 [main] DEBUG o.d.d.statement.SimpleStatement - DbUnit SQL: delete from computer
15:32:24.691 [main] DEBUG o.d.d.statement.SimpleStatement - clearBatch() - start
15:32:24.691 [main] DEBUG o.d.d.s.AbstractBatchStatement - close() - start
15:32:24.691 [main] DEBUG o.d.operation.AbstractBatchOperation - execute(connection=_databaseConfig=org.dbunit.database.DatabaseConfig[, _propertyMap={http://www.dbunit.org/features/qualifiedTableNames=false, http://www.dbunit.org/properties/tableType=[Ljava.lang.String;@22752544, http://www.dbunit.org/properties/batchSize=100, http://www.dbunit.org/properties/statementFactory=org.dbunit.database.statement.PreparedStatementFactory@21ba2445, http://www.dbunit.org/features/batchedStatements=false, http://www.dbunit.org/features/caseSensitiveTableNames=false, http://www.dbunit.org/features/allowEmptyFields=false, http://www.dbunit.org/properties/datatypeFactory=org.dbunit.dataset.datatype.DefaultDataTypeFactory[_toleratedDeltaMap=org.dbunit.dataset.datatype.ToleratedDeltaMap@69d23296], http://www.dbunit.org/properties/metadataHandler=org.dbunit.database.DefaultMetadataHandler@3c3820bb, http://www.dbunit.org/properties/fetchSize=100, http://www.dbunit.org/properties/resultSetTableFactory=org.dbunit.database.CachedResultSetTableFactory@376c7d7d, http://www.dbunit.org/features/datatypeWarning=true, http://www.dbunit.org/properties/escapePattern=null}], _dataSet=AbstractDataSet[_orderedTableNameMap=null], dataSet=AbstractDataSet[_orderedTableNameMap=null]) - start
15:32:24.691 [main] DEBUG org.dbunit.dataset.AbstractDataSet - iterator() - start
15:32:24.691 [main] DEBUG org.dbunit.dataset.CompositeDataSet - createIterator(reversed=false) - start
15:32:24.691 [main] DEBUG o.d.dataset.DefaultTableIterator - getTable() - start
15:32:24.691 [main] DEBUG o.d.operation.AbstractBatchOperation - isEmpty(table=org.dbunit.dataset.DefaultTable[_metaData=tableName=computer, columns=[(id, UNKNOWN, nullableUnknown), (name, UNKNOWN, nullableUnknown), (introduced, UNKNOWN, nullableUnknown), (discontinued, UNKNOWN, nullableUnknown), (companyId, UNKNOWN, nullableUnknown)], keys=[], _rowList.size()=2]) - start
15:32:24.692 [main] DEBUG org.dbunit.dataset.DefaultTable - getValue(row=0, column=id) - start
15:32:24.692 [main] DEBUG org.dbunit.dataset.AbstractTable - assertValidRowIndex(row=0) - start
15:32:24.692 [main] DEBUG org.dbunit.dataset.AbstractTable - assertValidRowIndex(row=0, rowCount=2) - start
15:32:24.692 [main] DEBUG org.dbunit.dataset.AbstractTable - getColumnIndex(columnName=id) - start
15:32:24.692 [main] DEBUG o.d.dataset.AbstractTableMetaData - getColumnIndex(columnName=id) - start
15:32:24.692 [main] DEBUG o.dbunit.operation.AbstractOperation - getOperationMetaData(connection=_databaseConfig=org.dbunit.database.DatabaseConfig[, _propertyMap={http://www.dbunit.org/features/qualifiedTableNames=false, http://www.dbunit.org/properties/tableType=[Ljava.lang.String;@22752544, http://www.dbunit.org/properties/batchSize=100, http://www.dbunit.org/properties/statementFactory=org.dbunit.database.statement.PreparedStatementFactory@21ba2445, http://www.dbunit.org/features/batchedStatements=false, http://www.dbunit.org/features/caseSensitiveTableNames=false, http://www.dbunit.org/features/allowEmptyFields=false, http://www.dbunit.org/properties/datatypeFactory=org.dbunit.dataset.datatype.DefaultDataTypeFactory[_toleratedDeltaMap=org.dbunit.dataset.datatype.ToleratedDeltaMap@69d23296], http://www.dbunit.org/properties/metadataHandler=org.dbunit.database.DefaultMetadataHandler@3c3820bb, http://www.dbunit.org/properties/fetchSize=100, http://www.dbunit.org/properties/resultSetTableFactory=org.dbunit.database.CachedResultSetTableFactory@376c7d7d, http://www.dbunit.org/features/datatypeWarning=true, http://www.dbunit.org/properties/escapePattern=null}], _dataSet=AbstractDataSet[_orderedTableNameMap=null], metaData=tableName=computer, columns=[(id, UNKNOWN, nullableUnknown), (name, UNKNOWN, nullableUnknown), (introduced, UNKNOWN, nullableUnknown), (discontinued, UNKNOWN, nullableUnknown), (companyId, UNKNOWN, nullableUnknown)], keys=[]) - start
15:32:24.692 [main] DEBUG o.d.d.AbstractDatabaseConnection - createDataSet() - start
15:32:24.692 [main] DEBUG org.dbunit.database.DatabaseDataSet - getTableMetaData(tableName=computer) - start
15:32:24.692 [main] DEBUG org.dbunit.database.DatabaseDataSet - initialize() - start
15:32:24.692 [main] DEBUG o.dbunit.dataset.OrderedTableNameMap - getTableName(tableName=computer) - start
15:32:24.692 [main] DEBUG o.dbunit.dataset.OrderedTableNameMap - getTableName(tableName=computer) - end - result=COMPUTER
15:32:24.692 [main] DEBUG o.dbunit.dataset.OrderedTableNameMap - getTableName(tableName=computer) - start
15:32:24.692 [main] DEBUG o.dbunit.dataset.OrderedTableNameMap - getTableName(tableName=computer) - end - result=COMPUTER
15:32:24.692 [main] DEBUG o.d.dataset.AbstractTableMetaData - getColumnIndex(columnName=id) - start
15:32:24.692 [main] DEBUG o.d.database.DatabaseTableMetaData - getColumns() - start
15:32:24.692 [main] DEBUG o.d.database.DatabaseTableMetaData - getColumns() - start
15:32:24.692 [main] DEBUG o.d.dataset.AbstractTableMetaData - getColumnIndex(columnName=name) - start
15:32:24.692 [main] DEBUG o.d.database.DatabaseTableMetaData - getColumns() - start
15:32:24.692 [main] DEBUG o.d.dataset.AbstractTableMetaData - getColumnIndex(columnName=introduced) - start
15:32:24.692 [main] DEBUG o.d.database.DatabaseTableMetaData - getColumns() - start
15:32:24.692 [main] DEBUG o.d.dataset.AbstractTableMetaData - getColumnIndex(columnName=discontinued) - start
15:32:24.692 [main] DEBUG o.d.database.DatabaseTableMetaData - getColumns() - start
15:32:24.692 [main] DEBUG o.d.dataset.AbstractTableMetaData - getColumnIndex(columnName=companyId) - start
15:32:24.692 [main] WARN  o.s.test.context.TestContextManager - Caught exception while allowing TestExecutionListener [com.github.springtestdbunit.DbUnitTestExecutionListener@289d1c02] to process 'before' execution of test method [public void com.excilys.formation.persistence.computerdao.computerdaoimpl.ComputerRepositoryTest.findById_ShouldReturnOneComputerEntry()] for test instance [com.excilys.formation.persistence.computerdao.computerdaoimpl.ComputerRepositoryTest@2eda0940]
org.dbunit.dataset.NoSuchColumnException: computer.COMPANYID -  (Non-uppercase input column: companyId) in ColumnNameToIndexes cache map. Note that the map's column names are NOT case sensitive.
	at org.dbunit.dataset.AbstractTableMetaData.getColumnIndex(AbstractTableMetaData.java:117) ~[dbunit-2.5.1.jar:na]
	at org.dbunit.operation.AbstractOperation.getOperationMetaData(AbstractOperation.java:89) ~[dbunit-2.5.1.jar:na]
	at org.dbunit.operation.AbstractBatchOperation.execute(AbstractBatchOperation.java:144) ~[dbunit-2.5.1.jar:na]
	at org.dbunit.operation.CompositeOperation.execute(CompositeOperation.java:79) ~[dbunit-2.5.1.jar:na]
	at com.github.springtestdbunit.DbUnitRunner.setupOrTeardown(DbUnitRunner.java:194) ~[spring-test-dbunit-1.2.1.jar:na]
	at com.github.springtestdbunit.DbUnitRunner.beforeTestMethod(DbUnitRunner.java:66) ~[spring-test-dbunit-1.2.1.jar:na]
	at com.github.springtestdbunit.DbUnitTestExecutionListener.beforeTestMethod(DbUnitTestExecutionListener.java:186) ~[spring-test-dbunit-1.2.1.jar:na]
	at org.springframework.test.context.TestContextManager.beforeTestMethod(TestContextManager.java:269) ~[spring-test-4.3.5.RELEASE.jar:4.3.5.RELEASE]
	at org.springframework.test.context.junit4.statements.RunBeforeTestMethodCallbacks.evaluate(RunBeforeTestMethodCallbacks.java:74) [spring-test-4.3.5.RELEASE.jar:4.3.5.RELEASE]
	at org.springframework.test.context.junit4.statements.RunAfterTestMethodCallbacks.evaluate(RunAfterTestMethodCallbacks.java:86) [spring-test-4.3.5.RELEASE.jar:4.3.5.RELEASE]
	at org.springframework.test.context.junit4.statements.SpringRepeat.evaluate(SpringRepeat.java:84) [spring-test-4.3.5.RELEASE.jar:4.3.5.RELEASE]
	at org.junit.runners.ParentRunner.runLeaf(ParentRunner.java:325) [junit-4.12.jar:4.12]
	at org.springframework.test.context.junit4.SpringJUnit4ClassRunner.runChild(SpringJUnit4ClassRunner.java:252) [spring-test-4.3.5.RELEASE.jar:4.3.5.RELEASE]
	at org.springframework.test.context.junit4.SpringJUnit4ClassRunner.runChild(SpringJUnit4ClassRunner.java:94) [spring-test-4.3.5.RELEASE.jar:4.3.5.RELEASE]
	at org.junit.runners.ParentRunner$3.run(ParentRunner.java:290) [junit-4.12.jar:4.12]
	at org.junit.runners.ParentRunner$1.schedule(ParentRunner.java:71) [junit-4.12.jar:4.12]
	at org.junit.runners.ParentRunner.runChildren(ParentRunner.java:288) [junit-4.12.jar:4.12]
	at org.junit.runners.ParentRunner.access$000(ParentRunner.java:58) [junit-4.12.jar:4.12]
	at org.junit.runners.ParentRunner$2.evaluate(ParentRunner.java:268) [junit-4.12.jar:4.12]
	at org.springframework.test.context.junit4.statements.RunBeforeTestClassCallbacks.evaluate(RunBeforeTestClassCallbacks.java:61) [spring-test-4.3.5.RELEASE.jar:4.3.5.RELEASE]
	at org.springframework.test.context.junit4.statements.RunAfterTestClassCallbacks.evaluate(RunAfterTestClassCallbacks.java:70) [spring-test-4.3.5.RELEASE.jar:4.3.5.RELEASE]
	at org.junit.runners.ParentRunner.run(ParentRunner.java:363) [junit-4.12.jar:4.12]
	at org.springframework.test.context.junit4.SpringJUnit4ClassRunner.run(SpringJUnit4ClassRunner.java:191) [spring-test-4.3.5.RELEASE.jar:4.3.5.RELEASE]
	at org.apache.maven.surefire.junit4.JUnit4Provider.execute(JUnit4Provider.java:264) [surefire-junit4-2.17.jar:2.17]
	at org.apache.maven.surefire.junit4.JUnit4Provider.executeTestSet(JUnit4Provider.java:153) [surefire-junit4-2.17.jar:2.17]
	at org.apache.maven.surefire.junit4.JUnit4Provider.invoke(JUnit4Provider.java:124) [surefire-junit4-2.17.jar:2.17]
	at org.apache.maven.surefire.booter.ForkedBooter.invokeProviderInSameClassLoader(ForkedBooter.java:200) [surefire-booter-2.17.jar:2.17]
	at org.apache.maven.surefire.booter.ForkedBooter.runSuitesInProcess(ForkedBooter.java:153) [surefire-booter-2.17.jar:2.17]
	at org.apache.maven.surefire.booter.ForkedBooter.main(ForkedBooter.java:103) [surefire-booter-2.17.jar:2.17]
15:32:24.693 [main] DEBUG c.g.s.DbUnitTestExecutionListener - Skipping @DatabaseTest expectation due to test exception class org.dbunit.dataset.NoSuchColumnException
15:32:24.693 [main] DEBUG o.d.d.DatabaseDataSourceConnection - close() - start
15:32:24.693 [main] DEBUG o.s.jdbc.datasource.DataSourceUtils - Returning JDBC Connection to DataSource
]]></system-out>
  </testcase>
</testsuite>